#
# There is insufficient memory for the Java Runtime Environment to continue.
# Native memory allocation (malloc) failed to allocate 1048576 bytes for AllocateHeap
# Possible reasons:
#   The system is out of physical RAM or swap space
#   The process is running with CompressedOops enabled, and the Java Heap may be blocking the growth of the native heap
# Possible solutions:
#   Reduce memory load on the system
#   Increase physical memory or swap space
#   Check if swap backing store is full
#   Decrease Java heap size (-Xmx/-Xms)
#   Decrease number of Java threads
#   Decrease Java thread stack sizes (-Xss)
#   Set larger code cache with -XX:ReservedCodeCacheSize=
#   JVM is running with Unscaled Compressed Oops mode in which the Java heap is
#     placed in the first 4GB address space. The Java Heap base address is the
#     maximum limit for the native heap growth. Please use -XX:HeapBaseMinAddress
#     to set the Java Heap base and to place the Java Heap above 4GB virtual address.
# This output file may be truncated or incomplete.
#
#  Out of Memory Error (memory/allocation.inline.hpp:61), pid=8308, tid=0x0000000000000b00
#
# JRE version:  (8.0_201-b09) (build )
# Java VM: Java HotSpot(TM) 64-Bit Server VM (25.201-b09 mixed mode windows-amd64 compressed oops)
# Failed to write core dump. Minidumps are not enabled by default on client versions of Windows
#

---------------  T H R E A D  ---------------

Current thread (0x0000000002e90800):  JavaThread "Unknown thread" [_thread_in_vm, id=2816, stack(0x0000000002d90000,0x0000000002e90000)]

Stack: [0x0000000002d90000,0x0000000002e90000]
[error occurred during error reporting (printing stack bounds), id 0xc0000005]

Native frames: (J=compiled Java code, j=interpreted, Vv=VM code, C=native code)


---------------  P R O C E S S  ---------------

Java Threads: ( => current thread )

Other Threads:

=>0x0000000002e90800 (exited) JavaThread "Unknown thread" [_thread_in_vm, id=2816, stack(0x0000000002d90000,0x0000000002e90000)]

VM state:not at safepoint (normal execution)

VM Mutex/Monitor currently owned by a thread: None

heap address: 0x00000000c1a00000, size: 998 MB, Compressed Oops mode: 32-bit
Narrow klass base: 0x0000000000000000, Narrow klass shift: 3
Compressed class space size: 1073741824 Address: 0x0000000100000000

Heap:
 PSYoungGen      total 18944K, used 327K [0x00000000eb380000, 0x00000000ec880000, 0x0000000100000000)
  eden space 16384K, 2% used [0x00000000eb380000,0x00000000eb3d1ec8,0x00000000ec380000)
  from space 2560K, 0% used [0x00000000ec600000,0x00000000ec600000,0x00000000ec880000)
  to   space 2560K, 0% used [0x00000000ec380000,0x00000000ec380000,0x00000000ec600000)
 ParOldGen       total 44032K, used 0K [0x00000000c1a00000, 0x00000000c4500000, 0x00000000eb380000)
  object space 44032K, 0% used [0x00000000c1a00000,0x00000000c1a00000,0x00000000c4500000)
 Metaspace       used 775K, capacity 4480K, committed 4480K, reserved 1056768K
  class space    used 76K, capacity 384K, committed 384K, reserved 1048576K

Card table byte_map: [0x0000000012350000,0x0000000012550000] byte_map_base: 0x0000000011d43000

Marking Bits: (ParMarkBitMap*) 0x0000000060644ce0
 Begin Bits: [0x0000000012aa0000, 0x0000000013a38000)
 End Bits:   [0x0000000013a38000, 0x00000000149d0000)

Polling page: 0x0000000001270000

CodeCache: size=245760Kb used=328Kb max_used=328Kb free=245431Kb
 bounds [0x0000000002f90000, 0x0000000003200000, 0x0000000011f90000]
 total_blobs=58 nmethods=0 adapters=38
 compilation: enabled

Compilation events (0 events):
No events

GC Heap History (0 events):
No events

Deoptimization events (0 events):
No events

Classes redefined (0 events):
No events

Internal exceptions (0 events):
No events

Events (10 events):
Event: 0.039 loading class java/lang/Short
Event: 0.039 loading class java/lang/Short done
Event: 0.039 loading class java/lang/Integer
Event: 0.039 loading class java/lang/Integer done
Event: 0.039 loading class java/lang/Long
Event: 0.039 loading class java/lang/Long done
Event: 0.040 loading class java/lang/NullPointerException
Event: 0.040 loading class java/lang/NullPointerException done
Event: 0.040 loading class java/lang/ArithmeticException
Event: 0.040 loading class java/lang/ArithmeticException done


Dynamic libraries:
0x00007ff635c70000 - 0x00007ff635ca7000 	C:\Program Files\Java\jdk1.8.0_201\bin\java.exe
0x00007ffdda020000 - 0x00007ffdda201000 	C:\WINDOWS\SYSTEM32\ntdll.dll
0x00007ffda1430000 - 0x00007ffda1442000 	C:\Program Files\AVAST Software\Avast\aswhook.dll
0x00007ffdd81b0000 - 0x00007ffdd8262000 	C:\WINDOWS\System32\KERNEL32.DLL
0x00007ffdd63f0000 - 0x00007ffdd6663000 	C:\WINDOWS\System32\KERNELBASE.dll
0x00007ffdd7550000 - 0x00007ffdd75f1000 	C:\WINDOWS\System32\ADVAPI32.dll
0x00007ffdd74b0000 - 0x00007ffdd754e000 	C:\WINDOWS\System32\msvcrt.dll
0x00007ffdd9f40000 - 0x00007ffdd9f9b000 	C:\WINDOWS\System32\sechost.dll
0x00007ffdd84f0000 - 0x00007ffdd8614000 	C:\WINDOWS\System32\RPCRT4.dll
0x00007ffdd8360000 - 0x00007ffdd84f0000 	C:\WINDOWS\System32\USER32.dll
0x00007ffdd6860000 - 0x00007ffdd6880000 	C:\WINDOWS\System32\win32u.dll
0x00007ffdd76b0000 - 0x00007ffdd76d8000 	C:\WINDOWS\System32\GDI32.dll
0x00007ffdd6aa0000 - 0x00007ffdd6c32000 	C:\WINDOWS\System32\gdi32full.dll
0x00007ffdd6980000 - 0x00007ffdd6a1f000 	C:\WINDOWS\System32\msvcp_win.dll
0x00007ffdd6880000 - 0x00007ffdd697a000 	C:\WINDOWS\System32\ucrtbase.dll
0x00007ffdc6b00000 - 0x00007ffdc6d69000 	C:\WINDOWS\WinSxS\amd64_microsoft.windows.common-controls_6595b64144ccf1df_6.0.17134.523_none_fb409dd930672a56\COMCTL32.dll
0x00007ffdd9ad0000 - 0x00007ffdd9df2000 	C:\WINDOWS\System32\combase.dll
0x00007ffdd6a20000 - 0x00007ffdd6a9a000 	C:\WINDOWS\System32\bcryptPrimitives.dll
0x00007ffdd9fb0000 - 0x00007ffdd9fdd000 	C:\WINDOWS\System32\IMM32.DLL
0x00000000606d0000 - 0x00000000607a1000 	C:\Program Files\Java\jdk1.8.0_201\jre\bin\msvcr100.dll
0x000000005fe20000 - 0x00000000606c4000 	C:\Program Files\Java\jdk1.8.0_201\jre\bin\server\jvm.dll
0x00007ffdd9fe0000 - 0x00007ffdd9fe8000 	C:\WINDOWS\System32\PSAPI.DLL
0x00007ffdc56c0000 - 0x00007ffdc56c9000 	C:\WINDOWS\SYSTEM32\WSOCK32.dll
0x00007ffdd8620000 - 0x00007ffdd868c000 	C:\WINDOWS\System32\WS2_32.dll
0x00007ffdd0cf0000 - 0x00007ffdd0d13000 	C:\WINDOWS\SYSTEM32\WINMM.dll
0x00007ffdc8cd0000 - 0x00007ffdc8cda000 	C:\WINDOWS\SYSTEM32\VERSION.dll
0x00007ffdd0cc0000 - 0x00007ffdd0cea000 	C:\WINDOWS\SYSTEM32\WINMMBASE.dll
0x00007ffdd7460000 - 0x00007ffdd74a9000 	C:\WINDOWS\System32\cfgmgr32.dll
0x00007ffdd0d20000 - 0x00007ffdd0d2f000 	C:\Program Files\Java\jdk1.8.0_201\jre\bin\verify.dll
0x00007ffdc7db0000 - 0x00007ffdc7dd9000 	C:\Program Files\Java\jdk1.8.0_201\jre\bin\java.dll
0x00007ffdc7d90000 - 0x00007ffdc7da6000 	C:\Program Files\Java\jdk1.8.0_201\jre\bin\zip.dll

VM Arguments:
java_command: <unknown>
java_class_path (initial): .
Launcher Type: SUN_STANDARD

Environment Variables:
JAVA_HOME=C:\Program Files\Java\jdk1.8.0_201
PATH=C:\Program Files (x86)\Common Files\Oracle\Java\javapath;C:\Program Files (x86)\Common Files\ArcSoft\Bin;C:\Program Files (x86)\Intel\iCLS Client\;C:\Program Files\Intel\iCLS Client\;C:\WINDOWS\system32;C:\WINDOWS;C:\WINDOWS\System32\Wbem;C:\WINDOWS\System32\WindowsPowerShell\v1.0\;C:\Program Files (x86)\Intel\Intel(R) Management Engine Components\DAL;C:\Program Files\Intel\Intel(R) Management Engine Components\DAL;C:\Program Files (x86)\Intel\Intel(R) Management Engine Components\IPT;C:\Program Files\Intel\Intel(R) Management Engine Components\IPT;c:\Program Files\Intel\WiFi\bin\;c:\Program Files\Common Files\Intel\WirelessCommon\;C:\Program Files (x86)\GtkSharp\2.12\bin;C:\WINDOWS\System32\OpenSSH\;C:\Users\HP\AppData\Local\Android\Sdk;C:\Program Files\Java\jdk1.8.0_201bin;C:\Program Files\Java\jdk1.8.0_201\bin;C:\Program Files\Java\jre1.8.0_201\bin;C:\Program Files\Git\cmd;C:\Program Files\Java\jdk1.8.0_201\bin;C:\Users\HP\AppData\Local\Microsoft\WindowsApps;
USERNAME=HP
OS=Windows_NT
PROCESSOR_IDENTIFIER=Intel64 Family 6 Model 61 Stepping 4, GenuineIntel



---------------  S Y S T E M  ---------------

OS: Windows 10.0 , 64 bit Build 17134 (10.0.17134.1)

CPU:total 4 (initial active 4) (2 cores per cpu, 2 threads per core) family 6 model 61 stepping 4, cmov, cx8, fxsr, mmx, sse, sse2, sse3, ssse3, sse4.1, sse4.2, popcnt, avx, avx2, aes, clmul, erms, 3dnowpref, lzcnt, ht, tsc, tscinvbit, bmi1, bmi2, adx

Memory: 4k page, physical 4082796k(455044k free), swap 4082796k(5452k free)

vm_info: Java HotSpot(TM) 64-Bit Server VM (25.201-b09) for windows-amd64 JRE (1.8.0_201-b09), built on Dec 15 2018 18:36:39 by "java_re" with MS VC++ 10.0 (VS2010)

time: Tue Feb 12 20:43:20 2019
timezone: Bangladesh Standard Time
elapsed time: 0 seconds (0d 0h 0m 0s)

