#
# There is insufficient memory for the Java Runtime Environment to continue.
# Native memory allocation (malloc) failed to allocate 71520 bytes for Chunk::new
# Possible reasons:
#   The system is out of physical RAM or swap space
#   The process is running with CompressedOops enabled, and the Java Heap may be blocking the growth of the native heap
# Possible solutions:
#   Reduce memory load on the system
#   Increase physical memory or swap space
#   Check if swap backing store is full
#   Decrease Java heap size (-Xmx/-Xms)
#   Decrease number of Java threads
#   Decrease Java thread stack sizes (-Xss)
#   Set larger code cache with -XX:ReservedCodeCacheSize=
#   JVM is running with Unscaled Compressed Oops mode in which the Java heap is
#     placed in the first 4GB address space. The Java Heap base address is the
#     maximum limit for the native heap growth. Please use -XX:HeapBaseMinAddress
#     to set the Java Heap base and to place the Java Heap above 4GB virtual address.
# This output file may be truncated or incomplete.
#
#  Out of Memory Error (allocation.cpp:390), pid=2732, tid=0x0000000000002094
#
# JRE version: Java(TM) SE Runtime Environment (8.0_201-b09) (build 1.8.0_201-b09)
# Java VM: Java HotSpot(TM) 64-Bit Server VM (25.201-b09 mixed mode windows-amd64 compressed oops)
# Failed to write core dump. Minidumps are not enabled by default on client versions of Windows
#

---------------  T H R E A D  ---------------

Current thread (0x0000000015b55800):  JavaThread "C2 CompilerThread0" daemon [_thread_in_native, id=8340, stack(0x0000000017190000,0x0000000017290000)]

Stack: [0x0000000017190000,0x0000000017290000]
[error occurred during error reporting (printing stack bounds), id 0xc0000005]

Native frames: (J=compiled Java code, j=interpreted, Vv=VM code, C=native code)


Current CompileTask:
C2:  32033 5064       4       java.net.URLClassLoader$1::run (5 bytes)


---------------  P R O C E S S  ---------------

Java Threads: ( => current thread )
  0x0000000018d7b000 JavaThread "Cache worker for file content cache (H:\AndroidStudioProjects\VariableGame\.gradle\4.10.1\fileContent)" [_thread_blocked, id=4596, stack(0x0000000021790000,0x0000000021890000)]
  0x0000000018d76000 JavaThread "Cache worker for file content cache (C:\Users\HP\.gradle\caches\4.10.1\fileContent)" [_thread_blocked, id=3080, stack(0x0000000021690000,0x0000000021790000)]
  0x0000000018d7d000 JavaThread "Memory manager" [_thread_blocked, id=5064, stack(0x000000001eef0000,0x000000001eff0000)]
  0x0000000018d75800 JavaThread "Build operations Thread 4" [_thread_blocked, id=3900, stack(0x000000001edf0000,0x000000001eef0000)]
  0x0000000018d7a000 JavaThread "Build operations Thread 3" [_thread_blocked, id=2184, stack(0x000000001ecf0000,0x000000001edf0000)]
  0x00000000176c4000 JavaThread "Build operations Thread 2" [_thread_blocked, id=7880, stack(0x000000001ebf0000,0x000000001ecf0000)]
  0x00000000176c3800 JavaThread "Build operations" [_thread_blocked, id=5408, stack(0x000000001eaf0000,0x000000001ebf0000)]
  0x00000000176c2800 JavaThread "Cache worker for Artifact transforms cache (C:\Users\HP\.gradle\caches\transforms-1)" [_thread_blocked, id=7884, stack(0x000000001e7f0000,0x000000001e8f0000)]
  0x00000000176c9800 JavaThread "Cache worker for cache directory md-rule (C:\Users\HP\.gradle\caches\4.10.1\md-rule)" [_thread_blocked, id=7300, stack(0x000000001e6f0000,0x000000001e7f0000)]
  0x00000000176c8800 JavaThread "Cache worker for cache directory md-supplier (C:\Users\HP\.gradle\caches\4.10.1\md-supplier)" [_thread_blocked, id=6004, stack(0x000000001e5f0000,0x000000001e6f0000)]
  0x00000000176c6800 JavaThread "Cache worker for journal cache (C:\Users\HP\.gradle\caches\journal-1)" [_thread_blocked, id=6740, stack(0x000000001dcf0000,0x000000001ddf0000)]
  0x00000000176c7000 JavaThread "Cache worker for file hash cache (H:\AndroidStudioProjects\VariableGame\.gradle\4.10.1\fileHashes)" [_thread_blocked, id=8764, stack(0x000000001cb20000,0x000000001cc20000)]
  0x00000000176c5000 JavaThread "File lock request listener" [_thread_in_native, id=10164, stack(0x000000001b6b0000,0x000000001b7b0000)]
  0x00000000176c5800 JavaThread "Cache worker for file hash cache (C:\Users\HP\.gradle\caches\4.10.1\fileHashes)" [_thread_blocked, id=7856, stack(0x000000001b5b0000,0x000000001b6b0000)]
  0x0000000018197800 JavaThread "Stdin handler" [_thread_blocked, id=6532, stack(0x000000001a2e0000,0x000000001a3e0000)]
  0x0000000018196800 JavaThread "Asynchronous log dispatcher for DefaultDaemonConnection: socket connection from /127.0.0.1:2553 to /127.0.0.1:2554" [_thread_blocked, id=8384, stack(0x000000001a1e0000,0x000000001a2e0000)]
  0x0000000017f93000 JavaThread "Daemon worker" [_thread_in_native, id=5348, stack(0x000000001a0e0000,0x000000001a1e0000)]
  0x0000000017f92000 JavaThread "Cancel handler" [_thread_blocked, id=7708, stack(0x0000000019fe0000,0x000000001a0e0000)]
  0x0000000017ee8800 JavaThread "Handler for socket connection from /127.0.0.1:2553 to /127.0.0.1:2554" [_thread_in_native, id=6088, stack(0x0000000019ce0000,0x0000000019de0000)]
  0x0000000017ee8000 JavaThread "Daemon" [_thread_blocked, id=7296, stack(0x0000000019be0000,0x0000000019ce0000)]
  0x0000000017ed9800 JavaThread "Daemon periodic checks" [_thread_blocked, id=7696, stack(0x0000000019ae0000,0x0000000019be0000)]
  0x000000001784f000 JavaThread "Incoming local TCP Connector on port 2553" [_thread_in_native, id=2252, stack(0x00000000198a0000,0x00000000199a0000)]
  0x00000000187a2000 JavaThread "Daemon health stats" [_thread_blocked, id=9488, stack(0x0000000019260000,0x0000000019360000)]
  0x00000000174be000 JavaThread "Service Thread" daemon [_thread_blocked, id=1268, stack(0x0000000017890000,0x0000000017990000)]
  0x0000000015b65000 JavaThread "C1 CompilerThread2" daemon [_thread_blocked, id=6528, stack(0x0000000017390000,0x0000000017490000)]
  0x0000000015b59800 JavaThread "C2 CompilerThread1" daemon [_thread_in_native, id=6512, stack(0x0000000017290000,0x0000000017390000)]
=>0x0000000015b55800 JavaThread "C2 CompilerThread0" daemon [_thread_in_native, id=8340, stack(0x0000000017190000,0x0000000017290000)]
  0x0000000015b53800 JavaThread "Attach Listener" daemon [_thread_blocked, id=5776, stack(0x0000000017090000,0x0000000017190000)]
  0x0000000015b52000 JavaThread "Signal Dispatcher" daemon [_thread_blocked, id=1736, stack(0x0000000016f90000,0x0000000017090000)]
  0x00000000021da800 JavaThread "Finalizer" daemon [_thread_blocked, id=5972, stack(0x0000000016da0000,0x0000000016ea0000)]
  0x00000000021d2000 JavaThread "Reference Handler" daemon [_thread_blocked, id=7732, stack(0x0000000016ca0000,0x0000000016da0000)]
  0x0000000001fde000 JavaThread "main" [_thread_blocked, id=7908, stack(0x0000000001fe0000,0x00000000020e0000)]

Other Threads:
  0x0000000015b17800 VMThread [stack: 0x0000000016ba0000,0x0000000016ca0000] [id=1344]
  0x00000000174d8000 WatcherThread [stack: 0x0000000017990000,0x0000000017a90000] [id=9792]

VM state:not at safepoint (normal execution)

VM Mutex/Monitor currently owned by a thread: None

heap address: 0x00000000a0000000, size: 1536 MB, Compressed Oops mode: 32-bit
Narrow klass base: 0x0000000000000000, Narrow klass shift: 3
Compressed class space size: 1073741824 Address: 0x0000000100000000

Heap:
 PSYoungGen      total 96256K, used 79840K [0x00000000e0000000, 0x00000000e6800000, 0x0000000100000000)
  eden space 86016K, 81% used [0x00000000e0000000,0x00000000e44df168,0x00000000e5400000)
  from space 10240K, 90% used [0x00000000e5400000,0x00000000e5d190d0,0x00000000e5e00000)
  to   space 8192K, 0% used [0x00000000e5f80000,0x00000000e5f80000,0x00000000e6780000)
 ParOldGen       total 56320K, used 25090K [0x00000000a0000000, 0x00000000a3700000, 0x00000000e0000000)
  object space 56320K, 44% used [0x00000000a0000000,0x00000000a1880850,0x00000000a3700000)
 Metaspace       used 55327K, capacity 56694K, committed 56832K, reserved 1097728K
  class space    used 7700K, capacity 8090K, committed 8192K, reserved 1048576K

Card table byte_map: [0x00000000115a0000,0x00000000118b0000] byte_map_base: 0x00000000110a0000

Marking Bits: (ParMarkBitMap*) 0x0000000060644ce0
 Begin Bits: [0x0000000011eb0000, 0x00000000136b0000)
 End Bits:   [0x00000000136b0000, 0x0000000014eb0000)

Polling page: 0x0000000001ef0000

CodeCache: size=245760Kb used=16399Kb max_used=16434Kb free=229361Kb
 bounds [0x00000000021e0000, 0x0000000003210000, 0x00000000111e0000]
 total_blobs=5533 nmethods=4749 adapters=695
 compilation: enabled

Compilation events (10 events):
Event: 31.847 Thread 0x0000000015b55800 5064       4       java.net.URLClassLoader$1::run (5 bytes)
Event: 31.848 Thread 0x0000000015b59800 5065   !   4       java.net.URLClassLoader$1::run (63 bytes)
Event: 31.871 Thread 0x0000000015b65000 5067       3       com.google.common.collect.ImmutableMap::containsKey (14 bytes)
Event: 31.871 Thread 0x0000000015b65000 nmethod 5067 0x0000000002942a10 code [0x0000000002942b80, 0x0000000002942de8]
Event: 31.874 Thread 0x0000000015b65000 5069       3       org.gradle.api.internal.file.CompositeFileCollection::<init> (5 bytes)
Event: 31.875 Thread 0x0000000015b65000 nmethod 5069 0x0000000002421f90 code [0x0000000002422100, 0x0000000002422310]
Event: 31.916 Thread 0x0000000015b65000 5070       3       org.gradle.internal.service.DefaultServiceRegistry$FactoryService::assembleParameters (58 bytes)
Event: 31.916 Thread 0x0000000015b65000 nmethod 5070 0x0000000002744d10 code [0x0000000002744ec0, 0x00000000027454a8]
Event: 31.916 Thread 0x0000000015b65000 5071   !   3       org.gradle.internal.service.DefaultServiceRegistry$FactoryMethodService::invokeMethod (151 bytes)
Event: 31.919 Thread 0x0000000015b65000 nmethod 5071 0x0000000002359b90 code [0x0000000002359f60, 0x000000000235c428]

GC Heap History (10 events):
Event: 15.383 GC heap before
{Heap before GC invocations=13 (full 1):
 PSYoungGen      total 57856K, used 56861K [0x00000000e0000000, 0x00000000e5100000, 0x0000000100000000)
  eden space 51200K, 100% used [0x00000000e0000000,0x00000000e3200000,0x00000000e3200000)
  from space 6656K, 85% used [0x00000000e3200000,0x00000000e3787498,0x00000000e3880000)
  to   space 7168K, 0% used [0x00000000e4a00000,0x00000000e4a00000,0x00000000e5100000)
 ParOldGen       total 32768K, used 7233K [0x00000000a0000000, 0x00000000a2000000, 0x00000000e0000000)
  object space 32768K, 22% used [0x00000000a0000000,0x00000000a0710770,0x00000000a2000000)
 Metaspace       used 29477K, capacity 29968K, committed 30336K, reserved 1075200K
  class space    used 4190K, capacity 4387K, committed 4480K, reserved 1048576K
Event: 15.403 GC heap after
Heap after GC invocations=13 (full 1):
 PSYoungGen      total 74752K, used 4511K [0x00000000e0000000, 0x00000000e5000000, 0x0000000100000000)
  eden space 68608K, 0% used [0x00000000e0000000,0x00000000e0000000,0x00000000e4300000)
  from space 6144K, 73% used [0x00000000e4a00000,0x00000000e4e67dd0,0x00000000e5000000)
  to   space 6656K, 0% used [0x00000000e4300000,0x00000000e4300000,0x00000000e4980000)
 ParOldGen       total 32768K, used 9717K [0x00000000a0000000, 0x00000000a2000000, 0x00000000e0000000)
  object space 32768K, 29% used [0x00000000a0000000,0x00000000a097d7d0,0x00000000a2000000)
 Metaspace       used 29477K, capacity 29968K, committed 30336K, reserved 1075200K
  class space    used 4190K, capacity 4387K, committed 4480K, reserved 1048576K
}
Event: 22.710 GC heap before
{Heap before GC invocations=14 (full 1):
 PSYoungGen      total 74752K, used 63908K [0x00000000e0000000, 0x00000000e5000000, 0x0000000100000000)
  eden space 68608K, 86% used [0x00000000e0000000,0x00000000e3a01388,0x00000000e4300000)
  from space 6144K, 73% used [0x00000000e4a00000,0x00000000e4e67dd0,0x00000000e5000000)
  to   space 6656K, 0% used [0x00000000e4300000,0x00000000e4300000,0x00000000e4980000)
 ParOldGen       total 32768K, used 9717K [0x00000000a0000000, 0x00000000a2000000, 0x00000000e0000000)
  object space 32768K, 29% used [0x00000000a0000000,0x00000000a097d7d0,0x00000000a2000000)
 Metaspace       used 34791K, capacity 35282K, committed 35456K, reserved 1079296K
  class space    used 4958K, capacity 5157K, committed 5248K, reserved 1048576K
Event: 22.725 GC heap after
Heap after GC invocations=14 (full 1):
 PSYoungGen      total 75264K, used 6650K [0x00000000e0000000, 0x00000000e6780000, 0x0000000100000000)
  eden space 68608K, 0% used [0x00000000e0000000,0x00000000e0000000,0x00000000e4300000)
  from space 6656K, 99% used [0x00000000e4300000,0x00000000e497e9f0,0x00000000e4980000)
  to   space 8192K, 0% used [0x00000000e5f80000,0x00000000e5f80000,0x00000000e6780000)
 ParOldGen       total 32768K, used 11454K [0x00000000a0000000, 0x00000000a2000000, 0x00000000e0000000)
  object space 32768K, 34% used [0x00000000a0000000,0x00000000a0b2f8a8,0x00000000a2000000)
 Metaspace       used 34791K, capacity 35282K, committed 35456K, reserved 1079296K
  class space    used 4958K, capacity 5157K, committed 5248K, reserved 1048576K
}
Event: 22.725 GC heap before
{Heap before GC invocations=15 (full 2):
 PSYoungGen      total 75264K, used 6650K [0x00000000e0000000, 0x00000000e6780000, 0x0000000100000000)
  eden space 68608K, 0% used [0x00000000e0000000,0x00000000e0000000,0x00000000e4300000)
  from space 6656K, 99% used [0x00000000e4300000,0x00000000e497e9f0,0x00000000e4980000)
  to   space 8192K, 0% used [0x00000000e5f80000,0x00000000e5f80000,0x00000000e6780000)
 ParOldGen       total 32768K, used 11454K [0x00000000a0000000, 0x00000000a2000000, 0x00000000e0000000)
  object space 32768K, 34% used [0x00000000a0000000,0x00000000a0b2f8a8,0x00000000a2000000)
 Metaspace       used 34791K, capacity 35282K, committed 35456K, reserved 1079296K
  class space    used 4958K, capacity 5157K, committed 5248K, reserved 1048576K
Event: 22.928 GC heap after
Heap after GC invocations=15 (full 2):
 PSYoungGen      total 75264K, used 0K [0x00000000e0000000, 0x00000000e6780000, 0x0000000100000000)
  eden space 68608K, 0% used [0x00000000e0000000,0x00000000e0000000,0x00000000e4300000)
  from space 6656K, 0% used [0x00000000e4300000,0x00000000e4300000,0x00000000e4980000)
  to   space 8192K, 0% used [0x00000000e5f80000,0x00000000e5f80000,0x00000000e6780000)
 ParOldGen       total 56320K, used 17557K [0x00000000a0000000, 0x00000000a3700000, 0x00000000e0000000)
  object space 56320K, 31% used [0x00000000a0000000,0x00000000a1125630,0x00000000a3700000)
 Metaspace       used 34791K, capacity 35282K, committed 35456K, reserved 1079296K
  class space    used 4958K, capacity 5157K, committed 5248K, reserved 1048576K
}
Event: 25.533 GC heap before
{Heap before GC invocations=16 (full 2):
 PSYoungGen      total 75264K, used 68608K [0x00000000e0000000, 0x00000000e6780000, 0x0000000100000000)
  eden space 68608K, 100% used [0x00000000e0000000,0x00000000e4300000,0x00000000e4300000)
  from space 6656K, 0% used [0x00000000e4300000,0x00000000e4300000,0x00000000e4980000)
  to   space 8192K, 0% used [0x00000000e5f80000,0x00000000e5f80000,0x00000000e6780000)
 ParOldGen       total 56320K, used 17557K [0x00000000a0000000, 0x00000000a3700000, 0x00000000e0000000)
  object space 56320K, 31% used [0x00000000a0000000,0x00000000a1125630,0x00000000a3700000)
 Metaspace       used 41629K, capacity 42284K, committed 42624K, reserved 1085440K
  class space    used 5746K, capacity 5986K, committed 6016K, reserved 1048576K
Event: 25.548 GC heap after
Heap after GC invocations=16 (full 2):
 PSYoungGen      total 94208K, used 8186K [0x00000000e0000000, 0x00000000e6800000, 0x0000000100000000)
  eden space 86016K, 0% used [0x00000000e0000000,0x00000000e0000000,0x00000000e5400000)
  from space 8192K, 99% used [0x00000000e5f80000,0x00000000e677eb70,0x00000000e6780000)
  to   space 10240K, 0% used [0x00000000e5400000,0x00000000e5400000,0x00000000e5e00000)
 ParOldGen       total 56320K, used 19910K [0x00000000a0000000, 0x00000000a3700000, 0x00000000e0000000)
  object space 56320K, 35% used [0x00000000a0000000,0x00000000a1371b38,0x00000000a3700000)
 Metaspace       used 41629K, capacity 42284K, committed 42624K, reserved 1085440K
  class space    used 5746K, capacity 5986K, committed 6016K, reserved 1048576K
}
Event: 29.159 GC heap before
{Heap before GC invocations=17 (full 2):
 PSYoungGen      total 94208K, used 94202K [0x00000000e0000000, 0x00000000e6800000, 0x0000000100000000)
  eden space 86016K, 100% used [0x00000000e0000000,0x00000000e5400000,0x00000000e5400000)
  from space 8192K, 99% used [0x00000000e5f80000,0x00000000e677eb70,0x00000000e6780000)
  to   space 10240K, 0% used [0x00000000e5400000,0x00000000e5400000,0x00000000e5e00000)
 ParOldGen       total 56320K, used 19910K [0x00000000a0000000, 0x00000000a3700000, 0x00000000e0000000)
  object space 56320K, 35% used [0x00000000a0000000,0x00000000a1371b38,0x00000000a3700000)
 Metaspace       used 49964K, capacity 50942K, committed 51072K, reserved 1093632K
  class space    used 6884K, capacity 7214K, committed 7296K, reserved 1048576K
Event: 29.186 GC heap after
Heap after GC invocations=17 (full 2):
 PSYoungGen      total 96256K, used 9316K [0x00000000e0000000, 0x00000000e6800000, 0x0000000100000000)
  eden space 86016K, 0% used [0x00000000e0000000,0x00000000e0000000,0x00000000e5400000)
  from space 10240K, 90% used [0x00000000e5400000,0x00000000e5d190d0,0x00000000e5e00000)
  to   space 8192K, 0% used [0x00000000e5f80000,0x00000000e5f80000,0x00000000e6780000)
 ParOldGen       total 56320K, used 25090K [0x00000000a0000000, 0x00000000a3700000, 0x00000000e0000000)
  object space 56320K, 44% used [0x00000000a0000000,0x00000000a1880850,0x00000000a3700000)
 Metaspace       used 49964K, capacity 50942K, committed 51072K, reserved 1093632K
  class space    used 6884K, capacity 7214K, committed 7296K, reserved 1048576K
}

Deoptimization events (10 events):
Event: 24.900 Thread 0x0000000017f93000 Uncommon trap: reason=unstable_if action=reinterpret pc=0x0000000002940c30 method=org.objectweb.asm.ByteVector.putUTF8(Ljava/lang/String;)Lorg/objectweb/asm/ByteVector; @ 91
Event: 27.069 Thread 0x0000000017f93000 Uncommon trap: reason=unstable_if action=reinterpret pc=0x00000000027c9a84 method=sun.misc.MetaIndex.mayContain(Ljava/lang/String;)Z @ 38
Event: 27.130 Thread 0x0000000017f93000 Uncommon trap: reason=unstable_if action=reinterpret pc=0x000000000245fbd4 method=sun.misc.MetaIndex.mayContain(Ljava/lang/String;)Z @ 38
Event: 27.621 Thread 0x0000000017f93000 Uncommon trap: reason=unstable_if action=reinterpret pc=0x00000000027ae668 method=java.util.regex.Pattern$BmpCharProperty.match(Ljava/util/regex/Matcher;ILjava/lang/CharSequence;)Z @ 34
Event: 28.144 Thread 0x0000000017f93000 Uncommon trap: reason=unstable_if action=reinterpret pc=0x0000000002ef4574 method=com.sun.org.apache.xerces.internal.impl.XMLEntityScanner.checkBeforeLoad(Lcom/sun/xml/internal/stream/Entity$ScannedEntity;II)I @ 18
Event: 28.193 Thread 0x0000000017f93000 Uncommon trap: reason=unstable_if action=reinterpret pc=0x0000000002f27658 method=com.sun.org.apache.xerces.internal.impl.XMLEntityScanner.scanContent(Lcom/sun/org/apache/xerces/internal/xni/XMLString;)I @ 44
Event: 28.351 Thread 0x0000000017f93000 Uncommon trap: reason=unstable_if action=reinterpret pc=0x0000000002db0fa0 method=com.google.gson.stream.JsonReader.doPeek()I @ 315
Event: 29.590 Thread 0x0000000017f93000 Uncommon trap: reason=class_check action=maybe_recompile pc=0x0000000002e213cc method=java.util.Collections$SynchronizedCollection.add(Ljava/lang/Object;)Z @ 12
Event: 30.021 Thread 0x0000000017f93000 Uncommon trap: reason=unstable_if action=reinterpret pc=0x00000000023e3924 method=java.lang.String.lastIndexOf([CII[CIII)I @ 17
Event: 31.833 Thread 0x0000000017f93000 Uncommon trap: reason=unstable_if action=reinterpret pc=0x0000000003196c84 method=org.gradle.internal.reflect.PropertyAccessorType.of(Ljava/lang/reflect/Method;)Lorg/gradle/internal/reflect/PropertyAccessorType; @ 4

Classes redefined (0 events):
No events

Internal exceptions (10 events):
Event: 31.229 Thread 0x0000000017f93000 Exception <a 'java/lang/ClassNotFoundException': com/android/build/gradle/internal/api/ApkVariantOutputImpl_DecoratedBeanInfo> (0x00000000e344f958) thrown at [C:\re\workspace\8-2-build-windows-amd64-cygwin\jdk8u201\12322\hotspot\src\share\vm\classfile\sys
Event: 31.230 Thread 0x0000000017f93000 Exception <a 'java/lang/ClassNotFoundException': com/android/build/gradle/internal/api/ApkVariantOutputImplBeanInfo> (0x00000000e3469168) thrown at [C:\re\workspace\8-2-build-windows-amd64-cygwin\jdk8u201\12322\hotspot\src\share\vm\classfile\systemDiction
Event: 31.230 Thread 0x0000000017f93000 Exception <a 'java/lang/ClassNotFoundException': com/android/build/gradle/internal/api/BaseVariantOutputImplBeanInfo> (0x00000000e3483828) thrown at [C:\re\workspace\8-2-build-windows-amd64-cygwin\jdk8u201\12322\hotspot\src\share\vm\classfile\systemDictio
Event: 31.231 Thread 0x0000000017f93000 Exception <a 'java/lang/ClassNotFoundException': com/android/build/gradle/internal/api/BaseVariantOutputImplCustomizer> (0x00000000e349e5e8) thrown at [C:\re\workspace\8-2-build-windows-amd64-cygwin\jdk8u201\12322\hotspot\src\share\vm\classfile\systemDict
Event: 31.232 Thread 0x0000000017f93000 Exception <a 'java/lang/ClassNotFoundException': com/android/build/gradle/internal/api/ApkVariantOutputImplCustomizer> (0x00000000e34dad50) thrown at [C:\re\workspace\8-2-build-windows-amd64-cygwin\jdk8u201\12322\hotspot\src\share\vm\classfile\systemDicti
Event: 31.234 Thread 0x0000000017f93000 Exception <a 'java/lang/ClassNotFoundException': com/android/build/gradle/internal/api/ApkVariantOutputImpl_DecoratedCustomizer> (0x00000000e3509c60) thrown at [C:\re\workspace\8-2-build-windows-amd64-cygwin\jdk8u201\12322\hotspot\src\share\vm\classfile\s
Event: 31.758 Thread 0x0000000017f93000 Exception <a 'java/lang/NoSuchMethodError': java.lang.Object.lambda$static$0(Ljava/util/Set;Ljava/util/Set;)Z> (0x00000000e3ec39a8) thrown at [C:\re\workspace\8-2-build-windows-amd64-cygwin\jdk8u201\12322\hotspot\src\share\vm\interpreter\linkResolver.cpp,
Event: 31.758 Thread 0x0000000017f93000 Exception <a 'java/lang/NoSuchMethodError': java.lang.Object.lambda$static$1(Ljava/util/Set;Ljava/util/Set;)Z> (0x00000000e3ec6730) thrown at [C:\re\workspace\8-2-build-windows-amd64-cygwin\jdk8u201\12322\hotspot\src\share\vm\interpreter\linkResolver.cpp,
Event: 31.758 Thread 0x0000000017f93000 Exception <a 'java/lang/NoSuchMethodError': java.lang.Object.lambda$static$2(Ljava/util/Set;Ljava/util/Set;)Z> (0x00000000e3ec9088) thrown at [C:\re\workspace\8-2-build-windows-amd64-cygwin\jdk8u201\12322\hotspot\src\share\vm\interpreter\linkResolver.cpp,
Event: 31.759 Thread 0x0000000017f93000 Exception <a 'java/lang/NoSuchMethodError': java.lang.Object.lambda$static$3(Ljava/util/Set;Ljava/util/Set;)Z> (0x00000000e3ecb9e0) thrown at [C:\re\workspace\8-2-build-windows-amd64-cygwin\jdk8u201\12322\hotspot\src\share\vm\interpreter\linkResolver.cpp,

Events (10 events):
Event: 31.919 loading class org/gradle/api/internal/tasks/compile/JavaHomeBasedJavaCompilerFactory$SystemPropertiesJavaHomeFactory
Event: 31.919 loading class org/gradle/api/internal/tasks/compile/JavaHomeBasedJavaCompilerFactory$SystemPropertiesJavaHomeFactory done
Event: 31.920 loading class org/gradle/api/internal/tasks/compile/JavaHomeBasedJavaCompilerFactory$SystemJavaCompilerFactory
Event: 31.920 loading class org/gradle/api/internal/tasks/compile/JavaHomeBasedJavaCompilerFactory$SystemJavaCompilerFactory done
Event: 31.922 loading class org/gradle/process/internal/worker/child/DefaultWorkerDirectoryProvider
Event: 31.922 loading class org/gradle/process/internal/worker/child/DefaultWorkerDirectoryProvider done
Event: 31.923 loading class org/gradle/cache/internal/DefaultFileContentCacheFactory
Event: 31.923 loading class org/gradle/cache/internal/DefaultFileContentCacheFactory done
Event: 31.934 loading class org/gradle/cache/internal/FileContentCache
Event: 31.934 loading class org/gradle/cache/internal/FileContentCache done


Dynamic libraries:
0x00007ff7c2630000 - 0x00007ff7c2667000 	C:\Program Files\Java\jdk1.8.0_201\bin\java.exe
0x00007ffdda020000 - 0x00007ffdda201000 	C:\WINDOWS\SYSTEM32\ntdll.dll
0x00007ffda1430000 - 0x00007ffda1442000 	C:\Program Files\AVAST Software\Avast\aswhook.dll
0x00007ffdd81b0000 - 0x00007ffdd8262000 	C:\WINDOWS\System32\KERNEL32.DLL
0x00007ffdd63f0000 - 0x00007ffdd6663000 	C:\WINDOWS\System32\KERNELBASE.dll
0x00007ffdd7550000 - 0x00007ffdd75f1000 	C:\WINDOWS\System32\ADVAPI32.dll
0x00007ffdd74b0000 - 0x00007ffdd754e000 	C:\WINDOWS\System32\msvcrt.dll
0x00007ffdd9f40000 - 0x00007ffdd9f9b000 	C:\WINDOWS\System32\sechost.dll
0x00007ffdd84f0000 - 0x00007ffdd8614000 	C:\WINDOWS\System32\RPCRT4.dll
0x00007ffdd8360000 - 0x00007ffdd84f0000 	C:\WINDOWS\System32\USER32.dll
0x00007ffdd6860000 - 0x00007ffdd6880000 	C:\WINDOWS\System32\win32u.dll
0x00007ffdd76b0000 - 0x00007ffdd76d8000 	C:\WINDOWS\System32\GDI32.dll
0x00007ffdd6aa0000 - 0x00007ffdd6c32000 	C:\WINDOWS\System32\gdi32full.dll
0x00007ffdd6980000 - 0x00007ffdd6a1f000 	C:\WINDOWS\System32\msvcp_win.dll
0x00007ffdd6880000 - 0x00007ffdd697a000 	C:\WINDOWS\System32\ucrtbase.dll
0x00007ffdc6b00000 - 0x00007ffdc6d69000 	C:\WINDOWS\WinSxS\amd64_microsoft.windows.common-controls_6595b64144ccf1df_6.0.17134.523_none_fb409dd930672a56\COMCTL32.dll
0x00007ffdd9ad0000 - 0x00007ffdd9df2000 	C:\WINDOWS\System32\combase.dll
0x00007ffdd6a20000 - 0x00007ffdd6a9a000 	C:\WINDOWS\System32\bcryptPrimitives.dll
0x00007ffdd9fb0000 - 0x00007ffdd9fdd000 	C:\WINDOWS\System32\IMM32.DLL
0x00000000606d0000 - 0x00000000607a1000 	C:\Program Files\Java\jdk1.8.0_201\jre\bin\msvcr100.dll
0x000000005fe20000 - 0x00000000606c4000 	C:\Program Files\Java\jdk1.8.0_201\jre\bin\server\jvm.dll
0x00007ffdd9fe0000 - 0x00007ffdd9fe8000 	C:\WINDOWS\System32\PSAPI.DLL
0x00007ffdc56c0000 - 0x00007ffdc56c9000 	C:\WINDOWS\SYSTEM32\WSOCK32.dll
0x00007ffdd8620000 - 0x00007ffdd868c000 	C:\WINDOWS\System32\WS2_32.dll
0x00007ffdd0cf0000 - 0x00007ffdd0d13000 	C:\WINDOWS\SYSTEM32\WINMM.dll
0x00007ffdc8cd0000 - 0x00007ffdc8cda000 	C:\WINDOWS\SYSTEM32\VERSION.dll
0x00007ffdd0cc0000 - 0x00007ffdd0cea000 	C:\WINDOWS\SYSTEM32\WINMMBASE.dll
0x00007ffdd7460000 - 0x00007ffdd74a9000 	C:\WINDOWS\System32\cfgmgr32.dll
0x00007ffdd0dc0000 - 0x00007ffdd0dcf000 	C:\Program Files\Java\jdk1.8.0_201\jre\bin\verify.dll
0x00007ffdcec00000 - 0x00007ffdcec29000 	C:\Program Files\Java\jdk1.8.0_201\jre\bin\java.dll
0x00007ffdbfdb0000 - 0x00007ffdbfdc6000 	C:\Program Files\Java\jdk1.8.0_201\jre\bin\zip.dll
0x00007ffdd8690000 - 0x00007ffdd9ad0000 	C:\WINDOWS\System32\SHELL32.dll
0x00007ffdd7600000 - 0x00007ffdd76a9000 	C:\WINDOWS\System32\shcore.dll
0x00007ffdd6d50000 - 0x00007ffdd745d000 	C:\WINDOWS\System32\windows.storage.dll
0x00007ffdd9e80000 - 0x00007ffdd9ed1000 	C:\WINDOWS\System32\shlwapi.dll
0x00007ffdd6380000 - 0x00007ffdd6391000 	C:\WINDOWS\System32\kernel.appcore.dll
0x00007ffdd6360000 - 0x00007ffdd637f000 	C:\WINDOWS\System32\profapi.dll
0x00007ffdd63a0000 - 0x00007ffdd63ec000 	C:\WINDOWS\System32\powrprof.dll
0x00007ffdd6350000 - 0x00007ffdd635a000 	C:\WINDOWS\System32\FLTLIB.DLL
0x00007ffdad9a0000 - 0x00007ffdad9ba000 	C:\Program Files\Java\jdk1.8.0_201\jre\bin\net.dll
0x00007ffdc8fc0000 - 0x00007ffdc9189000 	C:\WINDOWS\SYSTEM32\urlmon.dll
0x00007ffdc9190000 - 0x00007ffdc9435000 	C:\WINDOWS\SYSTEM32\iertutil.dll
0x00007ffdd5d20000 - 0x00007ffdd5d2b000 	C:\WINDOWS\SYSTEM32\CRYPTBASE.DLL
0x00007ffdd5b50000 - 0x00007ffdd5bb6000 	C:\WINDOWS\system32\mswsock.dll
0x00007ffdad040000 - 0x00007ffdad051000 	C:\Program Files\Java\jdk1.8.0_201\jre\bin\nio.dll
0x00007ffdc8910000 - 0x00007ffdc892e000 	C:\Users\HP\.gradle\native\25\windows-amd64\native-platform.dll
0x00007ffdc8900000 - 0x00007ffdc890d000 	C:\Program Files\Java\jdk1.8.0_201\jre\bin\management.dll
0x00007ffdd5d00000 - 0x00007ffdd5d17000 	C:\WINDOWS\SYSTEM32\CRYPTSP.dll
0x00007ffdd5730000 - 0x00007ffdd5763000 	C:\WINDOWS\system32\rsaenh.dll
0x00007ffdd5e30000 - 0x00007ffdd5e55000 	C:\WINDOWS\SYSTEM32\bcrypt.dll
0x00007ffdd6230000 - 0x00007ffdd6258000 	C:\WINDOWS\SYSTEM32\USERENV.dll
0x00007ffdd58d0000 - 0x00007ffdd5908000 	C:\WINDOWS\SYSTEM32\IPHLPAPI.DLL
0x00007ffdd7cc0000 - 0x00007ffdd7cc8000 	C:\WINDOWS\System32\NSI.dll
0x00007ffdcc3b0000 - 0x00007ffdcc3c6000 	C:\WINDOWS\SYSTEM32\dhcpcsvc6.DLL
0x00007ffdcc6c0000 - 0x00007ffdcc6da000 	C:\WINDOWS\SYSTEM32\dhcpcsvc.DLL

VM Arguments:
jvm_args: -Xmx1536m -Dfile.encoding=windows-1252 -Duser.country=US -Duser.language=en -Duser.variant 
java_command: org.gradle.launcher.daemon.bootstrap.GradleDaemon 4.10.1
java_class_path (initial): C:\Users\HP\.gradle\wrapper\dists\gradle-4.10.1-all\455itskqi2qtf0v2sja68alqd\gradle-4.10.1\lib\gradle-launcher-4.10.1.jar
Launcher Type: SUN_STANDARD

Environment Variables:
JAVA_HOME=C:\Program Files\Java\jdk1.8.0_201
PATH=C:\Program Files (x86)\Common Files\Oracle\Java\javapath;C:\Program Files (x86)\Common Files\ArcSoft\Bin;C:\Program Files (x86)\Intel\iCLS Client\;C:\Program Files\Intel\iCLS Client\;C:\WINDOWS\system32;C:\WINDOWS;C:\WINDOWS\System32\Wbem;C:\WINDOWS\System32\WindowsPowerShell\v1.0\;C:\Program Files (x86)\Intel\Intel(R) Management Engine Components\DAL;C:\Program Files\Intel\Intel(R) Management Engine Components\DAL;C:\Program Files (x86)\Intel\Intel(R) Management Engine Components\IPT;C:\Program Files\Intel\Intel(R) Management Engine Components\IPT;c:\Program Files\Intel\WiFi\bin\;c:\Program Files\Common Files\Intel\WirelessCommon\;C:\Program Files (x86)\GtkSharp\2.12\bin;C:\WINDOWS\System32\OpenSSH\;C:\Users\HP\AppData\Local\Android\Sdk;C:\Program Files\Java\jdk1.8.0_201bin;C:\Program Files\Java\jdk1.8.0_201\bin;C:\Program Files\Java\jre1.8.0_201\bin;C:\Program Files\Git\cmd;C:\Program Files\Java\jdk1.8.0_201\bin;C:\Users\HP\AppData\Local\Microsoft\WindowsApps;
USERNAME=HP
OS=Windows_NT
PROCESSOR_IDENTIFIER=Intel64 Family 6 Model 61 Stepping 4, GenuineIntel



---------------  S Y S T E M  ---------------

OS: Windows 10.0 , 64 bit Build 17134 (10.0.17134.1)

CPU:total 4 (initial active 4) (2 cores per cpu, 2 threads per core) family 6 model 61 stepping 4, cmov, cx8, fxsr, mmx, sse, sse2, sse3, ssse3, sse4.1, sse4.2, popcnt, avx, avx2, aes, clmul, erms, 3dnowpref, lzcnt, ht, tsc, tscinvbit, bmi1, bmi2, adx

Memory: 4k page, physical 4082796k(310276k free), swap 4082796k(5392k free)

vm_info: Java HotSpot(TM) 64-Bit Server VM (25.201-b09) for windows-amd64 JRE (1.8.0_201-b09), built on Dec 15 2018 18:36:39 by "java_re" with MS VC++ 10.0 (VS2010)

time: Tue Feb 12 21:59:21 2019
timezone: Bangladesh Standard Time
elapsed time: 32 seconds (0d 0h 0m 32s)

