#
# There is insufficient memory for the Java Runtime Environment to continue.
# Native memory allocation (malloc) failed to allocate 32744 bytes for ChunkPool::allocate
# Possible reasons:
#   The system is out of physical RAM or swap space
#   The process is running with CompressedOops enabled, and the Java Heap may be blocking the growth of the native heap
# Possible solutions:
#   Reduce memory load on the system
#   Increase physical memory or swap space
#   Check if swap backing store is full
#   Decrease Java heap size (-Xmx/-Xms)
#   Decrease number of Java threads
#   Decrease Java thread stack sizes (-Xss)
#   Set larger code cache with -XX:ReservedCodeCacheSize=
#   JVM is running with Unscaled Compressed Oops mode in which the Java heap is
#     placed in the first 4GB address space. The Java Heap base address is the
#     maximum limit for the native heap growth. Please use -XX:HeapBaseMinAddress
#     to set the Java Heap base and to place the Java Heap above 4GB virtual address.
# This output file may be truncated or incomplete.
#
#  Out of Memory Error (allocation.cpp:273), pid=796, tid=0x0000000000002164
#
# JRE version: Java(TM) SE Runtime Environment (8.0_201-b09) (build 1.8.0_201-b09)
# Java VM: Java HotSpot(TM) 64-Bit Server VM (25.201-b09 mixed mode windows-amd64 compressed oops)
# Failed to write core dump. Minidumps are not enabled by default on client versions of Windows
#

---------------  T H R E A D  ---------------

Current thread (0x0000000019538800):  JavaThread "Daemon worker" [_thread_in_vm, id=8548, stack(0x000000001adc0000,0x000000001aec0000)]

Stack: [0x000000001adc0000,0x000000001aec0000]
[error occurred during error reporting (printing stack bounds), id 0xc0000005]

Native frames: (J=compiled Java code, j=interpreted, Vv=VM code, C=native code)

Java frames: (J=compiled Java code, j=interpreted, Vv=VM code)
j  org.gradle.api.internal.changedetection.state.mirror.MirrorUpdatingDirectoryWalker$DefaultExcludes.<init>([Ljava/lang/String;)V+203
j  org.gradle.api.internal.changedetection.state.mirror.MirrorUpdatingDirectoryWalker.<init>(Lorg/gradle/internal/hash/FileHasher;Lorg/gradle/internal/nativeintegration/filesystem/FileSystem;Lorg/gradle/api/internal/cache/StringInterner;)V+27
j  org.gradle.api.internal.changedetection.state.DefaultFileSystemSnapshotter.<init>(Lorg/gradle/internal/hash/FileHasher;Lorg/gradle/api/internal/cache/StringInterner;Lorg/gradle/internal/nativeintegration/filesystem/FileSystem;Lorg/gradle/api/internal/changedetection/state/FileSystemMirror;)V+40
j  org.gradle.internal.service.scopes.GradleUserHomeScopeServices.createFileSystemSnapshotter(Lorg/gradle/internal/hash/FileHasher;Lorg/gradle/api/internal/cache/StringInterner;Lorg/gradle/internal/nativeintegration/filesystem/FileSystem;Lorg/gradle/api/internal/changedetection/state/FileSystemMirror;)Lorg/gradle/api/internal/changedetection/state/FileSystemSnapshotter;+9
v  ~StubRoutines::call_stub
j  sun.reflect.NativeMethodAccessorImpl.invoke0(Ljava/lang/reflect/Method;Ljava/lang/Object;[Ljava/lang/Object;)Ljava/lang/Object;+0
j  sun.reflect.NativeMethodAccessorImpl.invoke(Ljava/lang/Object;[Ljava/lang/Object;)Ljava/lang/Object;+100
J 1136 C1 sun.reflect.DelegatingMethodAccessorImpl.invoke(Ljava/lang/Object;[Ljava/lang/Object;)Ljava/lang/Object; (10 bytes) @ 0x00000000033bde84 [0x00000000033bdd80+0x104]
J 1135 C1 java.lang.reflect.Method.invoke(Ljava/lang/Object;[Ljava/lang/Object;)Ljava/lang/Object; (62 bytes) @ 0x00000000033bd8ac [0x00000000033bd4c0+0x3ec]
j  org.gradle.internal.reflect.JavaMethod.invoke(Ljava/lang/Object;[Ljava/lang/Object;)Ljava/lang/Object;+6
j  org.gradle.internal.service.ReflectionBasedServiceMethod.invoke(Ljava/lang/Object;[Ljava/lang/Object;)Ljava/lang/Object;+6
j  org.gradle.internal.service.DefaultServiceRegistry$FactoryMethodService.invokeMethod([Ljava/lang/Object;)Ljava/lang/Object;+9
j  org.gradle.internal.service.DefaultServiceRegistry$FactoryService.create()Ljava/lang/Object;+7
j  org.gradle.internal.service.DefaultServiceRegistry$ManagedObjectServiceProvider.getInstance()Ljava/lang/Object;+24
J 1397 C1 org.gradle.internal.service.DefaultServiceRegistry$SingletonService.get()Ljava/lang/Object; (5 bytes) @ 0x000000000345a874 [0x000000000345a780+0xf4]
j  org.gradle.internal.service.DefaultServiceRegistry$FactoryService.assembleParameters()[Ljava/lang/Object;+44
j  org.gradle.internal.service.DefaultServiceRegistry$FactoryService.create()Ljava/lang/Object;+1
j  org.gradle.internal.service.DefaultServiceRegistry$ManagedObjectServiceProvider.getInstance()Ljava/lang/Object;+24
J 1397 C1 org.gradle.internal.service.DefaultServiceRegistry$SingletonService.get()Ljava/lang/Object; (5 bytes) @ 0x000000000345a874 [0x000000000345a780+0xf4]
j  org.gradle.internal.service.DefaultServiceRegistry$FactoryService.assembleParameters()[Ljava/lang/Object;+44
j  org.gradle.internal.service.DefaultServiceRegistry$FactoryService.create()Ljava/lang/Object;+1
j  org.gradle.internal.service.DefaultServiceRegistry$ManagedObjectServiceProvider.getInstance()Ljava/lang/Object;+24
J 1397 C1 org.gradle.internal.service.DefaultServiceRegistry$SingletonService.get()Ljava/lang/Object; (5 bytes) @ 0x000000000345a874 [0x000000000345a780+0xf4]
j  org.gradle.internal.service.DefaultServiceRegistry$FactoryService.assembleParameters()[Ljava/lang/Object;+44
j  org.gradle.internal.service.DefaultServiceRegistry$FactoryService.create()Ljava/lang/Object;+1
j  org.gradle.internal.service.DefaultServiceRegistry$ManagedObjectServiceProvider.getInstance()Ljava/lang/Object;+24
J 1397 C1 org.gradle.internal.service.DefaultServiceRegistry$SingletonService.get()Ljava/lang/Object; (5 bytes) @ 0x000000000345a874 [0x000000000345a780+0xf4]
j  org.gradle.internal.service.DefaultServiceRegistry$FactoryService.assembleParameters()[Ljava/lang/Object;+44
j  org.gradle.internal.service.DefaultServiceRegistry$FactoryService.create()Ljava/lang/Object;+1
j  org.gradle.internal.service.DefaultServiceRegistry$ManagedObjectServiceProvider.getInstance()Ljava/lang/Object;+24
J 1397 C1 org.gradle.internal.service.DefaultServiceRegistry$SingletonService.get()Ljava/lang/Object; (5 bytes) @ 0x000000000345a874 [0x000000000345a780+0xf4]
j  org.gradle.internal.service.DefaultServiceRegistry$FactoryService.assembleParameters()[Ljava/lang/Object;+44
j  org.gradle.internal.service.DefaultServiceRegistry$FactoryService.create()Ljava/lang/Object;+1
j  org.gradle.internal.service.DefaultServiceRegistry$ManagedObjectServiceProvider.getInstance()Ljava/lang/Object;+24
J 1397 C1 org.gradle.internal.service.DefaultServiceRegistry$SingletonService.get()Ljava/lang/Object; (5 bytes) @ 0x000000000345a874 [0x000000000345a780+0xf4]
j  org.gradle.internal.service.DefaultServiceRegistry$FactoryService.assembleParameters()[Ljava/lang/Object;+44
j  org.gradle.internal.service.DefaultServiceRegistry$FactoryService.create()Ljava/lang/Object;+1
j  org.gradle.internal.service.DefaultServiceRegistry$ManagedObjectServiceProvider.getInstance()Ljava/lang/Object;+24
J 1397 C1 org.gradle.internal.service.DefaultServiceRegistry$SingletonService.get()Ljava/lang/Object; (5 bytes) @ 0x000000000345a874 [0x000000000345a780+0xf4]
j  org.gradle.internal.service.DefaultServiceRegistry.find(Ljava/lang/reflect/Type;)Ljava/lang/Object;+22
j  org.gradle.internal.service.DefaultServiceRegistry.get(Ljava/lang/reflect/Type;)Ljava/lang/Object;+2
j  org.gradle.internal.service.DefaultServiceRegistry.get(Ljava/lang/Class;)Ljava/lang/Object;+3
j  org.gradle.internal.service.scopes.BuildScopeServices.defaultScriptPluginFactory()Lorg/gradle/configuration/DefaultScriptPluginFactory;+8
j  org.gradle.internal.service.scopes.BuildScopeServices.createScriptPluginFactory(Lorg/gradle/api/internal/InstantiatorFactory;Lorg/gradle/internal/operations/BuildOperationExecutor;Lorg/gradle/configuration/internal/UserCodeApplicationContext;)Lorg/gradle/configuration/ScriptPluginFactory;+1
v  ~StubRoutines::call_stub
j  sun.reflect.NativeMethodAccessorImpl.invoke0(Ljava/lang/reflect/Method;Ljava/lang/Object;[Ljava/lang/Object;)Ljava/lang/Object;+0
j  sun.reflect.NativeMethodAccessorImpl.invoke(Ljava/lang/Object;[Ljava/lang/Object;)Ljava/lang/Object;+100
J 1136 C1 sun.reflect.DelegatingMethodAccessorImpl.invoke(Ljava/lang/Object;[Ljava/lang/Object;)Ljava/lang/Object; (10 bytes) @ 0x00000000033bde84 [0x00000000033bdd80+0x104]
J 1135 C1 java.lang.reflect.Method.invoke(Ljava/lang/Object;[Ljava/lang/Object;)Ljava/lang/Object; (62 bytes) @ 0x00000000033bd8ac [0x00000000033bd4c0+0x3ec]
j  org.gradle.internal.reflect.JavaMethod.invoke(Ljava/lang/Object;[Ljava/lang/Object;)Ljava/lang/Object;+6
j  org.gradle.internal.service.ReflectionBasedServiceMethod.invoke(Ljava/lang/Object;[Ljava/lang/Object;)Ljava/lang/Object;+6
j  org.gradle.internal.service.DefaultServiceRegistry$FactoryMethodService.invokeMethod([Ljava/lang/Object;)Ljava/lang/Object;+9
j  org.gradle.internal.service.DefaultServiceRegistry$FactoryService.create()Ljava/lang/Object;+7
j  org.gradle.internal.service.DefaultServiceRegistry$ManagedObjectServiceProvider.getInstance()Ljava/lang/Object;+24
J 1397 C1 org.gradle.internal.service.DefaultServiceRegistry$SingletonService.get()Ljava/lang/Object; (5 bytes) @ 0x000000000345a874 [0x000000000345a780+0xf4]
j  org.gradle.internal.service.DefaultServiceRegistry$FactoryService.assembleParameters()[Ljava/lang/Object;+44
j  org.gradle.internal.service.DefaultServiceRegistry$FactoryService.create()Ljava/lang/Object;+1
j  org.gradle.internal.service.DefaultServiceRegistry$ManagedObjectServiceProvider.getInstance()Ljava/lang/Object;+24
J 1397 C1 org.gradle.internal.service.DefaultServiceRegistry$SingletonService.get()Ljava/lang/Object; (5 bytes) @ 0x000000000345a874 [0x000000000345a780+0xf4]
j  org.gradle.internal.service.DefaultServiceRegistry$FactoryService.assembleParameters()[Ljava/lang/Object;+44
j  org.gradle.internal.service.DefaultServiceRegistry$FactoryService.create()Ljava/lang/Object;+1
j  org.gradle.internal.service.DefaultServiceRegistry$ManagedObjectServiceProvider.getInstance()Ljava/lang/Object;+24
J 1397 C1 org.gradle.internal.service.DefaultServiceRegistry$SingletonService.get()Ljava/lang/Object; (5 bytes) @ 0x000000000345a874 [0x000000000345a780+0xf4]
j  org.gradle.internal.service.DefaultServiceRegistry.find(Ljava/lang/reflect/Type;)Ljava/lang/Object;+22
j  org.gradle.internal.service.DefaultServiceRegistry.get(Ljava/lang/reflect/Type;)Ljava/lang/Object;+2
j  org.gradle.internal.service.DefaultServiceRegistry.get(Ljava/lang/Class;)Ljava/lang/Object;+3
j  org.gradle.initialization.DefaultGradleLauncherFactory.doNewInstance(Lorg/gradle/api/internal/BuildDefinition;Lorg/gradle/internal/build/BuildState;Lorg/gradle/initialization/GradleLauncher;Lorg/gradle/initialization/BuildCancellationToken;Lorg/gradle/initialization/BuildRequestMetaData;Lorg/gradle/initialization/BuildEventConsumer;Lorg/gradle/internal/service/scopes/BuildTreeScopeServices;Ljava/util/List;)Lorg/gradle/initialization/DefaultGradleLauncher;+394
j  org.gradle.initialization.DefaultGradleLauncherFactory.newInstance(Lorg/gradle/api/internal/BuildDefinition;Lorg/gradle/internal/build/RootBuildState;Lorg/gradle/initialization/BuildRequestContext;Lorg/gradle/internal/service/ServiceRegistry;)Lorg/gradle/initialization/GradleLauncher;+72
j  org.gradle.composite.internal.DefaultRootBuildState.<init>(Lorg/gradle/api/internal/BuildDefinition;Lorg/gradle/initialization/BuildRequestContext;Lorg/gradle/initialization/GradleLauncherFactory;Lorg/gradle/internal/event/ListenerManager;Lorg/gradle/internal/service/ServiceRegistry;)V+17
j  org.gradle.composite.internal.DefaultIncludedBuildRegistry.addRootBuild(Lorg/gradle/api/internal/BuildDefinition;Lorg/gradle/initialization/BuildRequestContext;)Lorg/gradle/internal/build/RootBuildState;+36
j  org.gradle.launcher.exec.InProcessBuildActionExecuter.execute(Lorg/gradle/internal/invocation/BuildAction;Lorg/gradle/initialization/BuildRequestContext;Lorg/gradle/launcher/exec/BuildActionParameters;Lorg/gradle/internal/service/ServiceRegistry;)Ljava/lang/Object;+50
j  org.gradle.launcher.exec.InProcessBuildActionExecuter.execute(Lorg/gradle/internal/invocation/BuildAction;Lorg/gradle/initialization/BuildRequestContext;Ljava/lang/Object;Lorg/gradle/internal/service/ServiceRegistry;)Ljava/lang/Object;+9
j  org.gradle.launcher.exec.BuildTreeScopeBuildActionExecuter.execute(Lorg/gradle/internal/invocation/BuildAction;Lorg/gradle/initialization/BuildRequestContext;Lorg/gradle/launcher/exec/BuildActionParameters;Lorg/gradle/internal/service/ServiceRegistry;)Ljava/lang/Object;+38
j  org.gradle.launcher.exec.BuildTreeScopeBuildActionExecuter.execute(Lorg/gradle/internal/invocation/BuildAction;Lorg/gradle/initialization/BuildRequestContext;Ljava/lang/Object;Lorg/gradle/internal/service/ServiceRegistry;)Ljava/lang/Object;+9
j  org.gradle.tooling.internal.provider.ContinuousBuildActionExecuter.execute(Lorg/gradle/internal/invocation/BuildAction;Lorg/gradle/initialization/BuildRequestContext;Lorg/gradle/launcher/exec/BuildActionParameters;Lorg/gradle/internal/service/ServiceRegistry;)Ljava/lang/Object;+63
j  org.gradle.tooling.internal.provider.ContinuousBuildActionExecuter.execute(Lorg/gradle/internal/invocation/BuildAction;Lorg/gradle/initialization/BuildRequestContext;Ljava/lang/Object;Lorg/gradle/internal/service/ServiceRegistry;)Ljava/lang/Object;+9
j  org.gradle.tooling.internal.provider.ServicesSetupBuildActionExecuter.execute(Lorg/gradle/internal/invocation/BuildAction;Lorg/gradle/initialization/BuildRequestContext;Lorg/gradle/launcher/exec/BuildActionParameters;Lorg/gradle/internal/service/ServiceRegistry;)Ljava/lang/Object;+107
j  org.gradle.tooling.internal.provider.ServicesSetupBuildActionExecuter.execute(Lorg/gradle/internal/invocation/BuildAction;Lorg/gradle/initialization/BuildRequestContext;Ljava/lang/Object;Lorg/gradle/internal/service/ServiceRegistry;)Ljava/lang/Object;+9
j  org.gradle.tooling.internal.provider.GradleThreadBuildActionExecuter.execute(Lorg/gradle/internal/invocation/BuildAction;Lorg/gradle/initialization/BuildRequestContext;Lorg/gradle/launcher/exec/BuildActionParameters;Lorg/gradle/internal/service/ServiceRegistry;)Ljava/lang/Object;+12
j  org.gradle.tooling.internal.provider.GradleThreadBuildActionExecuter.execute(Lorg/gradle/internal/invocation/BuildAction;Lorg/gradle/initialization/BuildRequestContext;Ljava/lang/Object;Lorg/gradle/internal/service/ServiceRegistry;)Ljava/lang/Object;+9
j  org.gradle.tooling.internal.provider.ParallelismConfigurationBuildActionExecuter.execute(Lorg/gradle/internal/invocation/BuildAction;Lorg/gradle/initialization/BuildRequestContext;Lorg/gradle/launcher/exec/BuildActionParameters;Lorg/gradle/internal/service/ServiceRegistry;)Ljava/lang/Object;+43
j  org.gradle.tooling.internal.provider.ParallelismConfigurationBuildActionExecuter.execute(Lorg/gradle/internal/invocation/BuildAction;Lorg/gradle/initialization/BuildRequestContext;Ljava/lang/Object;Lorg/gradle/internal/service/ServiceRegistry;)Ljava/lang/Object;+9
j  org.gradle.tooling.internal.provider.StartParamsValidatingActionExecuter.execute(Lorg/gradle/internal/invocation/BuildAction;Lorg/gradle/initialization/BuildRequestContext;Lorg/gradle/launcher/exec/BuildActionParameters;Lorg/gradle/internal/service/ServiceRegistry;)Ljava/lang/Object;+177
j  org.gradle.tooling.internal.provider.StartParamsValidatingActionExecuter.execute(Lorg/gradle/internal/invocation/BuildAction;Lorg/gradle/initialization/BuildRequestContext;Ljava/lang/Object;Lorg/gradle/internal/service/ServiceRegistry;)Ljava/lang/Object;+9
j  org.gradle.tooling.internal.provider.SessionFailureReportingActionExecuter.execute(Lorg/gradle/internal/invocation/BuildAction;Lorg/gradle/initialization/BuildRequestContext;Lorg/gradle/launcher/exec/BuildActionParameters;Lorg/gradle/internal/service/ServiceRegistry;)Ljava/lang/Object;+9
j  org.gradle.tooling.internal.provider.SessionFailureReportingActionExecuter.execute(Lorg/gradle/internal/invocation/BuildAction;Lorg/gradle/initialization/BuildRequestContext;Ljava/lang/Object;Lorg/gradle/internal/service/ServiceRegistry;)Ljava/lang/Object;+9
j  org.gradle.tooling.internal.provider.SetupLoggingActionExecuter.execute(Lorg/gradle/internal/invocation/BuildAction;Lorg/gradle/initialization/BuildRequestContext;Lorg/gradle/launcher/exec/BuildActionParameters;Lorg/gradle/internal/service/ServiceRegistry;)Ljava/lang/Object;+52
j  org.gradle.tooling.internal.provider.SetupLoggingActionExecuter.execute(Lorg/gradle/internal/invocation/BuildAction;Lorg/gradle/initialization/BuildRequestContext;Ljava/lang/Object;Lorg/gradle/internal/service/ServiceRegistry;)Ljava/lang/Object;+9
j  org.gradle.launcher.daemon.server.exec.ExecuteBuild.doBuild(Lorg/gradle/launcher/daemon/server/api/DaemonCommandExecution;Lorg/gradle/launcher/daemon/protocol/Build;)V+114
j  org.gradle.launcher.daemon.server.exec.BuildCommandOnly.execute(Lorg/gradle/launcher/daemon/server/api/DaemonCommandExecution;)V+49
j  org.gradle.launcher.daemon.server.api.DaemonCommandExecution.proceed()Z+28
j  org.gradle.launcher.daemon.server.exec.WatchForDisconnection.execute(Lorg/gradle/launcher/daemon/server/api/DaemonCommandExecution;)V+19
j  org.gradle.launcher.daemon.server.api.DaemonCommandExecution.proceed()Z+28
j  org.gradle.launcher.daemon.server.exec.ResetDeprecationLogger.execute(Lorg/gradle/launcher/daemon/server/api/DaemonCommandExecution;)V+4
j  org.gradle.launcher.daemon.server.api.DaemonCommandExecution.proceed()Z+28
j  org.gradle.launcher.daemon.server.exec.RequestStopIfSingleUsedDaemon.execute(Lorg/gradle/launcher/daemon/server/api/DaemonCommandExecution;)V+33
j  org.gradle.launcher.daemon.server.api.DaemonCommandExecution.proceed()Z+28
j  org.gradle.launcher.daemon.server.exec.ForwardClientInput$2.call()Ljava/lang/Void;+4
j  org.gradle.launcher.daemon.server.exec.ForwardClientInput$2.call()Ljava/lang/Object;+1
j  org.gradle.util.Swapper.swap(Ljava/lang/Object;Ljava/util/concurrent/Callable;)Ljava/lang/Object;+21
j  org.gradle.launcher.daemon.server.exec.ForwardClientInput.execute(Lorg/gradle/launcher/daemon/server/api/DaemonCommandExecution;)V+63
j  org.gradle.launcher.daemon.server.api.DaemonCommandExecution.proceed()Z+28
j  org.gradle.launcher.daemon.server.exec.LogAndCheckHealth.execute(Lorg/gradle/launcher/daemon/server/api/DaemonCommandExecution;)V+28
j  org.gradle.launcher.daemon.server.api.DaemonCommandExecution.proceed()Z+28
j  org.gradle.launcher.daemon.server.exec.LogToClient.doBuild(Lorg/gradle/launcher/daemon/server/api/DaemonCommandExecution;Lorg/gradle/launcher/daemon/protocol/Build;)V+87
j  org.gradle.launcher.daemon.server.exec.BuildCommandOnly.execute(Lorg/gradle/launcher/daemon/server/api/DaemonCommandExecution;)V+49
j  org.gradle.launcher.daemon.server.api.DaemonCommandExecution.proceed()Z+28
j  org.gradle.launcher.daemon.server.exec.EstablishBuildEnvironment.doBuild(Lorg/gradle/launcher/daemon/server/api/DaemonCommandExecution;Lorg/gradle/launcher/daemon/protocol/Build;)V+365
j  org.gradle.launcher.daemon.server.exec.BuildCommandOnly.execute(Lorg/gradle/launcher/daemon/server/api/DaemonCommandExecution;)V+49
j  org.gradle.launcher.daemon.server.api.DaemonCommandExecution.proceed()Z+28
j  org.gradle.launcher.daemon.server.exec.StartBuildOrRespondWithBusy$1.run()V+44
j  org.gradle.launcher.daemon.server.DaemonStateCoordinator$1.run()V+4
j  org.gradle.internal.concurrent.ExecutorPolicy$CatchAndRecordFailures.onExecute(Ljava/lang/Runnable;)V+1
j  org.gradle.internal.concurrent.ManagedExecutorImpl$1.run()V+25
j  java.util.concurrent.ThreadPoolExecutor.runWorker(Ljava/util/concurrent/ThreadPoolExecutor$Worker;)V+95
j  java.util.concurrent.ThreadPoolExecutor$Worker.run()V+5
j  org.gradle.internal.concurrent.ThreadFactoryImpl$ManagedThreadRunnable.run()V+7
j  java.lang.Thread.run()V+11
v  ~StubRoutines::call_stub

---------------  P R O C E S S  ---------------

Java Threads: ( => current thread )
  0x0000000018a74000 JavaThread "File lock request listener" [_thread_in_native, id=5420, stack(0x000000001c390000,0x000000001c490000)]
  0x0000000018a7a000 JavaThread "Cache worker for file hash cache (C:\Users\HP\.gradle\caches\4.10.1\fileHashes)" [_thread_blocked, id=9176, stack(0x000000001c290000,0x000000001c390000)]
  0x0000000018b26000 JavaThread "Stdin handler" [_thread_blocked, id=8732, stack(0x000000001afc0000,0x000000001b0c0000)]
  0x0000000018b25000 JavaThread "Asynchronous log dispatcher for DefaultDaemonConnection: socket connection from /127.0.0.1:1617 to /127.0.0.1:1618" [_thread_blocked, id=9152, stack(0x000000001aec0000,0x000000001afc0000)]
=>0x0000000019538800 JavaThread "Daemon worker" [_thread_in_vm, id=8548, stack(0x000000001adc0000,0x000000001aec0000)]
  0x00000000182eb800 JavaThread "Cancel handler" [_thread_blocked, id=6024, stack(0x000000001acc0000,0x000000001adc0000)]
  0x0000000018315000 JavaThread "Handler for socket connection from /127.0.0.1:1617 to /127.0.0.1:1618" [_thread_in_native, id=6312, stack(0x000000001a9c0000,0x000000001aac0000)]
  0x0000000018313000 JavaThread "Daemon" [_thread_blocked, id=7280, stack(0x000000001a8c0000,0x000000001a9c0000)]
  0x0000000018970000 JavaThread "Daemon periodic checks" [_thread_blocked, id=10008, stack(0x000000001a7c0000,0x000000001a8c0000)]
  0x0000000018536000 JavaThread "Incoming local TCP Connector on port 1617" [_thread_in_native, id=5248, stack(0x000000001a580000,0x000000001a680000)]
  0x0000000019af2800 JavaThread "Daemon health stats" [_thread_blocked, id=7016, stack(0x0000000019f40000,0x000000001a040000)]
  0x0000000018193000 JavaThread "Service Thread" daemon [_thread_blocked, id=6064, stack(0x0000000018570000,0x0000000018670000)]
  0x0000000016934000 JavaThread "C1 CompilerThread2" daemon [_thread_blocked, id=5804, stack(0x0000000018070000,0x0000000018170000)]
  0x000000001692a800 JavaThread "C2 CompilerThread1" daemon [_thread_in_native, id=8120, stack(0x0000000017f70000,0x0000000018070000)]
  0x0000000016926800 JavaThread "C2 CompilerThread0" daemon [_thread_blocked, id=7908, stack(0x0000000017e70000,0x0000000017f70000)]
  0x0000000016924000 JavaThread "Attach Listener" daemon [_thread_blocked, id=2676, stack(0x0000000017d70000,0x0000000017e70000)]
  0x0000000016923000 JavaThread "Signal Dispatcher" daemon [_thread_blocked, id=5268, stack(0x0000000017c70000,0x0000000017d70000)]
  0x0000000002eaa800 JavaThread "Finalizer" daemon [_thread_blocked, id=5316, stack(0x0000000017b70000,0x0000000017c70000)]
  0x0000000002ea2000 JavaThread "Reference Handler" daemon [_thread_blocked, id=3680, stack(0x0000000017a70000,0x0000000017b70000)]
  0x0000000002fae000 JavaThread "main" [_thread_blocked, id=5952, stack(0x0000000002bd0000,0x0000000002cd0000)]

Other Threads:
  0x00000000168e7800 VMThread [stack: 0x0000000017970000,0x0000000017a70000] [id=7788]
  0x00000000181b6800 WatcherThread [stack: 0x0000000018670000,0x0000000018770000] [id=5376]

VM state:not at safepoint (normal execution)

VM Mutex/Monitor currently owned by a thread: None

heap address: 0x00000000a0000000, size: 1536 MB, Compressed Oops mode: 32-bit
Narrow klass base: 0x0000000000000000, Narrow klass shift: 3
Compressed class space size: 1073741824 Address: 0x0000000100000000

Heap:
 PSYoungGen      total 35328K, used 16435K [0x00000000e0000000, 0x00000000e4500000, 0x0000000100000000)
  eden space 32768K, 42% used [0x00000000e0000000,0x00000000e0d90f30,0x00000000e2000000)
  from space 2560K, 99% used [0x00000000e4280000,0x00000000e44fc030,0x00000000e4500000)
  to   space 2560K, 0% used [0x00000000e2000000,0x00000000e2000000,0x00000000e2280000)
 ParOldGen       total 44032K, used 6678K [0x00000000a0000000, 0x00000000a2b00000, 0x00000000e0000000)
  object space 44032K, 15% used [0x00000000a0000000,0x00000000a0685930,0x00000000a2b00000)
 Metaspace       used 14909K, capacity 15274K, committed 15488K, reserved 1062912K
  class space    used 2169K, capacity 2327K, committed 2432K, reserved 1048576K

Card table byte_map: [0x0000000012370000,0x0000000012680000] byte_map_base: 0x0000000011e70000

Marking Bits: (ParMarkBitMap*) 0x000000005d154ce0
 Begin Bits: [0x0000000012c80000, 0x0000000014480000)
 End Bits:   [0x0000000014480000, 0x0000000015c80000)

Polling page: 0x0000000001230000

CodeCache: size=245760Kb used=5072Kb max_used=5072Kb free=240687Kb
 bounds [0x0000000002fb0000, 0x00000000034b0000, 0x0000000011fb0000]
 total_blobs=1847 nmethods=1469 adapters=290
 compilation: enabled

Compilation events (10 events):
Event: 7.094 Thread 0x0000000016934000 1466       3       org.gradle.internal.file.FilePathUtil::sizeOfCommonPrefix (142 bytes)
Event: 7.096 Thread 0x0000000016934000 nmethod 1466 0x00000000034a4550 code [0x00000000034a47c0, 0x00000000034a5be8]
Event: 7.096 Thread 0x0000000016934000 1468       3       org.gradle.internal.file.DefaultFileHierarchySet$Node::sizeOfCommonPrefix (10 bytes)
Event: 7.097 Thread 0x0000000016934000 nmethod 1468 0x0000000003498f50 code [0x00000000034990c0, 0x00000000034992a8]
Event: 7.097 Thread 0x0000000016934000 1467       3       java.util.AbstractCollection::isEmpty (13 bytes)
Event: 7.097 Thread 0x0000000016934000 nmethod 1467 0x00000000034a40d0 code [0x00000000034a4240, 0x00000000034a44a8]
Event: 7.239 Thread 0x0000000016934000 1469       3       java.lang.Thread::interrupted (8 bytes)
Event: 7.239 Thread 0x0000000016934000 nmethod 1469 0x00000000034a3d10 code [0x00000000034a3e80, 0x00000000034a4008]
Event: 7.239 Thread 0x0000000016934000 1470       1       java.util.concurrent.locks.AbstractOwnableSynchronizer::getExclusiveOwnerThread (5 bytes)
Event: 7.240 Thread 0x0000000016934000 nmethod 1470 0x00000000034981d0 code [0x0000000003498320, 0x0000000003498430]

GC Heap History (8 events):
Event: 1.601 GC heap before
{Heap before GC invocations=1 (full 0):
 PSYoungGen      total 18944K, used 16384K [0x00000000e0000000, 0x00000000e1500000, 0x0000000100000000)
  eden space 16384K, 100% used [0x00000000e0000000,0x00000000e1000000,0x00000000e1000000)
  from space 2560K, 0% used [0x00000000e1280000,0x00000000e1280000,0x00000000e1500000)
  to   space 2560K, 0% used [0x00000000e1000000,0x00000000e1000000,0x00000000e1280000)
 ParOldGen       total 44032K, used 0K [0x00000000a0000000, 0x00000000a2b00000, 0x00000000e0000000)
  object space 44032K, 0% used [0x00000000a0000000,0x00000000a0000000,0x00000000a2b00000)
 Metaspace       used 5989K, capacity 6096K, committed 6272K, reserved 1056768K
  class space    used 754K, capacity 780K, committed 896K, reserved 1048576K
Event: 1.644 GC heap after
Heap after GC invocations=1 (full 0):
 PSYoungGen      total 18944K, used 2553K [0x00000000e0000000, 0x00000000e2500000, 0x0000000100000000)
  eden space 16384K, 0% used [0x00000000e0000000,0x00000000e0000000,0x00000000e1000000)
  from space 2560K, 99% used [0x00000000e1000000,0x00000000e127e488,0x00000000e1280000)
  to   space 2560K, 0% used [0x00000000e2280000,0x00000000e2280000,0x00000000e2500000)
 ParOldGen       total 44032K, used 235K [0x00000000a0000000, 0x00000000a2b00000, 0x00000000e0000000)
  object space 44032K, 0% used [0x00000000a0000000,0x00000000a003aed8,0x00000000a2b00000)
 Metaspace       used 5989K, capacity 6096K, committed 6272K, reserved 1056768K
  class space    used 754K, capacity 780K, committed 896K, reserved 1048576K
}
Event: 2.272 GC heap before
{Heap before GC invocations=2 (full 0):
 PSYoungGen      total 18944K, used 18937K [0x00000000e0000000, 0x00000000e2500000, 0x0000000100000000)
  eden space 16384K, 100% used [0x00000000e0000000,0x00000000e1000000,0x00000000e1000000)
  from space 2560K, 99% used [0x00000000e1000000,0x00000000e127e488,0x00000000e1280000)
  to   space 2560K, 0% used [0x00000000e2280000,0x00000000e2280000,0x00000000e2500000)
 ParOldGen       total 44032K, used 235K [0x00000000a0000000, 0x00000000a2b00000, 0x00000000e0000000)
  object space 44032K, 0% used [0x00000000a0000000,0x00000000a003aed8,0x00000000a2b00000)
 Metaspace       used 6583K, capacity 6704K, committed 6784K, reserved 1056768K
  class space    used 823K, capacity 876K, committed 896K, reserved 1048576K
Event: 2.278 GC heap after
Heap after GC invocations=2 (full 0):
 PSYoungGen      total 35328K, used 2551K [0x00000000e0000000, 0x00000000e2500000, 0x0000000100000000)
  eden space 32768K, 0% used [0x00000000e0000000,0x00000000e0000000,0x00000000e2000000)
  from space 2560K, 99% used [0x00000000e2280000,0x00000000e24fdda0,0x00000000e2500000)
  to   space 2560K, 0% used [0x00000000e2000000,0x00000000e2000000,0x00000000e2280000)
 ParOldGen       total 44032K, used 335K [0x00000000a0000000, 0x00000000a2b00000, 0x00000000e0000000)
  object space 44032K, 0% used [0x00000000a0000000,0x00000000a0053d20,0x00000000a2b00000)
 Metaspace       used 6583K, capacity 6704K, committed 6784K, reserved 1056768K
  class space    used 823K, capacity 876K, committed 896K, reserved 1048576K
}
Event: 3.422 GC heap before
{Heap before GC invocations=3 (full 0):
 PSYoungGen      total 35328K, used 35319K [0x00000000e0000000, 0x00000000e2500000, 0x0000000100000000)
  eden space 32768K, 100% used [0x00000000e0000000,0x00000000e2000000,0x00000000e2000000)
  from space 2560K, 99% used [0x00000000e2280000,0x00000000e24fdda0,0x00000000e2500000)
  to   space 2560K, 0% used [0x00000000e2000000,0x00000000e2000000,0x00000000e2280000)
 ParOldGen       total 44032K, used 335K [0x00000000a0000000, 0x00000000a2b00000, 0x00000000e0000000)
  object space 44032K, 0% used [0x00000000a0000000,0x00000000a0053d20,0x00000000a2b00000)
 Metaspace       used 9441K, capacity 9694K, committed 9984K, reserved 1058816K
  class space    used 1303K, capacity 1421K, committed 1536K, reserved 1048576K
Event: 3.430 GC heap after
Heap after GC invocations=3 (full 0):
 PSYoungGen      total 35328K, used 2544K [0x00000000e0000000, 0x00000000e4500000, 0x0000000100000000)
  eden space 32768K, 0% used [0x00000000e0000000,0x00000000e0000000,0x00000000e2000000)
  from space 2560K, 99% used [0x00000000e2000000,0x00000000e227c030,0x00000000e2280000)
  to   space 2560K, 0% used [0x00000000e4280000,0x00000000e4280000,0x00000000e4500000)
 ParOldGen       total 44032K, used 2719K [0x00000000a0000000, 0x00000000a2b00000, 0x00000000e0000000)
  object space 44032K, 6% used [0x00000000a0000000,0x00000000a02a7c48,0x00000000a2b00000)
 Metaspace       used 9441K, capacity 9694K, committed 9984K, reserved 1058816K
  class space    used 1303K, capacity 1421K, committed 1536K, reserved 1048576K
}
Event: 6.455 GC heap before
{Heap before GC invocations=4 (full 0):
 PSYoungGen      total 35328K, used 35312K [0x00000000e0000000, 0x00000000e4500000, 0x0000000100000000)
  eden space 32768K, 100% used [0x00000000e0000000,0x00000000e2000000,0x00000000e2000000)
  from space 2560K, 99% used [0x00000000e2000000,0x00000000e227c030,0x00000000e2280000)
  to   space 2560K, 0% used [0x00000000e4280000,0x00000000e4280000,0x00000000e4500000)
 ParOldGen       total 44032K, used 2719K [0x00000000a0000000, 0x00000000a2b00000, 0x00000000e0000000)
  object space 44032K, 6% used [0x00000000a0000000,0x00000000a02a7c48,0x00000000a2b00000)
 Metaspace       used 13752K, capacity 14108K, committed 14208K, reserved 1060864K
  class space    used 1978K, capacity 2126K, committed 2176K, reserved 1048576K
Event: 6.467 GC heap after
Heap after GC invocations=4 (full 0):
 PSYoungGen      total 35328K, used 2544K [0x00000000e0000000, 0x00000000e4500000, 0x0000000100000000)
  eden space 32768K, 0% used [0x00000000e0000000,0x00000000e0000000,0x00000000e2000000)
  from space 2560K, 99% used [0x00000000e4280000,0x00000000e44fc030,0x00000000e4500000)
  to   space 2560K, 0% used [0x00000000e2000000,0x00000000e2000000,0x00000000e2280000)
 ParOldGen       total 44032K, used 6678K [0x00000000a0000000, 0x00000000a2b00000, 0x00000000e0000000)
  object space 44032K, 15% used [0x00000000a0000000,0x00000000a0685930,0x00000000a2b00000)
 Metaspace       used 13752K, capacity 14108K, committed 14208K, reserved 1060864K
  class space    used 1978K, capacity 2126K, committed 2176K, reserved 1048576K
}

Deoptimization events (10 events):
Event: 3.834 Thread 0x0000000002fae000 Uncommon trap: reason=unstable_if action=reinterpret pc=0x000000000326e20c method=java.io.WinNTFileSystem.normalize(Ljava/lang/String;)Ljava/lang/String; @ 128
Event: 3.834 Thread 0x0000000002fae000 Uncommon trap: reason=unstable_if action=reinterpret pc=0x00000000032f113c method=java.io.WinNTFileSystem.normalize(Ljava/lang/String;II)Ljava/lang/String; @ 90
Event: 5.403 Thread 0x0000000018315000 Uncommon trap: reason=unstable_if action=reinterpret pc=0x0000000003386c30 method=java.util.concurrent.ConcurrentHashMap.putVal(Ljava/lang/Object;Ljava/lang/Object;Z)Ljava/lang/Object; @ 206
Event: 5.583 Thread 0x0000000019538800 Uncommon trap: reason=bimorphic action=maybe_recompile pc=0x000000000324651c method=java.util.HashMap.putVal(ILjava/lang/Object;Ljava/lang/Object;ZZ)Ljava/lang/Object; @ 253
Event: 5.583 Thread 0x0000000019538800 Uncommon trap: reason=bimorphic action=maybe_recompile pc=0x000000000324651c method=java.util.HashMap.putVal(ILjava/lang/Object;Ljava/lang/Object;ZZ)Ljava/lang/Object; @ 253
Event: 5.583 Thread 0x0000000019538800 Uncommon trap: reason=bimorphic action=maybe_recompile pc=0x000000000324651c method=java.util.HashMap.putVal(ILjava/lang/Object;Ljava/lang/Object;ZZ)Ljava/lang/Object; @ 253
Event: 6.730 Thread 0x0000000019538800 Uncommon trap: reason=class_check action=maybe_recompile pc=0x00000000032780c4 method=java.util.regex.Matcher.match(II)Z @ 86
Event: 6.807 Thread 0x0000000019538800 Uncommon trap: reason=class_check action=maybe_recompile pc=0x00000000032780c4 method=java.util.regex.Matcher.match(II)Z @ 86
Event: 6.808 Thread 0x0000000019538800 Uncommon trap: reason=class_check action=maybe_recompile pc=0x00000000032780c4 method=java.util.regex.Matcher.match(II)Z @ 86
Event: 6.808 Thread 0x0000000019538800 Uncommon trap: reason=class_check action=maybe_recompile pc=0x000000000323e01c method=java.util.regex.Matcher.match(II)Z @ 86

Classes redefined (0 events):
No events

Internal exceptions (10 events):
Event: 5.411 Thread 0x0000000018315000 Exception <a 'java/lang/NoSuchMethodError': <clinit>> (0x00000000e05f3b80) thrown at [C:\re\workspace\8-2-build-windows-amd64-cygwin\jdk8u201\12322\hotspot\src\share\vm\prims\jni.cpp, line 1613]
Event: 5.413 Thread 0x0000000018315000 Exception <a 'java/lang/NoSuchMethodError': <clinit>> (0x00000000e05fd1c8) thrown at [C:\re\workspace\8-2-build-windows-amd64-cygwin\jdk8u201\12322\hotspot\src\share\vm\prims\jni.cpp, line 1613]
Event: 5.429 Thread 0x0000000018315000 Exception <a 'java/lang/NoSuchMethodError': <clinit>> (0x00000000e06246b8) thrown at [C:\re\workspace\8-2-build-windows-amd64-cygwin\jdk8u201\12322\hotspot\src\share\vm\prims\jni.cpp, line 1613]
Event: 5.435 Thread 0x0000000018315000 Exception <a 'java/lang/NoSuchMethodError': <clinit>> (0x00000000e063c8c0) thrown at [C:\re\workspace\8-2-build-windows-amd64-cygwin\jdk8u201\12322\hotspot\src\share\vm\prims\jni.cpp, line 1613]
Event: 5.437 Thread 0x0000000018315000 Exception <a 'java/lang/NoSuchMethodError': <clinit>> (0x00000000e0645550) thrown at [C:\re\workspace\8-2-build-windows-amd64-cygwin\jdk8u201\12322\hotspot\src\share\vm\prims\jni.cpp, line 1613]
Event: 5.440 Thread 0x0000000018315000 Exception <a 'java/lang/NoSuchMethodError': <clinit>> (0x00000000e065b888) thrown at [C:\re\workspace\8-2-build-windows-amd64-cygwin\jdk8u201\12322\hotspot\src\share\vm\prims\jni.cpp, line 1613]
Event: 5.459 Thread 0x0000000018315000 Exception <a 'java/lang/NoSuchMethodError': <clinit>> (0x00000000e06ba140) thrown at [C:\re\workspace\8-2-build-windows-amd64-cygwin\jdk8u201\12322\hotspot\src\share\vm\prims\jni.cpp, line 1613]
Event: 5.494 Thread 0x0000000018315000 Exception <a 'java/lang/NoSuchMethodError': <clinit>> (0x00000000e06e6688) thrown at [C:\re\workspace\8-2-build-windows-amd64-cygwin\jdk8u201\12322\hotspot\src\share\vm\prims\jni.cpp, line 1613]
Event: 5.520 Thread 0x0000000018315000 Exception <a 'java/lang/NoSuchMethodError': <clinit>> (0x00000000e0715208) thrown at [C:\re\workspace\8-2-build-windows-amd64-cygwin\jdk8u201\12322\hotspot\src\share\vm\prims\jni.cpp, line 1613]
Event: 5.522 Thread 0x0000000018315000 Exception <a 'java/lang/NoSuchMethodError': <clinit>> (0x00000000e0720610) thrown at [C:\re\workspace\8-2-build-windows-amd64-cygwin\jdk8u201\12322\hotspot\src\share\vm\prims\jni.cpp, line 1613]

Events (10 events):
Event: 7.254 loading class org/apache/tools/ant/util/FileUtils$2
Event: 7.254 loading class org/apache/tools/ant/util/FileUtils$2 done
Event: 7.256 loading class org/apache/tools/ant/util/SymbolicLinkUtils
Event: 7.256 loading class org/apache/tools/ant/util/SymbolicLinkUtils done
Event: 7.260 loading class org/gradle/api/internal/changedetection/state/mirror/MirrorUpdatingDirectoryWalker$DefaultExcludes$StartMatcher
Event: 7.260 loading class org/gradle/api/internal/changedetection/state/mirror/MirrorUpdatingDirectoryWalker$DefaultExcludes$StartMatcher done
Event: 7.262 loading class org/gradle/api/internal/changedetection/state/mirror/MirrorUpdatingDirectoryWalker$DefaultExcludes$EndMatcher
Event: 7.262 loading class org/gradle/api/internal/changedetection/state/mirror/MirrorUpdatingDirectoryWalker$DefaultExcludes$EndMatcher done
Event: 7.263 loading class org/gradle/api/specs/Specs
Event: 7.263 loading class org/gradle/api/specs/Specs done


Dynamic libraries:
0x00007ff7a43b0000 - 0x00007ff7a43e7000 	C:\Program Files\Java\jdk1.8.0_201\bin\java.exe
0x00007ffa9b2e0000 - 0x00007ffa9b4c1000 	C:\WINDOWS\SYSTEM32\ntdll.dll
0x00007ffa69b00000 - 0x00007ffa69b12000 	C:\Program Files\AVAST Software\Avast\aswhook.dll
0x00007ffa9ac00000 - 0x00007ffa9acb2000 	C:\WINDOWS\System32\KERNEL32.DLL
0x00007ffa97be0000 - 0x00007ffa97e53000 	C:\WINDOWS\System32\KERNELBASE.dll
0x00007ffa9acc0000 - 0x00007ffa9ad61000 	C:\WINDOWS\System32\ADVAPI32.dll
0x00007ffa98f00000 - 0x00007ffa98f9e000 	C:\WINDOWS\System32\msvcrt.dll
0x00007ffa98770000 - 0x00007ffa987cb000 	C:\WINDOWS\System32\sechost.dll
0x00007ffa98950000 - 0x00007ffa98a74000 	C:\WINDOWS\System32\RPCRT4.dll
0x00007ffa9a9b0000 - 0x00007ffa9ab40000 	C:\WINDOWS\System32\USER32.dll
0x00007ffa97bc0000 - 0x00007ffa97be0000 	C:\WINDOWS\System32\win32u.dll
0x00007ffa98a80000 - 0x00007ffa98aa8000 	C:\WINDOWS\System32\GDI32.dll
0x00007ffa97e60000 - 0x00007ffa97ff2000 	C:\WINDOWS\System32\gdi32full.dll
0x00007ffa97830000 - 0x00007ffa978cf000 	C:\WINDOWS\System32\msvcp_win.dll
0x00007ffa978d0000 - 0x00007ffa979ca000 	C:\WINDOWS\System32\ucrtbase.dll
0x00007ffa87dc0000 - 0x00007ffa88029000 	C:\WINDOWS\WinSxS\amd64_microsoft.windows.common-controls_6595b64144ccf1df_6.0.17134.523_none_fb409dd930672a56\COMCTL32.dll
0x00007ffa99060000 - 0x00007ffa99382000 	C:\WINDOWS\System32\combase.dll
0x00007ffa977b0000 - 0x00007ffa9782a000 	C:\WINDOWS\System32\bcryptPrimitives.dll
0x00007ffa99030000 - 0x00007ffa9905d000 	C:\WINDOWS\System32\IMM32.DLL
0x000000005d1e0000 - 0x000000005d2b1000 	C:\Program Files\Java\jdk1.8.0_201\jre\bin\msvcr100.dll
0x000000005c930000 - 0x000000005d1d4000 	C:\Program Files\Java\jdk1.8.0_201\jre\bin\server\jvm.dll
0x00007ffa99020000 - 0x00007ffa99028000 	C:\WINDOWS\System32\PSAPI.DLL
0x00007ffa7e700000 - 0x00007ffa7e709000 	C:\WINDOWS\SYSTEM32\WSOCK32.dll
0x00007ffa9a7d0000 - 0x00007ffa9a83c000 	C:\WINDOWS\System32\WS2_32.dll
0x00007ffa92a10000 - 0x00007ffa92a33000 	C:\WINDOWS\SYSTEM32\WINMM.dll
0x00007ffa8c180000 - 0x00007ffa8c18a000 	C:\WINDOWS\SYSTEM32\VERSION.dll
0x00007ffa929e0000 - 0x00007ffa92a0a000 	C:\WINDOWS\SYSTEM32\WINMMBASE.dll
0x00007ffa97760000 - 0x00007ffa977a9000 	C:\WINDOWS\System32\cfgmgr32.dll
0x00007ffa92ff0000 - 0x00007ffa92fff000 	C:\Program Files\Java\jdk1.8.0_201\jre\bin\verify.dll
0x00007ffa91310000 - 0x00007ffa91339000 	C:\Program Files\Java\jdk1.8.0_201\jre\bin\java.dll
0x00007ffa912f0000 - 0x00007ffa91306000 	C:\Program Files\Java\jdk1.8.0_201\jre\bin\zip.dll
0x00007ffa99390000 - 0x00007ffa9a7d0000 	C:\WINDOWS\System32\SHELL32.dll
0x00007ffa988a0000 - 0x00007ffa98949000 	C:\WINDOWS\System32\shcore.dll
0x00007ffa98060000 - 0x00007ffa9876d000 	C:\WINDOWS\System32\windows.storage.dll
0x00007ffa9b250000 - 0x00007ffa9b2a1000 	C:\WINDOWS\System32\shlwapi.dll
0x00007ffa97690000 - 0x00007ffa976a1000 	C:\WINDOWS\System32\kernel.appcore.dll
0x00007ffa97670000 - 0x00007ffa9768f000 	C:\WINDOWS\System32\profapi.dll
0x00007ffa97610000 - 0x00007ffa9765c000 	C:\WINDOWS\System32\powrprof.dll
0x00007ffa97660000 - 0x00007ffa9766a000 	C:\WINDOWS\System32\FLTLIB.DLL
0x00007ffa912d0000 - 0x00007ffa912ea000 	C:\Program Files\Java\jdk1.8.0_201\jre\bin\net.dll
0x00007ffa89810000 - 0x00007ffa899d9000 	C:\WINDOWS\SYSTEM32\urlmon.dll
0x00007ffa8bd30000 - 0x00007ffa8bfd5000 	C:\WINDOWS\SYSTEM32\iertutil.dll
0x00007ffa97040000 - 0x00007ffa9704b000 	C:\WINDOWS\SYSTEM32\CRYPTBASE.DLL
0x00007ffa96e60000 - 0x00007ffa96ec6000 	C:\WINDOWS\system32\mswsock.dll
0x00007ffa901b0000 - 0x00007ffa901c1000 	C:\Program Files\Java\jdk1.8.0_201\jre\bin\nio.dll
0x00007ffa91780000 - 0x00007ffa9179e000 	C:\Users\HP\.gradle\native\25\windows-amd64\native-platform.dll
0x00007ffa91770000 - 0x00007ffa9177d000 	C:\Program Files\Java\jdk1.8.0_201\jre\bin\management.dll
0x00007ffa97020000 - 0x00007ffa97037000 	C:\WINDOWS\SYSTEM32\CRYPTSP.dll
0x00007ffa969f0000 - 0x00007ffa96a23000 	C:\WINDOWS\system32\rsaenh.dll
0x00007ffa97150000 - 0x00007ffa97175000 	C:\WINDOWS\SYSTEM32\bcrypt.dll
0x00007ffa974f0000 - 0x00007ffa97518000 	C:\WINDOWS\SYSTEM32\USERENV.dll
0x00007ffa96bf0000 - 0x00007ffa96c28000 	C:\WINDOWS\SYSTEM32\IPHLPAPI.DLL
0x00007ffa9a9a0000 - 0x00007ffa9a9a8000 	C:\WINDOWS\System32\NSI.dll
0x00007ffa8d7c0000 - 0x00007ffa8d7d6000 	C:\WINDOWS\SYSTEM32\dhcpcsvc6.DLL
0x00007ffa8db20000 - 0x00007ffa8db3a000 	C:\WINDOWS\SYSTEM32\dhcpcsvc.DLL

VM Arguments:
jvm_args: -Xmx1536m -Dfile.encoding=windows-1252 -Duser.country=US -Duser.language=en -Duser.variant 
java_command: org.gradle.launcher.daemon.bootstrap.GradleDaemon 4.10.1
java_class_path (initial): C:\Users\HP\.gradle\wrapper\dists\gradle-4.10.1-all\455itskqi2qtf0v2sja68alqd\gradle-4.10.1\lib\gradle-launcher-4.10.1.jar
Launcher Type: SUN_STANDARD

Environment Variables:
JAVA_HOME=C:\Program Files\Java\jdk1.8.0_201
PATH=C:\Program Files (x86)\Common Files\Oracle\Java\javapath;C:\Program Files (x86)\Common Files\ArcSoft\Bin;C:\Program Files (x86)\Intel\iCLS Client\;C:\Program Files\Intel\iCLS Client\;C:\WINDOWS\system32;C:\WINDOWS;C:\WINDOWS\System32\Wbem;C:\WINDOWS\System32\WindowsPowerShell\v1.0\;C:\Program Files (x86)\Intel\Intel(R) Management Engine Components\DAL;C:\Program Files\Intel\Intel(R) Management Engine Components\DAL;C:\Program Files (x86)\Intel\Intel(R) Management Engine Components\IPT;C:\Program Files\Intel\Intel(R) Management Engine Components\IPT;c:\Program Files\Intel\WiFi\bin\;c:\Program Files\Common Files\Intel\WirelessCommon\;C:\Program Files (x86)\GtkSharp\2.12\bin;C:\WINDOWS\System32\OpenSSH\;C:\Users\HP\AppData\Local\Android\Sdk;C:\Program Files\Java\jdk1.8.0_201bin;C:\Program Files\Java\jdk1.8.0_201\bin;C:\Program Files\Java\jre1.8.0_201\bin;C:\Program Files\Git\cmd;C:\Program Files\Java\jdk1.8.0_201\bin;C:\Users\HP\AppData\Local\Microsoft\WindowsApps;
USERNAME=HP
OS=Windows_NT
PROCESSOR_IDENTIFIER=Intel64 Family 6 Model 61 Stepping 4, GenuineIntel



---------------  S Y S T E M  ---------------

OS: Windows 10.0 , 64 bit Build 17134 (10.0.17134.1)

CPU:total 4 (initial active 4) (2 cores per cpu, 2 threads per core) family 6 model 61 stepping 4, cmov, cx8, fxsr, mmx, sse, sse2, sse3, ssse3, sse4.1, sse4.2, popcnt, avx, avx2, aes, clmul, erms, 3dnowpref, lzcnt, ht, tsc, tscinvbit, bmi1, bmi2, adx

Memory: 4k page, physical 4082796k(229096k free), swap 4082796k(3072k free)

vm_info: Java HotSpot(TM) 64-Bit Server VM (25.201-b09) for windows-amd64 JRE (1.8.0_201-b09), built on Dec 15 2018 18:36:39 by "java_re" with MS VC++ 10.0 (VS2010)

time: Sat Feb 09 21:15:12 2019
timezone: Bangladesh Standard Time
elapsed time: 7 seconds (0d 0h 0m 7s)

