#
# There is insufficient memory for the Java Runtime Environment to continue.
# Native memory allocation (malloc) failed to allocate 1082384 bytes for Chunk::new
# Possible reasons:
#   The system is out of physical RAM or swap space
#   The process is running with CompressedOops enabled, and the Java Heap may be blocking the growth of the native heap
# Possible solutions:
#   Reduce memory load on the system
#   Increase physical memory or swap space
#   Check if swap backing store is full
#   Decrease Java heap size (-Xmx/-Xms)
#   Decrease number of Java threads
#   Decrease Java thread stack sizes (-Xss)
#   Set larger code cache with -XX:ReservedCodeCacheSize=
#   JVM is running with Unscaled Compressed Oops mode in which the Java heap is
#     placed in the first 4GB address space. The Java Heap base address is the
#     maximum limit for the native heap growth. Please use -XX:HeapBaseMinAddress
#     to set the Java Heap base and to place the Java Heap above 4GB virtual address.
# This output file may be truncated or incomplete.
#
#  Out of Memory Error (allocation.cpp:390), pid=3564, tid=0x000000000000131c
#
# JRE version: Java(TM) SE Runtime Environment (8.0_201-b09) (build 1.8.0_201-b09)
# Java VM: Java HotSpot(TM) 64-Bit Server VM (25.201-b09 mixed mode windows-amd64 compressed oops)
# Failed to write core dump. Minidumps are not enabled by default on client versions of Windows
#

---------------  T H R E A D  ---------------

Current thread (0x00000000161cb000):  JavaThread "C2 CompilerThread1" daemon [_thread_in_native, id=4892, stack(0x0000000017910000,0x0000000017a10000)]

Stack: [0x0000000017910000,0x0000000017a10000]
[error occurred during error reporting (printing stack bounds), id 0xc0000005]

Native frames: (J=compiled Java code, j=interpreted, Vv=VM code, C=native code)


Current CompileTask:
C2:  49410 7450       4       com.sun.tools.javac.file.ZipFileIndex$ZipDirectory::readEntry (587 bytes)


---------------  P R O C E S S  ---------------

Java Threads: ( => current thread )
  0x000000001ae47000 JavaThread "Cache worker for Java compile cache (H:\AndroidStudioProjects\VariableGame\.gradle\4.10.1\javaCompile)" [_thread_blocked, id=5216, stack(0x0000000022ec0000,0x0000000022fc0000)]
  0x000000001ae3f800 JavaThread "Cache worker for Java compile cache (C:\Users\HP\.gradle\caches\4.10.1\javaCompile)" [_thread_blocked, id=4944, stack(0x0000000022dc0000,0x0000000022ec0000)]
  0x000000001ae46000 JavaThread "stdout" [_thread_in_native, id=7976, stack(0x0000000022cc0000,0x0000000022dc0000)]
  0x000000001ae3e800 JavaThread "stderr" [_thread_in_native, id=4400, stack(0x0000000022bc0000,0x0000000022cc0000)]
  0x000000001ae42800 JavaThread "pool-2-thread-1" [_thread_blocked, id=10120, stack(0x0000000022ac0000,0x0000000022bc0000)]
  0x000000001ae41800 JavaThread "Cache worker for Build Output Cleanup Cache (H:\AndroidStudioProjects\VariableGame\.gradle\buildOutputCleanup)" [_thread_blocked, id=9708, stack(0x0000000021400000,0x0000000021500000)]
  0x000000001ae45800 JavaThread "Cache worker for task history cache (H:\AndroidStudioProjects\VariableGame\.gradle\4.10.1\taskHistory)" [_thread_blocked, id=3336, stack(0x0000000021300000,0x0000000021400000)]
  0x000000001ae40000 JavaThread "Task worker for ':' Thread 3" [_thread_blocked, id=8188, stack(0x0000000021200000,0x0000000021300000)]
  0x000000001ae44800 JavaThread "Task worker for ':' Thread 2" [_thread_in_Java, id=8324, stack(0x0000000021100000,0x0000000021200000)]
  0x000000001ae3e000 JavaThread "Task worker for ':'" [_thread_blocked, id=11528, stack(0x0000000021000000,0x0000000021100000)]
  0x000000001ae3a000 JavaThread "Cache worker for file content cache (H:\AndroidStudioProjects\VariableGame\.gradle\4.10.1\fileContent)" [_thread_blocked, id=8220, stack(0x0000000020d00000,0x0000000020e00000)]
  0x000000001ae3d000 JavaThread "Cache worker for file content cache (C:\Users\HP\.gradle\caches\4.10.1\fileContent)" [_thread_blocked, id=6168, stack(0x0000000020c00000,0x0000000020d00000)]
  0x000000001ae3c800 JavaThread "Memory manager" [_thread_blocked, id=10556, stack(0x0000000020b00000,0x0000000020c00000)]
  0x000000001ae3b800 JavaThread "Build operations Thread 4" [_thread_blocked, id=11676, stack(0x000000001f400000,0x000000001f500000)]
  0x000000001ae3b000 JavaThread "Build operations Thread 3" [_thread_blocked, id=908, stack(0x000000001f300000,0x000000001f400000)]
  0x0000000017cee800 JavaThread "Build operations Thread 2" [_thread_blocked, id=2948, stack(0x000000001f200000,0x000000001f300000)]
  0x0000000017cf3000 JavaThread "Build operations" [_thread_blocked, id=6032, stack(0x000000001ded0000,0x000000001dfd0000)]
  0x0000000017cf1800 JavaThread "Cache worker for Artifact transforms cache (C:\Users\HP\.gradle\caches\transforms-1)" [_thread_blocked, id=6420, stack(0x000000001ddd0000,0x000000001ded0000)]
  0x0000000017cf0000 JavaThread "Cache worker for cache directory md-rule (C:\Users\HP\.gradle\caches\4.10.1\md-rule)" [_thread_blocked, id=6856, stack(0x000000001dcd0000,0x000000001ddd0000)]
  0x0000000017cef000 JavaThread "Cache worker for cache directory md-supplier (C:\Users\HP\.gradle\caches\4.10.1\md-supplier)" [_thread_blocked, id=6648, stack(0x000000001dbd0000,0x000000001dcd0000)]
  0x0000000017cf4800 JavaThread "Cache worker for journal cache (C:\Users\HP\.gradle\caches\journal-1)" [_thread_blocked, id=3932, stack(0x000000001d2d0000,0x000000001d3d0000)]
  0x0000000017cf0800 JavaThread "Cache worker for file hash cache (H:\AndroidStudioProjects\VariableGame\.gradle\4.10.1\fileHashes)" [_thread_blocked, id=10172, stack(0x000000001d1d0000,0x000000001d2d0000)]
  0x0000000017cf3800 JavaThread "File lock request listener" [_thread_in_native, id=968, stack(0x000000001d0d0000,0x000000001d1d0000)]
  0x0000000017cf5000 JavaThread "Cache worker for file hash cache (C:\Users\HP\.gradle\caches\4.10.1\fileHashes)" [_thread_blocked, id=12260, stack(0x000000001cfd0000,0x000000001d0d0000)]
  0x0000000019221000 JavaThread "Stdin handler" [_thread_blocked, id=9960, stack(0x000000001a960000,0x000000001aa60000)]
  0x00000000192fe800 JavaThread "Asynchronous log dispatcher for DefaultDaemonConnection: socket connection from /127.0.0.1:6364 to /127.0.0.1:6365" [_thread_blocked, id=2896, stack(0x000000001a860000,0x000000001a960000)]
  0x00000000192fd800 JavaThread "Daemon worker" [_thread_blocked, id=3468, stack(0x000000001a760000,0x000000001a860000)]
  0x0000000019310800 JavaThread "Cancel handler" [_thread_blocked, id=5116, stack(0x000000001a660000,0x000000001a760000)]
  0x0000000017d97800 JavaThread "Handler for socket connection from /127.0.0.1:6364 to /127.0.0.1:6365" [_thread_in_native, id=3524, stack(0x000000001a360000,0x000000001a460000)]
  0x0000000017d96800 JavaThread "Daemon" [_thread_blocked, id=11404, stack(0x000000001a260000,0x000000001a360000)]
  0x000000001827a000 JavaThread "Daemon periodic checks" [_thread_blocked, id=9936, stack(0x000000001a160000,0x000000001a260000)]
  0x0000000017d99800 JavaThread "Incoming local TCP Connector on port 6364" [_thread_in_native, id=10220, stack(0x0000000019f20000,0x000000001a020000)]
  0x00000000190e7000 JavaThread "Daemon health stats" [_thread_blocked, id=10416, stack(0x00000000198e0000,0x00000000199e0000)]
  0x0000000017b33000 JavaThread "Service Thread" daemon [_thread_blocked, id=3636, stack(0x0000000017f10000,0x0000000018010000)]
  0x00000000161d4800 JavaThread "C1 CompilerThread2" daemon [_thread_blocked, id=2476, stack(0x0000000017a10000,0x0000000017b10000)]
=>0x00000000161cb000 JavaThread "C2 CompilerThread1" daemon [_thread_in_native, id=4892, stack(0x0000000017910000,0x0000000017a10000)]
  0x00000000161c7000 JavaThread "C2 CompilerThread0" daemon [_thread_in_native, id=3084, stack(0x0000000017810000,0x0000000017910000)]
  0x00000000161c5000 JavaThread "Attach Listener" daemon [_thread_blocked, id=4488, stack(0x0000000017710000,0x0000000017810000)]
  0x00000000161c2000 JavaThread "Signal Dispatcher" daemon [_thread_blocked, id=10348, stack(0x0000000017610000,0x0000000017710000)]
  0x000000000278a800 JavaThread "Finalizer" daemon [_thread_blocked, id=9064, stack(0x0000000017420000,0x0000000017520000)]
  0x0000000002782000 JavaThread "Reference Handler" daemon [_thread_blocked, id=7716, stack(0x0000000017320000,0x0000000017420000)]
  0x000000000284e000 JavaThread "main" [_thread_blocked, id=6240, stack(0x0000000002550000,0x0000000002650000)]

Other Threads:
  0x0000000016187800 VMThread [stack: 0x0000000017220000,0x0000000017320000] [id=10184]
  0x000000001621e800 WatcherThread [stack: 0x0000000018010000,0x0000000018110000] [id=1436]

VM state:not at safepoint (normal execution)

VM Mutex/Monitor currently owned by a thread: None

heap address: 0x00000000a0000000, size: 1536 MB, Compressed Oops mode: 32-bit
Narrow klass base: 0x0000000000000000, Narrow klass shift: 3
Compressed class space size: 1073741824 Address: 0x0000000100000000

Heap:
 PSYoungGen      total 310784K, used 159638K [0x00000000e0000000, 0x00000000f4d00000, 0x0000000100000000)
  eden space 289280K, 55% used [0x00000000e0000000,0x00000000e9be58e8,0x00000000f1a80000)
  from space 21504K, 0% used [0x00000000f3180000,0x00000000f3180000,0x00000000f4680000)
  to   space 23552K, 0% used [0x00000000f1a80000,0x00000000f1a80000,0x00000000f3180000)
 ParOldGen       total 79360K, used 30581K [0x00000000a0000000, 0x00000000a4d80000, 0x00000000e0000000)
  object space 79360K, 38% used [0x00000000a0000000,0x00000000a1ddd4e0,0x00000000a4d80000)
 Metaspace       used 64826K, capacity 66468K, committed 66776K, reserved 1105920K
  class space    used 8940K, capacity 9371K, committed 9472K, reserved 1048576K

Card table byte_map: [0x0000000011c10000,0x0000000011f20000] byte_map_base: 0x0000000011710000

Marking Bits: (ParMarkBitMap*) 0x00000000539b4ce0
 Begin Bits: [0x0000000012520000, 0x0000000013d20000)
 End Bits:   [0x0000000013d20000, 0x0000000015520000)

Polling page: 0x0000000000c10000

CodeCache: size=245760Kb used=21343Kb max_used=21351Kb free=224416Kb
 bounds [0x0000000002850000, 0x0000000003d40000, 0x0000000011850000]
 total_blobs=7534 nmethods=6714 adapters=730
 compilation: enabled

Compilation events (10 events):
Event: 49.367 Thread 0x00000000161d4800 nmethod 7592 0x0000000003d30d10 code [0x0000000003d30ea0, 0x0000000003d312a8]
Event: 49.371 Thread 0x00000000161d4800 7593       3       com.sun.tools.javac.util.Assert::checkNull (9 bytes)
Event: 49.372 Thread 0x00000000161d4800 nmethod 7593 0x0000000003d307d0 code [0x0000000003d30940, 0x0000000003d30bc8]
Event: 49.373 Thread 0x00000000161c7000 7594       4       com.sun.tools.javac.util.Assert::check (8 bytes)
Event: 49.373 Thread 0x00000000161c7000 nmethod 7594 0x0000000003be30d0 code [0x0000000003be3200, 0x0000000003be3258]
Event: 49.373 Thread 0x00000000161d4800 7595       3       com.sun.tools.javac.code.Symbol$MethodSymbol::createArgName (68 bytes)
Event: 49.374 Thread 0x00000000161d4800 nmethod 7595 0x0000000003d33790 code [0x0000000003d33a20, 0x0000000003d34c88]
Event: 49.374 Thread 0x00000000161d4800 7596       3       com.sun.tools.javac.util.List::contains (45 bytes)
Event: 49.375 Thread 0x00000000161d4800 nmethod 7596 0x0000000003d30150 code [0x0000000003d302e0, 0x0000000003d306a8]
Event: 49.375 Thread 0x00000000161c7000 7597       4       com.sun.tools.javac.jvm.ClassReader::sigToType (880 bytes)

GC Heap History (10 events):
Event: 20.756 GC heap before
{Heap before GC invocations=9 (full 1):
 PSYoungGen      total 141824K, used 47391K [0x00000000e0000000, 0x00000000ef180000, 0x0000000100000000)
  eden space 131072K, 27% used [0x00000000e0000000,0x00000000e23ca580,0x00000000e8000000)
  from space 10752K, 99% used [0x00000000e8000000,0x00000000e8a7d7f0,0x00000000e8a80000)
  to   space 13824K, 0% used [0x00000000ee400000,0x00000000ee400000,0x00000000ef180000)
 ParOldGen       total 36352K, used 8378K [0x00000000a0000000, 0x00000000a2380000, 0x00000000e0000000)
  object space 36352K, 23% used [0x00000000a0000000,0x00000000a082e8f0,0x00000000a2380000)
 Metaspace       used 34797K, capacity 35282K, committed 35456K, reserved 1079296K
  class space    used 4964K, capacity 5157K, committed 5248K, reserved 1048576K
Event: 20.773 GC heap after
Heap after GC invocations=9 (full 1):
 PSYoungGen      total 222208K, used 9602K [0x00000000e0000000, 0x00000000eed80000, 0x0000000100000000)
  eden space 212480K, 0% used [0x00000000e0000000,0x00000000e0000000,0x00000000ecf80000)
  from space 9728K, 98% used [0x00000000ee400000,0x00000000eed60840,0x00000000eed80000)
  to   space 14336K, 0% used [0x00000000ed180000,0x00000000ed180000,0x00000000edf80000)
 ParOldGen       total 36352K, used 8386K [0x00000000a0000000, 0x00000000a2380000, 0x00000000e0000000)
  object space 36352K, 23% used [0x00000000a0000000,0x00000000a08308f0,0x00000000a2380000)
 Metaspace       used 34797K, capacity 35282K, committed 35456K, reserved 1079296K
  class space    used 4964K, capacity 5157K, committed 5248K, reserved 1048576K
}
Event: 20.773 GC heap before
{Heap before GC invocations=10 (full 2):
 PSYoungGen      total 222208K, used 9602K [0x00000000e0000000, 0x00000000eed80000, 0x0000000100000000)
  eden space 212480K, 0% used [0x00000000e0000000,0x00000000e0000000,0x00000000ecf80000)
  from space 9728K, 98% used [0x00000000ee400000,0x00000000eed60840,0x00000000eed80000)
  to   space 14336K, 0% used [0x00000000ed180000,0x00000000ed180000,0x00000000edf80000)
 ParOldGen       total 36352K, used 8386K [0x00000000a0000000, 0x00000000a2380000, 0x00000000e0000000)
  object space 36352K, 23% used [0x00000000a0000000,0x00000000a08308f0,0x00000000a2380000)
 Metaspace       used 34797K, capacity 35282K, committed 35456K, reserved 1079296K
  class space    used 4964K, capacity 5157K, committed 5248K, reserved 1048576K
Event: 20.855 GC heap after
Heap after GC invocations=10 (full 2):
 PSYoungGen      total 222208K, used 0K [0x00000000e0000000, 0x00000000eed80000, 0x0000000100000000)
  eden space 212480K, 0% used [0x00000000e0000000,0x00000000e0000000,0x00000000ecf80000)
  from space 9728K, 0% used [0x00000000ee400000,0x00000000ee400000,0x00000000eed80000)
  to   space 14336K, 0% used [0x00000000ed180000,0x00000000ed180000,0x00000000edf80000)
 ParOldGen       total 52736K, used 16458K [0x00000000a0000000, 0x00000000a3380000, 0x00000000e0000000)
  object space 52736K, 31% used [0x00000000a0000000,0x00000000a1012b30,0x00000000a3380000)
 Metaspace       used 34797K, capacity 35282K, committed 35456K, reserved 1079296K
  class space    used 4964K, capacity 5157K, committed 5248K, reserved 1048576K
}
Event: 30.298 GC heap before
{Heap before GC invocations=11 (full 2):
 PSYoungGen      total 222208K, used 212480K [0x00000000e0000000, 0x00000000eed80000, 0x0000000100000000)
  eden space 212480K, 100% used [0x00000000e0000000,0x00000000ecf80000,0x00000000ecf80000)
  from space 9728K, 0% used [0x00000000ee400000,0x00000000ee400000,0x00000000eed80000)
  to   space 14336K, 0% used [0x00000000ed180000,0x00000000ed180000,0x00000000edf80000)
 ParOldGen       total 52736K, used 16458K [0x00000000a0000000, 0x00000000a3380000, 0x00000000e0000000)
  object space 52736K, 31% used [0x00000000a0000000,0x00000000a1012b30,0x00000000a3380000)
 Metaspace       used 54501K, capacity 55842K, committed 56064K, reserved 1097728K
  class space    used 7562K, capacity 7934K, committed 7936K, reserved 1048576K
Event: 30.385 GC heap after
Heap after GC invocations=11 (full 2):
 PSYoungGen      total 228864K, used 14326K [0x00000000e0000000, 0x00000000f4680000, 0x0000000100000000)
  eden space 214528K, 0% used [0x00000000e0000000,0x00000000e0000000,0x00000000ed180000)
  from space 14336K, 99% used [0x00000000ed180000,0x00000000edf7da40,0x00000000edf80000)
  to   space 21504K, 0% used [0x00000000f3180000,0x00000000f3180000,0x00000000f4680000)
 ParOldGen       total 52736K, used 28621K [0x00000000a0000000, 0x00000000a3380000, 0x00000000e0000000)
  object space 52736K, 54% used [0x00000000a0000000,0x00000000a1bf3688,0x00000000a3380000)
 Metaspace       used 54501K, capacity 55842K, committed 56064K, reserved 1097728K
  class space    used 7562K, capacity 7934K, committed 7936K, reserved 1048576K
}
Event: 32.649 GC heap before
{Heap before GC invocations=12 (full 2):
 PSYoungGen      total 228864K, used 60255K [0x00000000e0000000, 0x00000000f4680000, 0x0000000100000000)
  eden space 214528K, 21% used [0x00000000e0000000,0x00000000e2cda3e8,0x00000000ed180000)
  from space 14336K, 99% used [0x00000000ed180000,0x00000000edf7da40,0x00000000edf80000)
  to   space 21504K, 0% used [0x00000000f3180000,0x00000000f3180000,0x00000000f4680000)
 ParOldGen       total 52736K, used 28621K [0x00000000a0000000, 0x00000000a3380000, 0x00000000e0000000)
  object space 52736K, 54% used [0x00000000a0000000,0x00000000a1bf3688,0x00000000a3380000)
 Metaspace       used 57615K, capacity 59006K, committed 59096K, reserved 1099776K
  class space    used 8048K, capacity 8434K, committed 8448K, reserved 1048576K
Event: 32.679 GC heap after
Heap after GC invocations=12 (full 2):
 PSYoungGen      total 310784K, used 16922K [0x00000000e0000000, 0x00000000f4d00000, 0x0000000100000000)
  eden space 289280K, 0% used [0x00000000e0000000,0x00000000e0000000,0x00000000f1a80000)
  from space 21504K, 78% used [0x00000000f3180000,0x00000000f4206960,0x00000000f4680000)
  to   space 23552K, 0% used [0x00000000f1a80000,0x00000000f1a80000,0x00000000f3180000)
 ParOldGen       total 52736K, used 28629K [0x00000000a0000000, 0x00000000a3380000, 0x00000000e0000000)
  object space 52736K, 54% used [0x00000000a0000000,0x00000000a1bf5688,0x00000000a3380000)
 Metaspace       used 57615K, capacity 59006K, committed 59096K, reserved 1099776K
  class space    used 8048K, capacity 8434K, committed 8448K, reserved 1048576K
}
Event: 32.679 GC heap before
{Heap before GC invocations=13 (full 3):
 PSYoungGen      total 310784K, used 16922K [0x00000000e0000000, 0x00000000f4d00000, 0x0000000100000000)
  eden space 289280K, 0% used [0x00000000e0000000,0x00000000e0000000,0x00000000f1a80000)
  from space 21504K, 78% used [0x00000000f3180000,0x00000000f4206960,0x00000000f4680000)
  to   space 23552K, 0% used [0x00000000f1a80000,0x00000000f1a80000,0x00000000f3180000)
 ParOldGen       total 52736K, used 28629K [0x00000000a0000000, 0x00000000a3380000, 0x00000000e0000000)
  object space 52736K, 54% used [0x00000000a0000000,0x00000000a1bf5688,0x00000000a3380000)
 Metaspace       used 57615K, capacity 59006K, committed 59096K, reserved 1099776K
  class space    used 8048K, capacity 8434K, committed 8448K, reserved 1048576K
Event: 33.012 GC heap after
Heap after GC invocations=13 (full 3):
 PSYoungGen      total 310784K, used 0K [0x00000000e0000000, 0x00000000f4d00000, 0x0000000100000000)
  eden space 289280K, 0% used [0x00000000e0000000,0x00000000e0000000,0x00000000f1a80000)
  from space 21504K, 0% used [0x00000000f3180000,0x00000000f3180000,0x00000000f4680000)
  to   space 23552K, 0% used [0x00000000f1a80000,0x00000000f1a80000,0x00000000f3180000)
 ParOldGen       total 79360K, used 30581K [0x00000000a0000000, 0x00000000a4d80000, 0x00000000e0000000)
  object space 79360K, 38% used [0x00000000a0000000,0x00000000a1ddd4e0,0x00000000a4d80000)
 Metaspace       used 57615K, capacity 59006K, committed 59096K, reserved 1099776K
  class space    used 8048K, capacity 8434K, committed 8448K, reserved 1048576K
}

Deoptimization events (10 events):
Event: 48.079 Thread 0x000000001ae44800 Uncommon trap: reason=unstable_if action=reinterpret pc=0x00000000030e8720 method=java.util.zip.ZipEntry.setExtra0([BZ)V @ 32
Event: 48.079 Thread 0x000000001ae44800 Uncommon trap: reason=null_assert action=make_not_entrant pc=0x0000000002ade400 method=java.util.zip.ZipEntry.<init>(Ljava/util/zip/ZipEntry;)V @ 70
Event: 48.335 Thread 0x000000001ae44800 Uncommon trap: reason=unstable_if action=reinterpret pc=0x0000000003254a94 method=java.util.EnumMap.isValidKey(Ljava/lang/Object;)Z @ 16
Event: 48.745 Thread 0x000000001ae44800 Uncommon trap: reason=unstable_if action=reinterpret pc=0x0000000003361f24 method=java.lang.StringCoding$StringDecoder.decode([BII)[C @ 20
Event: 48.842 Thread 0x000000001ae44800 Uncommon trap: reason=unstable_if action=reinterpret pc=0x0000000002c1882c method=java.lang.CharacterDataLatin1.digit(II)I @ 60
Event: 48.842 Thread 0x000000001ae44800 Uncommon trap: reason=unstable_if action=reinterpret pc=0x0000000002b11124 method=java.lang.CharacterDataLatin1.digit(II)I @ 60
Event: 48.913 Thread 0x000000001ae44800 Uncommon trap: reason=unstable_if action=reinterpret pc=0x0000000003cb5c38 method=com.sun.tools.javac.file.ZipFileIndex$Entry.compareTo(Lcom/sun/tools/javac/file/ZipFileIndex$Entry;)I @ 23
Event: 48.913 Thread 0x000000001ae44800 Uncommon trap: reason=unstable_if action=reinterpret pc=0x0000000003cb7da4 method=com.sun.tools.javac.file.ZipFileIndex$Entry.compareTo(Lcom/sun/tools/javac/file/ZipFileIndex$Entry;)I @ 23
Event: 49.054 Thread 0x000000001ae44800 Uncommon trap: reason=predicate action=maybe_recompile pc=0x000000000399e1c8 method=java.util.Collections.indexedBinarySearch(Ljava/util/List;Ljava/lang/Object;)I @ 16
Event: 49.130 Thread 0x000000001ae44800 Uncommon trap: reason=unstable_if action=reinterpret pc=0x0000000003ce2080 method=com.sun.tools.javac.util.Name$Table.equals([BI[BII)Z @ 22

Classes redefined (0 events):
No events

Internal exceptions (10 events):
Event: 33.443 Thread 0x0000000017cf3000 Implicit null exception at 0x0000000002aff05d to 0x0000000002aff1c9
Event: 36.652 Thread 0x000000001ae40000 Exception <a 'java/lang/NoSuchMethodError': <clinit>> (0x00000000e1b50a48) thrown at [C:\re\workspace\8-2-build-windows-amd64-cygwin\jdk8u201\12322\hotspot\src\share\vm\prims\jni.cpp, line 1613]
Event: 37.018 Thread 0x00000000192fd800 Exception <a 'java/lang/NoSuchMethodError': <clinit>> (0x00000000e0e9fb68) thrown at [C:\re\workspace\8-2-build-windows-amd64-cygwin\jdk8u201\12322\hotspot\src\share\vm\prims\jni.cpp, line 1613]
Event: 37.018 Thread 0x00000000192fd800 Exception <a 'java/lang/NoSuchMethodError': <clinit>> (0x00000000e0eaa960) thrown at [C:\re\workspace\8-2-build-windows-amd64-cygwin\jdk8u201\12322\hotspot\src\share\vm\prims\jni.cpp, line 1613]
Event: 37.021 Thread 0x00000000192fd800 Exception <a 'java/lang/NoSuchMethodError': <clinit>> (0x00000000e0ec7428) thrown at [C:\re\workspace\8-2-build-windows-amd64-cygwin\jdk8u201\12322\hotspot\src\share\vm\prims\jni.cpp, line 1613]
Event: 37.024 Thread 0x00000000192fd800 Exception <a 'java/lang/NoSuchMethodError': <clinit>> (0x00000000e0ed5a90) thrown at [C:\re\workspace\8-2-build-windows-amd64-cygwin\jdk8u201\12322\hotspot\src\share\vm\prims\jni.cpp, line 1613]
Event: 38.411 Thread 0x00000000192fd800 Implicit null exception at 0x0000000002ba999e to 0x0000000002ba9b21
Event: 38.579 Thread 0x00000000192fd800 Implicit null exception at 0x0000000003a0657f to 0x0000000003a0679d
Event: 40.634 Thread 0x000000001ae44800 Exception <a 'java/lang/NoSuchMethodError': java.lang.Object.lambda$negate$1(Ljava/lang/Object;)Z> (0x00000000e5c6f178) thrown at [C:\re\workspace\8-2-build-windows-amd64-cygwin\jdk8u201\12322\hotspot\src\share\vm\interpreter\linkResolver.cpp, line 620]
Event: 44.947 Thread 0x000000001ae44800 Exception <a 'java/lang/NoSuchMethodError': java.lang.Object.lambda$comparingInt$7b0bb60$1(Ljava/util/function/ToIntFunction;Ljava/lang/Object;Ljava/lang/Object;)I> (0x00000000e5cec808) thrown at [C:\re\workspace\8-2-build-windows-amd64-cygwin\jdk8u201\12

Events (10 events):
Event: 49.126 loading class com/sun/tools/javac/jvm/ClassReader$ProxyVisitor done
Event: 49.130 Thread 0x000000001ae44800 Uncommon trap: trap_request=0xffffff65 fr.pc=0x0000000003ce2080
Event: 49.130 Thread 0x000000001ae44800 DEOPT PACKING pc=0x0000000003ce2080 sp=0x00000000211fb370
Event: 49.130 Thread 0x000000001ae44800 DEOPT UNPACKING pc=0x000000000289583b sp=0x00000000211fb2f0 mode 2
Event: 49.132 loading class com/sun/tools/javac/code/BoundKind
Event: 49.132 loading class com/sun/tools/javac/code/BoundKind done
Event: 49.135 loading class com/sun/tools/javac/code/Type$ArrayType$1
Event: 49.135 loading class com/sun/tools/javac/code/Type$ArrayType$1 done
Event: 49.185 loading class com/sun/tools/javac/util/Pair
Event: 49.185 loading class com/sun/tools/javac/util/Pair done


Dynamic libraries:
0x00007ff782380000 - 0x00007ff7823b7000 	C:\Program Files\Java\jdk1.8.0_201\bin\java.exe
0x00007ffe75670000 - 0x00007ffe75851000 	C:\WINDOWS\SYSTEM32\ntdll.dll
0x00007ffe55f60000 - 0x00007ffe55f72000 	C:\Program Files\AVAST Software\Avast\aswhook.dll
0x00007ffe73b30000 - 0x00007ffe73be2000 	C:\WINDOWS\System32\KERNEL32.DLL
0x00007ffe72230000 - 0x00007ffe724a3000 	C:\WINDOWS\System32\KERNELBASE.dll
0x00007ffe73120000 - 0x00007ffe731c1000 	C:\WINDOWS\System32\ADVAPI32.dll
0x00007ffe731d0000 - 0x00007ffe7326e000 	C:\WINDOWS\System32\msvcrt.dll
0x00007ffe73270000 - 0x00007ffe732cb000 	C:\WINDOWS\System32\sechost.dll
0x00007ffe740d0000 - 0x00007ffe741f4000 	C:\WINDOWS\System32\RPCRT4.dll
0x00007ffe73d70000 - 0x00007ffe73f00000 	C:\WINDOWS\System32\USER32.dll
0x00007ffe72660000 - 0x00007ffe72680000 	C:\WINDOWS\System32\win32u.dll
0x00007ffe73690000 - 0x00007ffe736b8000 	C:\WINDOWS\System32\GDI32.dll
0x00007ffe72770000 - 0x00007ffe72902000 	C:\WINDOWS\System32\gdi32full.dll
0x00007ffe726d0000 - 0x00007ffe7276f000 	C:\WINDOWS\System32\msvcp_win.dll
0x00007ffe72560000 - 0x00007ffe7265a000 	C:\WINDOWS\System32\ucrtbase.dll
0x00007ffe62600000 - 0x00007ffe62869000 	C:\WINDOWS\WinSxS\amd64_microsoft.windows.common-controls_6595b64144ccf1df_6.0.17134.523_none_fb409dd930672a56\COMCTL32.dll
0x00007ffe72c60000 - 0x00007ffe72f82000 	C:\WINDOWS\System32\combase.dll
0x00007ffe72150000 - 0x00007ffe721ca000 	C:\WINDOWS\System32\bcryptPrimitives.dll
0x00007ffe740a0000 - 0x00007ffe740cd000 	C:\WINDOWS\System32\IMM32.DLL
0x0000000053a40000 - 0x0000000053b11000 	C:\Program Files\Java\jdk1.8.0_201\jre\bin\msvcr100.dll
0x0000000053190000 - 0x0000000053a34000 	C:\Program Files\Java\jdk1.8.0_201\jre\bin\server\jvm.dll
0x00007ffe72f90000 - 0x00007ffe72f98000 	C:\WINDOWS\System32\PSAPI.DLL
0x00007ffe4df40000 - 0x00007ffe4df49000 	C:\WINDOWS\SYSTEM32\WSOCK32.dll
0x00007ffe733a0000 - 0x00007ffe7340c000 	C:\WINDOWS\System32\WS2_32.dll
0x00007ffe6c9c0000 - 0x00007ffe6c9e3000 	C:\WINDOWS\SYSTEM32\WINMM.dll
0x00007ffe64b60000 - 0x00007ffe64b6a000 	C:\WINDOWS\SYSTEM32\VERSION.dll
0x00007ffe6c990000 - 0x00007ffe6c9ba000 	C:\WINDOWS\SYSTEM32\WINMMBASE.dll
0x00007ffe72680000 - 0x00007ffe726c9000 	C:\WINDOWS\System32\cfgmgr32.dll
0x00007ffe6e310000 - 0x00007ffe6e31f000 	C:\Program Files\Java\jdk1.8.0_201\jre\bin\verify.dll
0x00007ffe6e230000 - 0x00007ffe6e259000 	C:\Program Files\Java\jdk1.8.0_201\jre\bin\java.dll
0x00007ffe6bed0000 - 0x00007ffe6bee6000 	C:\Program Files\Java\jdk1.8.0_201\jre\bin\zip.dll
0x00007ffe74200000 - 0x00007ffe75640000 	C:\WINDOWS\System32\SHELL32.dll
0x00007ffe73570000 - 0x00007ffe73619000 	C:\WINDOWS\System32\shcore.dll
0x00007ffe71a40000 - 0x00007ffe7214d000 	C:\WINDOWS\System32\windows.storage.dll
0x00007ffe73470000 - 0x00007ffe734c1000 	C:\WINDOWS\System32\shlwapi.dll
0x00007ffe719b0000 - 0x00007ffe719c1000 	C:\WINDOWS\System32\kernel.appcore.dll
0x00007ffe71990000 - 0x00007ffe719af000 	C:\WINDOWS\System32\profapi.dll
0x00007ffe719d0000 - 0x00007ffe71a1c000 	C:\WINDOWS\System32\powrprof.dll
0x00007ffe71980000 - 0x00007ffe7198a000 	C:\WINDOWS\System32\FLTLIB.DLL
0x00007ffe62f40000 - 0x00007ffe62f5a000 	C:\Program Files\Java\jdk1.8.0_201\jre\bin\net.dll
0x00007ffe64200000 - 0x00007ffe643c9000 	C:\WINDOWS\SYSTEM32\urlmon.dll
0x00007ffe64b70000 - 0x00007ffe64e15000 	C:\WINDOWS\SYSTEM32\iertutil.dll
0x00007ffe713d0000 - 0x00007ffe713db000 	C:\WINDOWS\SYSTEM32\CRYPTBASE.DLL
0x00007ffe71200000 - 0x00007ffe71266000 	C:\WINDOWS\system32\mswsock.dll
0x00007ffe61900000 - 0x00007ffe61911000 	C:\Program Files\Java\jdk1.8.0_201\jre\bin\nio.dll
0x00007ffe6c180000 - 0x00007ffe6c19e000 	C:\Users\HP\.gradle\native\25\windows-amd64\native-platform.dll
0x00007ffe6c1f0000 - 0x00007ffe6c1fd000 	C:\Program Files\Java\jdk1.8.0_201\jre\bin\management.dll
0x00007ffe713b0000 - 0x00007ffe713c7000 	C:\WINDOWS\SYSTEM32\CRYPTSP.dll
0x00007ffe70d80000 - 0x00007ffe70db3000 	C:\WINDOWS\system32\rsaenh.dll
0x00007ffe714e0000 - 0x00007ffe71505000 	C:\WINDOWS\SYSTEM32\bcrypt.dll
0x00007ffe71880000 - 0x00007ffe718a8000 	C:\WINDOWS\SYSTEM32\USERENV.dll
0x00007ffe70f80000 - 0x00007ffe70fb8000 	C:\WINDOWS\SYSTEM32\IPHLPAPI.DLL
0x00007ffe73620000 - 0x00007ffe73628000 	C:\WINDOWS\System32\NSI.dll
0x00007ffe679e0000 - 0x00007ffe679f6000 	C:\WINDOWS\SYSTEM32\dhcpcsvc6.DLL
0x00007ffe67a90000 - 0x00007ffe67aaa000 	C:\WINDOWS\SYSTEM32\dhcpcsvc.DLL

VM Arguments:
jvm_args: -Xmx1536m -Dfile.encoding=windows-1252 -Duser.country=US -Duser.language=en -Duser.variant 
java_command: org.gradle.launcher.daemon.bootstrap.GradleDaemon 4.10.1
java_class_path (initial): C:\Users\HP\.gradle\wrapper\dists\gradle-4.10.1-all\455itskqi2qtf0v2sja68alqd\gradle-4.10.1\lib\gradle-launcher-4.10.1.jar
Launcher Type: SUN_STANDARD

Environment Variables:
JAVA_HOME=C:\Program Files\Java\jdk1.8.0_201
PATH=C:\Program Files (x86)\Common Files\Oracle\Java\javapath;C:\Program Files (x86)\Common Files\ArcSoft\Bin;C:\Program Files (x86)\Intel\iCLS Client\;C:\Program Files\Intel\iCLS Client\;C:\WINDOWS\system32;C:\WINDOWS;C:\WINDOWS\System32\Wbem;C:\WINDOWS\System32\WindowsPowerShell\v1.0\;C:\Program Files (x86)\Intel\Intel(R) Management Engine Components\DAL;C:\Program Files\Intel\Intel(R) Management Engine Components\DAL;C:\Program Files (x86)\Intel\Intel(R) Management Engine Components\IPT;C:\Program Files\Intel\Intel(R) Management Engine Components\IPT;c:\Program Files\Intel\WiFi\bin\;c:\Program Files\Common Files\Intel\WirelessCommon\;C:\Program Files (x86)\GtkSharp\2.12\bin;C:\WINDOWS\System32\OpenSSH\;C:\Users\HP\AppData\Local\Android\Sdk;C:\Program Files\Java\jdk1.8.0_201bin;C:\Program Files\Java\jdk1.8.0_201\bin;C:\Program Files\Java\jre1.8.0_201\bin;C:\Program Files\Git\cmd;C:\Program Files\Java\jdk1.8.0_201\bin;C:\Users\HP\AppData\Local\Microsoft\WindowsApps;
USERNAME=HP
OS=Windows_NT
PROCESSOR_IDENTIFIER=Intel64 Family 6 Model 61 Stepping 4, GenuineIntel



---------------  S Y S T E M  ---------------

OS: Windows 10.0 , 64 bit Build 17134 (10.0.17134.1)

CPU:total 4 (initial active 4) (2 cores per cpu, 2 threads per core) family 6 model 61 stepping 4, cmov, cx8, fxsr, mmx, sse, sse2, sse3, ssse3, sse4.1, sse4.2, popcnt, avx, avx2, aes, clmul, erms, 3dnowpref, lzcnt, ht, tsc, tscinvbit, bmi1, bmi2, adx

Memory: 4k page, physical 4082796k(374148k free), swap 4082796k(6232k free)

vm_info: Java HotSpot(TM) 64-Bit Server VM (25.201-b09) for windows-amd64 JRE (1.8.0_201-b09), built on Dec 15 2018 18:36:39 by "java_re" with MS VC++ 10.0 (VS2010)

time: Mon Feb 11 17:39:55 2019
timezone: Bangladesh Standard Time
elapsed time: 49 seconds (0d 0h 0m 49s)

