#
# There is insufficient memory for the Java Runtime Environment to continue.
# Native memory allocation (malloc) failed to allocate 1762560 bytes for Chunk::new
# Possible reasons:
#   The system is out of physical RAM or swap space
#   The process is running with CompressedOops enabled, and the Java Heap may be blocking the growth of the native heap
# Possible solutions:
#   Reduce memory load on the system
#   Increase physical memory or swap space
#   Check if swap backing store is full
#   Decrease Java heap size (-Xmx/-Xms)
#   Decrease number of Java threads
#   Decrease Java thread stack sizes (-Xss)
#   Set larger code cache with -XX:ReservedCodeCacheSize=
#   JVM is running with Unscaled Compressed Oops mode in which the Java heap is
#     placed in the first 4GB address space. The Java Heap base address is the
#     maximum limit for the native heap growth. Please use -XX:HeapBaseMinAddress
#     to set the Java Heap base and to place the Java Heap above 4GB virtual address.
# This output file may be truncated or incomplete.
#
#  Out of Memory Error (allocation.cpp:390), pid=8372, tid=0x0000000000001e30
#
# JRE version: Java(TM) SE Runtime Environment (8.0_201-b09) (build 1.8.0_201-b09)
# Java VM: Java HotSpot(TM) 64-Bit Server VM (25.201-b09 mixed mode windows-amd64 compressed oops)
# Failed to write core dump. Minidumps are not enabled by default on client versions of Windows
#

---------------  T H R E A D  ---------------

Current thread (0x000000001618b000):  JavaThread "C2 CompilerThread1" daemon [_thread_in_native, id=7728, stack(0x00000000177e0000,0x00000000178e0000)]

Stack: [0x00000000177e0000,0x00000000178e0000]
[error occurred during error reporting (printing stack bounds), id 0xc0000005]

Native frames: (J=compiled Java code, j=interpreted, Vv=VM code, C=native code)


Current CompileTask:
C2:   9993 1445   !   4       java.net.URLClassLoader$1::run (63 bytes)


---------------  P R O C E S S  ---------------

Java Threads: ( => current thread )
  0x000000001875d800 JavaThread "Cache worker for journal cache (C:\Users\HP\.gradle\caches\journal-1)" [_thread_blocked, id=1264, stack(0x000000001e330000,0x000000001e430000)]
  0x0000000018760000 JavaThread "Cache worker for file hash cache (H:\AndroidStudioProjects\VariableGame\.gradle\4.10.1\fileHashes)" [_thread_blocked, id=1680, stack(0x000000001e130000,0x000000001e230000)]
  0x000000001875e800 JavaThread "File lock request listener" [_thread_in_native, id=500, stack(0x000000001bc00000,0x000000001bd00000)]
  0x000000001875d000 JavaThread "Cache worker for file hash cache (C:\Users\HP\.gradle\caches\4.10.1\fileHashes)" [_thread_blocked, id=6476, stack(0x000000001bb00000,0x000000001bc00000)]
  0x0000000017b15000 JavaThread "Stdin handler" [_thread_blocked, id=1084, stack(0x000000001a830000,0x000000001a930000)]
  0x0000000017b14000 JavaThread "Asynchronous log dispatcher for DefaultDaemonConnection: socket connection from /127.0.0.1:1663 to /127.0.0.1:1664" [_thread_blocked, id=7140, stack(0x000000001a730000,0x000000001a830000)]
  0x0000000017b11000 JavaThread "Daemon worker" [_thread_in_vm, id=9004, stack(0x000000001a630000,0x000000001a730000)]
  0x0000000017b10000 JavaThread "Cancel handler" [_thread_blocked, id=7580, stack(0x000000001a530000,0x000000001a630000)]
  0x00000000183a8000 JavaThread "Handler for socket connection from /127.0.0.1:1663 to /127.0.0.1:1664" [_thread_in_native, id=7192, stack(0x000000001a230000,0x000000001a330000)]
  0x00000000183a7000 JavaThread "Daemon" [_thread_blocked, id=2676, stack(0x000000001a130000,0x000000001a230000)]
  0x000000001891a000 JavaThread "Daemon periodic checks" [_thread_blocked, id=7388, stack(0x000000001a030000,0x000000001a130000)]
  0x0000000018927000 JavaThread "Incoming local TCP Connector on port 1663" [_thread_in_native, id=1980, stack(0x0000000019df0000,0x0000000019ef0000)]
  0x0000000018c4e800 JavaThread "Daemon health stats" [_thread_blocked, id=6112, stack(0x00000000197b0000,0x00000000198b0000)]
  0x0000000017a05000 JavaThread "Service Thread" daemon [_thread_blocked, id=956, stack(0x0000000017de0000,0x0000000017ee0000)]
  0x0000000016197800 JavaThread "C1 CompilerThread2" daemon [_thread_blocked, id=944, stack(0x00000000178e0000,0x00000000179e0000)]
=>0x000000001618b000 JavaThread "C2 CompilerThread1" daemon [_thread_in_native, id=7728, stack(0x00000000177e0000,0x00000000178e0000)]
  0x0000000016188000 JavaThread "C2 CompilerThread0" daemon [_thread_blocked, id=10068, stack(0x00000000176e0000,0x00000000177e0000)]
  0x0000000016186000 JavaThread "Attach Listener" daemon [_thread_blocked, id=760, stack(0x00000000175e0000,0x00000000176e0000)]
  0x0000000016183000 JavaThread "Signal Dispatcher" daemon [_thread_blocked, id=7152, stack(0x00000000174e0000,0x00000000175e0000)]
  0x000000000280a800 JavaThread "Finalizer" daemon [_thread_blocked, id=236, stack(0x00000000173e0000,0x00000000174e0000)]
  0x0000000002802000 JavaThread "Reference Handler" daemon [_thread_blocked, id=4492, stack(0x00000000172e0000,0x00000000173e0000)]
  0x000000000270e000 JavaThread "main" [_thread_blocked, id=3504, stack(0x0000000002560000,0x0000000002660000)]

Other Threads:
  0x0000000016147800 VMThread [stack: 0x00000000171e0000,0x00000000172e0000] [id=7096]
  0x0000000017a27000 WatcherThread [stack: 0x0000000017ee0000,0x0000000017fe0000] [id=876]

VM state:not at safepoint (normal execution)

VM Mutex/Monitor currently owned by a thread: None

heap address: 0x00000000a0000000, size: 1536 MB, Compressed Oops mode: 32-bit
Narrow klass base: 0x0000000000000000, Narrow klass shift: 3
Compressed class space size: 1073741824 Address: 0x0000000100000000

Heap:
 PSYoungGen      total 21504K, used 14151K [0x00000000e0000000, 0x00000000e1a80000, 0x0000000100000000)
  eden space 15872K, 63% used [0x00000000e0000000,0x00000000e09d2f30,0x00000000e0f80000)
  from space 5632K, 72% used [0x00000000e0f80000,0x00000000e137ed98,0x00000000e1500000)
  to   space 5632K, 0% used [0x00000000e1500000,0x00000000e1500000,0x00000000e1a80000)
 ParOldGen       total 44032K, used 5539K [0x00000000a0000000, 0x00000000a2b00000, 0x00000000e0000000)
  object space 44032K, 12% used [0x00000000a0000000,0x00000000a0568e78,0x00000000a2b00000)
 Metaspace       used 16346K, capacity 16714K, committed 16896K, reserved 1062912K
  class space    used 2394K, capacity 2551K, committed 2560K, reserved 1048576K

Card table byte_map: [0x0000000011bd0000,0x0000000011ee0000] byte_map_base: 0x00000000116d0000

Marking Bits: (ParMarkBitMap*) 0x000000005f1a4ce0
 Begin Bits: [0x00000000124e0000, 0x0000000013ce0000)
 End Bits:   [0x0000000013ce0000, 0x00000000154e0000)

Polling page: 0x0000000000900000

CodeCache: size=245760Kb used=5416Kb max_used=5430Kb free=240343Kb
 bounds [0x0000000002810000, 0x0000000002d70000, 0x0000000011810000]
 total_blobs=1927 nmethods=1538 adapters=301
 compilation: enabled

Compilation events (10 events):
Event: 9.816 Thread 0x0000000016188000 1533   !   4       java.util.zip.ZipFile$ZipFileInflaterInputStream::close (67 bytes)
Event: 9.835 Thread 0x0000000016188000 nmethod 1533 0x0000000002d55290 code [0x0000000002d55460, 0x0000000002d563c0]
Event: 9.835 Thread 0x0000000016188000 1534   !   4       java.util.zip.InflaterInputStream::read (138 bytes)
Event: 9.844 Thread 0x0000000016197800 1535       3       java.net.URLClassLoader$1::run (5 bytes)
Event: 9.844 Thread 0x0000000016197800 nmethod 1535 0x0000000002d269d0 code [0x0000000002d26b40, 0x0000000002d26cc8]
Event: 9.856 Thread 0x0000000016188000 nmethod 1534 0x0000000002d59dd0 code [0x0000000002d59fa0, 0x0000000002d5b528]
Event: 9.893 Thread 0x0000000016197800 1536       3       java.lang.Class::arrayContentsEq (70 bytes)
Event: 9.893 Thread 0x0000000016197800 nmethod 1536 0x0000000002d59690 code [0x0000000002d59820, 0x0000000002d59c50]
Event: 9.898 Thread 0x0000000016197800 1537       3       org.objectweb.asm.SymbolTable::get (13 bytes)
Event: 9.898 Thread 0x0000000016197800 nmethod 1537 0x0000000002d592d0 code [0x0000000002d59420, 0x0000000002d595b0]

GC Heap History (10 events):
Event: 3.398 GC heap before
{Heap before GC invocations=3 (full 0):
 PSYoungGen      total 18944K, used 18933K [0x00000000e0000000, 0x00000000e1500000, 0x0000000100000000)
  eden space 16384K, 100% used [0x00000000e0000000,0x00000000e1000000,0x00000000e1000000)
  from space 2560K, 99% used [0x00000000e1280000,0x00000000e14fd658,0x00000000e1500000)
  to   space 2560K, 0% used [0x00000000e1000000,0x00000000e1000000,0x00000000e1280000)
 ParOldGen       total 44032K, used 353K [0x00000000a0000000, 0x00000000a2b00000, 0x00000000e0000000)
  object space 44032K, 0% used [0x00000000a0000000,0x00000000a0058508,0x00000000a2b00000)
 Metaspace       used 6800K, capacity 6986K, committed 7168K, reserved 1056768K
  class space    used 865K, capacity 949K, committed 1024K, reserved 1048576K
Event: 3.402 GC heap after
Heap after GC invocations=3 (full 0):
 PSYoungGen      total 18944K, used 2528K [0x00000000e0000000, 0x00000000e1500000, 0x0000000100000000)
  eden space 16384K, 0% used [0x00000000e0000000,0x00000000e0000000,0x00000000e1000000)
  from space 2560K, 98% used [0x00000000e1000000,0x00000000e1278020,0x00000000e1280000)
  to   space 2560K, 0% used [0x00000000e1280000,0x00000000e1280000,0x00000000e1500000)
 ParOldGen       total 44032K, used 749K [0x00000000a0000000, 0x00000000a2b00000, 0x00000000e0000000)
  object space 44032K, 1% used [0x00000000a0000000,0x00000000a00bb6d8,0x00000000a2b00000)
 Metaspace       used 6800K, capacity 6986K, committed 7168K, reserved 1056768K
  class space    used 865K, capacity 949K, committed 1024K, reserved 1048576K
}
Event: 4.297 GC heap before
{Heap before GC invocations=4 (full 0):
 PSYoungGen      total 18944K, used 18912K [0x00000000e0000000, 0x00000000e1500000, 0x0000000100000000)
  eden space 16384K, 100% used [0x00000000e0000000,0x00000000e1000000,0x00000000e1000000)
  from space 2560K, 98% used [0x00000000e1000000,0x00000000e1278020,0x00000000e1280000)
  to   space 2560K, 0% used [0x00000000e1280000,0x00000000e1280000,0x00000000e1500000)
 ParOldGen       total 44032K, used 749K [0x00000000a0000000, 0x00000000a2b00000, 0x00000000e0000000)
  object space 44032K, 1% used [0x00000000a0000000,0x00000000a00bb6d8,0x00000000a2b00000)
 Metaspace       used 9603K, capacity 9822K, committed 9984K, reserved 1058816K
  class space    used 1326K, capacity 1421K, committed 1536K, reserved 1048576K
Event: 4.305 GC heap after
Heap after GC invocations=4 (full 0):
 PSYoungGen      total 18944K, used 2544K [0x00000000e0000000, 0x00000000e1500000, 0x0000000100000000)
  eden space 16384K, 0% used [0x00000000e0000000,0x00000000e0000000,0x00000000e1000000)
  from space 2560K, 99% used [0x00000000e1280000,0x00000000e14fc010,0x00000000e1500000)
  to   space 2560K, 0% used [0x00000000e1000000,0x00000000e1000000,0x00000000e1280000)
 ParOldGen       total 44032K, used 2703K [0x00000000a0000000, 0x00000000a2b00000, 0x00000000e0000000)
  object space 44032K, 6% used [0x00000000a0000000,0x00000000a02a3e20,0x00000000a2b00000)
 Metaspace       used 9603K, capacity 9822K, committed 9984K, reserved 1058816K
  class space    used 1326K, capacity 1421K, committed 1536K, reserved 1048576K
}
Event: 8.236 GC heap before
{Heap before GC invocations=5 (full 0):
 PSYoungGen      total 18944K, used 18928K [0x00000000e0000000, 0x00000000e1500000, 0x0000000100000000)
  eden space 16384K, 100% used [0x00000000e0000000,0x00000000e1000000,0x00000000e1000000)
  from space 2560K, 99% used [0x00000000e1280000,0x00000000e14fc010,0x00000000e1500000)
  to   space 2560K, 0% used [0x00000000e1000000,0x00000000e1000000,0x00000000e1280000)
 ParOldGen       total 44032K, used 2703K [0x00000000a0000000, 0x00000000a2b00000, 0x00000000e0000000)
  object space 44032K, 6% used [0x00000000a0000000,0x00000000a02a3e20,0x00000000a2b00000)
 Metaspace       used 12343K, capacity 12692K, committed 12928K, reserved 1060864K
  class space    used 1725K, capacity 1866K, committed 1920K, reserved 1048576K
Event: 8.243 GC heap after
Heap after GC invocations=5 (full 0):
 PSYoungGen      total 18944K, used 2560K [0x00000000e0000000, 0x00000000e1a00000, 0x0000000100000000)
  eden space 16384K, 0% used [0x00000000e0000000,0x00000000e0000000,0x00000000e1000000)
  from space 2560K, 100% used [0x00000000e1000000,0x00000000e1280000,0x00000000e1280000)
  to   space 5120K, 0% used [0x00000000e1500000,0x00000000e1500000,0x00000000e1a00000)
 ParOldGen       total 44032K, used 4559K [0x00000000a0000000, 0x00000000a2b00000, 0x00000000e0000000)
  object space 44032K, 10% used [0x00000000a0000000,0x00000000a0473f48,0x00000000a2b00000)
 Metaspace       used 12343K, capacity 12692K, committed 12928K, reserved 1060864K
  class space    used 1725K, capacity 1866K, committed 1920K, reserved 1048576K
}
Event: 8.789 GC heap before
{Heap before GC invocations=6 (full 0):
 PSYoungGen      total 18944K, used 18944K [0x00000000e0000000, 0x00000000e1a00000, 0x0000000100000000)
  eden space 16384K, 100% used [0x00000000e0000000,0x00000000e1000000,0x00000000e1000000)
  from space 2560K, 100% used [0x00000000e1000000,0x00000000e1280000,0x00000000e1280000)
  to   space 5120K, 0% used [0x00000000e1500000,0x00000000e1500000,0x00000000e1a00000)
 ParOldGen       total 44032K, used 4559K [0x00000000a0000000, 0x00000000a2b00000, 0x00000000e0000000)
  object space 44032K, 10% used [0x00000000a0000000,0x00000000a0473f48,0x00000000a2b00000)
 Metaspace       used 13777K, capacity 14172K, committed 14464K, reserved 1060864K
  class space    used 1984K, capacity 2126K, committed 2176K, reserved 1048576K
Event: 8.797 GC heap after
Heap after GC invocations=6 (full 0):
 PSYoungGen      total 20992K, used 4719K [0x00000000e0000000, 0x00000000e1b00000, 0x0000000100000000)
  eden space 15872K, 0% used [0x00000000e0000000,0x00000000e0000000,0x00000000e0f80000)
  from space 5120K, 92% used [0x00000000e1500000,0x00000000e199bc00,0x00000000e1a00000)
  to   space 5632K, 0% used [0x00000000e0f80000,0x00000000e0f80000,0x00000000e1500000)
 ParOldGen       total 44032K, used 4567K [0x00000000a0000000, 0x00000000a2b00000, 0x00000000e0000000)
  object space 44032K, 10% used [0x00000000a0000000,0x00000000a0475f48,0x00000000a2b00000)
 Metaspace       used 13777K, capacity 14172K, committed 14464K, reserved 1060864K
  class space    used 1984K, capacity 2126K, committed 2176K, reserved 1048576K
}
Event: 9.369 GC heap before
{Heap before GC invocations=7 (full 0):
 PSYoungGen      total 20992K, used 20591K [0x00000000e0000000, 0x00000000e1b00000, 0x0000000100000000)
  eden space 15872K, 100% used [0x00000000e0000000,0x00000000e0f80000,0x00000000e0f80000)
  from space 5120K, 92% used [0x00000000e1500000,0x00000000e199bc00,0x00000000e1a00000)
  to   space 5632K, 0% used [0x00000000e0f80000,0x00000000e0f80000,0x00000000e1500000)
 ParOldGen       total 44032K, used 4567K [0x00000000a0000000, 0x00000000a2b00000, 0x00000000e0000000)
  object space 44032K, 10% used [0x00000000a0000000,0x00000000a0475f48,0x00000000a2b00000)
 Metaspace       used 15280K, capacity 15690K, committed 16000K, reserved 1062912K
  class space    used 2220K, capacity 2359K, committed 2432K, reserved 1048576K
Event: 9.378 GC heap after
Heap after GC invocations=7 (full 0):
 PSYoungGen      total 21504K, used 4091K [0x00000000e0000000, 0x00000000e1a80000, 0x0000000100000000)
  eden space 15872K, 0% used [0x00000000e0000000,0x00000000e0000000,0x00000000e0f80000)
  from space 5632K, 72% used [0x00000000e0f80000,0x00000000e137ed98,0x00000000e1500000)
  to   space 5632K, 0% used [0x00000000e1500000,0x00000000e1500000,0x00000000e1a80000)
 ParOldGen       total 44032K, used 5539K [0x00000000a0000000, 0x00000000a2b00000, 0x00000000e0000000)
  object space 44032K, 12% used [0x00000000a0000000,0x00000000a0568e78,0x00000000a2b00000)
 Metaspace       used 15280K, capacity 15690K, committed 16000K, reserved 1062912K
  class space    used 2220K, capacity 2359K, committed 2432K, reserved 1048576K
}

Deoptimization events (10 events):
Event: 7.742 Thread 0x00000000183a8000 Uncommon trap: reason=unstable_if action=reinterpret pc=0x0000000002bdfbb4 method=java.util.concurrent.ConcurrentHashMap.putVal(Ljava/lang/Object;Ljava/lang/Object;Z)Ljava/lang/Object; @ 206
Event: 7.867 Thread 0x0000000017b11000 Uncommon trap: reason=bimorphic action=maybe_recompile pc=0x0000000002aa4298 method=java.util.HashMap.putVal(ILjava/lang/Object;Ljava/lang/Object;ZZ)Ljava/lang/Object; @ 253
Event: 7.868 Thread 0x0000000017b11000 Uncommon trap: reason=bimorphic action=maybe_recompile pc=0x0000000002aa4298 method=java.util.HashMap.putVal(ILjava/lang/Object;Ljava/lang/Object;ZZ)Ljava/lang/Object; @ 253
Event: 7.868 Thread 0x0000000017b11000 Uncommon trap: reason=bimorphic action=maybe_recompile pc=0x0000000002aa4298 method=java.util.HashMap.putVal(ILjava/lang/Object;Ljava/lang/Object;ZZ)Ljava/lang/Object; @ 253
Event: 8.940 Thread 0x0000000017b11000 Uncommon trap: reason=class_check action=maybe_recompile pc=0x0000000002ac8784 method=java.util.regex.Matcher.match(II)Z @ 86
Event: 9.037 Thread 0x0000000017b11000 Uncommon trap: reason=class_check action=maybe_recompile pc=0x0000000002ac8784 method=java.util.regex.Matcher.match(II)Z @ 86
Event: 9.038 Thread 0x0000000017b11000 Uncommon trap: reason=class_check action=maybe_recompile pc=0x0000000002ac8784 method=java.util.regex.Matcher.match(II)Z @ 86
Event: 9.038 Thread 0x0000000017b11000 Uncommon trap: reason=class_check action=maybe_recompile pc=0x0000000002a9f49c method=java.util.regex.Matcher.match(II)Z @ 86
Event: 9.307 Thread 0x0000000017b11000 Uncommon trap: reason=unstable_if action=reinterpret pc=0x0000000002c74534 method=java.lang.String.lastIndexOf([CII[CIII)I @ 66
Event: 9.790 Thread 0x0000000017b11000 Uncommon trap: reason=unstable_if action=reinterpret pc=0x0000000002d35358 method=java.util.jar.JarFile.maybeInstantiateVerifier()V @ 21

Classes redefined (0 events):
No events

Internal exceptions (10 events):
Event: 7.749 Thread 0x00000000183a8000 Exception <a 'java/lang/NoSuchMethodError': <clinit>> (0x00000000e0555e00) thrown at [C:\re\workspace\8-2-build-windows-amd64-cygwin\jdk8u201\12322\hotspot\src\share\vm\prims\jni.cpp, line 1613]
Event: 7.760 Thread 0x00000000183a8000 Exception <a 'java/lang/NoSuchMethodError': <clinit>> (0x00000000e057d4d0) thrown at [C:\re\workspace\8-2-build-windows-amd64-cygwin\jdk8u201\12322\hotspot\src\share\vm\prims\jni.cpp, line 1613]
Event: 7.775 Thread 0x00000000183a8000 Exception <a 'java/lang/NoSuchMethodError': <clinit>> (0x00000000e05957c0) thrown at [C:\re\workspace\8-2-build-windows-amd64-cygwin\jdk8u201\12322\hotspot\src\share\vm\prims\jni.cpp, line 1613]
Event: 7.776 Thread 0x00000000183a8000 Exception <a 'java/lang/NoSuchMethodError': <clinit>> (0x00000000e059e450) thrown at [C:\re\workspace\8-2-build-windows-amd64-cygwin\jdk8u201\12322\hotspot\src\share\vm\prims\jni.cpp, line 1613]
Event: 7.778 Thread 0x00000000183a8000 Exception <a 'java/lang/NoSuchMethodError': <clinit>> (0x00000000e05b47a8) thrown at [C:\re\workspace\8-2-build-windows-amd64-cygwin\jdk8u201\12322\hotspot\src\share\vm\prims\jni.cpp, line 1613]
Event: 7.791 Thread 0x00000000183a8000 Exception <a 'java/lang/NoSuchMethodError': <clinit>> (0x00000000e06137b0) thrown at [C:\re\workspace\8-2-build-windows-amd64-cygwin\jdk8u201\12322\hotspot\src\share\vm\prims\jni.cpp, line 1613]
Event: 7.801 Thread 0x00000000183a8000 Exception <a 'java/lang/NoSuchMethodError': <clinit>> (0x00000000e063fd48) thrown at [C:\re\workspace\8-2-build-windows-amd64-cygwin\jdk8u201\12322\hotspot\src\share\vm\prims\jni.cpp, line 1613]
Event: 7.809 Thread 0x00000000183a8000 Exception <a 'java/lang/NoSuchMethodError': <clinit>> (0x00000000e066e900) thrown at [C:\re\workspace\8-2-build-windows-amd64-cygwin\jdk8u201\12322\hotspot\src\share\vm\prims\jni.cpp, line 1613]
Event: 7.811 Thread 0x00000000183a8000 Exception <a 'java/lang/NoSuchMethodError': <clinit>> (0x00000000e0679d08) thrown at [C:\re\workspace\8-2-build-windows-amd64-cygwin\jdk8u201\12322\hotspot\src\share\vm\prims\jni.cpp, line 1613]
Event: 9.790 Thread 0x0000000017b11000 Implicit null exception at 0x0000000002d2f1c4 to 0x0000000002d35301

Events (10 events):
Event: 9.902 loading class org/gradle/internal/ImmutableActionSet$SingletonSet done
Event: 9.902 loading class org/gradle/internal/ImmutableActionSet$SetWithFewActions
Event: 9.902 loading class org/gradle/internal/ImmutableActionSet$SetWithFewActions done
Event: 9.903 loading class org/gradle/internal/ImmutableActionSet$SetWithManyActions
Event: 9.903 loading class org/gradle/internal/ImmutableActionSet$SetWithManyActions done
Event: 9.903 loading class org/gradle/plugin/management/internal/DefaultPluginResolutionStrategy$1
Event: 9.903 loading class org/gradle/plugin/management/internal/DefaultPluginResolutionStrategy$1 done
Event: 9.904 loading class org/gradle/api/internal/changedetection/state/DefaultFileAccessTimeJournal
Event: 9.904 loading class org/gradle/api/internal/changedetection/state/DefaultFileAccessTimeJournal done
Event: 9.908 Thread 0x000000001875d800 Thread added: 0x000000001875d800


Dynamic libraries:
0x00007ff6cb960000 - 0x00007ff6cb997000 	C:\Program Files\Java\jdk1.8.0_201\bin\java.exe
0x00007ffd75c40000 - 0x00007ffd75e21000 	C:\WINDOWS\SYSTEM32\ntdll.dll
0x00007ffd59650000 - 0x00007ffd59662000 	C:\Program Files\AVAST Software\Avast\aswhook.dll
0x00007ffd758f0000 - 0x00007ffd759a2000 	C:\WINDOWS\System32\KERNEL32.DLL
0x00007ffd72170000 - 0x00007ffd723e3000 	C:\WINDOWS\System32\KERNELBASE.dll
0x00007ffd759b0000 - 0x00007ffd75a51000 	C:\WINDOWS\System32\ADVAPI32.dll
0x00007ffd73220000 - 0x00007ffd732be000 	C:\WINDOWS\System32\msvcrt.dll
0x00007ffd732d0000 - 0x00007ffd7332b000 	C:\WINDOWS\System32\sechost.dll
0x00007ffd74f50000 - 0x00007ffd75074000 	C:\WINDOWS\System32\RPCRT4.dll
0x00007ffd75a80000 - 0x00007ffd75c10000 	C:\WINDOWS\System32\USER32.dll
0x00007ffd723f0000 - 0x00007ffd72410000 	C:\WINDOWS\System32\win32u.dll
0x00007ffd73400000 - 0x00007ffd73428000 	C:\WINDOWS\System32\GDI32.dll
0x00007ffd72b20000 - 0x00007ffd72cb2000 	C:\WINDOWS\System32\gdi32full.dll
0x00007ffd72cc0000 - 0x00007ffd72d5f000 	C:\WINDOWS\System32\msvcp_win.dll
0x00007ffd72010000 - 0x00007ffd7210a000 	C:\WINDOWS\System32\ucrtbase.dll
0x00007ffd62580000 - 0x00007ffd627e9000 	C:\WINDOWS\WinSxS\amd64_microsoft.windows.common-controls_6595b64144ccf1df_6.0.17134.523_none_fb409dd930672a56\COMCTL32.dll
0x00007ffd75200000 - 0x00007ffd75522000 	C:\WINDOWS\System32\combase.dll
0x00007ffd72d60000 - 0x00007ffd72dda000 	C:\WINDOWS\System32\bcryptPrimitives.dll
0x00007ffd755b0000 - 0x00007ffd755dd000 	C:\WINDOWS\System32\IMM32.DLL
0x000000005f230000 - 0x000000005f301000 	C:\Program Files\Java\jdk1.8.0_201\jre\bin\msvcr100.dll
0x000000005e980000 - 0x000000005f224000 	C:\Program Files\Java\jdk1.8.0_201\jre\bin\server\jvm.dll
0x00007ffd732c0000 - 0x00007ffd732c8000 	C:\WINDOWS\System32\PSAPI.DLL
0x00007ffd60fc0000 - 0x00007ffd60fc9000 	C:\WINDOWS\SYSTEM32\WSOCK32.dll
0x00007ffd74d80000 - 0x00007ffd74dec000 	C:\WINDOWS\System32\WS2_32.dll
0x00007ffd6e7d0000 - 0x00007ffd6e7f3000 	C:\WINDOWS\SYSTEM32\WINMM.dll
0x00007ffd66d60000 - 0x00007ffd66d6a000 	C:\WINDOWS\SYSTEM32\VERSION.dll
0x00007ffd6e7a0000 - 0x00007ffd6e7ca000 	C:\WINDOWS\SYSTEM32\WINMMBASE.dll
0x00007ffd72e90000 - 0x00007ffd72ed9000 	C:\WINDOWS\System32\cfgmgr32.dll
0x00007ffd6e230000 - 0x00007ffd6e23f000 	C:\Program Files\Java\jdk1.8.0_201\jre\bin\verify.dll
0x00007ffd6a940000 - 0x00007ffd6a969000 	C:\Program Files\Java\jdk1.8.0_201\jre\bin\java.dll
0x00007ffd6e210000 - 0x00007ffd6e226000 	C:\Program Files\Java\jdk1.8.0_201\jre\bin\zip.dll
0x00007ffd734e0000 - 0x00007ffd74920000 	C:\WINDOWS\System32\SHELL32.dll
0x00007ffd73430000 - 0x00007ffd734d9000 	C:\WINDOWS\System32\shcore.dll
0x00007ffd72410000 - 0x00007ffd72b1d000 	C:\WINDOWS\System32\windows.storage.dll
0x00007ffd731c0000 - 0x00007ffd73211000 	C:\WINDOWS\System32\shlwapi.dll
0x00007ffd71f60000 - 0x00007ffd71f71000 	C:\WINDOWS\System32\kernel.appcore.dll
0x00007ffd71f80000 - 0x00007ffd71f9f000 	C:\WINDOWS\System32\profapi.dll
0x00007ffd71fa0000 - 0x00007ffd71fec000 	C:\WINDOWS\System32\powrprof.dll
0x00007ffd71f50000 - 0x00007ffd71f5a000 	C:\WINDOWS\System32\FLTLIB.DLL
0x00007ffd69f00000 - 0x00007ffd69f1a000 	C:\Program Files\Java\jdk1.8.0_201\jre\bin\net.dll
0x00007ffd66a70000 - 0x00007ffd66c39000 	C:\WINDOWS\SYSTEM32\urlmon.dll
0x00007ffd65960000 - 0x00007ffd65c05000 	C:\WINDOWS\SYSTEM32\iertutil.dll
0x00007ffd719a0000 - 0x00007ffd719ab000 	C:\WINDOWS\SYSTEM32\CRYPTBASE.DLL
0x00007ffd717d0000 - 0x00007ffd71836000 	C:\WINDOWS\system32\mswsock.dll
0x00007ffd69ee0000 - 0x00007ffd69ef1000 	C:\Program Files\Java\jdk1.8.0_201\jre\bin\nio.dll
0x00007ffd6e2d0000 - 0x00007ffd6e2ee000 	C:\Users\HP\.gradle\native\25\windows-amd64\native-platform.dll
0x00007ffd6e1d0000 - 0x00007ffd6e1dd000 	C:\Program Files\Java\jdk1.8.0_201\jre\bin\management.dll
0x00007ffd71980000 - 0x00007ffd71997000 	C:\WINDOWS\SYSTEM32\CRYPTSP.dll
0x00007ffd713b0000 - 0x00007ffd713e3000 	C:\WINDOWS\system32\rsaenh.dll
0x00007ffd71ab0000 - 0x00007ffd71ad5000 	C:\WINDOWS\SYSTEM32\bcrypt.dll
0x00007ffd71e50000 - 0x00007ffd71e78000 	C:\WINDOWS\SYSTEM32\USERENV.dll
0x00007ffd71550000 - 0x00007ffd71588000 	C:\WINDOWS\SYSTEM32\IPHLPAPI.DLL
0x00007ffd74920000 - 0x00007ffd74928000 	C:\WINDOWS\System32\NSI.dll
0x00007ffd68170000 - 0x00007ffd68186000 	C:\WINDOWS\SYSTEM32\dhcpcsvc6.DLL
0x00007ffd68440000 - 0x00007ffd6845a000 	C:\WINDOWS\SYSTEM32\dhcpcsvc.DLL

VM Arguments:
jvm_args: -Xmx1536m -Dfile.encoding=windows-1252 -Duser.country=US -Duser.language=en -Duser.variant 
java_command: org.gradle.launcher.daemon.bootstrap.GradleDaemon 4.10.1
java_class_path (initial): C:\Users\HP\.gradle\wrapper\dists\gradle-4.10.1-all\455itskqi2qtf0v2sja68alqd\gradle-4.10.1\lib\gradle-launcher-4.10.1.jar
Launcher Type: SUN_STANDARD

Environment Variables:
JAVA_HOME=C:\Program Files\Java\jdk1.8.0_201
PATH=C:\Program Files (x86)\Common Files\Oracle\Java\javapath;C:\Program Files (x86)\Common Files\ArcSoft\Bin;C:\Program Files (x86)\Intel\iCLS Client\;C:\Program Files\Intel\iCLS Client\;C:\WINDOWS\system32;C:\WINDOWS;C:\WINDOWS\System32\Wbem;C:\WINDOWS\System32\WindowsPowerShell\v1.0\;C:\Program Files (x86)\Intel\Intel(R) Management Engine Components\DAL;C:\Program Files\Intel\Intel(R) Management Engine Components\DAL;C:\Program Files (x86)\Intel\Intel(R) Management Engine Components\IPT;C:\Program Files\Intel\Intel(R) Management Engine Components\IPT;c:\Program Files\Intel\WiFi\bin\;c:\Program Files\Common Files\Intel\WirelessCommon\;C:\Program Files (x86)\GtkSharp\2.12\bin;C:\WINDOWS\System32\OpenSSH\;C:\Users\HP\AppData\Local\Android\Sdk;C:\Program Files\Java\jdk1.8.0_201bin;C:\Program Files\Java\jdk1.8.0_201\bin;C:\Program Files\Java\jre1.8.0_201\bin;C:\Program Files\Git\cmd;C:\Program Files\Java\jdk1.8.0_201\bin;C:\Users\HP\AppData\Local\Microsoft\WindowsApps;
USERNAME=HP
OS=Windows_NT
PROCESSOR_IDENTIFIER=Intel64 Family 6 Model 61 Stepping 4, GenuineIntel



---------------  S Y S T E M  ---------------

OS: Windows 10.0 , 64 bit Build 17134 (10.0.17134.1)

CPU:total 4 (initial active 4) (2 cores per cpu, 2 threads per core) family 6 model 61 stepping 4, cmov, cx8, fxsr, mmx, sse, sse2, sse3, ssse3, sse4.1, sse4.2, popcnt, avx, avx2, aes, clmul, erms, 3dnowpref, lzcnt, ht, tsc, tscinvbit, bmi1, bmi2, adx

Memory: 4k page, physical 4082796k(230856k free), swap 4082796k(6744k free)

vm_info: Java HotSpot(TM) 64-Bit Server VM (25.201-b09) for windows-amd64 JRE (1.8.0_201-b09), built on Dec 15 2018 18:36:39 by "java_re" with MS VC++ 10.0 (VS2010)

time: Tue Feb 12 16:41:51 2019
timezone: Bangladesh Standard Time
elapsed time: 10 seconds (0d 0h 0m 10s)

