#
# There is insufficient memory for the Java Runtime Environment to continue.
# Native memory allocation (malloc) failed to allocate 1192336 bytes for Chunk::new
# Possible reasons:
#   The system is out of physical RAM or swap space
#   The process is running with CompressedOops enabled, and the Java Heap may be blocking the growth of the native heap
# Possible solutions:
#   Reduce memory load on the system
#   Increase physical memory or swap space
#   Check if swap backing store is full
#   Decrease Java heap size (-Xmx/-Xms)
#   Decrease number of Java threads
#   Decrease Java thread stack sizes (-Xss)
#   Set larger code cache with -XX:ReservedCodeCacheSize=
#   JVM is running with Unscaled Compressed Oops mode in which the Java heap is
#     placed in the first 4GB address space. The Java Heap base address is the
#     maximum limit for the native heap growth. Please use -XX:HeapBaseMinAddress
#     to set the Java Heap base and to place the Java Heap above 4GB virtual address.
# This output file may be truncated or incomplete.
#
#  Out of Memory Error (allocation.cpp:390), pid=8488, tid=0x0000000000001b3c
#
# JRE version: Java(TM) SE Runtime Environment (8.0_201-b09) (build 1.8.0_201-b09)
# Java VM: Java HotSpot(TM) 64-Bit Server VM (25.201-b09 mixed mode windows-amd64 compressed oops)
# Failed to write core dump. Minidumps are not enabled by default on client versions of Windows
#

---------------  T H R E A D  ---------------

Current thread (0x000000001674a800):  JavaThread "C2 CompilerThread1" daemon [_thread_in_native, id=6972, stack(0x0000000017e80000,0x0000000017f80000)]

Stack: [0x0000000017e80000,0x0000000017f80000]
[error occurred during error reporting (printing stack bounds), id 0xc0000005]

Native frames: (J=compiled Java code, j=interpreted, Vv=VM code, C=native code)


Current CompileTask:
C2:  58860 8623       4       java.util.EnumSet::noneOf (63 bytes)


---------------  P R O C E S S  ---------------

Java Threads: ( => current thread )
  0x000000001ba41800 JavaThread "Cache worker for Java compile cache (H:\AndroidStudioProjects\VariableGame\.gradle\4.10.1\javaCompile)" [_thread_blocked, id=8888, stack(0x0000000025b90000,0x0000000025c90000)]
  0x000000001ba43800 JavaThread "Cache worker for Java compile cache (C:\Users\HP\.gradle\caches\4.10.1\javaCompile)" [_thread_blocked, id=11648, stack(0x0000000025a90000,0x0000000025b90000)]
  0x000000001ba42000 JavaThread "stdout" daemon [_thread_in_native, id=11104, stack(0x0000000025990000,0x0000000025a90000)]
  0x000000001ba3f000 JavaThread "stdout" daemon [_thread_in_native, id=8816, stack(0x0000000025890000,0x0000000025990000)]
  0x000000001ba43000 JavaThread "stderr" daemon [_thread_in_native, id=2688, stack(0x0000000025790000,0x0000000025890000)]
  0x000000001ba40000 JavaThread "stderr" daemon [_thread_in_native, id=10776, stack(0x0000000025690000,0x0000000025790000)]
  0x000000001ba45000 JavaThread "pool-2-thread-1" [_thread_blocked, id=7836, stack(0x0000000025590000,0x0000000025690000)]
  0x000000001ba37000 JavaThread "Cache worker for Build Output Cleanup Cache (H:\AndroidStudioProjects\VariableGame\.gradle\buildOutputCleanup)" [_thread_blocked, id=7908, stack(0x0000000025190000,0x0000000025290000)]
  0x000000001ba3c000 JavaThread "Cache worker for task history cache (H:\AndroidStudioProjects\VariableGame\.gradle\4.10.1\taskHistory)" [_thread_blocked, id=12180, stack(0x0000000025090000,0x0000000025190000)]
  0x000000001ba3b800 JavaThread "Task worker for ':' Thread 3" [_thread_blocked, id=5124, stack(0x0000000023f30000,0x0000000024030000)]
  0x000000001ba3a800 JavaThread "Task worker for ':' Thread 2" [_thread_blocked, id=11468, stack(0x0000000023e30000,0x0000000023f30000)]
  0x000000001ba3a000 JavaThread "Task worker for ':'" [_thread_blocked, id=1132, stack(0x0000000023ab0000,0x0000000023bb0000)]
  0x000000001ba3d000 JavaThread "Cache worker for file content cache (H:\AndroidStudioProjects\VariableGame\.gradle\4.10.1\fileContent)" [_thread_blocked, id=3076, stack(0x00000000233a0000,0x00000000234a0000)]
  0x000000001ba39000 JavaThread "Cache worker for file content cache (C:\Users\HP\.gradle\caches\4.10.1\fileContent)" [_thread_blocked, id=7668, stack(0x00000000232a0000,0x00000000233a0000)]
  0x000000001ba38800 JavaThread "Memory manager" [_thread_blocked, id=12196, stack(0x0000000020d00000,0x0000000020e00000)]
  0x000000001ba3d800 JavaThread "Build operations Thread 4" [_thread_blocked, id=11488, stack(0x000000001fa30000,0x000000001fb30000)]
  0x000000001ba36000 JavaThread "Build operations Thread 3" [_thread_blocked, id=5292, stack(0x000000001f930000,0x000000001fa30000)]
  0x0000000019613000 JavaThread "Build operations Thread 2" [_thread_blocked, id=9344, stack(0x000000001f830000,0x000000001f930000)]
  0x0000000019612800 JavaThread "Build operations" [_thread_blocked, id=5020, stack(0x000000001f730000,0x000000001f830000)]
  0x0000000019611800 JavaThread "Cache worker for Artifact transforms cache (C:\Users\HP\.gradle\caches\transforms-1)" [_thread_blocked, id=6048, stack(0x000000001f2e0000,0x000000001f3e0000)]
  0x000000001960f800 JavaThread "Cache worker for cache directory md-rule (C:\Users\HP\.gradle\caches\4.10.1\md-rule)" [_thread_blocked, id=10828, stack(0x000000001f1e0000,0x000000001f2e0000)]
  0x000000001960e800 JavaThread "Cache worker for cache directory md-supplier (C:\Users\HP\.gradle\caches\4.10.1\md-supplier)" [_thread_blocked, id=10416, stack(0x000000001f0e0000,0x000000001f1e0000)]
  0x000000001960c800 JavaThread "Cache worker for journal cache (C:\Users\HP\.gradle\caches\journal-1)" [_thread_blocked, id=1300, stack(0x000000001e9e0000,0x000000001eae0000)]
  0x000000001960d000 JavaThread "Cache worker for file hash cache (H:\AndroidStudioProjects\VariableGame\.gradle\4.10.1\fileHashes)" [_thread_blocked, id=468, stack(0x000000001d810000,0x000000001d910000)]
  0x0000000019610000 JavaThread "File lock request listener" [_thread_in_native, id=6248, stack(0x000000001c2a0000,0x000000001c3a0000)]
  0x0000000019611000 JavaThread "Cache worker for file hash cache (C:\Users\HP\.gradle\caches\4.10.1\fileHashes)" [_thread_blocked, id=1232, stack(0x000000001c1a0000,0x000000001c2a0000)]
  0x0000000018201800 JavaThread "Stdin handler" [_thread_blocked, id=3252, stack(0x000000001aed0000,0x000000001afd0000)]
  0x0000000018200800 JavaThread "Asynchronous log dispatcher for DefaultDaemonConnection: socket connection from /127.0.0.1:2173 to /127.0.0.1:2174" [_thread_blocked, id=11304, stack(0x000000001add0000,0x000000001aed0000)]
  0x00000000197c0800 JavaThread "Daemon worker" [_thread_in_native, id=7040, stack(0x000000001acd0000,0x000000001add0000)]
  0x00000000197be000 JavaThread "Cancel handler" [_thread_blocked, id=5712, stack(0x000000001abd0000,0x000000001acd0000)]
  0x0000000018416000 JavaThread "Handler for socket connection from /127.0.0.1:2173 to /127.0.0.1:2174" [_thread_in_native, id=11480, stack(0x000000001a8d0000,0x000000001a9d0000)]
  0x00000000187d4800 JavaThread "Daemon" [_thread_blocked, id=9616, stack(0x000000001a7d0000,0x000000001a8d0000)]
  0x000000001843f000 JavaThread "Daemon periodic checks" [_thread_blocked, id=3116, stack(0x000000001a6d0000,0x000000001a7d0000)]
  0x000000001843e800 JavaThread "Incoming local TCP Connector on port 2173" [_thread_in_native, id=12008, stack(0x000000001a490000,0x000000001a590000)]
  0x00000000187e5800 JavaThread "Daemon health stats" [_thread_blocked, id=11720, stack(0x0000000019e50000,0x0000000019f50000)]
  0x00000000180ab000 JavaThread "Service Thread" daemon [_thread_blocked, id=8304, stack(0x0000000018480000,0x0000000018580000)]
  0x0000000016755800 JavaThread "C1 CompilerThread2" daemon [_thread_blocked, id=8460, stack(0x0000000017f80000,0x0000000018080000)]
=>0x000000001674a800 JavaThread "C2 CompilerThread1" daemon [_thread_in_native, id=6972, stack(0x0000000017e80000,0x0000000017f80000)]
  0x0000000016746800 JavaThread "C2 CompilerThread0" daemon [_thread_in_native, id=11540, stack(0x0000000017d80000,0x0000000017e80000)]
  0x0000000016744800 JavaThread "Attach Listener" daemon [_thread_blocked, id=7140, stack(0x0000000017c80000,0x0000000017d80000)]
  0x0000000016743000 JavaThread "Signal Dispatcher" daemon [_thread_blocked, id=1532, stack(0x0000000017b80000,0x0000000017c80000)]
  0x0000000002d6c000 JavaThread "Finalizer" daemon [_thread_blocked, id=4632, stack(0x0000000017990000,0x0000000017a90000)]
  0x0000000002d63000 JavaThread "Reference Handler" daemon [_thread_blocked, id=10388, stack(0x0000000017890000,0x0000000017990000)]
  0x0000000002dce000 JavaThread "main" [_thread_blocked, id=8216, stack(0x0000000002b40000,0x0000000002c40000)]

Other Threads:
  0x0000000016707800 VMThread [stack: 0x0000000017790000,0x0000000017890000] [id=6528]
  0x00000000180cd000 WatcherThread [stack: 0x0000000018580000,0x0000000018680000] [id=5500]

VM state:not at safepoint (normal execution)

VM Mutex/Monitor currently owned by a thread: None

heap address: 0x00000000a0000000, size: 1536 MB, Compressed Oops mode: 32-bit
Narrow klass base: 0x0000000000000000, Narrow klass shift: 3
Compressed class space size: 1073741824 Address: 0x0000000100000000

Heap:
 PSYoungGen      total 131072K, used 80088K [0x00000000e0000000, 0x00000000e9c80000, 0x0000000100000000)
  eden space 116736K, 62% used [0x00000000e0000000,0x00000000e479d2c8,0x00000000e7200000)
  from space 14336K, 47% used [0x00000000e7200000,0x00000000e78990b0,0x00000000e8000000)
  to   space 13824K, 0% used [0x00000000e8f00000,0x00000000e8f00000,0x00000000e9c80000)
 ParOldGen       total 51712K, used 33877K [0x00000000a0000000, 0x00000000a3280000, 0x00000000e0000000)
  object space 51712K, 65% used [0x00000000a0000000,0x00000000a21154e8,0x00000000a3280000)
 Metaspace       used 66244K, capacity 67780K, committed 67800K, reserved 1107968K
  class space    used 9040K, capacity 9467K, committed 9472K, reserved 1048576K

Card table byte_map: [0x0000000012190000,0x00000000124a0000] byte_map_base: 0x0000000011c90000

Marking Bits: (ParMarkBitMap*) 0x0000000054d74ce0
 Begin Bits: [0x0000000012aa0000, 0x00000000142a0000)
 End Bits:   [0x00000000142a0000, 0x0000000015aa0000)

Polling page: 0x0000000002c40000

CodeCache: size=245760Kb used=26209Kb max_used=26209Kb free=219550Kb
 bounds [0x0000000002dd0000, 0x0000000004790000, 0x0000000011dd0000]
 total_blobs=8699 nmethods=7878 adapters=732
 compilation: enabled

Compilation events (10 events):
Event: 58.660 Thread 0x0000000016755800 nmethod 8644 0x0000000004739e50 code [0x000000000473ad40, 0x0000000004744f28]
Event: 58.712 Thread 0x0000000016755800 8645       3       com.sun.tools.javac.code.Types$SignatureGenerator::assembleClassSig (225 bytes)
Event: 58.715 Thread 0x0000000016755800 nmethod 8645 0x000000000474d1d0 code [0x000000000474d600, 0x000000000474fec8]
Event: 58.724 Thread 0x0000000016755800 8646       3       com.sun.tools.javac.jvm.Gen::genArgs (52 bytes)
Event: 58.725 Thread 0x0000000016755800 nmethod 8646 0x0000000004750f90 code [0x0000000004751180, 0x0000000004751a38]
Event: 58.726 Thread 0x0000000016755800 8647       3       com.sun.tools.javac.jvm.Pool$Variable::hashCode (38 bytes)
Event: 58.727 Thread 0x0000000016755800 nmethod 8647 0x0000000004751dd0 code [0x0000000004751fa0, 0x00000000047527c8]
Event: 58.729 Thread 0x0000000016755800 8651       3       com.sun.tools.javac.jvm.Code::emitop2 (683 bytes)
Event: 58.735 Thread 0x0000000016755800 nmethod 8651 0x0000000004752b50 code [0x00000000047530a0, 0x0000000004755b48]
Event: 58.736 Thread 0x0000000016755800 8652       3       com.sun.tools.javac.tree.JCTree$JCAssign::accept (6 bytes)

GC Heap History (10 events):
Event: 25.185 GC heap before
{Heap before GC invocations=16 (full 2):
 PSYoungGen      total 78848K, used 72192K [0x00000000e0000000, 0x00000000e7100000, 0x0000000100000000)
  eden space 72192K, 100% used [0x00000000e0000000,0x00000000e4680000,0x00000000e4680000)
  from space 6656K, 0% used [0x00000000e4680000,0x00000000e4680000,0x00000000e4d00000)
  to   space 8192K, 0% used [0x00000000e6900000,0x00000000e6900000,0x00000000e7100000)
 ParOldGen       total 51712K, used 17553K [0x00000000a0000000, 0x00000000a3280000, 0x00000000e0000000)
  object space 51712K, 33% used [0x00000000a0000000,0x00000000a1124518,0x00000000a3280000)
 Metaspace       used 41903K, capacity 42498K, committed 42880K, reserved 1085440K
  class space    used 5784K, capacity 5991K, committed 6016K, reserved 1048576K
Event: 25.203 GC heap after
Heap after GC invocations=16 (full 2):
 PSYoungGen      total 101888K, used 8184K [0x00000000e0000000, 0x00000000e7100000, 0x0000000100000000)
  eden space 93696K, 0% used [0x00000000e0000000,0x00000000e0000000,0x00000000e5b80000)
  from space 8192K, 99% used [0x00000000e6900000,0x00000000e70fe3b0,0x00000000e7100000)
  to   space 10240K, 0% used [0x00000000e5d00000,0x00000000e5d00000,0x00000000e6700000)
 ParOldGen       total 51712K, used 20648K [0x00000000a0000000, 0x00000000a3280000, 0x00000000e0000000)
  object space 51712K, 39% used [0x00000000a0000000,0x00000000a142a098,0x00000000a3280000)
 Metaspace       used 41903K, capacity 42498K, committed 42880K, reserved 1085440K
  class space    used 5784K, capacity 5991K, committed 6016K, reserved 1048576K
}
Event: 29.559 GC heap before
{Heap before GC invocations=17 (full 2):
 PSYoungGen      total 101888K, used 101880K [0x00000000e0000000, 0x00000000e7100000, 0x0000000100000000)
  eden space 93696K, 100% used [0x00000000e0000000,0x00000000e5b80000,0x00000000e5b80000)
  from space 8192K, 99% used [0x00000000e6900000,0x00000000e70fe3b0,0x00000000e7100000)
  to   space 10240K, 0% used [0x00000000e5d00000,0x00000000e5d00000,0x00000000e6700000)
 ParOldGen       total 51712K, used 20648K [0x00000000a0000000, 0x00000000a3280000, 0x00000000e0000000)
  object space 51712K, 39% used [0x00000000a0000000,0x00000000a142a098,0x00000000a3280000)
 Metaspace       used 51071K, capacity 52214K, committed 52480K, reserved 1093632K
  class space    used 7064K, capacity 7388K, committed 7424K, reserved 1048576K
Event: 29.586 GC heap after
Heap after GC invocations=17 (full 2):
 PSYoungGen      total 105472K, used 10125K [0x00000000e0000000, 0x00000000e8b80000, 0x0000000100000000)
  eden space 95232K, 0% used [0x00000000e0000000,0x00000000e0000000,0x00000000e5d00000)
  from space 10240K, 98% used [0x00000000e5d00000,0x00000000e66e3768,0x00000000e6700000)
  to   space 11776K, 0% used [0x00000000e8000000,0x00000000e8000000,0x00000000e8b80000)
 ParOldGen       total 51712K, used 26332K [0x00000000a0000000, 0x00000000a3280000, 0x00000000e0000000)
  object space 51712K, 50% used [0x00000000a0000000,0x00000000a19b7230,0x00000000a3280000)
 Metaspace       used 51071K, capacity 52214K, committed 52480K, reserved 1093632K
  class space    used 7064K, capacity 7388K, committed 7424K, reserved 1048576K
}
Event: 34.511 GC heap before
{Heap before GC invocations=18 (full 2):
 PSYoungGen      total 105472K, used 100391K [0x00000000e0000000, 0x00000000e8b80000, 0x0000000100000000)
  eden space 95232K, 94% used [0x00000000e0000000,0x00000000e58267f0,0x00000000e5d00000)
  from space 10240K, 98% used [0x00000000e5d00000,0x00000000e66e3768,0x00000000e6700000)
  to   space 11776K, 0% used [0x00000000e8000000,0x00000000e8000000,0x00000000e8b80000)
 ParOldGen       total 51712K, used 26332K [0x00000000a0000000, 0x00000000a3280000, 0x00000000e0000000)
  object space 51712K, 50% used [0x00000000a0000000,0x00000000a19b7230,0x00000000a3280000)
 Metaspace       used 57599K, capacity 59010K, committed 59096K, reserved 1099776K
  class space    used 8053K, capacity 8434K, committed 8448K, reserved 1048576K
Event: 34.672 GC heap after
Heap after GC invocations=18 (full 2):
 PSYoungGen      total 128512K, used 11762K [0x00000000e0000000, 0x00000000e9580000, 0x0000000100000000)
  eden space 116736K, 0% used [0x00000000e0000000,0x00000000e0000000,0x00000000e7200000)
  from space 11776K, 99% used [0x00000000e8000000,0x00000000e8b7ca38,0x00000000e8b80000)
  to   space 14336K, 0% used [0x00000000e7200000,0x00000000e7200000,0x00000000e8000000)
 ParOldGen       total 51712K, used 29374K [0x00000000a0000000, 0x00000000a3280000, 0x00000000e0000000)
  object space 51712K, 56% used [0x00000000a0000000,0x00000000a1cafaa0,0x00000000a3280000)
 Metaspace       used 57599K, capacity 59010K, committed 59096K, reserved 1099776K
  class space    used 8053K, capacity 8434K, committed 8448K, reserved 1048576K
}
Event: 34.672 GC heap before
{Heap before GC invocations=19 (full 3):
 PSYoungGen      total 128512K, used 11762K [0x00000000e0000000, 0x00000000e9580000, 0x0000000100000000)
  eden space 116736K, 0% used [0x00000000e0000000,0x00000000e0000000,0x00000000e7200000)
  from space 11776K, 99% used [0x00000000e8000000,0x00000000e8b7ca38,0x00000000e8b80000)
  to   space 14336K, 0% used [0x00000000e7200000,0x00000000e7200000,0x00000000e8000000)
 ParOldGen       total 51712K, used 29374K [0x00000000a0000000, 0x00000000a3280000, 0x00000000e0000000)
  object space 51712K, 56% used [0x00000000a0000000,0x00000000a1cafaa0,0x00000000a3280000)
 Metaspace       used 57599K, capacity 59010K, committed 59096K, reserved 1099776K
  class space    used 8053K, capacity 8434K, committed 8448K, reserved 1048576K
Event: 35.182 GC heap after
Heap after GC invocations=19 (full 3):
 PSYoungGen      total 128512K, used 0K [0x00000000e0000000, 0x00000000e9580000, 0x0000000100000000)
  eden space 116736K, 0% used [0x00000000e0000000,0x00000000e0000000,0x00000000e7200000)
  from space 11776K, 0% used [0x00000000e8000000,0x00000000e8000000,0x00000000e8b80000)
  to   space 14336K, 0% used [0x00000000e7200000,0x00000000e7200000,0x00000000e8000000)
 ParOldGen       total 51712K, used 33869K [0x00000000a0000000, 0x00000000a3280000, 0x00000000e0000000)
  object space 51712K, 65% used [0x00000000a0000000,0x00000000a21134e8,0x00000000a3280000)
 Metaspace       used 57599K, capacity 59010K, committed 59096K, reserved 1099776K
  class space    used 8053K, capacity 8434K, committed 8448K, reserved 1048576K
}
Event: 52.010 GC heap before
{Heap before GC invocations=20 (full 3):
 PSYoungGen      total 128512K, used 116736K [0x00000000e0000000, 0x00000000e9580000, 0x0000000100000000)
  eden space 116736K, 100% used [0x00000000e0000000,0x00000000e7200000,0x00000000e7200000)
  from space 11776K, 0% used [0x00000000e8000000,0x00000000e8000000,0x00000000e8b80000)
  to   space 14336K, 0% used [0x00000000e7200000,0x00000000e7200000,0x00000000e8000000)
 ParOldGen       total 51712K, used 33869K [0x00000000a0000000, 0x00000000a3280000, 0x00000000e0000000)
  object space 51712K, 65% used [0x00000000a0000000,0x00000000a21134e8,0x00000000a3280000)
 Metaspace       used 60842K, capacity 62288K, committed 62424K, reserved 1103872K
  class space    used 8432K, capacity 8851K, committed 8960K, reserved 1048576K
Event: 52.030 GC heap after
Heap after GC invocations=20 (full 3):
 PSYoungGen      total 131072K, used 6756K [0x00000000e0000000, 0x00000000e9c80000, 0x0000000100000000)
  eden space 116736K, 0% used [0x00000000e0000000,0x00000000e0000000,0x00000000e7200000)
  from space 14336K, 47% used [0x00000000e7200000,0x00000000e78990b0,0x00000000e8000000)
  to   space 13824K, 0% used [0x00000000e8f00000,0x00000000e8f00000,0x00000000e9c80000)
 ParOldGen       total 51712K, used 33877K [0x00000000a0000000, 0x00000000a3280000, 0x00000000e0000000)
  object space 51712K, 65% used [0x00000000a0000000,0x00000000a21154e8,0x00000000a3280000)
 Metaspace       used 60842K, capacity 62288K, committed 62424K, reserved 1103872K
  class space    used 8432K, capacity 8851K, committed 8960K, reserved 1048576K
}

Deoptimization events (10 events):
Event: 57.449 Thread 0x00000000197c0800 Uncommon trap: reason=class_check action=maybe_recompile pc=0x000000000447ab8c method=com.sun.tools.javac.comp.MemberEnter.annotateLater(Lcom/sun/tools/javac/util/List;Lcom/sun/tools/javac/comp/Env;Lcom/sun/tools/javac/code/Symbol;Lcom/sun/tools/javac/uti
Event: 57.471 Thread 0x00000000197c0800 Uncommon trap: reason=bimorphic action=maybe_recompile pc=0x0000000004582e80 method=com.sun.tools.javac.code.Types$18.visitClassType(Lcom/sun/tools/javac/code/Type$ClassType;Ljava/lang/Void;)Lcom/sun/tools/javac/code/Type; @ 19
Event: 57.472 Thread 0x00000000197c0800 Uncommon trap: reason=bimorphic action=maybe_recompile pc=0x0000000004582e80 method=com.sun.tools.javac.code.Types$18.visitClassType(Lcom/sun/tools/javac/code/Type$ClassType;Ljava/lang/Void;)Lcom/sun/tools/javac/code/Type; @ 19
Event: 57.473 Thread 0x00000000197c0800 Uncommon trap: reason=bimorphic action=maybe_recompile pc=0x0000000004582e80 method=com.sun.tools.javac.code.Types$18.visitClassType(Lcom/sun/tools/javac/code/Type$ClassType;Ljava/lang/Void;)Lcom/sun/tools/javac/code/Type; @ 19
Event: 57.475 Thread 0x00000000197c0800 Uncommon trap: reason=class_check action=maybe_recompile pc=0x000000000447ab8c method=com.sun.tools.javac.comp.MemberEnter.annotateLater(Lcom/sun/tools/javac/util/List;Lcom/sun/tools/javac/comp/Env;Lcom/sun/tools/javac/code/Symbol;Lcom/sun/tools/javac/uti
Event: 57.491 Thread 0x00000000197c0800 Uncommon trap: reason=unstable_if action=reinterpret pc=0x0000000004582dd0 method=com.sun.tools.javac.code.Types$18.visitClassType(Lcom/sun/tools/javac/code/Type$ClassType;Ljava/lang/Void;)Lcom/sun/tools/javac/code/Type; @ 75
Event: 57.491 Thread 0x00000000197c0800 Uncommon trap: reason=unstable_if action=reinterpret pc=0x000000000458f054 method=com.sun.tools.javac.code.Types$19.visitClassType(Lcom/sun/tools/javac/code/Type$ClassType;Ljava/lang/Void;)Lcom/sun/tools/javac/util/List; @ 67
Event: 57.491 Thread 0x00000000197c0800 Uncommon trap: reason=unstable_if action=reinterpret pc=0x000000000458d6e0 method=com.sun.tools.javac.code.Types$19.visitClassType(Lcom/sun/tools/javac/code/Type$ClassType;Ljava/lang/Void;)Lcom/sun/tools/javac/util/List; @ 67
Event: 57.518 Thread 0x00000000197c0800 Uncommon trap: reason=unloaded action=reinterpret pc=0x0000000004435ca0 method=com.sun.tools.javac.jvm.ClassReader.readPool(I)Ljava/lang/Object; @ 436
Event: 57.576 Thread 0x00000000197c0800 Uncommon trap: reason=unstable_if action=reinterpret pc=0x00000000045deb68 method=com.sun.tools.javac.code.Types$SameTypeVisitor.visitClassType(Lcom/sun/tools/javac/code/Type$ClassType;Lcom/sun/tools/javac/code/Type;)Ljava/lang/Boolean; @ 327

Classes redefined (0 events):
No events

Internal exceptions (10 events):
Event: 33.498 Thread 0x00000000197c0800 Exception <a 'java/lang/NoSuchMethodError': <clinit>> (0x00000000e4ea4088) thrown at [C:\re\workspace\8-2-build-windows-amd64-cygwin\jdk8u201\12322\hotspot\src\share\vm\prims\jni.cpp, line 1613]
Event: 33.499 Thread 0x00000000197c0800 Exception <a 'java/lang/NoSuchMethodError': <clinit>> (0x00000000e4ea5ef0) thrown at [C:\re\workspace\8-2-build-windows-amd64-cygwin\jdk8u201\12322\hotspot\src\share\vm\prims\jni.cpp, line 1613]
Event: 36.049 Thread 0x000000001ba36000 Implicit null exception at 0x000000000305ee5d to 0x000000000305efc9
Event: 37.873 Thread 0x00000000197c0800 Exception <a 'java/lang/NoSuchMethodError': <clinit>> (0x00000000e1300a58) thrown at [C:\re\workspace\8-2-build-windows-amd64-cygwin\jdk8u201\12322\hotspot\src\share\vm\prims\jni.cpp, line 1613]
Event: 38.219 Thread 0x00000000197c0800 Exception <a 'java/lang/NoSuchMethodError': <clinit>> (0x00000000e1426d10) thrown at [C:\re\workspace\8-2-build-windows-amd64-cygwin\jdk8u201\12322\hotspot\src\share\vm\prims\jni.cpp, line 1613]
Event: 38.229 Thread 0x00000000197c0800 Exception <a 'java/lang/NoSuchMethodError': <clinit>> (0x00000000e1431b08) thrown at [C:\re\workspace\8-2-build-windows-amd64-cygwin\jdk8u201\12322\hotspot\src\share\vm\prims\jni.cpp, line 1613]
Event: 38.244 Thread 0x00000000197c0800 Exception <a 'java/lang/NoSuchMethodError': <clinit>> (0x00000000e144e5d0) thrown at [C:\re\workspace\8-2-build-windows-amd64-cygwin\jdk8u201\12322\hotspot\src\share\vm\prims\jni.cpp, line 1613]
Event: 38.246 Thread 0x00000000197c0800 Exception <a 'java/lang/NoSuchMethodError': <clinit>> (0x00000000e145cc38) thrown at [C:\re\workspace\8-2-build-windows-amd64-cygwin\jdk8u201\12322\hotspot\src\share\vm\prims\jni.cpp, line 1613]
Event: 44.120 Thread 0x00000000197c0800 Exception <a 'java/lang/NoSuchMethodError': java.lang.Object.lambda$negate$1(Ljava/lang/Object;)Z> (0x00000000e5395440) thrown at [C:\re\workspace\8-2-build-windows-amd64-cygwin\jdk8u201\12322\hotspot\src\share\vm\interpreter\linkResolver.cpp, line 620]
Event: 50.044 Thread 0x00000000197c0800 Exception <a 'java/lang/NoSuchMethodError': java.lang.Object.lambda$comparingInt$7b0bb60$1(Ljava/util/function/ToIntFunction;Ljava/lang/Object;Ljava/lang/Object;)I> (0x00000000e542d9a8) thrown at [C:\re\workspace\8-2-build-windows-amd64-cygwin\jdk8u201\12

Events (10 events):
Event: 57.826 Thread 0x0000000016755800 flushing nmethod 0x0000000003b87290
Event: 57.826 Thread 0x0000000016755800 flushing nmethod 0x0000000003c812d0
Event: 57.828 Thread 0x0000000016755800 flushing nmethod 0x0000000003d3c410
Event: 57.829 Thread 0x0000000016755800 flushing nmethod 0x0000000003d86910
Event: 57.833 Thread 0x0000000016755800 flushing nmethod 0x0000000003ed9590
Event: 57.857 Thread 0x00000000197c0800 DEOPT PACKING pc=0x0000000003006e28 sp=0x000000001adc9700
Event: 57.857 Thread 0x00000000197c0800 DEOPT UNPACKING pc=0x0000000002e17890 sp=0x000000001adc9550 mode 0
Event: 58.409 Executing VM operation: ForceSafepoint
Event: 58.410 Executing VM operation: ForceSafepoint done
Event: 58.727 Thread 0x0000000016755800 flushing nmethod 0x000000000376b1d0


Dynamic libraries:
0x00007ff661700000 - 0x00007ff661737000 	C:\Program Files\Java\jdk1.8.0_201\bin\java.exe
0x00007fff29400000 - 0x00007fff295e1000 	C:\WINDOWS\SYSTEM32\ntdll.dll
0x00007ffedf300000 - 0x00007ffedf312000 	C:\Program Files\AVAST Software\Avast\aswhook.dll
0x00007fff29180000 - 0x00007fff29232000 	C:\WINDOWS\System32\KERNEL32.DLL
0x00007fff260e0000 - 0x00007fff26353000 	C:\WINDOWS\System32\KERNELBASE.dll
0x00007fff29320000 - 0x00007fff293c1000 	C:\WINDOWS\System32\ADVAPI32.dll
0x00007fff28aa0000 - 0x00007fff28b3e000 	C:\WINDOWS\System32\msvcrt.dll
0x00007fff26f60000 - 0x00007fff26fbb000 	C:\WINDOWS\System32\sechost.dll
0x00007fff28970000 - 0x00007fff28a94000 	C:\WINDOWS\System32\RPCRT4.dll
0x00007fff287e0000 - 0x00007fff28970000 	C:\WINDOWS\System32\USER32.dll
0x00007fff260c0000 - 0x00007fff260e0000 	C:\WINDOWS\System32\win32u.dll
0x00007fff272a0000 - 0x00007fff272c8000 	C:\WINDOWS\System32\GDI32.dll
0x00007fff266f0000 - 0x00007fff26882000 	C:\WINDOWS\System32\gdi32full.dll
0x00007fff26550000 - 0x00007fff265ef000 	C:\WINDOWS\System32\msvcp_win.dll
0x00007fff265f0000 - 0x00007fff266ea000 	C:\WINDOWS\System32\ucrtbase.dll
0x00007fff15d40000 - 0x00007fff15fa9000 	C:\WINDOWS\WinSxS\amd64_microsoft.windows.common-controls_6595b64144ccf1df_6.0.17134.523_none_fb409dd930672a56\COMCTL32.dll
0x00007fff28e50000 - 0x00007fff29172000 	C:\WINDOWS\System32\combase.dll
0x00007fff25880000 - 0x00007fff258fa000 	C:\WINDOWS\System32\bcryptPrimitives.dll
0x00007fff27030000 - 0x00007fff2705d000 	C:\WINDOWS\System32\IMM32.DLL
0x0000000054e00000 - 0x0000000054ed1000 	C:\Program Files\Java\jdk1.8.0_201\jre\bin\msvcr100.dll
0x0000000054550000 - 0x0000000054df4000 	C:\Program Files\Java\jdk1.8.0_201\jre\bin\server\jvm.dll
0x00007fff26890000 - 0x00007fff26898000 	C:\WINDOWS\System32\PSAPI.DLL
0x00007fff16e80000 - 0x00007fff16e89000 	C:\WINDOWS\SYSTEM32\WSOCK32.dll
0x00007fff27330000 - 0x00007fff2739c000 	C:\WINDOWS\System32\WS2_32.dll
0x00007fff21310000 - 0x00007fff21333000 	C:\WINDOWS\SYSTEM32\WINMM.dll
0x00007fff19bc0000 - 0x00007fff19bca000 	C:\WINDOWS\SYSTEM32\VERSION.dll
0x00007fff212e0000 - 0x00007fff2130a000 	C:\WINDOWS\SYSTEM32\WINMMBASE.dll
0x00007fff257d0000 - 0x00007fff25819000 	C:\WINDOWS\System32\cfgmgr32.dll
0x00007fff22010000 - 0x00007fff2201f000 	C:\Program Files\Java\jdk1.8.0_201\jre\bin\verify.dll
0x00007fff191e0000 - 0x00007fff19209000 	C:\Program Files\Java\jdk1.8.0_201\jre\bin\java.dll
0x00007fff1e800000 - 0x00007fff1e816000 	C:\Program Files\Java\jdk1.8.0_201\jre\bin\zip.dll
0x00007fff273a0000 - 0x00007fff287e0000 	C:\WINDOWS\System32\SHELL32.dll
0x00007fff28d90000 - 0x00007fff28e39000 	C:\WINDOWS\System32\shcore.dll
0x00007fff25900000 - 0x00007fff2600d000 	C:\WINDOWS\System32\windows.storage.dll
0x00007fff272d0000 - 0x00007fff27321000 	C:\WINDOWS\System32\shlwapi.dll
0x00007fff257b0000 - 0x00007fff257c1000 	C:\WINDOWS\System32\kernel.appcore.dll
0x00007fff25790000 - 0x00007fff257af000 	C:\WINDOWS\System32\profapi.dll
0x00007fff25720000 - 0x00007fff2576c000 	C:\WINDOWS\System32\powrprof.dll
0x00007fff25710000 - 0x00007fff2571a000 	C:\WINDOWS\System32\FLTLIB.DLL
0x00007fff21390000 - 0x00007fff213aa000 	C:\Program Files\Java\jdk1.8.0_201\jre\bin\net.dll
0x00007fff19990000 - 0x00007fff19b59000 	C:\WINDOWS\SYSTEM32\urlmon.dll
0x00007fff19540000 - 0x00007fff197e5000 	C:\WINDOWS\SYSTEM32\iertutil.dll
0x00007fff25160000 - 0x00007fff2516b000 	C:\WINDOWS\SYSTEM32\CRYPTBASE.DLL
0x00007fff24f90000 - 0x00007fff24ff6000 	C:\WINDOWS\system32\mswsock.dll
0x00007fff208d0000 - 0x00007fff208e1000 	C:\Program Files\Java\jdk1.8.0_201\jre\bin\nio.dll
0x00007fff20cc0000 - 0x00007fff20cde000 	C:\Users\HP\.gradle\native\25\windows-amd64\native-platform.dll
0x00007fff22000000 - 0x00007fff2200d000 	C:\Program Files\Java\jdk1.8.0_201\jre\bin\management.dll
0x00007fff25140000 - 0x00007fff25157000 	C:\WINDOWS\SYSTEM32\CRYPTSP.dll
0x00007fff24b70000 - 0x00007fff24ba3000 	C:\WINDOWS\system32\rsaenh.dll
0x00007fff25270000 - 0x00007fff25295000 	C:\WINDOWS\SYSTEM32\bcrypt.dll
0x00007fff25640000 - 0x00007fff25668000 	C:\WINDOWS\SYSTEM32\USERENV.dll
0x00007fff24d10000 - 0x00007fff24d48000 	C:\WINDOWS\SYSTEM32\IPHLPAPI.DLL
0x00007fff28e40000 - 0x00007fff28e48000 	C:\WINDOWS\System32\NSI.dll
0x00007fff1bbc0000 - 0x00007fff1bbd6000 	C:\WINDOWS\SYSTEM32\dhcpcsvc6.DLL
0x00007fff1bd70000 - 0x00007fff1bd8a000 	C:\WINDOWS\SYSTEM32\dhcpcsvc.DLL

VM Arguments:
jvm_args: -Xmx1536m -Dfile.encoding=windows-1252 -Duser.country=US -Duser.language=en -Duser.variant 
java_command: org.gradle.launcher.daemon.bootstrap.GradleDaemon 4.10.1
java_class_path (initial): C:\Users\HP\.gradle\wrapper\dists\gradle-4.10.1-all\455itskqi2qtf0v2sja68alqd\gradle-4.10.1\lib\gradle-launcher-4.10.1.jar
Launcher Type: SUN_STANDARD

Environment Variables:
JAVA_HOME=C:\Program Files\Java\jdk1.8.0_201
PATH=C:\Program Files (x86)\Common Files\Oracle\Java\javapath;C:\Program Files (x86)\Common Files\ArcSoft\Bin;C:\Program Files (x86)\Intel\iCLS Client\;C:\Program Files\Intel\iCLS Client\;C:\WINDOWS\system32;C:\WINDOWS;C:\WINDOWS\System32\Wbem;C:\WINDOWS\System32\WindowsPowerShell\v1.0\;C:\Program Files (x86)\Intel\Intel(R) Management Engine Components\DAL;C:\Program Files\Intel\Intel(R) Management Engine Components\DAL;C:\Program Files (x86)\Intel\Intel(R) Management Engine Components\IPT;C:\Program Files\Intel\Intel(R) Management Engine Components\IPT;c:\Program Files\Intel\WiFi\bin\;c:\Program Files\Common Files\Intel\WirelessCommon\;C:\Program Files (x86)\GtkSharp\2.12\bin;C:\WINDOWS\System32\OpenSSH\;C:\Users\HP\AppData\Local\Android\Sdk;C:\Program Files\Java\jdk1.8.0_201bin;C:\Program Files\Java\jdk1.8.0_201\bin;C:\Program Files\Java\jre1.8.0_201\bin;C:\Program Files\Git\cmd;C:\Program Files\Java\jdk1.8.0_201\bin;C:\Users\HP\AppData\Local\Microsoft\WindowsApps;
USERNAME=HP
OS=Windows_NT
PROCESSOR_IDENTIFIER=Intel64 Family 6 Model 61 Stepping 4, GenuineIntel



---------------  S Y S T E M  ---------------

OS: Windows 10.0 , 64 bit Build 17134 (10.0.17134.1)

CPU:total 4 (initial active 4) (2 cores per cpu, 2 threads per core) family 6 model 61 stepping 4, cmov, cx8, fxsr, mmx, sse, sse2, sse3, ssse3, sse4.1, sse4.2, popcnt, avx, avx2, aes, clmul, erms, 3dnowpref, lzcnt, ht, tsc, tscinvbit, bmi1, bmi2, adx

Memory: 4k page, physical 4082796k(245768k free), swap 4082796k(3224k free)

vm_info: Java HotSpot(TM) 64-Bit Server VM (25.201-b09) for windows-amd64 JRE (1.8.0_201-b09), built on Dec 15 2018 18:36:39 by "java_re" with MS VC++ 10.0 (VS2010)

time: Tue Feb 12 14:52:34 2019
timezone: Bangladesh Standard Time
elapsed time: 58 seconds (0d 0h 0m 58s)

