#
# There is insufficient memory for the Java Runtime Environment to continue.
# Native memory allocation (malloc) failed to allocate 1772976 bytes for Chunk::new
# Possible reasons:
#   The system is out of physical RAM or swap space
#   The process is running with CompressedOops enabled, and the Java Heap may be blocking the growth of the native heap
# Possible solutions:
#   Reduce memory load on the system
#   Increase physical memory or swap space
#   Check if swap backing store is full
#   Decrease Java heap size (-Xmx/-Xms)
#   Decrease number of Java threads
#   Decrease Java thread stack sizes (-Xss)
#   Set larger code cache with -XX:ReservedCodeCacheSize=
#   JVM is running with Unscaled Compressed Oops mode in which the Java heap is
#     placed in the first 4GB address space. The Java Heap base address is the
#     maximum limit for the native heap growth. Please use -XX:HeapBaseMinAddress
#     to set the Java Heap base and to place the Java Heap above 4GB virtual address.
# This output file may be truncated or incomplete.
#
#  Out of Memory Error (allocation.cpp:390), pid=872, tid=0x000000000000101c
#
# JRE version: Java(TM) SE Runtime Environment (8.0_201-b09) (build 1.8.0_201-b09)
# Java VM: Java HotSpot(TM) 64-Bit Server VM (25.201-b09 mixed mode windows-amd64 compressed oops)
# Failed to write core dump. Minidumps are not enabled by default on client versions of Windows
#

---------------  T H R E A D  ---------------

Current thread (0x000000001613a800):  JavaThread "C2 CompilerThread1" daemon [_thread_in_native, id=4124, stack(0x0000000017880000,0x0000000017980000)]

Stack: [0x0000000017880000,0x0000000017980000]
[error occurred during error reporting (printing stack bounds), id 0xc0000005]

Native frames: (J=compiled Java code, j=interpreted, Vv=VM code, C=native code)


Current CompileTask:
C2:  26722 4019   !   4       com.sun.beans.TypeResolver::resolve (274 bytes)


---------------  P R O C E S S  ---------------

Java Threads: ( => current thread )
  0x000000001d601000 JavaThread "Build operations Thread 4" [_thread_blocked, id=6976, stack(0x0000000020950000,0x0000000020a50000)]
  0x000000001d600800 JavaThread "Build operations Thread 3" [_thread_blocked, id=5372, stack(0x0000000020850000,0x0000000020950000)]
  0x000000001d604000 JavaThread "Build operations Thread 2" [_thread_blocked, id=3096, stack(0x0000000020750000,0x0000000020850000)]
  0x000000001d5ff800 JavaThread "Build operations" [_thread_blocked, id=11648, stack(0x0000000020650000,0x0000000020750000)]
  0x000000001ae16000 JavaThread "Cache worker for Artifact transforms cache (C:\Users\HP\.gradle\caches\transforms-1)" [_thread_blocked, id=9592, stack(0x000000001ebd0000,0x000000001ecd0000)]
  0x000000001ae14800 JavaThread "Cache worker for cache directory md-rule (C:\Users\HP\.gradle\caches\4.10.1\md-rule)" [_thread_blocked, id=9416, stack(0x000000001ead0000,0x000000001ebd0000)]
  0x000000001ae15000 JavaThread "Cache worker for cache directory md-supplier (C:\Users\HP\.gradle\caches\4.10.1\md-supplier)" [_thread_blocked, id=9776, stack(0x000000001e9d0000,0x000000001ead0000)]
  0x000000001ae16800 JavaThread "Cache worker for journal cache (C:\Users\HP\.gradle\caches\journal-1)" [_thread_blocked, id=4620, stack(0x000000001e4d0000,0x000000001e5d0000)]
  0x000000001ae17800 JavaThread "Cache worker for file hash cache (H:\AndroidStudioProjects\VariableGame\.gradle\4.10.1\fileHashes)" [_thread_blocked, id=11040, stack(0x000000001d120000,0x000000001d220000)]
  0x000000001ae18000 JavaThread "File lock request listener" [_thread_in_native, id=10184, stack(0x000000001bcd0000,0x000000001bdd0000)]
  0x000000001ae13000 JavaThread "Cache worker for file hash cache (C:\Users\HP\.gradle\caches\4.10.1\fileHashes)" [_thread_blocked, id=8668, stack(0x000000001b9a0000,0x000000001baa0000)]
  0x00000000192cb000 JavaThread "Stdin handler" [_thread_blocked, id=768, stack(0x000000001a8d0000,0x000000001a9d0000)]
  0x00000000192e9000 JavaThread "Asynchronous log dispatcher for DefaultDaemonConnection: socket connection from /127.0.0.1:5512 to /127.0.0.1:5513" [_thread_blocked, id=9832, stack(0x000000001a7d0000,0x000000001a8d0000)]
  0x00000000192e7800 JavaThread "Daemon worker" [_thread_in_native, id=2912, stack(0x000000001a6d0000,0x000000001a7d0000)]
  0x00000000192fd000 JavaThread "Cancel handler" [_thread_blocked, id=5912, stack(0x000000001a5d0000,0x000000001a6d0000)]
  0x0000000018257000 JavaThread "Handler for socket connection from /127.0.0.1:5512 to /127.0.0.1:5513" [_thread_in_native, id=7112, stack(0x000000001a2d0000,0x000000001a3d0000)]
  0x0000000018256800 JavaThread "Daemon" [_thread_blocked, id=292, stack(0x000000001a1d0000,0x000000001a2d0000)]
  0x0000000017d69800 JavaThread "Daemon periodic checks" [_thread_blocked, id=6392, stack(0x000000001a0d0000,0x000000001a1d0000)]
  0x00000000180b5800 JavaThread "Incoming local TCP Connector on port 5512" [_thread_in_native, id=1812, stack(0x0000000019e90000,0x0000000019f90000)]
  0x0000000019234800 JavaThread "Daemon health stats" [_thread_blocked, id=2772, stack(0x0000000019850000,0x0000000019950000)]
  0x0000000017ab0800 JavaThread "Service Thread" daemon [_thread_blocked, id=11464, stack(0x0000000017e80000,0x0000000017f80000)]
  0x000000001614c000 JavaThread "C1 CompilerThread2" daemon [_thread_blocked, id=9772, stack(0x0000000017980000,0x0000000017a80000)]
=>0x000000001613a800 JavaThread "C2 CompilerThread1" daemon [_thread_in_native, id=4124, stack(0x0000000017880000,0x0000000017980000)]
  0x0000000016136000 JavaThread "C2 CompilerThread0" daemon [_thread_in_native, id=12056, stack(0x0000000017780000,0x0000000017880000)]
  0x0000000016134800 JavaThread "Attach Listener" daemon [_thread_blocked, id=4684, stack(0x0000000017680000,0x0000000017780000)]
  0x0000000016133000 JavaThread "Signal Dispatcher" daemon [_thread_blocked, id=9916, stack(0x0000000017580000,0x0000000017680000)]
  0x00000000027bc000 JavaThread "Finalizer" daemon [_thread_blocked, id=6048, stack(0x0000000017390000,0x0000000017490000)]
  0x00000000027b3000 JavaThread "Reference Handler" daemon [_thread_blocked, id=6452, stack(0x0000000017290000,0x0000000017390000)]
  0x00000000024ee000 JavaThread "main" [_thread_blocked, id=6796, stack(0x00000000025c0000,0x00000000026c0000)]

Other Threads:
  0x00000000160f7800 VMThread [stack: 0x0000000017190000,0x0000000017290000] [id=11920]
  0x0000000016185800 WatcherThread [stack: 0x0000000017f80000,0x0000000018080000] [id=5688]

VM state:not at safepoint (normal execution)

VM Mutex/Monitor currently owned by a thread: None

heap address: 0x00000000a0000000, size: 1536 MB, Compressed Oops mode: 32-bit
Narrow klass base: 0x0000000000000000, Narrow klass shift: 3
Compressed class space size: 1073741824 Address: 0x0000000100000000

Heap:
 PSYoungGen      total 101888K, used 19346K [0x00000000e0000000, 0x00000000e8b80000, 0x0000000100000000)
  eden space 93184K, 11% used [0x00000000e0000000,0x00000000e0a69830,0x00000000e5b00000)
  from space 8704K, 99% used [0x00000000e5b00000,0x00000000e637b3a0,0x00000000e6380000)
  to   space 11776K, 0% used [0x00000000e8000000,0x00000000e8000000,0x00000000e8b80000)
 ParOldGen       total 52736K, used 21729K [0x00000000a0000000, 0x00000000a3380000, 0x00000000e0000000)
  object space 52736K, 41% used [0x00000000a0000000,0x00000000a15384a8,0x00000000a3380000)
 Metaspace       used 43932K, capacity 44868K, committed 45184K, reserved 1087488K
  class space    used 6122K, capacity 6444K, committed 6528K, reserved 1048576K

Card table byte_map: [0x0000000011b80000,0x0000000011e90000] byte_map_base: 0x0000000011680000

Marking Bits: (ParMarkBitMap*) 0x00000000539b4ce0
 Begin Bits: [0x0000000012490000, 0x0000000013c90000)
 End Bits:   [0x0000000013c90000, 0x0000000015490000)

Polling page: 0x00000000024f0000

CodeCache: size=245760Kb used=13225Kb max_used=13265Kb free=232534Kb
 bounds [0x00000000027c0000, 0x00000000034d0000, 0x00000000117c0000]
 total_blobs=4497 nmethods=3748 adapters=660
 compilation: enabled

Compilation events (10 events):
Event: 26.403 Thread 0x000000001614c000 4054       3       java.lang.Class::createAnnotationData (192 bytes)
Event: 26.405 Thread 0x000000001614c000 nmethod 4054 0x0000000002ba0dd0 code [0x0000000002ba10e0, 0x0000000002ba2638]
Event: 26.411 Thread 0x000000001614c000 4055       3       java.util.Formatter::checkText (58 bytes)
Event: 26.412 Thread 0x000000001614c000 nmethod 4055 0x0000000002d48ed0 code [0x0000000002d490c0, 0x0000000002d49a68]
Event: 26.577 Thread 0x000000001614c000 4056       3       java.util.TreeMap::<init> (20 bytes)
Event: 26.578 Thread 0x000000001614c000 nmethod 4056 0x0000000002a23d10 code [0x0000000002a23e80, 0x0000000002a240b0]
Event: 26.618 Thread 0x000000001614c000 4057       1       java.lang.invoke.InnerClassLambdaMetafactory::access$300 (5 bytes)
Event: 26.618 Thread 0x000000001614c000 nmethod 4057 0x0000000002aef0d0 code [0x0000000002aef220, 0x0000000002aef310]
Event: 26.649 Thread 0x000000001614c000 4058       3       java.lang.invoke.MemberName::isCallerSensitive (7 bytes)
Event: 26.649 Thread 0x000000001614c000 nmethod 4058 0x0000000002b0e850 code [0x0000000002b0e9c0, 0x0000000002b0ec30]

GC Heap History (10 events):
Event: 14.178 GC heap before
{Heap before GC invocations=13 (full 1):
 PSYoungGen      total 57856K, used 56578K [0x00000000e0000000, 0x00000000e5280000, 0x0000000100000000)
  eden space 51200K, 100% used [0x00000000e0000000,0x00000000e3200000,0x00000000e3200000)
  from space 6656K, 80% used [0x00000000e3200000,0x00000000e3740be8,0x00000000e3880000)
  to   space 6656K, 0% used [0x00000000e4c00000,0x00000000e4c00000,0x00000000e5280000)
 ParOldGen       total 31232K, used 7678K [0x00000000a0000000, 0x00000000a1e80000, 0x00000000e0000000)
  object space 31232K, 24% used [0x00000000a0000000,0x00000000a077fad0,0x00000000a1e80000)
 Metaspace       used 29311K, capacity 29940K, committed 29952K, reserved 1075200K
  class space    used 4135K, capacity 4342K, committed 4352K, reserved 1048576K
Event: 14.201 GC heap after
Heap after GC invocations=13 (full 1):
 PSYoungGen      total 75776K, used 4899K [0x00000000e0000000, 0x00000000e5180000, 0x0000000100000000)
  eden space 70144K, 0% used [0x00000000e0000000,0x00000000e0000000,0x00000000e4480000)
  from space 5632K, 86% used [0x00000000e4c00000,0x00000000e50c8de0,0x00000000e5180000)
  to   space 6656K, 0% used [0x00000000e4480000,0x00000000e4480000,0x00000000e4b00000)
 ParOldGen       total 31232K, used 10050K [0x00000000a0000000, 0x00000000a1e80000, 0x00000000e0000000)
  object space 31232K, 32% used [0x00000000a0000000,0x00000000a09d0990,0x00000000a1e80000)
 Metaspace       used 29311K, capacity 29940K, committed 29952K, reserved 1075200K
  class space    used 4135K, capacity 4342K, committed 4352K, reserved 1048576K
}
Event: 21.069 GC heap before
{Heap before GC invocations=14 (full 1):
 PSYoungGen      total 75776K, used 75043K [0x00000000e0000000, 0x00000000e5180000, 0x0000000100000000)
  eden space 70144K, 100% used [0x00000000e0000000,0x00000000e4480000,0x00000000e4480000)
  from space 5632K, 86% used [0x00000000e4c00000,0x00000000e50c8de0,0x00000000e5180000)
  to   space 6656K, 0% used [0x00000000e4480000,0x00000000e4480000,0x00000000e4b00000)
 ParOldGen       total 31232K, used 10050K [0x00000000a0000000, 0x00000000a1e80000, 0x00000000e0000000)
  object space 31232K, 32% used [0x00000000a0000000,0x00000000a09d0990,0x00000000a1e80000)
 Metaspace       used 32885K, capacity 33580K, committed 33664K, reserved 1077248K
  class space    used 4702K, capacity 4958K, committed 4992K, reserved 1048576K
Event: 21.087 GC heap after
Heap after GC invocations=14 (full 1):
 PSYoungGen      total 76800K, used 6635K [0x00000000e0000000, 0x00000000e6c80000, 0x0000000100000000)
  eden space 70144K, 0% used [0x00000000e0000000,0x00000000e0000000,0x00000000e4480000)
  from space 6656K, 99% used [0x00000000e4480000,0x00000000e4afae98,0x00000000e4b00000)
  to   space 8704K, 0% used [0x00000000e6400000,0x00000000e6400000,0x00000000e6c80000)
 ParOldGen       total 31232K, used 12757K [0x00000000a0000000, 0x00000000a1e80000, 0x00000000e0000000)
  object space 31232K, 40% used [0x00000000a0000000,0x00000000a0c75650,0x00000000a1e80000)
 Metaspace       used 32885K, capacity 33580K, committed 33664K, reserved 1077248K
  class space    used 4702K, capacity 4958K, committed 4992K, reserved 1048576K
}
Event: 21.827 GC heap before
{Heap before GC invocations=15 (full 1):
 PSYoungGen      total 76800K, used 13197K [0x00000000e0000000, 0x00000000e6c80000, 0x0000000100000000)
  eden space 70144K, 9% used [0x00000000e0000000,0x00000000e0668758,0x00000000e4480000)
  from space 6656K, 99% used [0x00000000e4480000,0x00000000e4afae98,0x00000000e4b00000)
  to   space 8704K, 0% used [0x00000000e6400000,0x00000000e6400000,0x00000000e6c80000)
 ParOldGen       total 31232K, used 12757K [0x00000000a0000000, 0x00000000a1e80000, 0x00000000e0000000)
  object space 31232K, 40% used [0x00000000a0000000,0x00000000a0c75650,0x00000000a1e80000)
 Metaspace       used 34643K, capacity 35350K, committed 35456K, reserved 1079296K
  class space    used 4951K, capacity 5229K, committed 5248K, reserved 1048576K
Event: 21.838 GC heap after
Heap after GC invocations=15 (full 1):
 PSYoungGen      total 101376K, used 1095K [0x00000000e0000000, 0x00000000e6c00000, 0x0000000100000000)
  eden space 93184K, 0% used [0x00000000e0000000,0x00000000e0000000,0x00000000e5b00000)
  from space 8192K, 13% used [0x00000000e6400000,0x00000000e6511e28,0x00000000e6c00000)
  to   space 8704K, 0% used [0x00000000e5b00000,0x00000000e5b00000,0x00000000e6380000)
 ParOldGen       total 31232K, used 16485K [0x00000000a0000000, 0x00000000a1e80000, 0x00000000e0000000)
  object space 31232K, 52% used [0x00000000a0000000,0x00000000a10196d0,0x00000000a1e80000)
 Metaspace       used 34643K, capacity 35350K, committed 35456K, reserved 1079296K
  class space    used 4951K, capacity 5229K, committed 5248K, reserved 1048576K
}
Event: 21.838 GC heap before
{Heap before GC invocations=16 (full 2):
 PSYoungGen      total 101376K, used 1095K [0x00000000e0000000, 0x00000000e6c00000, 0x0000000100000000)
  eden space 93184K, 0% used [0x00000000e0000000,0x00000000e0000000,0x00000000e5b00000)
  from space 8192K, 13% used [0x00000000e6400000,0x00000000e6511e28,0x00000000e6c00000)
  to   space 8704K, 0% used [0x00000000e5b00000,0x00000000e5b00000,0x00000000e6380000)
 ParOldGen       total 31232K, used 16485K [0x00000000a0000000, 0x00000000a1e80000, 0x00000000e0000000)
  object space 31232K, 52% used [0x00000000a0000000,0x00000000a10196d0,0x00000000a1e80000)
 Metaspace       used 34643K, capacity 35350K, committed 35456K, reserved 1079296K
  class space    used 4951K, capacity 5229K, committed 5248K, reserved 1048576K
Event: 22.055 GC heap after
Heap after GC invocations=16 (full 2):
 PSYoungGen      total 101376K, used 0K [0x00000000e0000000, 0x00000000e6c00000, 0x0000000100000000)
  eden space 93184K, 0% used [0x00000000e0000000,0x00000000e0000000,0x00000000e5b00000)
  from space 8192K, 0% used [0x00000000e6400000,0x00000000e6400000,0x00000000e6c00000)
  to   space 8704K, 0% used [0x00000000e5b00000,0x00000000e5b00000,0x00000000e6380000)
 ParOldGen       total 52736K, used 16531K [0x00000000a0000000, 0x00000000a3380000, 0x00000000e0000000)
  object space 52736K, 31% used [0x00000000a0000000,0x00000000a1024d58,0x00000000a3380000)
 Metaspace       used 34643K, capacity 35350K, committed 35456K, reserved 1079296K
  class space    used 4951K, capacity 5229K, committed 5248K, reserved 1048576K
}
Event: 26.144 GC heap before
{Heap before GC invocations=17 (full 2):
 PSYoungGen      total 101376K, used 93184K [0x00000000e0000000, 0x00000000e6c00000, 0x0000000100000000)
  eden space 93184K, 100% used [0x00000000e0000000,0x00000000e5b00000,0x00000000e5b00000)
  from space 8192K, 0% used [0x00000000e6400000,0x00000000e6400000,0x00000000e6c00000)
  to   space 8704K, 0% used [0x00000000e5b00000,0x00000000e5b00000,0x00000000e6380000)
 ParOldGen       total 52736K, used 16531K [0x00000000a0000000, 0x00000000a3380000, 0x00000000e0000000)
  object space 52736K, 31% used [0x00000000a0000000,0x00000000a1024d58,0x00000000a3380000)
 Metaspace       used 43154K, capacity 44064K, committed 44288K, reserved 1087488K
  class space    used 5994K, capacity 6308K, committed 6400K, reserved 1048576K
Event: 26.174 GC heap after
Heap after GC invocations=17 (full 2):
 PSYoungGen      total 101888K, used 8684K [0x00000000e0000000, 0x00000000e8b80000, 0x0000000100000000)
  eden space 93184K, 0% used [0x00000000e0000000,0x00000000e0000000,0x00000000e5b00000)
  from space 8704K, 99% used [0x00000000e5b00000,0x00000000e637b3a0,0x00000000e6380000)
  to   space 11776K, 0% used [0x00000000e8000000,0x00000000e8000000,0x00000000e8b80000)
 ParOldGen       total 52736K, used 21729K [0x00000000a0000000, 0x00000000a3380000, 0x00000000e0000000)
  object space 52736K, 41% used [0x00000000a0000000,0x00000000a15384a8,0x00000000a3380000)
 Metaspace       used 43154K, capacity 44064K, committed 44288K, reserved 1087488K
  class space    used 5994K, capacity 6308K, committed 6400K, reserved 1048576K
}

Deoptimization events (10 events):
Event: 23.994 Thread 0x00000000192e7800 Uncommon trap: reason=unstable_if action=reinterpret pc=0x0000000002cdd7c0 method=java.util.jar.Attributes$Name.isDigit(C)Z @ 3
Event: 24.025 Thread 0x00000000192e7800 Uncommon trap: reason=unstable_if action=reinterpret pc=0x000000000331f7a8 method=java.lang.ThreadLocal.get()Ljava/lang/Object; @ 11
Event: 24.077 Thread 0x00000000192e7800 Uncommon trap: reason=unstable_if action=reinterpret pc=0x0000000003104158 method=java.util.HashMap.putVal(ILjava/lang/Object;Ljava/lang/Object;ZZ)Ljava/lang/Object; @ 236
Event: 24.139 Thread 0x00000000192e7800 Uncommon trap: reason=unstable_if action=reinterpret pc=0x0000000002c4bc7c method=java.lang.CharacterDataLatin1.isWhitespace(I)Z @ 14
Event: 24.339 Thread 0x00000000192e7800 Uncommon trap: reason=unstable_if action=reinterpret pc=0x00000000032b77d4 method=java.util.jar.JarFile.maybeInstantiateVerifier()V @ 4
Event: 24.358 Thread 0x00000000192e7800 Uncommon trap: reason=unstable_if action=reinterpret pc=0x0000000002f5e698 method=java.util.jar.JarFile.maybeInstantiateVerifier()V @ 4
Event: 24.362 Thread 0x00000000192e7800 Uncommon trap: reason=unstable_if action=reinterpret pc=0x0000000002d5ce6c method=java.security.CodeSource.getCertificates()[Ljava/security/cert/Certificate; @ 22
Event: 24.363 Thread 0x00000000192e7800 Uncommon trap: reason=unstable_if action=reinterpret pc=0x00000000032fbaf0 method=java.security.CodeSource.matchCerts(Ljava/security/CodeSource;Z)Z @ 11
Event: 24.400 Thread 0x00000000192e7800 Uncommon trap: reason=unstable_if action=reinterpret pc=0x0000000003239ad0 method=java.util.LinkedHashMap.get(Ljava/lang/Object;)Ljava/lang/Object; @ 20
Event: 24.559 Thread 0x00000000192e7800 Uncommon trap: reason=unstable_if action=reinterpret pc=0x0000000002fa4ee4 method=org.objectweb.asm.ByteVector.putUTF8(Ljava/lang/String;)Lorg/objectweb/asm/ByteVector; @ 91

Classes redefined (0 events):
No events

Internal exceptions (10 events):
Event: 26.196 Thread 0x00000000192e7800 Exception <a 'java/lang/ClassNotFoundException': org/gradle/api/internal/file/CompositeFileCollectionBeanInfo> (0x00000000e011ecf8) thrown at [C:\re\workspace\8-2-build-windows-amd64-cygwin\jdk8u201\12322\hotspot\src\share\vm\classfile\systemDictionary.cp
Event: 26.197 Thread 0x00000000192e7800 Exception <a 'java/lang/ClassNotFoundException': org/gradle/api/internal/file/AbstractFileCollectionBeanInfo> (0x00000000e0156730) thrown at [C:\re\workspace\8-2-build-windows-amd64-cygwin\jdk8u201\12322\hotspot\src\share\vm\classfile\systemDictionary.cpp
Event: 26.199 Thread 0x00000000192e7800 Exception <a 'java/lang/ClassNotFoundException': org/gradle/api/internal/file/AbstractFileCollectionCustomizer> (0x00000000e018ea60) thrown at [C:\re\workspace\8-2-build-windows-amd64-cygwin\jdk8u201\12322\hotspot\src\share\vm\classfile\systemDictionary.c
Event: 26.201 Thread 0x00000000192e7800 Exception <a 'java/lang/ClassNotFoundException': org/gradle/api/internal/file/CompositeFileCollectionCustomizer> (0x00000000e01d7be8) thrown at [C:\re\workspace\8-2-build-windows-amd64-cygwin\jdk8u201\12322\hotspot\src\share\vm\classfile\systemDictionary.
Event: 26.202 Thread 0x00000000192e7800 Exception <a 'java/lang/ClassNotFoundException': org/gradle/api/internal/file/CompositeFileTreeCustomizer> (0x00000000e021cb48) thrown at [C:\re\workspace\8-2-build-windows-amd64-cygwin\jdk8u201\12322\hotspot\src\share\vm\classfile\systemDictionary.cpp, l
Event: 26.204 Thread 0x00000000192e7800 Exception <a 'java/lang/ClassNotFoundException': org/gradle/api/internal/file/collections/DefaultConfigurableFileTreeCustomizer> (0x00000000e026a850) thrown at [C:\re\workspace\8-2-build-windows-amd64-cygwin\jdk8u201\12322\hotspot\src\share\vm\classfile\s
Event: 26.631 Thread 0x00000000192e7800 Exception <a 'sun/nio/fs/WindowsException'> (0x00000000e08c01a0) thrown at [C:\re\workspace\8-2-build-windows-amd64-cygwin\jdk8u201\12322\hotspot\src\share\vm\prims\jni.cpp, line 709]
Event: 26.632 Thread 0x00000000192e7800 Exception <a 'sun/nio/fs/WindowsException'> (0x00000000e08c0e50) thrown at [C:\re\workspace\8-2-build-windows-amd64-cygwin\jdk8u201\12322\hotspot\src\share\vm\prims\jni.cpp, line 709]
Event: 26.633 Thread 0x00000000192e7800 Exception <a 'sun/nio/fs/WindowsException'> (0x00000000e08c2ff0) thrown at [C:\re\workspace\8-2-build-windows-amd64-cygwin\jdk8u201\12322\hotspot\src\share\vm\prims\jni.cpp, line 709]
Event: 26.633 Thread 0x00000000192e7800 Exception <a 'sun/nio/fs/WindowsException'> (0x00000000e08c3ce0) thrown at [C:\re\workspace\8-2-build-windows-amd64-cygwin\jdk8u201\12322\hotspot\src\share\vm\prims\jni.cpp, line 709]

Events (10 events):
Event: 26.632 loading class java/nio/file/NoSuchFileException done
Event: 26.634 loading class java/nio/file/Files$2
Event: 26.634 loading class java/nio/file/Files$2 done
Event: 26.634 loading class java/util/Spliterators$IteratorSpliterator
Event: 26.647 loading class java/util/Spliterators$IteratorSpliterator done
Event: 26.650 loading class java/util/function/IntFunction
Event: 26.650 loading class java/util/function/IntFunction done
Event: 26.650 loading class java/util/stream/Nodes
Event: 26.660 loading class java/util/stream/Nodes done
Event: 26.661 loading class java/util/stream/Nodes$EmptyNode$OfRef


Dynamic libraries:
0x00007ff6ce480000 - 0x00007ff6ce4b7000 	C:\Program Files\Java\jdk1.8.0_201\bin\java.exe
0x00007ffe75670000 - 0x00007ffe75851000 	C:\WINDOWS\SYSTEM32\ntdll.dll
0x00007ffe55f60000 - 0x00007ffe55f72000 	C:\Program Files\AVAST Software\Avast\aswhook.dll
0x00007ffe73b30000 - 0x00007ffe73be2000 	C:\WINDOWS\System32\KERNEL32.DLL
0x00007ffe72230000 - 0x00007ffe724a3000 	C:\WINDOWS\System32\KERNELBASE.dll
0x00007ffe73120000 - 0x00007ffe731c1000 	C:\WINDOWS\System32\ADVAPI32.dll
0x00007ffe731d0000 - 0x00007ffe7326e000 	C:\WINDOWS\System32\msvcrt.dll
0x00007ffe73270000 - 0x00007ffe732cb000 	C:\WINDOWS\System32\sechost.dll
0x00007ffe740d0000 - 0x00007ffe741f4000 	C:\WINDOWS\System32\RPCRT4.dll
0x00007ffe73d70000 - 0x00007ffe73f00000 	C:\WINDOWS\System32\USER32.dll
0x00007ffe72660000 - 0x00007ffe72680000 	C:\WINDOWS\System32\win32u.dll
0x00007ffe73690000 - 0x00007ffe736b8000 	C:\WINDOWS\System32\GDI32.dll
0x00007ffe72770000 - 0x00007ffe72902000 	C:\WINDOWS\System32\gdi32full.dll
0x00007ffe726d0000 - 0x00007ffe7276f000 	C:\WINDOWS\System32\msvcp_win.dll
0x00007ffe72560000 - 0x00007ffe7265a000 	C:\WINDOWS\System32\ucrtbase.dll
0x00007ffe62600000 - 0x00007ffe62869000 	C:\WINDOWS\WinSxS\amd64_microsoft.windows.common-controls_6595b64144ccf1df_6.0.17134.523_none_fb409dd930672a56\COMCTL32.dll
0x00007ffe72c60000 - 0x00007ffe72f82000 	C:\WINDOWS\System32\combase.dll
0x00007ffe72150000 - 0x00007ffe721ca000 	C:\WINDOWS\System32\bcryptPrimitives.dll
0x00007ffe740a0000 - 0x00007ffe740cd000 	C:\WINDOWS\System32\IMM32.DLL
0x0000000053a40000 - 0x0000000053b11000 	C:\Program Files\Java\jdk1.8.0_201\jre\bin\msvcr100.dll
0x0000000053190000 - 0x0000000053a34000 	C:\Program Files\Java\jdk1.8.0_201\jre\bin\server\jvm.dll
0x00007ffe72f90000 - 0x00007ffe72f98000 	C:\WINDOWS\System32\PSAPI.DLL
0x00007ffe4df40000 - 0x00007ffe4df49000 	C:\WINDOWS\SYSTEM32\WSOCK32.dll
0x00007ffe733a0000 - 0x00007ffe7340c000 	C:\WINDOWS\System32\WS2_32.dll
0x00007ffe6c9c0000 - 0x00007ffe6c9e3000 	C:\WINDOWS\SYSTEM32\WINMM.dll
0x00007ffe64b60000 - 0x00007ffe64b6a000 	C:\WINDOWS\SYSTEM32\VERSION.dll
0x00007ffe6c990000 - 0x00007ffe6c9ba000 	C:\WINDOWS\SYSTEM32\WINMMBASE.dll
0x00007ffe72680000 - 0x00007ffe726c9000 	C:\WINDOWS\System32\cfgmgr32.dll
0x00007ffe6f6d0000 - 0x00007ffe6f6df000 	C:\Program Files\Java\jdk1.8.0_201\jre\bin\verify.dll
0x00007ffe6bee0000 - 0x00007ffe6bf09000 	C:\Program Files\Java\jdk1.8.0_201\jre\bin\java.dll
0x00007ffe63bc0000 - 0x00007ffe63bd6000 	C:\Program Files\Java\jdk1.8.0_201\jre\bin\zip.dll
0x00007ffe74200000 - 0x00007ffe75640000 	C:\WINDOWS\System32\SHELL32.dll
0x00007ffe73570000 - 0x00007ffe73619000 	C:\WINDOWS\System32\shcore.dll
0x00007ffe71a40000 - 0x00007ffe7214d000 	C:\WINDOWS\System32\windows.storage.dll
0x00007ffe73470000 - 0x00007ffe734c1000 	C:\WINDOWS\System32\shlwapi.dll
0x00007ffe719b0000 - 0x00007ffe719c1000 	C:\WINDOWS\System32\kernel.appcore.dll
0x00007ffe71990000 - 0x00007ffe719af000 	C:\WINDOWS\System32\profapi.dll
0x00007ffe719d0000 - 0x00007ffe71a1c000 	C:\WINDOWS\System32\powrprof.dll
0x00007ffe71980000 - 0x00007ffe7198a000 	C:\WINDOWS\System32\FLTLIB.DLL
0x00007ffe62f70000 - 0x00007ffe62f8a000 	C:\Program Files\Java\jdk1.8.0_201\jre\bin\net.dll
0x00007ffe64200000 - 0x00007ffe643c9000 	C:\WINDOWS\SYSTEM32\urlmon.dll
0x00007ffe64b70000 - 0x00007ffe64e15000 	C:\WINDOWS\SYSTEM32\iertutil.dll
0x00007ffe713d0000 - 0x00007ffe713db000 	C:\WINDOWS\SYSTEM32\CRYPTBASE.DLL
0x00007ffe71200000 - 0x00007ffe71266000 	C:\WINDOWS\system32\mswsock.dll
0x00007ffe61ac0000 - 0x00007ffe61ad1000 	C:\Program Files\Java\jdk1.8.0_201\jre\bin\nio.dll
0x00007ffe6ca50000 - 0x00007ffe6ca6e000 	C:\Users\HP\.gradle\native\25\windows-amd64\native-platform.dll
0x00007ffe6f330000 - 0x00007ffe6f33d000 	C:\Program Files\Java\jdk1.8.0_201\jre\bin\management.dll
0x00007ffe713b0000 - 0x00007ffe713c7000 	C:\WINDOWS\SYSTEM32\CRYPTSP.dll
0x00007ffe70d80000 - 0x00007ffe70db3000 	C:\WINDOWS\system32\rsaenh.dll
0x00007ffe714e0000 - 0x00007ffe71505000 	C:\WINDOWS\SYSTEM32\bcrypt.dll
0x00007ffe71880000 - 0x00007ffe718a8000 	C:\WINDOWS\SYSTEM32\USERENV.dll
0x00007ffe70f80000 - 0x00007ffe70fb8000 	C:\WINDOWS\SYSTEM32\IPHLPAPI.DLL
0x00007ffe73620000 - 0x00007ffe73628000 	C:\WINDOWS\System32\NSI.dll
0x00007ffe679e0000 - 0x00007ffe679f6000 	C:\WINDOWS\SYSTEM32\dhcpcsvc6.DLL
0x00007ffe67a90000 - 0x00007ffe67aaa000 	C:\WINDOWS\SYSTEM32\dhcpcsvc.DLL

VM Arguments:
jvm_args: -Xmx1536m -Dfile.encoding=windows-1252 -Duser.country=US -Duser.language=en -Duser.variant 
java_command: org.gradle.launcher.daemon.bootstrap.GradleDaemon 4.10.1
java_class_path (initial): C:\Users\HP\.gradle\wrapper\dists\gradle-4.10.1-all\455itskqi2qtf0v2sja68alqd\gradle-4.10.1\lib\gradle-launcher-4.10.1.jar
Launcher Type: SUN_STANDARD

Environment Variables:
JAVA_HOME=C:\Program Files\Java\jdk1.8.0_201
PATH=C:\Program Files (x86)\Common Files\Oracle\Java\javapath;C:\Program Files (x86)\Common Files\ArcSoft\Bin;C:\Program Files (x86)\Intel\iCLS Client\;C:\Program Files\Intel\iCLS Client\;C:\WINDOWS\system32;C:\WINDOWS;C:\WINDOWS\System32\Wbem;C:\WINDOWS\System32\WindowsPowerShell\v1.0\;C:\Program Files (x86)\Intel\Intel(R) Management Engine Components\DAL;C:\Program Files\Intel\Intel(R) Management Engine Components\DAL;C:\Program Files (x86)\Intel\Intel(R) Management Engine Components\IPT;C:\Program Files\Intel\Intel(R) Management Engine Components\IPT;c:\Program Files\Intel\WiFi\bin\;c:\Program Files\Common Files\Intel\WirelessCommon\;C:\Program Files (x86)\GtkSharp\2.12\bin;C:\WINDOWS\System32\OpenSSH\;C:\Users\HP\AppData\Local\Android\Sdk;C:\Program Files\Java\jdk1.8.0_201bin;C:\Program Files\Java\jdk1.8.0_201\bin;C:\Program Files\Java\jre1.8.0_201\bin;C:\Program Files\Git\cmd;C:\Program Files\Java\jdk1.8.0_201\bin;C:\Users\HP\AppData\Local\Microsoft\WindowsApps;
USERNAME=HP
OS=Windows_NT
PROCESSOR_IDENTIFIER=Intel64 Family 6 Model 61 Stepping 4, GenuineIntel



---------------  S Y S T E M  ---------------

OS: Windows 10.0 , 64 bit Build 17134 (10.0.17134.1)

CPU:total 4 (initial active 4) (2 cores per cpu, 2 threads per core) family 6 model 61 stepping 4, cmov, cx8, fxsr, mmx, sse, sse2, sse3, ssse3, sse4.1, sse4.2, popcnt, avx, avx2, aes, clmul, erms, 3dnowpref, lzcnt, ht, tsc, tscinvbit, bmi1, bmi2, adx

Memory: 4k page, physical 4082796k(412140k free), swap 4082796k(5328k free)

vm_info: Java HotSpot(TM) 64-Bit Server VM (25.201-b09) for windows-amd64 JRE (1.8.0_201-b09), built on Dec 15 2018 18:36:39 by "java_re" with MS VC++ 10.0 (VS2010)

time: Mon Feb 11 15:52:30 2019
timezone: Bangladesh Standard Time
elapsed time: 26 seconds (0d 0h 0m 26s)

