#
# There is insufficient memory for the Java Runtime Environment to continue.
# Native memory allocation (malloc) failed to allocate 32744 bytes for ChunkPool::allocate
# Possible reasons:
#   The system is out of physical RAM or swap space
#   The process is running with CompressedOops enabled, and the Java Heap may be blocking the growth of the native heap
# Possible solutions:
#   Reduce memory load on the system
#   Increase physical memory or swap space
#   Check if swap backing store is full
#   Decrease Java heap size (-Xmx/-Xms)
#   Decrease number of Java threads
#   Decrease Java thread stack sizes (-Xss)
#   Set larger code cache with -XX:ReservedCodeCacheSize=
#   JVM is running with Unscaled Compressed Oops mode in which the Java heap is
#     placed in the first 4GB address space. The Java Heap base address is the
#     maximum limit for the native heap growth. Please use -XX:HeapBaseMinAddress
#     to set the Java Heap base and to place the Java Heap above 4GB virtual address.
# This output file may be truncated or incomplete.
#
#  Out of Memory Error (allocation.cpp:273), pid=1732, tid=0x00000000000008c0
#
# JRE version: Java(TM) SE Runtime Environment (8.0_201-b09) (build 1.8.0_201-b09)
# Java VM: Java HotSpot(TM) 64-Bit Server VM (25.201-b09 mixed mode windows-amd64 compressed oops)
# Failed to write core dump. Minidumps are not enabled by default on client versions of Windows
#

---------------  T H R E A D  ---------------

Current thread (0x00000000185fd000):  JavaThread "Daemon worker" [_thread_in_vm, id=2240, stack(0x000000001a820000,0x000000001a920000)]

Stack: [0x000000001a820000,0x000000001a920000]
[error occurred during error reporting (printing stack bounds), id 0xc0000005]

Native frames: (J=compiled Java code, j=interpreted, Vv=VM code, C=native code)

Java frames: (J=compiled Java code, j=interpreted, Vv=VM code)
J 791  java.lang.ClassLoader.defineClass1(Ljava/lang/String;[BIILjava/security/ProtectionDomain;Ljava/lang/String;)Ljava/lang/Class; (0 bytes) @ 0x0000000002d3ec1f [0x0000000002d3eb80+0x9f]
J 783 C1 java.lang.ClassLoader.defineClass(Ljava/lang/String;[BIILjava/security/ProtectionDomain;)Ljava/lang/Class; (43 bytes) @ 0x0000000002d3bfe4 [0x0000000002d3ba00+0x5e4]
J 554 C1 java.net.URLClassLoader.defineClass(Ljava/lang/String;Lsun/misc/Resource;)Ljava/lang/Class; (142 bytes) @ 0x0000000002c77424 [0x0000000002c758c0+0x1b64]
J 307 C1 java.net.URLClassLoader$1.run()Ljava/lang/Class; (63 bytes) @ 0x0000000002bc02ac [0x0000000002bbffe0+0x2cc]
J 306 C1 java.net.URLClassLoader$1.run()Ljava/lang/Object; (5 bytes) @ 0x0000000002bc0a8c [0x0000000002bc0a00+0x8c]
v  ~StubRoutines::call_stub
J 235  java.security.AccessController.doPrivileged(Ljava/security/PrivilegedExceptionAction;Ljava/security/AccessControlContext;)Ljava/lang/Object; (0 bytes) @ 0x0000000002b991e6 [0x0000000002b99180+0x66]
J 1387 C2 java.net.URLClassLoader.findClass(Ljava/lang/String;)Ljava/lang/Class; (47 bytes) @ 0x0000000002ec8870 [0x0000000002ec87e0+0x90]
J 1398 C1 org.gradle.internal.classloader.TransformingClassLoader.findClass(Ljava/lang/String;)Ljava/lang/Class; (203 bytes) @ 0x0000000002ed6084 [0x0000000002ed4800+0x1884]
J 1357 C2 java.lang.ClassLoader.loadClass(Ljava/lang/String;Z)Ljava/lang/Class; (122 bytes) @ 0x0000000002eb59d4 [0x0000000002eb4ac0+0xf14]
J 302 C1 java.lang.ClassLoader.loadClass(Ljava/lang/String;)Ljava/lang/Class; (7 bytes) @ 0x0000000002bbfc4c [0x0000000002bbfb40+0x10c]
v  ~StubRoutines::call_stub
j  org.gradle.api.internal.artifacts.ivyservice.ivyresolve.strategy.DefaultVersionComparator.<init>()V+5
j  org.gradle.api.internal.artifacts.DependencyManagementGlobalScopeServices.createVersionComparator()Lorg/gradle/api/internal/artifacts/ivyservice/ivyresolve/strategy/VersionComparator;+4
v  ~StubRoutines::call_stub
j  sun.reflect.NativeMethodAccessorImpl.invoke0(Ljava/lang/reflect/Method;Ljava/lang/Object;[Ljava/lang/Object;)Ljava/lang/Object;+0
j  sun.reflect.NativeMethodAccessorImpl.invoke(Ljava/lang/Object;[Ljava/lang/Object;)Ljava/lang/Object;+100
J 1154 C1 sun.reflect.DelegatingMethodAccessorImpl.invoke(Ljava/lang/Object;[Ljava/lang/Object;)Ljava/lang/Object; (10 bytes) @ 0x0000000002e24904 [0x0000000002e24800+0x104]
J 1153 C1 java.lang.reflect.Method.invoke(Ljava/lang/Object;[Ljava/lang/Object;)Ljava/lang/Object; (62 bytes) @ 0x0000000002e250ac [0x0000000002e24cc0+0x3ec]
j  org.gradle.internal.reflect.JavaMethod.invoke(Ljava/lang/Object;[Ljava/lang/Object;)Ljava/lang/Object;+6
j  org.gradle.internal.service.ReflectionBasedServiceMethod.invoke(Ljava/lang/Object;[Ljava/lang/Object;)Ljava/lang/Object;+6
j  org.gradle.internal.service.DefaultServiceRegistry$FactoryMethodService.invokeMethod([Ljava/lang/Object;)Ljava/lang/Object;+9
j  org.gradle.internal.service.DefaultServiceRegistry$FactoryService.create()Ljava/lang/Object;+7
J 1531 C1 org.gradle.internal.service.DefaultServiceRegistry$ManagedObjectServiceProvider.getInstance()Ljava/lang/Object; (81 bytes) @ 0x0000000002f2a40c [0x0000000002f2a1c0+0x24c]
J 1530 C1 org.gradle.internal.service.DefaultServiceRegistry$SingletonService.get()Ljava/lang/Object; (5 bytes) @ 0x0000000002f2a974 [0x0000000002f2a880+0xf4]
j  org.gradle.internal.service.DefaultServiceRegistry$FactoryService.assembleParameters()[Ljava/lang/Object;+44
j  org.gradle.internal.service.DefaultServiceRegistry$FactoryService.create()Ljava/lang/Object;+1
J 1531 C1 org.gradle.internal.service.DefaultServiceRegistry$ManagedObjectServiceProvider.getInstance()Ljava/lang/Object; (81 bytes) @ 0x0000000002f2a40c [0x0000000002f2a1c0+0x24c]
J 1530 C1 org.gradle.internal.service.DefaultServiceRegistry$SingletonService.get()Ljava/lang/Object; (5 bytes) @ 0x0000000002f2a974 [0x0000000002f2a880+0xf4]
j  org.gradle.internal.service.DefaultServiceRegistry$FactoryService.assembleParameters()[Ljava/lang/Object;+44
j  org.gradle.internal.service.DefaultServiceRegistry$FactoryService.create()Ljava/lang/Object;+1
J 1531 C1 org.gradle.internal.service.DefaultServiceRegistry$ManagedObjectServiceProvider.getInstance()Ljava/lang/Object; (81 bytes) @ 0x0000000002f2a40c [0x0000000002f2a1c0+0x24c]
J 1530 C1 org.gradle.internal.service.DefaultServiceRegistry$SingletonService.get()Ljava/lang/Object; (5 bytes) @ 0x0000000002f2a974 [0x0000000002f2a880+0xf4]
j  org.gradle.internal.service.DefaultServiceRegistry$FactoryService.assembleParameters()[Ljava/lang/Object;+44
j  org.gradle.internal.service.DefaultServiceRegistry$FactoryService.create()Ljava/lang/Object;+1
J 1531 C1 org.gradle.internal.service.DefaultServiceRegistry$ManagedObjectServiceProvider.getInstance()Ljava/lang/Object; (81 bytes) @ 0x0000000002f2a40c [0x0000000002f2a1c0+0x24c]
J 1530 C1 org.gradle.internal.service.DefaultServiceRegistry$SingletonService.get()Ljava/lang/Object; (5 bytes) @ 0x0000000002f2a974 [0x0000000002f2a880+0xf4]
j  org.gradle.internal.service.DefaultServiceRegistry.find(Ljava/lang/reflect/Type;)Ljava/lang/Object;+22
j  org.gradle.internal.service.DefaultServiceRegistry.get(Ljava/lang/reflect/Type;)Ljava/lang/Object;+2
j  org.gradle.internal.service.DefaultServiceRegistry.get(Ljava/lang/Class;)Ljava/lang/Object;+3
j  org.gradle.internal.service.scopes.BuildScopeServices.defaultScriptPluginFactory()Lorg/gradle/configuration/DefaultScriptPluginFactory;+45
j  org.gradle.internal.service.scopes.BuildScopeServices.createScriptPluginFactory(Lorg/gradle/api/internal/InstantiatorFactory;Lorg/gradle/internal/operations/BuildOperationExecutor;Lorg/gradle/configuration/internal/UserCodeApplicationContext;)Lorg/gradle/configuration/ScriptPluginFactory;+1
v  ~StubRoutines::call_stub
j  sun.reflect.NativeMethodAccessorImpl.invoke0(Ljava/lang/reflect/Method;Ljava/lang/Object;[Ljava/lang/Object;)Ljava/lang/Object;+0
j  sun.reflect.NativeMethodAccessorImpl.invoke(Ljava/lang/Object;[Ljava/lang/Object;)Ljava/lang/Object;+100
J 1154 C1 sun.reflect.DelegatingMethodAccessorImpl.invoke(Ljava/lang/Object;[Ljava/lang/Object;)Ljava/lang/Object; (10 bytes) @ 0x0000000002e24904 [0x0000000002e24800+0x104]
J 1153 C1 java.lang.reflect.Method.invoke(Ljava/lang/Object;[Ljava/lang/Object;)Ljava/lang/Object; (62 bytes) @ 0x0000000002e250ac [0x0000000002e24cc0+0x3ec]
j  org.gradle.internal.reflect.JavaMethod.invoke(Ljava/lang/Object;[Ljava/lang/Object;)Ljava/lang/Object;+6
j  org.gradle.internal.service.ReflectionBasedServiceMethod.invoke(Ljava/lang/Object;[Ljava/lang/Object;)Ljava/lang/Object;+6
j  org.gradle.internal.service.DefaultServiceRegistry$FactoryMethodService.invokeMethod([Ljava/lang/Object;)Ljava/lang/Object;+9
j  org.gradle.internal.service.DefaultServiceRegistry$FactoryService.create()Ljava/lang/Object;+7
j  org.gradle.internal.service.DefaultServiceRegistry$ManagedObjectServiceProvider.getInstance()Ljava/lang/Object;+24
j  org.gradle.internal.service.DefaultServiceRegistry$SingletonService.get()Ljava/lang/Object;+1
j  org.gradle.internal.service.DefaultServiceRegistry$FactoryService.assembleParameters()[Ljava/lang/Object;+44
j  org.gradle.internal.service.DefaultServiceRegistry$FactoryService.create()Ljava/lang/Object;+1
j  org.gradle.internal.service.DefaultServiceRegistry$ManagedObjectServiceProvider.getInstance()Ljava/lang/Object;+24
j  org.gradle.internal.service.DefaultServiceRegistry$SingletonService.get()Ljava/lang/Object;+1
j  org.gradle.internal.service.DefaultServiceRegistry$FactoryService.assembleParameters()[Ljava/lang/Object;+44
j  org.gradle.internal.service.DefaultServiceRegistry$FactoryService.create()Ljava/lang/Object;+1
j  org.gradle.internal.service.DefaultServiceRegistry$ManagedObjectServiceProvider.getInstance()Ljava/lang/Object;+24
j  org.gradle.internal.service.DefaultServiceRegistry$SingletonService.get()Ljava/lang/Object;+1
j  org.gradle.internal.service.DefaultServiceRegistry.find(Ljava/lang/reflect/Type;)Ljava/lang/Object;+22
j  org.gradle.internal.service.DefaultServiceRegistry.get(Ljava/lang/reflect/Type;)Ljava/lang/Object;+2
j  org.gradle.internal.service.DefaultServiceRegistry.get(Ljava/lang/Class;)Ljava/lang/Object;+3
j  org.gradle.initialization.DefaultGradleLauncherFactory.doNewInstance(Lorg/gradle/api/internal/BuildDefinition;Lorg/gradle/internal/build/BuildState;Lorg/gradle/initialization/GradleLauncher;Lorg/gradle/initialization/BuildCancellationToken;Lorg/gradle/initialization/BuildRequestMetaData;Lorg/gradle/initialization/BuildEventConsumer;Lorg/gradle/internal/service/scopes/BuildTreeScopeServices;Ljava/util/List;)Lorg/gradle/initialization/DefaultGradleLauncher;+394
j  org.gradle.initialization.DefaultGradleLauncherFactory.newInstance(Lorg/gradle/api/internal/BuildDefinition;Lorg/gradle/internal/build/RootBuildState;Lorg/gradle/initialization/BuildRequestContext;Lorg/gradle/internal/service/ServiceRegistry;)Lorg/gradle/initialization/GradleLauncher;+72
j  org.gradle.composite.internal.DefaultRootBuildState.<init>(Lorg/gradle/api/internal/BuildDefinition;Lorg/gradle/initialization/BuildRequestContext;Lorg/gradle/initialization/GradleLauncherFactory;Lorg/gradle/internal/event/ListenerManager;Lorg/gradle/internal/service/ServiceRegistry;)V+17
j  org.gradle.composite.internal.DefaultIncludedBuildRegistry.addRootBuild(Lorg/gradle/api/internal/BuildDefinition;Lorg/gradle/initialization/BuildRequestContext;)Lorg/gradle/internal/build/RootBuildState;+36
j  org.gradle.launcher.exec.InProcessBuildActionExecuter.execute(Lorg/gradle/internal/invocation/BuildAction;Lorg/gradle/initialization/BuildRequestContext;Lorg/gradle/launcher/exec/BuildActionParameters;Lorg/gradle/internal/service/ServiceRegistry;)Ljava/lang/Object;+50
j  org.gradle.launcher.exec.InProcessBuildActionExecuter.execute(Lorg/gradle/internal/invocation/BuildAction;Lorg/gradle/initialization/BuildRequestContext;Ljava/lang/Object;Lorg/gradle/internal/service/ServiceRegistry;)Ljava/lang/Object;+9
j  org.gradle.launcher.exec.BuildTreeScopeBuildActionExecuter.execute(Lorg/gradle/internal/invocation/BuildAction;Lorg/gradle/initialization/BuildRequestContext;Lorg/gradle/launcher/exec/BuildActionParameters;Lorg/gradle/internal/service/ServiceRegistry;)Ljava/lang/Object;+38
j  org.gradle.launcher.exec.BuildTreeScopeBuildActionExecuter.execute(Lorg/gradle/internal/invocation/BuildAction;Lorg/gradle/initialization/BuildRequestContext;Ljava/lang/Object;Lorg/gradle/internal/service/ServiceRegistry;)Ljava/lang/Object;+9
j  org.gradle.tooling.internal.provider.ContinuousBuildActionExecuter.execute(Lorg/gradle/internal/invocation/BuildAction;Lorg/gradle/initialization/BuildRequestContext;Lorg/gradle/launcher/exec/BuildActionParameters;Lorg/gradle/internal/service/ServiceRegistry;)Ljava/lang/Object;+63
j  org.gradle.tooling.internal.provider.ContinuousBuildActionExecuter.execute(Lorg/gradle/internal/invocation/BuildAction;Lorg/gradle/initialization/BuildRequestContext;Ljava/lang/Object;Lorg/gradle/internal/service/ServiceRegistry;)Ljava/lang/Object;+9
j  org.gradle.tooling.internal.provider.ServicesSetupBuildActionExecuter.execute(Lorg/gradle/internal/invocation/BuildAction;Lorg/gradle/initialization/BuildRequestContext;Lorg/gradle/launcher/exec/BuildActionParameters;Lorg/gradle/internal/service/ServiceRegistry;)Ljava/lang/Object;+107
j  org.gradle.tooling.internal.provider.ServicesSetupBuildActionExecuter.execute(Lorg/gradle/internal/invocation/BuildAction;Lorg/gradle/initialization/BuildRequestContext;Ljava/lang/Object;Lorg/gradle/internal/service/ServiceRegistry;)Ljava/lang/Object;+9
j  org.gradle.tooling.internal.provider.GradleThreadBuildActionExecuter.execute(Lorg/gradle/internal/invocation/BuildAction;Lorg/gradle/initialization/BuildRequestContext;Lorg/gradle/launcher/exec/BuildActionParameters;Lorg/gradle/internal/service/ServiceRegistry;)Ljava/lang/Object;+12
j  org.gradle.tooling.internal.provider.GradleThreadBuildActionExecuter.execute(Lorg/gradle/internal/invocation/BuildAction;Lorg/gradle/initialization/BuildRequestContext;Ljava/lang/Object;Lorg/gradle/internal/service/ServiceRegistry;)Ljava/lang/Object;+9
j  org.gradle.tooling.internal.provider.ParallelismConfigurationBuildActionExecuter.execute(Lorg/gradle/internal/invocation/BuildAction;Lorg/gradle/initialization/BuildRequestContext;Lorg/gradle/launcher/exec/BuildActionParameters;Lorg/gradle/internal/service/ServiceRegistry;)Ljava/lang/Object;+43
j  org.gradle.tooling.internal.provider.ParallelismConfigurationBuildActionExecuter.execute(Lorg/gradle/internal/invocation/BuildAction;Lorg/gradle/initialization/BuildRequestContext;Ljava/lang/Object;Lorg/gradle/internal/service/ServiceRegistry;)Ljava/lang/Object;+9
j  org.gradle.tooling.internal.provider.StartParamsValidatingActionExecuter.execute(Lorg/gradle/internal/invocation/BuildAction;Lorg/gradle/initialization/BuildRequestContext;Lorg/gradle/launcher/exec/BuildActionParameters;Lorg/gradle/internal/service/ServiceRegistry;)Ljava/lang/Object;+177
j  org.gradle.tooling.internal.provider.StartParamsValidatingActionExecuter.execute(Lorg/gradle/internal/invocation/BuildAction;Lorg/gradle/initialization/BuildRequestContext;Ljava/lang/Object;Lorg/gradle/internal/service/ServiceRegistry;)Ljava/lang/Object;+9
j  org.gradle.tooling.internal.provider.SessionFailureReportingActionExecuter.execute(Lorg/gradle/internal/invocation/BuildAction;Lorg/gradle/initialization/BuildRequestContext;Lorg/gradle/launcher/exec/BuildActionParameters;Lorg/gradle/internal/service/ServiceRegistry;)Ljava/lang/Object;+9
j  org.gradle.tooling.internal.provider.SessionFailureReportingActionExecuter.execute(Lorg/gradle/internal/invocation/BuildAction;Lorg/gradle/initialization/BuildRequestContext;Ljava/lang/Object;Lorg/gradle/internal/service/ServiceRegistry;)Ljava/lang/Object;+9
j  org.gradle.tooling.internal.provider.SetupLoggingActionExecuter.execute(Lorg/gradle/internal/invocation/BuildAction;Lorg/gradle/initialization/BuildRequestContext;Lorg/gradle/launcher/exec/BuildActionParameters;Lorg/gradle/internal/service/ServiceRegistry;)Ljava/lang/Object;+52
j  org.gradle.tooling.internal.provider.SetupLoggingActionExecuter.execute(Lorg/gradle/internal/invocation/BuildAction;Lorg/gradle/initialization/BuildRequestContext;Ljava/lang/Object;Lorg/gradle/internal/service/ServiceRegistry;)Ljava/lang/Object;+9
j  org.gradle.launcher.daemon.server.exec.ExecuteBuild.doBuild(Lorg/gradle/launcher/daemon/server/api/DaemonCommandExecution;Lorg/gradle/launcher/daemon/protocol/Build;)V+114
j  org.gradle.launcher.daemon.server.exec.BuildCommandOnly.execute(Lorg/gradle/launcher/daemon/server/api/DaemonCommandExecution;)V+49
j  org.gradle.launcher.daemon.server.api.DaemonCommandExecution.proceed()Z+28
j  org.gradle.launcher.daemon.server.exec.WatchForDisconnection.execute(Lorg/gradle/launcher/daemon/server/api/DaemonCommandExecution;)V+19
j  org.gradle.launcher.daemon.server.api.DaemonCommandExecution.proceed()Z+28
j  org.gradle.launcher.daemon.server.exec.ResetDeprecationLogger.execute(Lorg/gradle/launcher/daemon/server/api/DaemonCommandExecution;)V+4
j  org.gradle.launcher.daemon.server.api.DaemonCommandExecution.proceed()Z+28
j  org.gradle.launcher.daemon.server.exec.RequestStopIfSingleUsedDaemon.execute(Lorg/gradle/launcher/daemon/server/api/DaemonCommandExecution;)V+33
j  org.gradle.launcher.daemon.server.api.DaemonCommandExecution.proceed()Z+28
j  org.gradle.launcher.daemon.server.exec.ForwardClientInput$2.call()Ljava/lang/Void;+4
j  org.gradle.launcher.daemon.server.exec.ForwardClientInput$2.call()Ljava/lang/Object;+1
j  org.gradle.util.Swapper.swap(Ljava/lang/Object;Ljava/util/concurrent/Callable;)Ljava/lang/Object;+21
j  org.gradle.launcher.daemon.server.exec.ForwardClientInput.execute(Lorg/gradle/launcher/daemon/server/api/DaemonCommandExecution;)V+63
j  org.gradle.launcher.daemon.server.api.DaemonCommandExecution.proceed()Z+28
j  org.gradle.launcher.daemon.server.exec.LogAndCheckHealth.execute(Lorg/gradle/launcher/daemon/server/api/DaemonCommandExecution;)V+28
j  org.gradle.launcher.daemon.server.api.DaemonCommandExecution.proceed()Z+28
j  org.gradle.launcher.daemon.server.exec.LogToClient.doBuild(Lorg/gradle/launcher/daemon/server/api/DaemonCommandExecution;Lorg/gradle/launcher/daemon/protocol/Build;)V+87
j  org.gradle.launcher.daemon.server.exec.BuildCommandOnly.execute(Lorg/gradle/launcher/daemon/server/api/DaemonCommandExecution;)V+49
j  org.gradle.launcher.daemon.server.api.DaemonCommandExecution.proceed()Z+28
j  org.gradle.launcher.daemon.server.exec.EstablishBuildEnvironment.doBuild(Lorg/gradle/launcher/daemon/server/api/DaemonCommandExecution;Lorg/gradle/launcher/daemon/protocol/Build;)V+365
j  org.gradle.launcher.daemon.server.exec.BuildCommandOnly.execute(Lorg/gradle/launcher/daemon/server/api/DaemonCommandExecution;)V+49
j  org.gradle.launcher.daemon.server.api.DaemonCommandExecution.proceed()Z+28
j  org.gradle.launcher.daemon.server.exec.StartBuildOrRespondWithBusy$1.run()V+44
j  org.gradle.launcher.daemon.server.DaemonStateCoordinator$1.run()V+4
j  org.gradle.internal.concurrent.ExecutorPolicy$CatchAndRecordFailures.onExecute(Ljava/lang/Runnable;)V+1
j  org.gradle.internal.concurrent.ManagedExecutorImpl$1.run()V+25
j  java.util.concurrent.ThreadPoolExecutor.runWorker(Ljava/util/concurrent/ThreadPoolExecutor$Worker;)V+95
j  java.util.concurrent.ThreadPoolExecutor$Worker.run()V+5
j  org.gradle.internal.concurrent.ThreadFactoryImpl$ManagedThreadRunnable.run()V+7
j  java.lang.Thread.run()V+11
v  ~StubRoutines::call_stub

---------------  P R O C E S S  ---------------

Java Threads: ( => current thread )
  0x0000000017cd5800 JavaThread "Cache worker for file hash cache (H:\AndroidStudioProjects\VariableGame\.gradle\4.10.1\fileHashes)" [_thread_blocked, id=2788, stack(0x000000001bef0000,0x000000001bff0000)]
  0x0000000017cd6800 JavaThread "File lock request listener" [_thread_in_native, id=2796, stack(0x000000001bdf0000,0x000000001bef0000)]
  0x0000000017cd5000 JavaThread "Cache worker for file hash cache (C:\Users\HP\.gradle\caches\4.10.1\fileHashes)" [_thread_blocked, id=2824, stack(0x000000001bcf0000,0x000000001bdf0000)]
  0x0000000018b20800 JavaThread "Stdin handler" [_thread_blocked, id=2792, stack(0x000000001aa20000,0x000000001ab20000)]
  0x0000000018602800 JavaThread "Asynchronous log dispatcher for DefaultDaemonConnection: socket connection from /127.0.0.1:1669 to /127.0.0.1:1670" [_thread_blocked, id=2420, stack(0x000000001a920000,0x000000001aa20000)]
=>0x00000000185fd000 JavaThread "Daemon worker" [_thread_in_vm, id=2240, stack(0x000000001a820000,0x000000001a920000)]
  0x00000000185fc800 JavaThread "Cancel handler" [_thread_blocked, id=10196, stack(0x000000001a720000,0x000000001a820000)]
  0x0000000018531800 JavaThread "Handler for socket connection from /127.0.0.1:1669 to /127.0.0.1:1670" [_thread_in_native, id=10056, stack(0x000000001a420000,0x000000001a520000)]
  0x0000000018526000 JavaThread "Daemon" [_thread_blocked, id=2712, stack(0x000000001a320000,0x000000001a420000)]
  0x0000000017e30000 JavaThread "Daemon periodic checks" [_thread_blocked, id=8304, stack(0x000000001a220000,0x000000001a320000)]
  0x00000000163cd800 JavaThread "Incoming local TCP Connector on port 1669" [_thread_in_native, id=2184, stack(0x0000000019fe0000,0x000000001a0e0000)]
  0x0000000019247800 JavaThread "Daemon health stats" [_thread_blocked, id=2180, stack(0x00000000199a0000,0x0000000019aa0000)]
  0x0000000017bec000 JavaThread "Service Thread" daemon [_thread_blocked, id=1884, stack(0x0000000017fd0000,0x00000000180d0000)]
  0x00000000163ce800 JavaThread "C1 CompilerThread2" daemon [_thread_blocked, id=1832, stack(0x0000000017ad0000,0x0000000017bd0000)]
  0x000000001638b000 JavaThread "C2 CompilerThread1" daemon [_thread_in_native, id=1932, stack(0x00000000179d0000,0x0000000017ad0000)]
  0x0000000016387000 JavaThread "C2 CompilerThread0" daemon [_thread_in_native, id=1660, stack(0x00000000178d0000,0x00000000179d0000)]
  0x0000000016385800 JavaThread "Attach Listener" daemon [_thread_blocked, id=2328, stack(0x00000000177d0000,0x00000000178d0000)]
  0x0000000016384000 JavaThread "Signal Dispatcher" daemon [_thread_blocked, id=2324, stack(0x00000000176d0000,0x00000000177d0000)]
  0x0000000002a0d800 JavaThread "Finalizer" daemon [_thread_blocked, id=2060, stack(0x00000000175d0000,0x00000000176d0000)]
  0x000000001636a000 JavaThread "Reference Handler" daemon [_thread_blocked, id=1892, stack(0x00000000174d0000,0x00000000175d0000)]
  0x000000000290e000 JavaThread "main" [_thread_blocked, id=2808, stack(0x0000000002710000,0x0000000002810000)]

Other Threads:
  0x0000000016348000 VMThread [stack: 0x00000000173d0000,0x00000000174d0000] [id=2092]
  0x0000000017bee800 WatcherThread [stack: 0x00000000180d0000,0x00000000181d0000] [id=2496]

VM state:not at safepoint (normal execution)

VM Mutex/Monitor currently owned by a thread: None

heap address: 0x00000000a0000000, size: 1536 MB, Compressed Oops mode: 32-bit
Narrow klass base: 0x0000000000000000, Narrow klass shift: 3
Compressed class space size: 1073741824 Address: 0x0000000100000000

Heap:
 PSYoungGen      total 35328K, used 24244K [0x00000000e0000000, 0x00000000e2500000, 0x0000000100000000)
  eden space 32768K, 66% used [0x00000000e0000000,0x00000000e1530ff8,0x00000000e2000000)
  from space 2560K, 99% used [0x00000000e2280000,0x00000000e24fc010,0x00000000e2500000)
  to   space 2560K, 0% used [0x00000000e2000000,0x00000000e2000000,0x00000000e2280000)
 ParOldGen       total 44032K, used 6623K [0x00000000a0000000, 0x00000000a2b00000, 0x00000000e0000000)
  object space 44032K, 15% used [0x00000000a0000000,0x00000000a0677db0,0x00000000a2b00000)
 Metaspace       used 15656K, capacity 15998K, committed 16256K, reserved 1062912K
  class space    used 2281K, capacity 2421K, committed 2432K, reserved 1048576K

Card table byte_map: [0x0000000011dd0000,0x00000000120e0000] byte_map_base: 0x00000000118d0000

Marking Bits: (ParMarkBitMap*) 0x000000005f1a4ce0
 Begin Bits: [0x00000000126e0000, 0x0000000013ee0000)
 End Bits:   [0x0000000013ee0000, 0x00000000156e0000)

Polling page: 0x0000000000d30000

CodeCache: size=245760Kb used=5257Kb max_used=5271Kb free=240502Kb
 bounds [0x0000000002a10000, 0x0000000002f40000, 0x0000000011a10000]
 total_blobs=1912 nmethods=1533 adapters=291
 compilation: enabled

Compilation events (10 events):
Event: 8.090 Thread 0x00000000163ce800 1532       3       java.lang.String::lastIndexOf (151 bytes)
Event: 8.091 Thread 0x00000000163ce800 nmethod 1532 0x0000000002f32190 code [0x0000000002f32340, 0x0000000002f32890]
Event: 8.096 Thread 0x00000000163ce800 1533       3       org.gradle.internal.service.DefaultServiceRegistry$SingletonService::getService (18 bytes)
Event: 8.097 Thread 0x00000000163ce800 nmethod 1533 0x0000000002f29b50 code [0x0000000002f29ce0, 0x0000000002f29f58]
Event: 8.097 Thread 0x00000000163ce800 1534       3       org.gradle.internal.service.DefaultServiceRegistry::access$1200 (6 bytes)
Event: 8.097 Thread 0x00000000163ce800 nmethod 1534 0x0000000002f32d10 code [0x0000000002f32e80, 0x0000000002f32fe8]
Event: 8.104 Thread 0x000000001638b000 nmethod 1512% 0x0000000002f36a90 code [0x0000000002f36c60, 0x0000000002f37a28]
Event: 8.104 Thread 0x000000001638b000 1519   !   4       java.net.URLClassLoader$1::run (63 bytes)
Event: 8.109 Thread 0x00000000163ce800 1535       3       org.gradle.internal.service.DefaultServiceRegistry::getService (14 bytes)
Event: 8.110 Thread 0x00000000163ce800 nmethod 1535 0x0000000002f36610 code [0x0000000002f36780, 0x0000000002f369d8]

GC Heap History (8 events):
Event: 3.061 GC heap before
{Heap before GC invocations=1 (full 0):
 PSYoungGen      total 18944K, used 16384K [0x00000000e0000000, 0x00000000e1500000, 0x0000000100000000)
  eden space 16384K, 100% used [0x00000000e0000000,0x00000000e1000000,0x00000000e1000000)
  from space 2560K, 0% used [0x00000000e1280000,0x00000000e1280000,0x00000000e1500000)
  to   space 2560K, 0% used [0x00000000e1000000,0x00000000e1000000,0x00000000e1280000)
 ParOldGen       total 44032K, used 0K [0x00000000a0000000, 0x00000000a2b00000, 0x00000000e0000000)
  object space 44032K, 0% used [0x00000000a0000000,0x00000000a0000000,0x00000000a2b00000)
 Metaspace       used 5985K, capacity 6096K, committed 6272K, reserved 1056768K
  class space    used 754K, capacity 780K, committed 896K, reserved 1048576K
Event: 3.137 GC heap after
Heap after GC invocations=1 (full 0):
 PSYoungGen      total 18944K, used 2544K [0x00000000e0000000, 0x00000000e2500000, 0x0000000100000000)
  eden space 16384K, 0% used [0x00000000e0000000,0x00000000e0000000,0x00000000e1000000)
  from space 2560K, 99% used [0x00000000e1000000,0x00000000e127c1f8,0x00000000e1280000)
  to   space 2560K, 0% used [0x00000000e2280000,0x00000000e2280000,0x00000000e2500000)
 ParOldGen       total 44032K, used 262K [0x00000000a0000000, 0x00000000a2b00000, 0x00000000e0000000)
  object space 44032K, 0% used [0x00000000a0000000,0x00000000a0041918,0x00000000a2b00000)
 Metaspace       used 5985K, capacity 6096K, committed 6272K, reserved 1056768K
  class space    used 754K, capacity 780K, committed 896K, reserved 1048576K
}
Event: 3.906 GC heap before
{Heap before GC invocations=2 (full 0):
 PSYoungGen      total 18944K, used 18928K [0x00000000e0000000, 0x00000000e2500000, 0x0000000100000000)
  eden space 16384K, 100% used [0x00000000e0000000,0x00000000e1000000,0x00000000e1000000)
  from space 2560K, 99% used [0x00000000e1000000,0x00000000e127c1f8,0x00000000e1280000)
  to   space 2560K, 0% used [0x00000000e2280000,0x00000000e2280000,0x00000000e2500000)
 ParOldGen       total 44032K, used 262K [0x00000000a0000000, 0x00000000a2b00000, 0x00000000e0000000)
  object space 44032K, 0% used [0x00000000a0000000,0x00000000a0041918,0x00000000a2b00000)
 Metaspace       used 6569K, capacity 6704K, committed 6784K, reserved 1056768K
  class space    used 823K, capacity 876K, committed 896K, reserved 1048576K
Event: 3.914 GC heap after
Heap after GC invocations=2 (full 0):
 PSYoungGen      total 35328K, used 2535K [0x00000000e0000000, 0x00000000e2500000, 0x0000000100000000)
  eden space 32768K, 0% used [0x00000000e0000000,0x00000000e0000000,0x00000000e2000000)
  from space 2560K, 99% used [0x00000000e2280000,0x00000000e24f9db0,0x00000000e2500000)
  to   space 2560K, 0% used [0x00000000e2000000,0x00000000e2000000,0x00000000e2280000)
 ParOldGen       total 44032K, used 334K [0x00000000a0000000, 0x00000000a2b00000, 0x00000000e0000000)
  object space 44032K, 0% used [0x00000000a0000000,0x00000000a0053918,0x00000000a2b00000)
 Metaspace       used 6569K, capacity 6704K, committed 6784K, reserved 1056768K
  class space    used 823K, capacity 876K, committed 896K, reserved 1048576K
}
Event: 5.243 GC heap before
{Heap before GC invocations=3 (full 0):
 PSYoungGen      total 35328K, used 35303K [0x00000000e0000000, 0x00000000e2500000, 0x0000000100000000)
  eden space 32768K, 100% used [0x00000000e0000000,0x00000000e2000000,0x00000000e2000000)
  from space 2560K, 99% used [0x00000000e2280000,0x00000000e24f9db0,0x00000000e2500000)
  to   space 2560K, 0% used [0x00000000e2000000,0x00000000e2000000,0x00000000e2280000)
 ParOldGen       total 44032K, used 334K [0x00000000a0000000, 0x00000000a2b00000, 0x00000000e0000000)
  object space 44032K, 0% used [0x00000000a0000000,0x00000000a0053918,0x00000000a2b00000)
 Metaspace       used 9445K, capacity 9694K, committed 9984K, reserved 1058816K
  class space    used 1302K, capacity 1421K, committed 1536K, reserved 1048576K
Event: 5.252 GC heap after
Heap after GC invocations=3 (full 0):
 PSYoungGen      total 35328K, used 2544K [0x00000000e0000000, 0x00000000e2500000, 0x0000000100000000)
  eden space 32768K, 0% used [0x00000000e0000000,0x00000000e0000000,0x00000000e2000000)
  from space 2560K, 99% used [0x00000000e2000000,0x00000000e227c010,0x00000000e2280000)
  to   space 2560K, 0% used [0x00000000e2280000,0x00000000e2280000,0x00000000e2500000)
 ParOldGen       total 44032K, used 2722K [0x00000000a0000000, 0x00000000a2b00000, 0x00000000e0000000)
  object space 44032K, 6% used [0x00000000a0000000,0x00000000a02a8bd8,0x00000000a2b00000)
 Metaspace       used 9445K, capacity 9694K, committed 9984K, reserved 1058816K
  class space    used 1302K, capacity 1421K, committed 1536K, reserved 1048576K
}
Event: 7.636 GC heap before
{Heap before GC invocations=4 (full 0):
 PSYoungGen      total 35328K, used 35312K [0x00000000e0000000, 0x00000000e2500000, 0x0000000100000000)
  eden space 32768K, 100% used [0x00000000e0000000,0x00000000e2000000,0x00000000e2000000)
  from space 2560K, 99% used [0x00000000e2000000,0x00000000e227c010,0x00000000e2280000)
  to   space 2560K, 0% used [0x00000000e2280000,0x00000000e2280000,0x00000000e2500000)
 ParOldGen       total 44032K, used 2722K [0x00000000a0000000, 0x00000000a2b00000, 0x00000000e0000000)
  object space 44032K, 6% used [0x00000000a0000000,0x00000000a02a8bd8,0x00000000a2b00000)
 Metaspace       used 13720K, capacity 14000K, committed 14208K, reserved 1060864K
  class space    used 1968K, capacity 2092K, committed 2176K, reserved 1048576K
Event: 7.647 GC heap after
Heap after GC invocations=4 (full 0):
 PSYoungGen      total 35328K, used 2544K [0x00000000e0000000, 0x00000000e2500000, 0x0000000100000000)
  eden space 32768K, 0% used [0x00000000e0000000,0x00000000e0000000,0x00000000e2000000)
  from space 2560K, 99% used [0x00000000e2280000,0x00000000e24fc010,0x00000000e2500000)
  to   space 2560K, 0% used [0x00000000e2000000,0x00000000e2000000,0x00000000e2280000)
 ParOldGen       total 44032K, used 6623K [0x00000000a0000000, 0x00000000a2b00000, 0x00000000e0000000)
  object space 44032K, 15% used [0x00000000a0000000,0x00000000a0677db0,0x00000000a2b00000)
 Metaspace       used 13720K, capacity 14000K, committed 14208K, reserved 1060864K
  class space    used 1968K, capacity 2092K, committed 2176K, reserved 1048576K
}

Deoptimization events (10 events):
Event: 5.682 Thread 0x000000000290e000 Uncommon trap: reason=unstable_if action=reinterpret pc=0x0000000002d29f7c method=java.io.WinNTFileSystem.normalize(Ljava/lang/String;II)Ljava/lang/String; @ 90
Event: 7.003 Thread 0x0000000018531800 Uncommon trap: reason=unstable_if action=reinterpret pc=0x0000000002ddefb0 method=java.util.concurrent.ConcurrentHashMap.putVal(Ljava/lang/Object;Ljava/lang/Object;Z)Ljava/lang/Object; @ 206
Event: 7.145 Thread 0x00000000185fd000 Uncommon trap: reason=bimorphic action=maybe_recompile pc=0x0000000002c97024 method=java.util.HashMap.putVal(ILjava/lang/Object;Ljava/lang/Object;ZZ)Ljava/lang/Object; @ 253
Event: 7.145 Thread 0x00000000185fd000 Uncommon trap: reason=bimorphic action=maybe_recompile pc=0x0000000002c97024 method=java.util.HashMap.putVal(ILjava/lang/Object;Ljava/lang/Object;ZZ)Ljava/lang/Object; @ 253
Event: 7.145 Thread 0x00000000185fd000 Uncommon trap: reason=bimorphic action=maybe_recompile pc=0x0000000002c97024 method=java.util.HashMap.putVal(ILjava/lang/Object;Ljava/lang/Object;ZZ)Ljava/lang/Object; @ 253
Event: 7.723 Thread 0x00000000185fd000 Uncommon trap: reason=class_check action=maybe_recompile pc=0x0000000002cba458 method=java.util.regex.Matcher.match(II)Z @ 86
Event: 7.742 Thread 0x00000000185fd000 Uncommon trap: reason=class_check action=maybe_recompile pc=0x0000000002cba458 method=java.util.regex.Matcher.match(II)Z @ 86
Event: 7.743 Thread 0x00000000185fd000 Uncommon trap: reason=class_check action=maybe_recompile pc=0x0000000002cba458 method=java.util.regex.Matcher.match(II)Z @ 86
Event: 7.743 Thread 0x00000000185fd000 Uncommon trap: reason=class_check action=maybe_recompile pc=0x0000000002c9221c method=java.util.regex.Matcher.match(II)Z @ 86
Event: 7.928 Thread 0x00000000185fd000 Uncommon trap: reason=unstable_if action=reinterpret pc=0x0000000002e7c3f4 method=java.lang.String.lastIndexOf([CII[CIII)I @ 66

Classes redefined (0 events):
No events

Internal exceptions (10 events):
Event: 7.007 Thread 0x0000000018531800 Exception <a 'java/lang/NoSuchMethodError': <clinit>> (0x00000000e0682be0) thrown at [C:\re\workspace\8-2-build-windows-amd64-cygwin\jdk8u201\12322\hotspot\src\share\vm\prims\jni.cpp, line 1613]
Event: 7.008 Thread 0x0000000018531800 Exception <a 'java/lang/NoSuchMethodError': <clinit>> (0x00000000e068e540) thrown at [C:\re\workspace\8-2-build-windows-amd64-cygwin\jdk8u201\12322\hotspot\src\share\vm\prims\jni.cpp, line 1613]
Event: 7.011 Thread 0x0000000018531800 Exception <a 'java/lang/NoSuchMethodError': <clinit>> (0x00000000e0697b88) thrown at [C:\re\workspace\8-2-build-windows-amd64-cygwin\jdk8u201\12322\hotspot\src\share\vm\prims\jni.cpp, line 1613]
Event: 7.016 Thread 0x0000000018531800 Exception <a 'java/lang/NoSuchMethodError': <clinit>> (0x00000000e06bf078) thrown at [C:\re\workspace\8-2-build-windows-amd64-cygwin\jdk8u201\12322\hotspot\src\share\vm\prims\jni.cpp, line 1613]
Event: 7.030 Thread 0x0000000018531800 Exception <a 'java/lang/NoSuchMethodError': <clinit>> (0x00000000e06d7280) thrown at [C:\re\workspace\8-2-build-windows-amd64-cygwin\jdk8u201\12322\hotspot\src\share\vm\prims\jni.cpp, line 1613]
Event: 7.031 Thread 0x0000000018531800 Exception <a 'java/lang/NoSuchMethodError': <clinit>> (0x00000000e06dff10) thrown at [C:\re\workspace\8-2-build-windows-amd64-cygwin\jdk8u201\12322\hotspot\src\share\vm\prims\jni.cpp, line 1613]
Event: 7.034 Thread 0x0000000018531800 Exception <a 'java/lang/NoSuchMethodError': <clinit>> (0x00000000e06f62a8) thrown at [C:\re\workspace\8-2-build-windows-amd64-cygwin\jdk8u201\12322\hotspot\src\share\vm\prims\jni.cpp, line 1613]
Event: 7.050 Thread 0x0000000018531800 Exception <a 'java/lang/NoSuchMethodError': <clinit>> (0x00000000e0759950) thrown at [C:\re\workspace\8-2-build-windows-amd64-cygwin\jdk8u201\12322\hotspot\src\share\vm\prims\jni.cpp, line 1613]
Event: 7.058 Thread 0x0000000018531800 Exception <a 'java/lang/NoSuchMethodError': <clinit>> (0x00000000e0786080) thrown at [C:\re\workspace\8-2-build-windows-amd64-cygwin\jdk8u201\12322\hotspot\src\share\vm\prims\jni.cpp, line 1613]
Event: 7.065 Thread 0x0000000018531800 Exception <a 'java/lang/NoSuchMethodError': <clinit>> (0x00000000e07a2dd0) thrown at [C:\re\workspace\8-2-build-windows-amd64-cygwin\jdk8u201\12322\hotspot\src\share\vm\prims\jni.cpp, line 1613]

Events (10 events):
Event: 8.132 loading class org/gradle/plugin/use/resolve/internal/PluginResolution
Event: 8.132 loading class org/gradle/plugin/use/resolve/internal/PluginResolution done
Event: 8.133 loading class org/gradle/api/internal/initialization/DefaultClassLoaderScope
Event: 8.133 loading class org/gradle/api/internal/initialization/DefaultClassLoaderScope done
Event: 8.134 loading class org/gradle/internal/classloader/MultiParentClassLoader
Event: 8.134 loading class org/gradle/internal/classloader/MultiParentClassLoader done
Event: 8.135 loading class org/gradle/api/internal/artifacts/ivyservice/ivyresolve/strategy/DefaultVersionComparator
Event: 8.135 loading class org/gradle/api/internal/artifacts/ivyservice/ivyresolve/strategy/DefaultVersionComparator done
Event: 8.140 loading class org/gradle/api/internal/artifacts/ivyservice/ivyresolve/strategy/StaticVersionComparator
Event: 8.140 loading class org/gradle/api/internal/artifacts/ivyservice/ivyresolve/strategy/StaticVersionComparator done


Dynamic libraries:
0x00007ff6cb960000 - 0x00007ff6cb997000 	C:\Program Files\Java\jdk1.8.0_201\bin\java.exe
0x00007ffd75c40000 - 0x00007ffd75e21000 	C:\WINDOWS\SYSTEM32\ntdll.dll
0x00007ffd59650000 - 0x00007ffd59662000 	C:\Program Files\AVAST Software\Avast\aswhook.dll
0x00007ffd758f0000 - 0x00007ffd759a2000 	C:\WINDOWS\System32\KERNEL32.DLL
0x00007ffd72170000 - 0x00007ffd723e3000 	C:\WINDOWS\System32\KERNELBASE.dll
0x00007ffd759b0000 - 0x00007ffd75a51000 	C:\WINDOWS\System32\ADVAPI32.dll
0x00007ffd73220000 - 0x00007ffd732be000 	C:\WINDOWS\System32\msvcrt.dll
0x00007ffd732d0000 - 0x00007ffd7332b000 	C:\WINDOWS\System32\sechost.dll
0x00007ffd74f50000 - 0x00007ffd75074000 	C:\WINDOWS\System32\RPCRT4.dll
0x00007ffd75a80000 - 0x00007ffd75c10000 	C:\WINDOWS\System32\USER32.dll
0x00007ffd723f0000 - 0x00007ffd72410000 	C:\WINDOWS\System32\win32u.dll
0x00007ffd73400000 - 0x00007ffd73428000 	C:\WINDOWS\System32\GDI32.dll
0x00007ffd72b20000 - 0x00007ffd72cb2000 	C:\WINDOWS\System32\gdi32full.dll
0x00007ffd72cc0000 - 0x00007ffd72d5f000 	C:\WINDOWS\System32\msvcp_win.dll
0x00007ffd72010000 - 0x00007ffd7210a000 	C:\WINDOWS\System32\ucrtbase.dll
0x00007ffd62580000 - 0x00007ffd627e9000 	C:\WINDOWS\WinSxS\amd64_microsoft.windows.common-controls_6595b64144ccf1df_6.0.17134.523_none_fb409dd930672a56\COMCTL32.dll
0x00007ffd75200000 - 0x00007ffd75522000 	C:\WINDOWS\System32\combase.dll
0x00007ffd72d60000 - 0x00007ffd72dda000 	C:\WINDOWS\System32\bcryptPrimitives.dll
0x00007ffd755b0000 - 0x00007ffd755dd000 	C:\WINDOWS\System32\IMM32.DLL
0x000000005f230000 - 0x000000005f301000 	C:\Program Files\Java\jdk1.8.0_201\jre\bin\msvcr100.dll
0x000000005e980000 - 0x000000005f224000 	C:\Program Files\Java\jdk1.8.0_201\jre\bin\server\jvm.dll
0x00007ffd732c0000 - 0x00007ffd732c8000 	C:\WINDOWS\System32\PSAPI.DLL
0x00007ffd60fc0000 - 0x00007ffd60fc9000 	C:\WINDOWS\SYSTEM32\WSOCK32.dll
0x00007ffd74d80000 - 0x00007ffd74dec000 	C:\WINDOWS\System32\WS2_32.dll
0x00007ffd6e7d0000 - 0x00007ffd6e7f3000 	C:\WINDOWS\SYSTEM32\WINMM.dll
0x00007ffd66d60000 - 0x00007ffd66d6a000 	C:\WINDOWS\SYSTEM32\VERSION.dll
0x00007ffd6e7a0000 - 0x00007ffd6e7ca000 	C:\WINDOWS\SYSTEM32\WINMMBASE.dll
0x00007ffd72e90000 - 0x00007ffd72ed9000 	C:\WINDOWS\System32\cfgmgr32.dll
0x00007ffd6e230000 - 0x00007ffd6e23f000 	C:\Program Files\Java\jdk1.8.0_201\jre\bin\verify.dll
0x00007ffd6e200000 - 0x00007ffd6e229000 	C:\Program Files\Java\jdk1.8.0_201\jre\bin\java.dll
0x00007ffd6e1e0000 - 0x00007ffd6e1f6000 	C:\Program Files\Java\jdk1.8.0_201\jre\bin\zip.dll
0x00007ffd734e0000 - 0x00007ffd74920000 	C:\WINDOWS\System32\SHELL32.dll
0x00007ffd73430000 - 0x00007ffd734d9000 	C:\WINDOWS\System32\shcore.dll
0x00007ffd72410000 - 0x00007ffd72b1d000 	C:\WINDOWS\System32\windows.storage.dll
0x00007ffd731c0000 - 0x00007ffd73211000 	C:\WINDOWS\System32\shlwapi.dll
0x00007ffd71f60000 - 0x00007ffd71f71000 	C:\WINDOWS\System32\kernel.appcore.dll
0x00007ffd71f80000 - 0x00007ffd71f9f000 	C:\WINDOWS\System32\profapi.dll
0x00007ffd71fa0000 - 0x00007ffd71fec000 	C:\WINDOWS\System32\powrprof.dll
0x00007ffd71f50000 - 0x00007ffd71f5a000 	C:\WINDOWS\System32\FLTLIB.DLL
0x00007ffd6a9c0000 - 0x00007ffd6a9da000 	C:\Program Files\Java\jdk1.8.0_201\jre\bin\net.dll
0x00007ffd66a70000 - 0x00007ffd66c39000 	C:\WINDOWS\SYSTEM32\urlmon.dll
0x00007ffd65960000 - 0x00007ffd65c05000 	C:\WINDOWS\SYSTEM32\iertutil.dll
0x00007ffd719a0000 - 0x00007ffd719ab000 	C:\WINDOWS\SYSTEM32\CRYPTBASE.DLL
0x00007ffd717d0000 - 0x00007ffd71836000 	C:\WINDOWS\system32\mswsock.dll
0x00007ffd6a9a0000 - 0x00007ffd6a9b1000 	C:\Program Files\Java\jdk1.8.0_201\jre\bin\nio.dll
0x00007ffd6e2d0000 - 0x00007ffd6e2ee000 	C:\Users\HP\.gradle\native\25\windows-amd64\native-platform.dll
0x00007ffd6e1d0000 - 0x00007ffd6e1dd000 	C:\Program Files\Java\jdk1.8.0_201\jre\bin\management.dll
0x00007ffd71980000 - 0x00007ffd71997000 	C:\WINDOWS\SYSTEM32\CRYPTSP.dll
0x00007ffd713b0000 - 0x00007ffd713e3000 	C:\WINDOWS\system32\rsaenh.dll
0x00007ffd71ab0000 - 0x00007ffd71ad5000 	C:\WINDOWS\SYSTEM32\bcrypt.dll
0x00007ffd71e50000 - 0x00007ffd71e78000 	C:\WINDOWS\SYSTEM32\USERENV.dll
0x00007ffd71550000 - 0x00007ffd71588000 	C:\WINDOWS\SYSTEM32\IPHLPAPI.DLL
0x00007ffd74920000 - 0x00007ffd74928000 	C:\WINDOWS\System32\NSI.dll
0x00007ffd68170000 - 0x00007ffd68186000 	C:\WINDOWS\SYSTEM32\dhcpcsvc6.DLL
0x00007ffd68440000 - 0x00007ffd6845a000 	C:\WINDOWS\SYSTEM32\dhcpcsvc.DLL

VM Arguments:
jvm_args: -Xmx1536m -Dfile.encoding=windows-1252 -Duser.country=US -Duser.language=en -Duser.variant 
java_command: org.gradle.launcher.daemon.bootstrap.GradleDaemon 4.10.1
java_class_path (initial): C:\Users\HP\.gradle\wrapper\dists\gradle-4.10.1-all\455itskqi2qtf0v2sja68alqd\gradle-4.10.1\lib\gradle-launcher-4.10.1.jar
Launcher Type: SUN_STANDARD

Environment Variables:
JAVA_HOME=C:\Program Files\Java\jdk1.8.0_201
PATH=C:\Program Files (x86)\Common Files\Oracle\Java\javapath;C:\Program Files (x86)\Common Files\ArcSoft\Bin;C:\Program Files (x86)\Intel\iCLS Client\;C:\Program Files\Intel\iCLS Client\;C:\WINDOWS\system32;C:\WINDOWS;C:\WINDOWS\System32\Wbem;C:\WINDOWS\System32\WindowsPowerShell\v1.0\;C:\Program Files (x86)\Intel\Intel(R) Management Engine Components\DAL;C:\Program Files\Intel\Intel(R) Management Engine Components\DAL;C:\Program Files (x86)\Intel\Intel(R) Management Engine Components\IPT;C:\Program Files\Intel\Intel(R) Management Engine Components\IPT;c:\Program Files\Intel\WiFi\bin\;c:\Program Files\Common Files\Intel\WirelessCommon\;C:\Program Files (x86)\GtkSharp\2.12\bin;C:\WINDOWS\System32\OpenSSH\;C:\Users\HP\AppData\Local\Android\Sdk;C:\Program Files\Java\jdk1.8.0_201bin;C:\Program Files\Java\jdk1.8.0_201\bin;C:\Program Files\Java\jre1.8.0_201\bin;C:\Program Files\Git\cmd;C:\Program Files\Java\jdk1.8.0_201\bin;C:\Users\HP\AppData\Local\Microsoft\WindowsApps;
USERNAME=HP
OS=Windows_NT
PROCESSOR_IDENTIFIER=Intel64 Family 6 Model 61 Stepping 4, GenuineIntel



---------------  S Y S T E M  ---------------

OS: Windows 10.0 , 64 bit Build 17134 (10.0.17134.1)

CPU:total 4 (initial active 4) (2 cores per cpu, 2 threads per core) family 6 model 61 stepping 4, cmov, cx8, fxsr, mmx, sse, sse2, sse3, ssse3, sse4.1, sse4.2, popcnt, avx, avx2, aes, clmul, erms, 3dnowpref, lzcnt, ht, tsc, tscinvbit, bmi1, bmi2, adx

Memory: 4k page, physical 4082796k(267968k free), swap 4082796k(2052k free)

vm_info: Java HotSpot(TM) 64-Bit Server VM (25.201-b09) for windows-amd64 JRE (1.8.0_201-b09), built on Dec 15 2018 18:36:39 by "java_re" with MS VC++ 10.0 (VS2010)

time: Tue Feb 12 16:42:23 2019
timezone: Bangladesh Standard Time
elapsed time: 8 seconds (0d 0h 0m 8s)

