#
# There is insufficient memory for the Java Runtime Environment to continue.
# Native memory allocation (malloc) failed to allocate 1253616 bytes for Chunk::new
# Possible reasons:
#   The system is out of physical RAM or swap space
#   The process is running with CompressedOops enabled, and the Java Heap may be blocking the growth of the native heap
# Possible solutions:
#   Reduce memory load on the system
#   Increase physical memory or swap space
#   Check if swap backing store is full
#   Decrease Java heap size (-Xmx/-Xms)
#   Decrease number of Java threads
#   Decrease Java thread stack sizes (-Xss)
#   Set larger code cache with -XX:ReservedCodeCacheSize=
#   JVM is running with Unscaled Compressed Oops mode in which the Java heap is
#     placed in the first 4GB address space. The Java Heap base address is the
#     maximum limit for the native heap growth. Please use -XX:HeapBaseMinAddress
#     to set the Java Heap base and to place the Java Heap above 4GB virtual address.
# This output file may be truncated or incomplete.
#
#  Out of Memory Error (allocation.cpp:390), pid=9240, tid=0x00000000000026f4
#
# JRE version: Java(TM) SE Runtime Environment (8.0_201-b09) (build 1.8.0_201-b09)
# Java VM: Java HotSpot(TM) 64-Bit Server VM (25.201-b09 mixed mode windows-amd64 compressed oops)
# Failed to write core dump. Minidumps are not enabled by default on client versions of Windows
#

---------------  T H R E A D  ---------------

Current thread (0x00000000169fb000):  JavaThread "C2 CompilerThread1" daemon [_thread_in_native, id=9972, stack(0x0000000018160000,0x0000000018260000)]

Stack: [0x0000000018160000,0x0000000018260000]
[error occurred during error reporting (printing stack bounds), id 0xc0000005]

Native frames: (J=compiled Java code, j=interpreted, Vv=VM code, C=native code)


Current CompileTask:
C2:  37994 4915       4       java.io.ObjectOutputStream::writeClassDesc (60 bytes)


---------------  P R O C E S S  ---------------

Java Threads: ( => current thread )
  0x000000001b931000 JavaThread "Build operations Thread 4" [_thread_blocked, id=1912, stack(0x000000001fd40000,0x000000001fe40000)]
  0x000000001b934800 JavaThread "Build operations Thread 3" [_thread_blocked, id=9560, stack(0x000000001fc40000,0x000000001fd40000)]
  0x0000000019966000 JavaThread "Build operations Thread 2" [_thread_blocked, id=1932, stack(0x000000001fb40000,0x000000001fc40000)]
  0x0000000019963000 JavaThread "Build operations" [_thread_blocked, id=9092, stack(0x000000001fa40000,0x000000001fb40000)]
  0x0000000019962800 JavaThread "Cache worker for Artifact transforms cache (C:\Users\HP\.gradle\caches\transforms-1)" [_thread_blocked, id=1556, stack(0x000000001f740000,0x000000001f840000)]
  0x0000000019969000 JavaThread "Cache worker for cache directory md-rule (C:\Users\HP\.gradle\caches\4.10.1\md-rule)" [_thread_blocked, id=9296, stack(0x000000001f640000,0x000000001f740000)]
  0x0000000019964000 JavaThread "Cache worker for cache directory md-supplier (C:\Users\HP\.gradle\caches\4.10.1\md-supplier)" [_thread_blocked, id=9956, stack(0x000000001f540000,0x000000001f640000)]
  0x0000000019968800 JavaThread "Cache worker for journal cache (C:\Users\HP\.gradle\caches\journal-1)" [_thread_blocked, id=2696, stack(0x000000001ec40000,0x000000001ed40000)]
  0x0000000019965800 JavaThread "Cache worker for file hash cache (H:\AndroidStudioProjects\VariableGame\.gradle\4.10.1\fileHashes)" [_thread_blocked, id=9968, stack(0x000000001d650000,0x000000001d750000)]
  0x0000000019964800 JavaThread "File lock request listener" [_thread_in_native, id=6588, stack(0x000000001d550000,0x000000001d650000)]
  0x0000000019967000 JavaThread "Cache worker for file hash cache (C:\Users\HP\.gradle\caches\4.10.1\fileHashes)" [_thread_blocked, id=7172, stack(0x000000001c480000,0x000000001c580000)]
  0x0000000019c0c800 JavaThread "Stdin handler" [_thread_blocked, id=1600, stack(0x000000001b1b0000,0x000000001b2b0000)]
  0x0000000019c12000 JavaThread "Asynchronous log dispatcher for DefaultDaemonConnection: socket connection from /127.0.0.1:1615 to /127.0.0.1:1616" [_thread_blocked, id=2936, stack(0x000000001b0b0000,0x000000001b1b0000)]
  0x0000000019c0b000 JavaThread "Daemon worker" [_thread_in_vm, id=10188, stack(0x000000001afb0000,0x000000001b0b0000)]
  0x0000000019c1c000 JavaThread "Cancel handler" [_thread_blocked, id=7476, stack(0x000000001aeb0000,0x000000001afb0000)]
  0x0000000019bc0800 JavaThread "Handler for socket connection from /127.0.0.1:1615 to /127.0.0.1:1616" [_thread_in_native, id=10028, stack(0x000000001abb0000,0x000000001acb0000)]
  0x0000000019bbe800 JavaThread "Daemon" [_thread_blocked, id=9544, stack(0x000000001aab0000,0x000000001abb0000)]
  0x0000000019721800 JavaThread "Daemon periodic checks" [_thread_blocked, id=5188, stack(0x000000001a9b0000,0x000000001aab0000)]
  0x0000000018ab4000 JavaThread "Incoming local TCP Connector on port 1615" [_thread_in_native, id=2120, stack(0x000000001a770000,0x000000001a870000)]
  0x00000000186df000 JavaThread "Daemon health stats" [_thread_blocked, id=2236, stack(0x000000001a130000,0x000000001a230000)]
  0x0000000016a4e000 JavaThread "Service Thread" daemon [_thread_blocked, id=7776, stack(0x0000000018760000,0x0000000018860000)]
  0x0000000016a0c000 JavaThread "C1 CompilerThread2" daemon [_thread_in_native, id=6164, stack(0x0000000018260000,0x0000000018360000)]
=>0x00000000169fb000 JavaThread "C2 CompilerThread1" daemon [_thread_in_native, id=9972, stack(0x0000000018160000,0x0000000018260000)]
  0x00000000169f3000 JavaThread "C2 CompilerThread0" daemon [_thread_in_native, id=8708, stack(0x0000000018060000,0x0000000018160000)]
  0x00000000169f8000 JavaThread "Attach Listener" daemon [_thread_blocked, id=10024, stack(0x0000000017f60000,0x0000000018060000)]
  0x00000000169f7000 JavaThread "Signal Dispatcher" daemon [_thread_blocked, id=4672, stack(0x0000000017e60000,0x0000000017f60000)]
  0x0000000002fca800 JavaThread "Finalizer" daemon [_thread_blocked, id=6800, stack(0x0000000017c70000,0x0000000017d70000)]
  0x0000000002fc2000 JavaThread "Reference Handler" daemon [_thread_blocked, id=2108, stack(0x0000000017b70000,0x0000000017c70000)]
  0x000000000307e000 JavaThread "main" [_thread_blocked, id=2620, stack(0x0000000002db0000,0x0000000002eb0000)]

Other Threads:
  0x00000000169b7800 VMThread [stack: 0x0000000017a70000,0x0000000017b70000] [id=6004]
  0x00000000183ae000 WatcherThread [stack: 0x0000000018860000,0x0000000018960000] [id=7356]

VM state:not at safepoint (normal execution)

VM Mutex/Monitor currently owned by a thread: None

heap address: 0x00000000a0000000, size: 1536 MB, Compressed Oops mode: 32-bit
Narrow klass base: 0x0000000000000000, Narrow klass shift: 3
Compressed class space size: 1073741824 Address: 0x0000000100000000

Heap:
 PSYoungGen      total 67584K, used 14412K [0x00000000e0000000, 0x00000000e5700000, 0x0000000100000000)
  eden space 58880K, 9% used [0x00000000e0000000,0x00000000e05a5a48,0x00000000e3980000)
  from space 8704K, 99% used [0x00000000e3980000,0x00000000e41ed918,0x00000000e4200000)
  to   space 9728K, 0% used [0x00000000e4d80000,0x00000000e4d80000,0x00000000e5700000)
 ParOldGen       total 50176K, used 25725K [0x00000000a0000000, 0x00000000a3100000, 0x00000000e0000000)
  object space 50176K, 51% used [0x00000000a0000000,0x00000000a191f518,0x00000000a3100000)
 Metaspace       used 54144K, capacity 55276K, committed 55552K, reserved 1097728K
  class space    used 7508K, capacity 7887K, committed 7936K, reserved 1048576K

Card table byte_map: [0x0000000012440000,0x0000000012750000] byte_map_base: 0x0000000011f40000

Marking Bits: (ParMarkBitMap*) 0x000000005a5e4ce0
 Begin Bits: [0x0000000012d50000, 0x0000000014550000)
 End Bits:   [0x0000000014550000, 0x0000000015d50000)

Polling page: 0x0000000000ff0000

CodeCache: size=245760Kb used=15411Kb max_used=15411Kb free=230348Kb
 bounds [0x0000000003080000, 0x0000000003fa0000, 0x0000000012080000]
 total_blobs=5354 nmethods=4575 adapters=690
 compilation: enabled

Compilation events (10 events):
Event: 37.878 Thread 0x0000000016a0c000 4937       3       kotlin.reflect.jvm.internal.impl.name.ClassId::<init> (11 bytes)
Event: 37.878 Thread 0x0000000016a0c000 nmethod 4937 0x0000000003f97290 code [0x0000000003f97440, 0x0000000003f97a48]
Event: 37.915 Thread 0x0000000016a0c000 4938       1       com.android.build.gradle.internal.scope.VariantScopeImpl::getArtifacts (5 bytes)
Event: 37.915 Thread 0x0000000016a0c000 nmethod 4938 0x0000000003f97e10 code [0x0000000003f97f60, 0x0000000003f98070]
Event: 37.917 Thread 0x0000000016a0c000 4939       3       org.gradle.api.internal.provider.AbstractProvider::<init> (5 bytes)
Event: 37.917 Thread 0x0000000016a0c000 nmethod 4939 0x0000000003f980d0 code [0x0000000003f98220, 0x0000000003f983d0]
Event: 37.918 Thread 0x0000000016a0c000 4940       3       org.gradle.api.internal.project.DefaultProject_Decorated::getLayout (30 bytes)
Event: 37.918 Thread 0x0000000016a0c000 nmethod 4940 0x0000000003f98490 code [0x0000000003f98600, 0x0000000003f98a48]
Event: 37.920 Thread 0x0000000016a0c000 4941       1       com.android.build.gradle.internal.scope.VariantScopeImpl::getTaskContainer (5 bytes)
Event: 37.920 Thread 0x0000000016a0c000 nmethod 4941 0x0000000003f98b50 code [0x0000000003f98ca0, 0x0000000003f98db0]

GC Heap History (10 events):
Event: 28.719 GC heap before
{Heap before GC invocations=19 (full 2):
 PSYoungGen      total 47104K, used 4963K [0x00000000e0000000, 0x00000000e3c00000, 0x0000000100000000)
  eden space 41984K, 0% used [0x00000000e0000000,0x00000000e0000000,0x00000000e2900000)
  from space 5120K, 96% used [0x00000000e2900000,0x00000000e2dd8e08,0x00000000e2e00000)
  to   space 5632K, 0% used [0x00000000e3680000,0x00000000e3680000,0x00000000e3c00000)
 ParOldGen       total 30208K, used 11832K [0x00000000a0000000, 0x00000000a1d80000, 0x00000000e0000000)
  object space 30208K, 39% used [0x00000000a0000000,0x00000000a0b8e3a8,0x00000000a1d80000)
 Metaspace       used 34802K, capacity 35314K, committed 35456K, reserved 1079296K
  class space    used 4966K, capacity 5189K, committed 5248K, reserved 1048576K
Event: 28.924 GC heap after
Heap after GC invocations=19 (full 2):
 PSYoungGen      total 47104K, used 0K [0x00000000e0000000, 0x00000000e3c00000, 0x0000000100000000)
  eden space 41984K, 0% used [0x00000000e0000000,0x00000000e0000000,0x00000000e2900000)
  from space 5120K, 0% used [0x00000000e2900000,0x00000000e2900000,0x00000000e2e00000)
  to   space 5632K, 0% used [0x00000000e3680000,0x00000000e3680000,0x00000000e3c00000)
 ParOldGen       total 50176K, used 16365K [0x00000000a0000000, 0x00000000a3100000, 0x00000000e0000000)
  object space 50176K, 32% used [0x00000000a0000000,0x00000000a0ffb4a0,0x00000000a3100000)
 Metaspace       used 34802K, capacity 35314K, committed 35456K, reserved 1079296K
  class space    used 4966K, capacity 5189K, committed 5248K, reserved 1048576K
}
Event: 31.002 GC heap before
{Heap before GC invocations=20 (full 2):
 PSYoungGen      total 47104K, used 41984K [0x00000000e0000000, 0x00000000e3c00000, 0x0000000100000000)
  eden space 41984K, 100% used [0x00000000e0000000,0x00000000e2900000,0x00000000e2900000)
  from space 5120K, 0% used [0x00000000e2900000,0x00000000e2900000,0x00000000e2e00000)
  to   space 5632K, 0% used [0x00000000e3680000,0x00000000e3680000,0x00000000e3c00000)
 ParOldGen       total 50176K, used 16365K [0x00000000a0000000, 0x00000000a3100000, 0x00000000e0000000)
  object space 50176K, 32% used [0x00000000a0000000,0x00000000a0ffb4a0,0x00000000a3100000)
 Metaspace       used 39214K, capacity 39868K, committed 40064K, reserved 1083392K
  class space    used 5496K, capacity 5722K, committed 5760K, reserved 1048576K
Event: 31.012 GC heap after
Heap after GC invocations=20 (full 2):
 PSYoungGen      total 54784K, used 5609K [0x00000000e0000000, 0x00000000e3d00000, 0x0000000100000000)
  eden space 49152K, 0% used [0x00000000e0000000,0x00000000e0000000,0x00000000e3000000)
  from space 5632K, 99% used [0x00000000e3680000,0x00000000e3bfa4e8,0x00000000e3c00000)
  to   space 6656K, 0% used [0x00000000e3000000,0x00000000e3000000,0x00000000e3680000)
 ParOldGen       total 50176K, used 17008K [0x00000000a0000000, 0x00000000a3100000, 0x00000000e0000000)
  object space 50176K, 33% used [0x00000000a0000000,0x00000000a109c1e0,0x00000000a3100000)
 Metaspace       used 39214K, capacity 39868K, committed 40064K, reserved 1083392K
  class space    used 5496K, capacity 5722K, committed 5760K, reserved 1048576K
}
Event: 32.366 GC heap before
{Heap before GC invocations=21 (full 2):
 PSYoungGen      total 54784K, used 54761K [0x00000000e0000000, 0x00000000e3d00000, 0x0000000100000000)
  eden space 49152K, 100% used [0x00000000e0000000,0x00000000e3000000,0x00000000e3000000)
  from space 5632K, 99% used [0x00000000e3680000,0x00000000e3bfa4e8,0x00000000e3c00000)
  to   space 6656K, 0% used [0x00000000e3000000,0x00000000e3000000,0x00000000e3680000)
 ParOldGen       total 50176K, used 17008K [0x00000000a0000000, 0x00000000a3100000, 0x00000000e0000000)
  object space 50176K, 33% used [0x00000000a0000000,0x00000000a109c1e0,0x00000000a3100000)
 Metaspace       used 42514K, capacity 43248K, committed 43520K, reserved 1087488K
  class space    used 5896K, capacity 6113K, committed 6144K, reserved 1048576K
Event: 32.388 GC heap after
Heap after GC invocations=21 (full 2):
 PSYoungGen      total 55808K, used 6643K [0x00000000e0000000, 0x00000000e4b80000, 0x0000000100000000)
  eden space 49152K, 0% used [0x00000000e0000000,0x00000000e0000000,0x00000000e3000000)
  from space 6656K, 99% used [0x00000000e3000000,0x00000000e367ce50,0x00000000e3680000)
  to   space 9216K, 0% used [0x00000000e4280000,0x00000000e4280000,0x00000000e4b80000)
 ParOldGen       total 50176K, used 21117K [0x00000000a0000000, 0x00000000a3100000, 0x00000000e0000000)
  object space 50176K, 42% used [0x00000000a0000000,0x00000000a149f4a8,0x00000000a3100000)
 Metaspace       used 42514K, capacity 43248K, committed 43520K, reserved 1087488K
  class space    used 5896K, capacity 6113K, committed 6144K, reserved 1048576K
}
Event: 34.495 GC heap before
{Heap before GC invocations=22 (full 2):
 PSYoungGen      total 55808K, used 55795K [0x00000000e0000000, 0x00000000e4b80000, 0x0000000100000000)
  eden space 49152K, 100% used [0x00000000e0000000,0x00000000e3000000,0x00000000e3000000)
  from space 6656K, 99% used [0x00000000e3000000,0x00000000e367ce50,0x00000000e3680000)
  to   space 9216K, 0% used [0x00000000e4280000,0x00000000e4280000,0x00000000e4b80000)
 ParOldGen       total 50176K, used 21117K [0x00000000a0000000, 0x00000000a3100000, 0x00000000e0000000)
  object space 50176K, 42% used [0x00000000a0000000,0x00000000a149f4a8,0x00000000a3100000)
 Metaspace       used 48192K, capacity 48970K, committed 49152K, reserved 1091584K
  class space    used 6670K, capacity 6910K, committed 6912K, reserved 1048576K
Event: 34.514 GC heap after
Heap after GC invocations=22 (full 2):
 PSYoungGen      total 67072K, used 4364K [0x00000000e0000000, 0x00000000e4a80000, 0x0000000100000000)
  eden space 58880K, 0% used [0x00000000e0000000,0x00000000e0000000,0x00000000e3980000)
  from space 8192K, 53% used [0x00000000e4280000,0x00000000e46c30f8,0x00000000e4a80000)
  to   space 8704K, 0% used [0x00000000e3980000,0x00000000e3980000,0x00000000e4200000)
 ParOldGen       total 50176K, used 25717K [0x00000000a0000000, 0x00000000a3100000, 0x00000000e0000000)
  object space 50176K, 51% used [0x00000000a0000000,0x00000000a191d518,0x00000000a3100000)
 Metaspace       used 48192K, capacity 48970K, committed 49152K, reserved 1091584K
  class space    used 6670K, capacity 6910K, committed 6912K, reserved 1048576K
}
Event: 37.062 GC heap before
{Heap before GC invocations=23 (full 2):
 PSYoungGen      total 67072K, used 63244K [0x00000000e0000000, 0x00000000e4a80000, 0x0000000100000000)
  eden space 58880K, 100% used [0x00000000e0000000,0x00000000e3980000,0x00000000e3980000)
  from space 8192K, 53% used [0x00000000e4280000,0x00000000e46c30f8,0x00000000e4a80000)
  to   space 8704K, 0% used [0x00000000e3980000,0x00000000e3980000,0x00000000e4200000)
 ParOldGen       total 50176K, used 25717K [0x00000000a0000000, 0x00000000a3100000, 0x00000000e0000000)
  object space 50176K, 51% used [0x00000000a0000000,0x00000000a191d518,0x00000000a3100000)
 Metaspace       used 53415K, capacity 54622K, committed 54912K, reserved 1095680K
  class space    used 7391K, capacity 7742K, committed 7808K, reserved 1048576K
Event: 37.075 GC heap after
Heap after GC invocations=23 (full 2):
 PSYoungGen      total 67584K, used 8630K [0x00000000e0000000, 0x00000000e5700000, 0x0000000100000000)
  eden space 58880K, 0% used [0x00000000e0000000,0x00000000e0000000,0x00000000e3980000)
  from space 8704K, 99% used [0x00000000e3980000,0x00000000e41ed918,0x00000000e4200000)
  to   space 9728K, 0% used [0x00000000e4d80000,0x00000000e4d80000,0x00000000e5700000)
 ParOldGen       total 50176K, used 25725K [0x00000000a0000000, 0x00000000a3100000, 0x00000000e0000000)
  object space 50176K, 51% used [0x00000000a0000000,0x00000000a191f518,0x00000000a3100000)
 Metaspace       used 53415K, capacity 54622K, committed 54912K, reserved 1095680K
  class space    used 7391K, capacity 7742K, committed 7808K, reserved 1048576K
}

Deoptimization events (10 events):
Event: 30.854 Thread 0x0000000019c0b000 Uncommon trap: reason=unstable_if action=reinterpret pc=0x00000000032b86d8 method=java.util.jar.JarFile.maybeInstantiateVerifier()V @ 4
Event: 30.857 Thread 0x0000000019c0b000 Uncommon trap: reason=unstable_if action=reinterpret pc=0x000000000362c6ec method=java.security.CodeSource.getCertificates()[Ljava/security/cert/Certificate; @ 22
Event: 30.857 Thread 0x0000000019c0b000 Uncommon trap: reason=unstable_if action=reinterpret pc=0x000000000354151c method=java.util.jar.JarFile.maybeInstantiateVerifier()V @ 4
Event: 30.858 Thread 0x0000000019c0b000 Uncommon trap: reason=unstable_if action=reinterpret pc=0x0000000003acc434 method=java.util.jar.JarFile.maybeInstantiateVerifier()V @ 4
Event: 30.896 Thread 0x0000000019c0b000 Uncommon trap: reason=unstable_if action=reinterpret pc=0x0000000003a0afd0 method=java.util.LinkedHashMap.get(Ljava/lang/Object;)Ljava/lang/Object; @ 20
Event: 31.024 Thread 0x0000000019c0b000 Uncommon trap: reason=unstable_if action=reinterpret pc=0x00000000035c09e8 method=org.objectweb.asm.ByteVector.putUTF8(Ljava/lang/String;)Lorg/objectweb/asm/ByteVector; @ 91
Event: 34.133 Thread 0x0000000019c0b000 Uncommon trap: reason=unstable_if action=reinterpret pc=0x00000000036a9de8 method=java.util.regex.Pattern$BmpCharProperty.match(Ljava/util/regex/Matcher;ILjava/lang/CharSequence;)Z @ 34
Event: 34.717 Thread 0x0000000019c0b000 Uncommon trap: reason=unstable_if action=reinterpret pc=0x0000000003d516f4 method=com.sun.org.apache.xerces.internal.impl.XMLEntityScanner.checkBeforeLoad(Lcom/sun/xml/internal/stream/Entity$ScannedEntity;II)I @ 18
Event: 34.741 Thread 0x0000000019c0b000 Uncommon trap: reason=unstable_if action=reinterpret pc=0x0000000003d7e318 method=com.sun.org.apache.xerces.internal.impl.XMLEntityScanner.scanContent(Lcom/sun/org/apache/xerces/internal/xni/XMLString;)I @ 44
Event: 36.273 Thread 0x0000000019c0b000 Uncommon trap: reason=unstable_if action=reinterpret pc=0x00000000036670a4 method=java.lang.String.lastIndexOf([CII[CIII)I @ 17

Classes redefined (0 events):
No events

Internal exceptions (10 events):
Event: 34.654 Thread 0x0000000019c0b000 Exception <a 'sun/nio/fs/WindowsException'> (0x00000000e02f3fc8) thrown at [C:\re\workspace\8-2-build-windows-amd64-cygwin\jdk8u201\12322\hotspot\src\share\vm\prims\jni.cpp, line 709]
Event: 34.655 Thread 0x0000000019c0b000 Exception <a 'sun/nio/fs/WindowsException'> (0x00000000e02f7c58) thrown at [C:\re\workspace\8-2-build-windows-amd64-cygwin\jdk8u201\12322\hotspot\src\share\vm\prims\jni.cpp, line 709]
Event: 34.655 Thread 0x0000000019c0b000 Exception <a 'sun/nio/fs/WindowsException'> (0x00000000e02f8958) thrown at [C:\re\workspace\8-2-build-windows-amd64-cygwin\jdk8u201\12322\hotspot\src\share\vm\prims\jni.cpp, line 709]
Event: 34.655 Thread 0x0000000019c0b000 Exception <a 'sun/nio/fs/WindowsException'> (0x00000000e02faa60) thrown at [C:\re\workspace\8-2-build-windows-amd64-cygwin\jdk8u201\12322\hotspot\src\share\vm\prims\jni.cpp, line 709]
Event: 34.656 Thread 0x0000000019c0b000 Exception <a 'sun/nio/fs/WindowsException'> (0x00000000e02fb7a0) thrown at [C:\re\workspace\8-2-build-windows-amd64-cygwin\jdk8u201\12322\hotspot\src\share\vm\prims\jni.cpp, line 709]
Event: 34.843 Thread 0x0000000019c0b000 Exception <a 'java/lang/NoSuchMethodError': java.lang.Object.lambda$comparing$77a9974f$1(Ljava/util/function/Function;Ljava/lang/Object;Ljava/lang/Object;)I> (0x00000000e04b33c0) thrown at [C:\re\workspace\8-2-build-windows-amd64-cygwin\jdk8u201\12322\hot
Event: 34.844 Thread 0x0000000019c0b000 Exception <a 'java/lang/NoSuchMethodError': java.lang.Object.lambda$thenComparing$36697e65$1(Ljava/util/Comparator;Ljava/lang/Object;Ljava/lang/Object;)I> (0x00000000e04bec30) thrown at [C:\re\workspace\8-2-build-windows-amd64-cygwin\jdk8u201\12322\hotspo
Event: 34.973 Thread 0x0000000019c0b000 Exception <a 'java/lang/NoSuchMethodError': java.lang.Object.lambda$maxBy$1(Ljava/util/Comparator;Ljava/lang/Object;Ljava/lang/Object;)Ljava/lang/Object;> (0x00000000e062efa0) thrown at [C:\re\workspace\8-2-build-windows-amd64-cygwin\jdk8u201\12322\hotspo
Event: 35.740 Thread 0x0000000019c0b000 Exception <a 'java/lang/ClassNotFoundException': org/gradle/api/plugins/BasePluginConventionBeanInfo> (0x00000000e0c77a28) thrown at [C:\re\workspace\8-2-build-windows-amd64-cygwin\jdk8u201\12322\hotspot\src\share\vm\classfile\systemDictionary.cpp, line 2
Event: 35.740 Thread 0x0000000019c0b000 Exception <a 'java/lang/ClassNotFoundException': org/gradle/api/plugins/BasePluginConventionCustomizer> (0x00000000e0c9e9a0) thrown at [C:\re\workspace\8-2-build-windows-amd64-cygwin\jdk8u201\12322\hotspot\src\share\vm\classfile\systemDictionary.cpp, line

Events (10 events):
Event: 37.840 loading class org/gradle/api/Task
Event: 37.840 loading class org/gradle/api/Task done
Event: 37.840 loading class org/gradle/api/Action
Event: 37.840 loading class org/gradle/api/Action done
Event: 37.857 loading class com/android/build/gradle/tasks/ProcessTestManifest
Event: 37.857 loading class com/android/build/gradle/tasks/ProcessTestManifest done
Event: 37.879 loading class sun/reflect/annotation/AnnotationInvocationHandler$1
Event: 37.905 loading class sun/reflect/annotation/AnnotationInvocationHandler$1 done
Event: 37.905 loading class java/lang/reflect/WeakCache$LookupValue
Event: 37.914 loading class java/lang/reflect/WeakCache$LookupValue done


Dynamic libraries:
0x00007ff740b90000 - 0x00007ff740bc7000 	C:\Program Files\Java\jdk1.8.0_201\bin\java.exe
0x00007fffe5980000 - 0x00007fffe5b61000 	C:\WINDOWS\SYSTEM32\ntdll.dll
0x00007fffc8fd0000 - 0x00007fffc8fe2000 	C:\Program Files\AVAST Software\Avast\aswhook.dll
0x00007fffe4a50000 - 0x00007fffe4b02000 	C:\WINDOWS\System32\KERNEL32.DLL
0x00007fffe1d70000 - 0x00007fffe1fe3000 	C:\WINDOWS\System32\KERNELBASE.dll
0x00007fffe5680000 - 0x00007fffe5721000 	C:\WINDOWS\System32\ADVAPI32.dll
0x00007fffe55e0000 - 0x00007fffe567e000 	C:\WINDOWS\System32\msvcrt.dll
0x00007fffe50a0000 - 0x00007fffe50fb000 	C:\WINDOWS\System32\sechost.dll
0x00007fffe30e0000 - 0x00007fffe3204000 	C:\WINDOWS\System32\RPCRT4.dll
0x00007fffe57c0000 - 0x00007fffe5950000 	C:\WINDOWS\System32\USER32.dll
0x00007fffe1d50000 - 0x00007fffe1d70000 	C:\WINDOWS\System32\win32u.dll
0x00007fffe5100000 - 0x00007fffe5128000 	C:\WINDOWS\System32\GDI32.dll
0x00007fffe1ff0000 - 0x00007fffe2182000 	C:\WINDOWS\System32\gdi32full.dll
0x00007fffe2b20000 - 0x00007fffe2bbf000 	C:\WINDOWS\System32\msvcp_win.dll
0x00007fffe2210000 - 0x00007fffe230a000 	C:\WINDOWS\System32\ucrtbase.dll
0x00007fffd2460000 - 0x00007fffd26c9000 	C:\WINDOWS\WinSxS\amd64_microsoft.windows.common-controls_6595b64144ccf1df_6.0.17134.523_none_fb409dd930672a56\COMCTL32.dll
0x00007fffe52b0000 - 0x00007fffe55d2000 	C:\WINDOWS\System32\combase.dll
0x00007fffe2190000 - 0x00007fffe220a000 	C:\WINDOWS\System32\bcryptPrimitives.dll
0x00007fffe5790000 - 0x00007fffe57bd000 	C:\WINDOWS\System32\IMM32.DLL
0x000000005a670000 - 0x000000005a741000 	C:\Program Files\Java\jdk1.8.0_201\jre\bin\msvcr100.dll
0x0000000059dc0000 - 0x000000005a664000 	C:\Program Files\Java\jdk1.8.0_201\jre\bin\server\jvm.dll
0x00007fffe4b10000 - 0x00007fffe4b18000 	C:\WINDOWS\System32\PSAPI.DLL
0x00007fffd1020000 - 0x00007fffd1029000 	C:\WINDOWS\SYSTEM32\WSOCK32.dll
0x00007fffe35a0000 - 0x00007fffe360c000 	C:\WINDOWS\System32\WS2_32.dll
0x00007fffdf7e0000 - 0x00007fffdf803000 	C:\WINDOWS\SYSTEM32\WINMM.dll
0x00007fffd6510000 - 0x00007fffd651a000 	C:\WINDOWS\SYSTEM32\VERSION.dll
0x00007fffdf7b0000 - 0x00007fffdf7da000 	C:\WINDOWS\SYSTEM32\WINMMBASE.dll
0x00007fffe23c0000 - 0x00007fffe2409000 	C:\WINDOWS\System32\cfgmgr32.dll
0x00007fffde030000 - 0x00007fffde03f000 	C:\Program Files\Java\jdk1.8.0_201\jre\bin\verify.dll
0x00007fffde000000 - 0x00007fffde029000 	C:\Program Files\Java\jdk1.8.0_201\jre\bin\java.dll
0x00007fffdbf90000 - 0x00007fffdbfa6000 	C:\Program Files\Java\jdk1.8.0_201\jre\bin\zip.dll
0x00007fffe3610000 - 0x00007fffe4a50000 	C:\WINDOWS\System32\SHELL32.dll
0x00007fffe4ff0000 - 0x00007fffe5099000 	C:\WINDOWS\System32\shcore.dll
0x00007fffe2410000 - 0x00007fffe2b1d000 	C:\WINDOWS\System32\windows.storage.dll
0x00007fffe4b20000 - 0x00007fffe4b71000 	C:\WINDOWS\System32\shlwapi.dll
0x00007fffe1d30000 - 0x00007fffe1d41000 	C:\WINDOWS\System32\kernel.appcore.dll
0x00007fffe1d00000 - 0x00007fffe1d1f000 	C:\WINDOWS\System32\profapi.dll
0x00007fffe1c90000 - 0x00007fffe1cdc000 	C:\WINDOWS\System32\powrprof.dll
0x00007fffe1d20000 - 0x00007fffe1d2a000 	C:\WINDOWS\System32\FLTLIB.DLL
0x00007fffda820000 - 0x00007fffda83a000 	C:\Program Files\Java\jdk1.8.0_201\jre\bin\net.dll
0x00007fffd6740000 - 0x00007fffd6909000 	C:\WINDOWS\SYSTEM32\urlmon.dll
0x00007fffd6ac0000 - 0x00007fffd6d65000 	C:\WINDOWS\SYSTEM32\iertutil.dll
0x00007fffe1680000 - 0x00007fffe168b000 	C:\WINDOWS\SYSTEM32\CRYPTBASE.DLL
0x00007fffe14b0000 - 0x00007fffe1516000 	C:\WINDOWS\system32\mswsock.dll
0x00007fffda800000 - 0x00007fffda811000 	C:\Program Files\Java\jdk1.8.0_201\jre\bin\nio.dll
0x00007fffde040000 - 0x00007fffde05e000 	C:\Users\HP\.gradle\native\25\windows-amd64\native-platform.dll
0x00007fffdbf80000 - 0x00007fffdbf8d000 	C:\Program Files\Java\jdk1.8.0_201\jre\bin\management.dll
0x00007fffe1660000 - 0x00007fffe1677000 	C:\WINDOWS\SYSTEM32\CRYPTSP.dll
0x00007fffe1090000 - 0x00007fffe10c3000 	C:\WINDOWS\system32\rsaenh.dll
0x00007fffe1790000 - 0x00007fffe17b5000 	C:\WINDOWS\SYSTEM32\bcrypt.dll
0x00007fffe1bc0000 - 0x00007fffe1be8000 	C:\WINDOWS\SYSTEM32\USERENV.dll
0x00007fffe1230000 - 0x00007fffe1268000 	C:\WINDOWS\SYSTEM32\IPHLPAPI.DLL
0x00007fffe30d0000 - 0x00007fffe30d8000 	C:\WINDOWS\System32\NSI.dll
0x00007fffd8120000 - 0x00007fffd8136000 	C:\WINDOWS\SYSTEM32\dhcpcsvc6.DLL
0x00007fffd8300000 - 0x00007fffd831a000 	C:\WINDOWS\SYSTEM32\dhcpcsvc.DLL

VM Arguments:
jvm_args: -Xmx1536m -Dfile.encoding=windows-1252 -Duser.country=US -Duser.language=en -Duser.variant 
java_command: org.gradle.launcher.daemon.bootstrap.GradleDaemon 4.10.1
java_class_path (initial): C:\Users\HP\.gradle\wrapper\dists\gradle-4.10.1-all\455itskqi2qtf0v2sja68alqd\gradle-4.10.1\lib\gradle-launcher-4.10.1.jar
Launcher Type: SUN_STANDARD

Environment Variables:
JAVA_HOME=C:\Program Files\Java\jdk1.8.0_201
PATH=C:\Program Files (x86)\Common Files\Oracle\Java\javapath;C:\Program Files (x86)\Common Files\ArcSoft\Bin;C:\Program Files (x86)\Intel\iCLS Client\;C:\Program Files\Intel\iCLS Client\;C:\WINDOWS\system32;C:\WINDOWS;C:\WINDOWS\System32\Wbem;C:\WINDOWS\System32\WindowsPowerShell\v1.0\;C:\Program Files (x86)\Intel\Intel(R) Management Engine Components\DAL;C:\Program Files\Intel\Intel(R) Management Engine Components\DAL;C:\Program Files (x86)\Intel\Intel(R) Management Engine Components\IPT;C:\Program Files\Intel\Intel(R) Management Engine Components\IPT;c:\Program Files\Intel\WiFi\bin\;c:\Program Files\Common Files\Intel\WirelessCommon\;C:\Program Files (x86)\GtkSharp\2.12\bin;C:\WINDOWS\System32\OpenSSH\;C:\Users\HP\AppData\Local\Android\Sdk;C:\Program Files\Java\jdk1.8.0_201bin;C:\Program Files\Java\jdk1.8.0_201\bin;C:\Program Files\Java\jre1.8.0_201\bin;C:\Program Files\Git\cmd;C:\Program Files\Java\jdk1.8.0_201\bin;C:\Users\HP\AppData\Local\Microsoft\WindowsApps;
USERNAME=HP
OS=Windows_NT
PROCESSOR_IDENTIFIER=Intel64 Family 6 Model 61 Stepping 4, GenuineIntel



---------------  S Y S T E M  ---------------

OS: Windows 10.0 , 64 bit Build 17134 (10.0.17134.1)

CPU:total 4 (initial active 4) (2 cores per cpu, 2 threads per core) family 6 model 61 stepping 4, cmov, cx8, fxsr, mmx, sse, sse2, sse3, ssse3, sse4.1, sse4.2, popcnt, avx, avx2, aes, clmul, erms, 3dnowpref, lzcnt, ht, tsc, tscinvbit, bmi1, bmi2, adx

Memory: 4k page, physical 4082796k(256528k free), swap 4082796k(3388k free)

vm_info: Java HotSpot(TM) 64-Bit Server VM (25.201-b09) for windows-amd64 JRE (1.8.0_201-b09), built on Dec 15 2018 18:36:39 by "java_re" with MS VC++ 10.0 (VS2010)

time: Sat Feb 09 01:41:47 2019
timezone: Bangladesh Standard Time
elapsed time: 38 seconds (0d 0h 0m 38s)

