#
# There is insufficient memory for the Java Runtime Environment to continue.
# Native memory allocation (malloc) failed to allocate 32744 bytes for ChunkPool::allocate
# Possible reasons:
#   The system is out of physical RAM or swap space
#   The process is running with CompressedOops enabled, and the Java Heap may be blocking the growth of the native heap
# Possible solutions:
#   Reduce memory load on the system
#   Increase physical memory or swap space
#   Check if swap backing store is full
#   Decrease Java heap size (-Xmx/-Xms)
#   Decrease number of Java threads
#   Decrease Java thread stack sizes (-Xss)
#   Set larger code cache with -XX:ReservedCodeCacheSize=
#   JVM is running with Unscaled Compressed Oops mode in which the Java heap is
#     placed in the first 4GB address space. The Java Heap base address is the
#     maximum limit for the native heap growth. Please use -XX:HeapBaseMinAddress
#     to set the Java Heap base and to place the Java Heap above 4GB virtual address.
# This output file may be truncated or incomplete.
#
#  Out of Memory Error (allocation.cpp:273), pid=7696, tid=0x0000000000002d60
#
# JRE version: Java(TM) SE Runtime Environment (8.0_201-b09) (build 1.8.0_201-b09)
# Java VM: Java HotSpot(TM) 64-Bit Server VM (25.201-b09 mixed mode windows-amd64 compressed oops)
# Failed to write core dump. Minidumps are not enabled by default on client versions of Windows
#

---------------  T H R E A D  ---------------

Current thread (0x0000000016a99800):  JavaThread "C2 CompilerThread1" daemon [_thread_in_native, id=11616, stack(0x00000000181d0000,0x00000000182d0000)]

Stack: [0x00000000181d0000,0x00000000182d0000]
[error occurred during error reporting (printing stack bounds), id 0xc0000005]

Native frames: (J=compiled Java code, j=interpreted, Vv=VM code, C=native code)


Current CompileTask:
C2:1004244 10923       4       org.gradle.internal.logging.sink.OutputEventTransformer::onOutput (392 bytes)


---------------  P R O C E S S  ---------------

Java Threads: ( => current thread )
  0x000000001c0c6000 JavaThread "Cache worker for file content cache (H:\AndroidStudioProjects\VariableGame\.gradle\4.10.1\fileContent)" [_thread_blocked, id=4992, stack(0x0000000027c40000,0x0000000027d40000)]
  0x000000001c0c7800 JavaThread "Build operations Thread 4" [_thread_blocked, id=11800, stack(0x0000000027b40000,0x0000000027c40000)]
  0x000000001c0c5000 JavaThread "Build operations Thread 3" [_thread_blocked, id=1608, stack(0x0000000027a40000,0x0000000027b40000)]
  0x000000001c0c8000 JavaThread "Build operations Thread 2" [_thread_blocked, id=1788, stack(0x0000000027940000,0x0000000027a40000)]
  0x000000001c0c3800 JavaThread "Build operations" [_thread_blocked, id=10284, stack(0x0000000027840000,0x0000000027940000)]
  0x000000001c0bc000 JavaThread "Cache worker for cache directory md-rule (C:\Users\HP\.gradle\caches\4.10.1\md-rule)" [_thread_blocked, id=6972, stack(0x0000000027740000,0x0000000027840000)]
  0x000000001c0c1800 JavaThread "Cache worker for cache directory md-supplier (C:\Users\HP\.gradle\caches\4.10.1\md-supplier)" [_thread_blocked, id=3852, stack(0x0000000027640000,0x0000000027740000)]
  0x000000001c0c3000 JavaThread "Cache worker for file hash cache (H:\AndroidStudioProjects\VariableGame\.gradle\4.10.1\fileHashes)" [_thread_blocked, id=10912, stack(0x0000000027540000,0x0000000027640000)]
  0x000000001c0bb800 JavaThread "Stdin handler" [_thread_blocked, id=224, stack(0x0000000027440000,0x0000000027540000)]
  0x000000001c0c0000 JavaThread "Asynchronous log dispatcher for DefaultDaemonConnection: socket connection from /127.0.0.1:7733 to /127.0.0.1:7923" [_thread_blocked, id=11684, stack(0x0000000027340000,0x0000000027440000)]
  0x000000001c0bf000 JavaThread "Daemon worker Thread 2" [_thread_in_native, id=4648, stack(0x0000000027240000,0x0000000027340000)]
  0x000000001c0be800 JavaThread "Cancel handler" [_thread_blocked, id=1152, stack(0x0000000027140000,0x0000000027240000)]
  0x000000001c0bd800 JavaThread "Handler for socket connection from /127.0.0.1:7733 to /127.0.0.1:7923" [_thread_in_native, id=9560, stack(0x0000000027040000,0x0000000027140000)]
  0x000000001c0c0800 JavaThread "Daemon Thread 2" [_thread_blocked, id=9532, stack(0x0000000026f40000,0x0000000027040000)]
  0x000000001c0c2000 JavaThread "pool-1-thread-1" [_thread_blocked, id=3088, stack(0x0000000026e40000,0x0000000026f40000)]
  0x000000001c0ba800 JavaThread "Cache worker for Java compile cache (C:\Users\HP\.gradle\caches\4.10.1\javaCompile)" [_thread_blocked, id=5368, stack(0x00000000240a0000,0x00000000241a0000)]
  0x000000001c0bd000 JavaThread "Cache worker for file content cache (C:\Users\HP\.gradle\caches\4.10.1\fileContent)" [_thread_blocked, id=10448, stack(0x00000000226c0000,0x00000000227c0000)]
  0x000000001c0ba000 JavaThread "Memory manager" [_thread_blocked, id=688, stack(0x00000000225c0000,0x00000000226c0000)]
  0x0000000019dbe000 JavaThread "Cache worker for Artifact transforms cache (C:\Users\HP\.gradle\caches\transforms-1)" [_thread_blocked, id=8988, stack(0x00000000208c0000,0x00000000209c0000)]
  0x0000000019dc0800 JavaThread "Cache worker for journal cache (C:\Users\HP\.gradle\caches\journal-1)" [_thread_blocked, id=11712, stack(0x000000001ec40000,0x000000001ed40000)]
  0x0000000019dbf800 JavaThread "File lock request listener" [_thread_in_native, id=1304, stack(0x000000001c5f0000,0x000000001c6f0000)]
  0x0000000019dbc800 JavaThread "Cache worker for file hash cache (C:\Users\HP\.gradle\caches\4.10.1\fileHashes)" [_thread_blocked, id=1260, stack(0x000000001c4f0000,0x000000001c5f0000)]
  0x00000000196e2000 JavaThread "Daemon periodic checks" [_thread_blocked, id=6952, stack(0x000000001aa20000,0x000000001ab20000)]
  0x0000000018b37800 JavaThread "Incoming local TCP Connector on port 7733" [_thread_in_native, id=10992, stack(0x000000001a7e0000,0x000000001a8e0000)]
  0x0000000019703000 JavaThread "Daemon health stats" [_thread_blocked, id=8392, stack(0x000000001a1a0000,0x000000001a2a0000)]
  0x00000000183f3000 JavaThread "Service Thread" daemon [_thread_blocked, id=4284, stack(0x00000000187d0000,0x00000000188d0000)]
  0x0000000016aa5800 JavaThread "C1 CompilerThread2" daemon [_thread_blocked, id=7108, stack(0x00000000182d0000,0x00000000183d0000)]
=>0x0000000016a99800 JavaThread "C2 CompilerThread1" daemon [_thread_in_native, id=11616, stack(0x00000000181d0000,0x00000000182d0000)]
  0x0000000016a95800 JavaThread "C2 CompilerThread0" daemon [_thread_in_native, id=6108, stack(0x00000000180d0000,0x00000000181d0000)]
  0x0000000016a93800 JavaThread "Attach Listener" daemon [_thread_blocked, id=3568, stack(0x0000000017fd0000,0x00000000180d0000)]
  0x0000000016a92000 JavaThread "Signal Dispatcher" daemon [_thread_blocked, id=1100, stack(0x0000000017ed0000,0x0000000017fd0000)]
  0x00000000030ba800 JavaThread "Finalizer" daemon [_thread_blocked, id=11060, stack(0x0000000017ce0000,0x0000000017de0000)]
  0x00000000030b2000 JavaThread "Reference Handler" daemon [_thread_blocked, id=2884, stack(0x0000000017be0000,0x0000000017ce0000)]
  0x000000000311e000 JavaThread "main" [_thread_blocked, id=11152, stack(0x0000000002e90000,0x0000000002f90000)]

Other Threads:
  0x0000000016a57800 VMThread [stack: 0x0000000017ae0000,0x0000000017be0000] [id=3728]
  0x000000001841d000 WatcherThread [stack: 0x00000000188d0000,0x00000000189d0000] [id=11268]

VM state:not at safepoint (normal execution)

VM Mutex/Monitor currently owned by a thread: None

heap address: 0x00000000a0000000, size: 1536 MB, Compressed Oops mode: 32-bit
Narrow klass base: 0x0000000000000000, Narrow klass shift: 3
Compressed class space size: 1073741824 Address: 0x0000000100000000

Heap:
 PSYoungGen      total 176128K, used 52414K [0x00000000e0000000, 0x00000000ec680000, 0x0000000100000000)
  eden space 154112K, 34% used [0x00000000e0000000,0x00000000e332f908,0x00000000e9680000)
  from space 22016K, 0% used [0x00000000eb100000,0x00000000eb100000,0x00000000ec680000)
  to   space 24576K, 0% used [0x00000000e9680000,0x00000000e9680000,0x00000000eae80000)
 ParOldGen       total 116736K, used 41432K [0x00000000a0000000, 0x00000000a7200000, 0x00000000e0000000)
  object space 116736K, 35% used [0x00000000a0000000,0x00000000a28763e8,0x00000000a7200000)
 Metaspace       used 79328K, capacity 81904K, committed 82008K, reserved 1120256K
  class space    used 10774K, capacity 11325K, committed 11392K, reserved 1048576K

Card table byte_map: [0x00000000124e0000,0x00000000127f0000] byte_map_base: 0x0000000011fe0000

Marking Bits: (ParMarkBitMap*) 0x00000000539b4ce0
 Begin Bits: [0x0000000012df0000, 0x00000000145f0000)
 End Bits:   [0x00000000145f0000, 0x0000000015df0000)

Polling page: 0x0000000001470000

CodeCache: size=245760Kb used=28479Kb max_used=28490Kb free=217280Kb
 bounds [0x0000000003120000, 0x0000000004d20000, 0x0000000012120000]
 total_blobs=10185 nmethods=9330 adapters=766
 compilation: enabled

Compilation events (10 events):
Event: 1004.120 Thread 0x0000000016aa5800 nmethod 10992 0x0000000004cf6cd0 code [0x0000000004cf6ec0, 0x0000000004cf7678]
Event: 1004.120 Thread 0x0000000016aa5800 10990       3       java.util.Formatter$Conversion::isText (32 bytes)
Event: 1004.121 Thread 0x0000000016aa5800 nmethod 10990 0x0000000004cf7a50 code [0x0000000004cf7ba0, 0x0000000004cf7cf0]
Event: 1004.121 Thread 0x0000000016aa5800 10991   !   3       java.util.Formatter$FormatSpecifier::index (53 bytes)
Event: 1004.121 Thread 0x0000000016aa5800 nmethod 10991 0x0000000004cf7d50 code [0x0000000004cf7ee0, 0x0000000004cf8358]
Event: 1004.121 Thread 0x0000000016aa5800 10993   !   3       java.util.Formatter$FormatSpecifier::width (59 bytes)
Event: 1004.122 Thread 0x0000000016aa5800 nmethod 10993 0x0000000004cf8550 code [0x0000000004cf86e0, 0x0000000004cf8a38]
Event: 1004.122 Thread 0x0000000016aa5800 10994   !   3       java.util.Formatter$FormatSpecifier::precision (63 bytes)
Event: 1004.122 Thread 0x0000000016aa5800 nmethod 10994 0x0000000004cf8c10 code [0x0000000004cf8dc0, 0x0000000004cf91c8]
Event: 1004.122 Thread 0x0000000016aa5800 10995       3       java.util.Formatter$FormatSpecifier::conversion (94 bytes)

GC Heap History (10 events):
Event: 29.182 GC heap before
{Heap before GC invocations=20 (full 3):
 PSYoungGen      total 123904K, used 512K [0x00000000e0000000, 0x00000000ea000000, 0x0000000100000000)
  eden space 109568K, 0% used [0x00000000e0000000,0x00000000e0000000,0x00000000e6b00000)
  from space 14336K, 3% used [0x00000000e6b00000,0x00000000e6b80000,0x00000000e7900000)
  to   space 14336K, 0% used [0x00000000e9200000,0x00000000e9200000,0x00000000ea000000)
 ParOldGen       total 54272K, used 38265K [0x00000000a0000000, 0x00000000a3500000, 0x00000000e0000000)
  object space 54272K, 70% used [0x00000000a0000000,0x00000000a255e7d8,0x00000000a3500000)
 Metaspace       used 57608K, capacity 59010K, committed 59096K, reserved 1099776K
  class space    used 8049K, capacity 8434K, committed 8448K, reserved 1048576K
Event: 29.515 GC heap after
Heap after GC invocations=20 (full 3):
 PSYoungGen      total 123904K, used 0K [0x00000000e0000000, 0x00000000ea000000, 0x0000000100000000)
  eden space 109568K, 0% used [0x00000000e0000000,0x00000000e0000000,0x00000000e6b00000)
  from space 14336K, 0% used [0x00000000e6b00000,0x00000000e6b00000,0x00000000e7900000)
  to   space 14336K, 0% used [0x00000000e9200000,0x00000000e9200000,0x00000000ea000000)
 ParOldGen       total 80384K, used 28631K [0x00000000a0000000, 0x00000000a4e80000, 0x00000000e0000000)
  object space 80384K, 35% used [0x00000000a0000000,0x00000000a1bf5d80,0x00000000a4e80000)
 Metaspace       used 57608K, capacity 59010K, committed 59096K, reserved 1099776K
  class space    used 8049K, capacity 8434K, committed 8448K, reserved 1048576K
}
Event: 36.413 GC heap before
{Heap before GC invocations=21 (full 3):
 PSYoungGen      total 123904K, used 109568K [0x00000000e0000000, 0x00000000ea000000, 0x0000000100000000)
  eden space 109568K, 100% used [0x00000000e0000000,0x00000000e6b00000,0x00000000e6b00000)
  from space 14336K, 0% used [0x00000000e6b00000,0x00000000e6b00000,0x00000000e7900000)
  to   space 14336K, 0% used [0x00000000e9200000,0x00000000e9200000,0x00000000ea000000)
 ParOldGen       total 80384K, used 28631K [0x00000000a0000000, 0x00000000a4e80000, 0x00000000e0000000)
  object space 80384K, 35% used [0x00000000a0000000,0x00000000a1bf5d80,0x00000000a4e80000)
 Metaspace       used 63776K, capacity 65274K, committed 65496K, reserved 1105920K
  class space    used 8807K, capacity 9192K, committed 9216K, reserved 1048576K
Event: 36.437 GC heap after
Heap after GC invocations=21 (full 3):
 PSYoungGen      total 141312K, used 10285K [0x00000000e0000000, 0x00000000e9d00000, 0x0000000100000000)
  eden space 130048K, 0% used [0x00000000e0000000,0x00000000e0000000,0x00000000e7f00000)
  from space 11264K, 91% used [0x00000000e9200000,0x00000000e9c0b5c0,0x00000000e9d00000)
  to   space 15360K, 0% used [0x00000000e7f00000,0x00000000e7f00000,0x00000000e8e00000)
 ParOldGen       total 80384K, used 28639K [0x00000000a0000000, 0x00000000a4e80000, 0x00000000e0000000)
  object space 80384K, 35% used [0x00000000a0000000,0x00000000a1bf7d80,0x00000000a4e80000)
 Metaspace       used 63776K, capacity 65274K, committed 65496K, reserved 1105920K
  class space    used 8807K, capacity 9192K, committed 9216K, reserved 1048576K
}
Event: 42.155 GC heap before
{Heap before GC invocations=22 (full 3):
 PSYoungGen      total 141312K, used 140333K [0x00000000e0000000, 0x00000000e9d00000, 0x0000000100000000)
  eden space 130048K, 100% used [0x00000000e0000000,0x00000000e7f00000,0x00000000e7f00000)
  from space 11264K, 91% used [0x00000000e9200000,0x00000000e9c0b5c0,0x00000000e9d00000)
  to   space 15360K, 0% used [0x00000000e7f00000,0x00000000e7f00000,0x00000000e8e00000)
 ParOldGen       total 80384K, used 28639K [0x00000000a0000000, 0x00000000a4e80000, 0x00000000e0000000)
  object space 80384K, 35% used [0x00000000a0000000,0x00000000a1bf7d80,0x00000000a4e80000)
 Metaspace       used 72467K, capacity 74714K, committed 74840K, reserved 1114112K
  class space    used 9992K, capacity 10506K, committed 10624K, reserved 1048576K
Event: 42.280 GC heap after
Heap after GC invocations=22 (full 3):
 PSYoungGen      total 145408K, used 15336K [0x00000000e0000000, 0x00000000eca80000, 0x0000000100000000)
  eden space 130048K, 0% used [0x00000000e0000000,0x00000000e0000000,0x00000000e7f00000)
  from space 15360K, 99% used [0x00000000e7f00000,0x00000000e8dfa1f0,0x00000000e8e00000)
  to   space 26112K, 0% used [0x00000000eb100000,0x00000000eb100000,0x00000000eca80000)
 ParOldGen       total 80384K, used 50813K [0x00000000a0000000, 0x00000000a4e80000, 0x00000000e0000000)
  object space 80384K, 63% used [0x00000000a0000000,0x00000000a319f7e0,0x00000000a4e80000)
 Metaspace       used 72467K, capacity 74714K, committed 74840K, reserved 1114112K
  class space    used 9992K, capacity 10506K, committed 10624K, reserved 1048576K
}
Event: 46.170 GC heap before
{Heap before GC invocations=23 (full 3):
 PSYoungGen      total 145408K, used 145384K [0x00000000e0000000, 0x00000000eca80000, 0x0000000100000000)
  eden space 130048K, 100% used [0x00000000e0000000,0x00000000e7f00000,0x00000000e7f00000)
  from space 15360K, 99% used [0x00000000e7f00000,0x00000000e8dfa1f0,0x00000000e8e00000)
  to   space 26112K, 0% used [0x00000000eb100000,0x00000000eb100000,0x00000000eca80000)
 ParOldGen       total 80384K, used 50813K [0x00000000a0000000, 0x00000000a4e80000, 0x00000000e0000000)
  object space 80384K, 63% used [0x00000000a0000000,0x00000000a319f7e0,0x00000000a4e80000)
 Metaspace       used 76331K, capacity 78696K, committed 78936K, reserved 1118208K
  class space    used 10582K, capacity 11095K, committed 11136K, reserved 1048576K
Event: 46.217 GC heap after
Heap after GC invocations=23 (full 3):
 PSYoungGen      total 176128K, used 7097K [0x00000000e0000000, 0x00000000ec680000, 0x0000000100000000)
  eden space 154112K, 0% used [0x00000000e0000000,0x00000000e0000000,0x00000000e9680000)
  from space 22016K, 32% used [0x00000000eb100000,0x00000000eb7ee430,0x00000000ec680000)
  to   space 24576K, 0% used [0x00000000e9680000,0x00000000e9680000,0x00000000eae80000)
 ParOldGen       total 80384K, used 65832K [0x00000000a0000000, 0x00000000a4e80000, 0x00000000e0000000)
  object space 80384K, 81% used [0x00000000a0000000,0x00000000a404a2b0,0x00000000a4e80000)
 Metaspace       used 76331K, capacity 78696K, committed 78936K, reserved 1118208K
  class space    used 10582K, capacity 11095K, committed 11136K, reserved 1048576K
}
Event: 46.217 GC heap before
{Heap before GC invocations=24 (full 4):
 PSYoungGen      total 176128K, used 7097K [0x00000000e0000000, 0x00000000ec680000, 0x0000000100000000)
  eden space 154112K, 0% used [0x00000000e0000000,0x00000000e0000000,0x00000000e9680000)
  from space 22016K, 32% used [0x00000000eb100000,0x00000000eb7ee430,0x00000000ec680000)
  to   space 24576K, 0% used [0x00000000e9680000,0x00000000e9680000,0x00000000eae80000)
 ParOldGen       total 80384K, used 65832K [0x00000000a0000000, 0x00000000a4e80000, 0x00000000e0000000)
  object space 80384K, 81% used [0x00000000a0000000,0x00000000a404a2b0,0x00000000a4e80000)
 Metaspace       used 76331K, capacity 78696K, committed 78936K, reserved 1118208K
  class space    used 10582K, capacity 11095K, committed 11136K, reserved 1048576K
Event: 46.372 GC heap after
Heap after GC invocations=24 (full 4):
 PSYoungGen      total 176128K, used 0K [0x00000000e0000000, 0x00000000ec680000, 0x0000000100000000)
  eden space 154112K, 0% used [0x00000000e0000000,0x00000000e0000000,0x00000000e9680000)
  from space 22016K, 0% used [0x00000000eb100000,0x00000000eb100000,0x00000000ec680000)
  to   space 24576K, 0% used [0x00000000e9680000,0x00000000e9680000,0x00000000eae80000)
 ParOldGen       total 116736K, used 41432K [0x00000000a0000000, 0x00000000a7200000, 0x00000000e0000000)
  object space 116736K, 35% used [0x00000000a0000000,0x00000000a28763e8,0x00000000a7200000)
 Metaspace       used 76291K, capacity 78590K, committed 78936K, reserved 1118208K
  class space    used 10568K, capacity 11070K, committed 11136K, reserved 1048576K
}

Deoptimization events (10 events):
Event: 1002.652 Thread 0x000000001c0bd800 Uncommon trap: reason=class_check action=maybe_recompile pc=0x0000000003412b9c method=sun.nio.ch.IOUtil.read(Ljava/io/FileDescriptor;Ljava/nio/ByteBuffer;JLsun/nio/ch/NativeDispatcher;)I @ 1
Event: 1002.662 Thread 0x000000001c0c0800 Uncommon trap: reason=unstable_if action=reinterpret pc=0x0000000004ce1540 method=org.gradle.internal.logging.sink.LogEventDispatcher.onOutput(Lorg/gradle/internal/logging/events/OutputEvent;)V @ 35
Event: 1002.737 Thread 0x000000001c0bf000 Uncommon trap: reason=unstable_if action=reinterpret pc=0x00000000032bfa58 method=java.lang.Long.stringSize(J)I @ 11
Event: 1002.741 Thread 0x000000001c0bf000 Uncommon trap: reason=array_check action=maybe_recompile pc=0x000000000440bb1c method=com.google.common.collect.ImmutableSet.construct(I[Ljava/lang/Object;)Lcom/google/common/collect/ImmutableSet; @ 122
Event: 1002.742 Thread 0x000000001c0bf000 Uncommon trap: reason=array_check action=maybe_recompile pc=0x000000000440bb1c method=com.google.common.collect.ImmutableSet.construct(I[Ljava/lang/Object;)Lcom/google/common/collect/ImmutableSet; @ 122
Event: 1002.742 Thread 0x000000001c0bf000 Uncommon trap: reason=array_check action=maybe_recompile pc=0x000000000440bb1c method=com.google.common.collect.ImmutableSet.construct(I[Ljava/lang/Object;)Lcom/google/common/collect/ImmutableSet; @ 122
Event: 1002.743 Thread 0x000000001c0bf000 Uncommon trap: reason=array_check action=maybe_recompile pc=0x000000000440bb1c method=com.google.common.collect.ImmutableSet.construct(I[Ljava/lang/Object;)Lcom/google/common/collect/ImmutableSet; @ 122
Event: 1002.799 Thread 0x000000001c0bf000 Uncommon trap: reason=unstable_if action=reinterpret pc=0x00000000042ecdb0 method=com.google.common.collect.MapMakerInternalMap$Segment.getEntry(Ljava/lang/Object;I)Lcom/google/common/collect/MapMakerInternalMap$ReferenceEntry; @ 4
Event: 1003.208 Thread 0x000000001c0bf000 Uncommon trap: reason=unstable_if action=reinterpret pc=0x0000000003d7d388 method=java.util.concurrent.ConcurrentHashMap.get(Ljava/lang/Object;)Ljava/lang/Object; @ 76
Event: 1003.727 Thread 0x000000001c0bf000 Uncommon trap: reason=unstable_if action=reinterpret pc=0x0000000004b7197c method=java.util.stream.MatchOps$BooleanTerminalSink.<init>(Ljava/util/stream/MatchOps$MatchKind;)V @ 9

Classes redefined (0 events):
No events

Internal exceptions (10 events):
Event: 1003.679 Thread 0x000000001c0bf000 Exception <a 'sun/nio/fs/WindowsException'> (0x00000000e2bbe1f8) thrown at [C:\re\workspace\8-2-build-windows-amd64-cygwin\jdk8u201\12322\hotspot\src\share\vm\prims\jni.cpp, line 709]
Event: 1003.679 Thread 0x000000001c0bf000 Exception <a 'sun/nio/fs/WindowsException'> (0x00000000e2bbef48) thrown at [C:\re\workspace\8-2-build-windows-amd64-cygwin\jdk8u201\12322\hotspot\src\share\vm\prims\jni.cpp, line 709]
Event: 1003.686 Thread 0x000000001c0bf000 Exception <a 'sun/nio/fs/WindowsException'> (0x00000000e2bc2158) thrown at [C:\re\workspace\8-2-build-windows-amd64-cygwin\jdk8u201\12322\hotspot\src\share\vm\prims\jni.cpp, line 709]
Event: 1003.686 Thread 0x000000001c0bf000 Exception <a 'sun/nio/fs/WindowsException'> (0x00000000e2bc2ed8) thrown at [C:\re\workspace\8-2-build-windows-amd64-cygwin\jdk8u201\12322\hotspot\src\share\vm\prims\jni.cpp, line 709]
Event: 1003.687 Thread 0x000000001c0bf000 Exception <a 'sun/nio/fs/WindowsException'> (0x00000000e2bc5058) thrown at [C:\re\workspace\8-2-build-windows-amd64-cygwin\jdk8u201\12322\hotspot\src\share\vm\prims\jni.cpp, line 709]
Event: 1003.687 Thread 0x000000001c0bf000 Exception <a 'sun/nio/fs/WindowsException'> (0x00000000e2bc5e18) thrown at [C:\re\workspace\8-2-build-windows-amd64-cygwin\jdk8u201\12322\hotspot\src\share\vm\prims\jni.cpp, line 709]
Event: 1003.702 Thread 0x000000001c0bf000 Exception <a 'sun/nio/fs/WindowsException'> (0x00000000e2bc9aa8) thrown at [C:\re\workspace\8-2-build-windows-amd64-cygwin\jdk8u201\12322\hotspot\src\share\vm\prims\jni.cpp, line 709]
Event: 1003.703 Thread 0x000000001c0bf000 Exception <a 'sun/nio/fs/WindowsException'> (0x00000000e2bca7a8) thrown at [C:\re\workspace\8-2-build-windows-amd64-cygwin\jdk8u201\12322\hotspot\src\share\vm\prims\jni.cpp, line 709]
Event: 1003.703 Thread 0x000000001c0bf000 Exception <a 'sun/nio/fs/WindowsException'> (0x00000000e2bcc8b0) thrown at [C:\re\workspace\8-2-build-windows-amd64-cygwin\jdk8u201\12322\hotspot\src\share\vm\prims\jni.cpp, line 709]
Event: 1003.703 Thread 0x000000001c0bf000 Exception <a 'sun/nio/fs/WindowsException'> (0x00000000e2bcd5f0) thrown at [C:\re\workspace\8-2-build-windows-amd64-cygwin\jdk8u201\12322\hotspot\src\share\vm\prims\jni.cpp, line 709]

Events (10 events):
Event: 1003.505 Executing VM operation: RevokeBias done
Event: 1003.727 Thread 0x000000001c0bf000 Uncommon trap: trap_request=0xffffff65 fr.pc=0x0000000004b7197c
Event: 1003.727 Thread 0x000000001c0bf000 DEOPT PACKING pc=0x0000000004b7197c sp=0x000000002733b730
Event: 1003.727 Thread 0x000000001c0bf000 DEOPT UNPACKING pc=0x000000000316583b sp=0x000000002733b4a0 mode 2
Event: 1003.731 loading class sun/nio/cs/UTF_8$1
Event: 1003.743 loading class sun/nio/cs/UTF_8$1 done
Event: 1003.766 loading class kotlin/reflect/jvm/internal/pcollections/ConsPStack$Itr
Event: 1003.766 loading class kotlin/reflect/jvm/internal/pcollections/ConsPStack$Itr done
Event: 1003.782 loading class java/util/AbstractList$1
Event: 1003.795 loading class java/util/AbstractList$1 done


Dynamic libraries:
0x00007ff6d5ba0000 - 0x00007ff6d5bd7000 	C:\Program Files\Java\jdk1.8.0_201\bin\java.exe
0x00007ffe75670000 - 0x00007ffe75851000 	C:\WINDOWS\SYSTEM32\ntdll.dll
0x00007ffe55f60000 - 0x00007ffe55f72000 	C:\Program Files\AVAST Software\Avast\aswhook.dll
0x00007ffe73b30000 - 0x00007ffe73be2000 	C:\WINDOWS\System32\KERNEL32.DLL
0x00007ffe72230000 - 0x00007ffe724a3000 	C:\WINDOWS\System32\KERNELBASE.dll
0x00007ffe73120000 - 0x00007ffe731c1000 	C:\WINDOWS\System32\ADVAPI32.dll
0x00007ffe731d0000 - 0x00007ffe7326e000 	C:\WINDOWS\System32\msvcrt.dll
0x00007ffe73270000 - 0x00007ffe732cb000 	C:\WINDOWS\System32\sechost.dll
0x00007ffe740d0000 - 0x00007ffe741f4000 	C:\WINDOWS\System32\RPCRT4.dll
0x00007ffe73d70000 - 0x00007ffe73f00000 	C:\WINDOWS\System32\USER32.dll
0x00007ffe72660000 - 0x00007ffe72680000 	C:\WINDOWS\System32\win32u.dll
0x00007ffe73690000 - 0x00007ffe736b8000 	C:\WINDOWS\System32\GDI32.dll
0x00007ffe72770000 - 0x00007ffe72902000 	C:\WINDOWS\System32\gdi32full.dll
0x00007ffe726d0000 - 0x00007ffe7276f000 	C:\WINDOWS\System32\msvcp_win.dll
0x00007ffe72560000 - 0x00007ffe7265a000 	C:\WINDOWS\System32\ucrtbase.dll
0x00007ffe62600000 - 0x00007ffe62869000 	C:\WINDOWS\WinSxS\amd64_microsoft.windows.common-controls_6595b64144ccf1df_6.0.17134.523_none_fb409dd930672a56\COMCTL32.dll
0x00007ffe72c60000 - 0x00007ffe72f82000 	C:\WINDOWS\System32\combase.dll
0x00007ffe72150000 - 0x00007ffe721ca000 	C:\WINDOWS\System32\bcryptPrimitives.dll
0x00007ffe740a0000 - 0x00007ffe740cd000 	C:\WINDOWS\System32\IMM32.DLL
0x0000000053a40000 - 0x0000000053b11000 	C:\Program Files\Java\jdk1.8.0_201\jre\bin\msvcr100.dll
0x0000000053190000 - 0x0000000053a34000 	C:\Program Files\Java\jdk1.8.0_201\jre\bin\server\jvm.dll
0x00007ffe72f90000 - 0x00007ffe72f98000 	C:\WINDOWS\System32\PSAPI.DLL
0x00007ffe4df40000 - 0x00007ffe4df49000 	C:\WINDOWS\SYSTEM32\WSOCK32.dll
0x00007ffe733a0000 - 0x00007ffe7340c000 	C:\WINDOWS\System32\WS2_32.dll
0x00007ffe6c9c0000 - 0x00007ffe6c9e3000 	C:\WINDOWS\SYSTEM32\WINMM.dll
0x00007ffe64b60000 - 0x00007ffe64b6a000 	C:\WINDOWS\SYSTEM32\VERSION.dll
0x00007ffe6c990000 - 0x00007ffe6c9ba000 	C:\WINDOWS\SYSTEM32\WINMMBASE.dll
0x00007ffe72680000 - 0x00007ffe726c9000 	C:\WINDOWS\System32\cfgmgr32.dll
0x00007ffe6ca40000 - 0x00007ffe6ca4f000 	C:\Program Files\Java\jdk1.8.0_201\jre\bin\verify.dll
0x00007ffe644f0000 - 0x00007ffe64519000 	C:\Program Files\Java\jdk1.8.0_201\jre\bin\java.dll
0x00007ffe64470000 - 0x00007ffe64486000 	C:\Program Files\Java\jdk1.8.0_201\jre\bin\zip.dll
0x00007ffe74200000 - 0x00007ffe75640000 	C:\WINDOWS\System32\SHELL32.dll
0x00007ffe73570000 - 0x00007ffe73619000 	C:\WINDOWS\System32\shcore.dll
0x00007ffe71a40000 - 0x00007ffe7214d000 	C:\WINDOWS\System32\windows.storage.dll
0x00007ffe73470000 - 0x00007ffe734c1000 	C:\WINDOWS\System32\shlwapi.dll
0x00007ffe719b0000 - 0x00007ffe719c1000 	C:\WINDOWS\System32\kernel.appcore.dll
0x00007ffe71990000 - 0x00007ffe719af000 	C:\WINDOWS\System32\profapi.dll
0x00007ffe719d0000 - 0x00007ffe71a1c000 	C:\WINDOWS\System32\powrprof.dll
0x00007ffe71980000 - 0x00007ffe7198a000 	C:\WINDOWS\System32\FLTLIB.DLL
0x00007ffe64450000 - 0x00007ffe6446a000 	C:\Program Files\Java\jdk1.8.0_201\jre\bin\net.dll
0x00007ffe64200000 - 0x00007ffe643c9000 	C:\WINDOWS\SYSTEM32\urlmon.dll
0x00007ffe64b70000 - 0x00007ffe64e15000 	C:\WINDOWS\SYSTEM32\iertutil.dll
0x00007ffe713d0000 - 0x00007ffe713db000 	C:\WINDOWS\SYSTEM32\CRYPTBASE.DLL
0x00007ffe71200000 - 0x00007ffe71266000 	C:\WINDOWS\system32\mswsock.dll
0x00007ffe64430000 - 0x00007ffe64441000 	C:\Program Files\Java\jdk1.8.0_201\jre\bin\nio.dll
0x00007ffe65360000 - 0x00007ffe6537e000 	C:\Users\HP\.gradle\native\25\windows-amd64\native-platform.dll
0x00007ffe6ca30000 - 0x00007ffe6ca3d000 	C:\Program Files\Java\jdk1.8.0_201\jre\bin\management.dll
0x00007ffe713b0000 - 0x00007ffe713c7000 	C:\WINDOWS\SYSTEM32\CRYPTSP.dll
0x00007ffe70d80000 - 0x00007ffe70db3000 	C:\WINDOWS\system32\rsaenh.dll
0x00007ffe714e0000 - 0x00007ffe71505000 	C:\WINDOWS\SYSTEM32\bcrypt.dll
0x00007ffe71880000 - 0x00007ffe718a8000 	C:\WINDOWS\SYSTEM32\USERENV.dll
0x00007ffe70f80000 - 0x00007ffe70fb8000 	C:\WINDOWS\SYSTEM32\IPHLPAPI.DLL
0x00007ffe73620000 - 0x00007ffe73628000 	C:\WINDOWS\System32\NSI.dll
0x00007ffe679e0000 - 0x00007ffe679f6000 	C:\WINDOWS\SYSTEM32\dhcpcsvc6.DLL
0x00007ffe67a90000 - 0x00007ffe67aaa000 	C:\WINDOWS\SYSTEM32\dhcpcsvc.DLL

VM Arguments:
jvm_args: -Xmx1536m -Dfile.encoding=windows-1252 -Duser.country=US -Duser.language=en -Duser.variant 
java_command: org.gradle.launcher.daemon.bootstrap.GradleDaemon 4.10.1
java_class_path (initial): C:\Users\HP\.gradle\wrapper\dists\gradle-4.10.1-all\455itskqi2qtf0v2sja68alqd\gradle-4.10.1\lib\gradle-launcher-4.10.1.jar
Launcher Type: SUN_STANDARD

Environment Variables:
JAVA_HOME=C:\Program Files\Java\jdk1.8.0_201
PATH=C:\Program Files (x86)\Common Files\Oracle\Java\javapath;C:\Program Files (x86)\Common Files\ArcSoft\Bin;C:\Program Files (x86)\Intel\iCLS Client\;C:\Program Files\Intel\iCLS Client\;C:\WINDOWS\system32;C:\WINDOWS;C:\WINDOWS\System32\Wbem;C:\WINDOWS\System32\WindowsPowerShell\v1.0\;C:\Program Files (x86)\Intel\Intel(R) Management Engine Components\DAL;C:\Program Files\Intel\Intel(R) Management Engine Components\DAL;C:\Program Files (x86)\Intel\Intel(R) Management Engine Components\IPT;C:\Program Files\Intel\Intel(R) Management Engine Components\IPT;c:\Program Files\Intel\WiFi\bin\;c:\Program Files\Common Files\Intel\WirelessCommon\;C:\Program Files (x86)\GtkSharp\2.12\bin;C:\WINDOWS\System32\OpenSSH\;C:\Users\HP\AppData\Local\Android\Sdk;C:\Program Files\Java\jdk1.8.0_201bin;C:\Program Files\Java\jdk1.8.0_201\bin;C:\Program Files\Java\jre1.8.0_201\bin;C:\Program Files\Git\cmd;C:\Program Files\Java\jdk1.8.0_201\bin;C:\Users\HP\AppData\Local\Microsoft\WindowsApps;
USERNAME=HP
OS=Windows_NT
PROCESSOR_IDENTIFIER=Intel64 Family 6 Model 61 Stepping 4, GenuineIntel



---------------  S Y S T E M  ---------------

OS: Windows 10.0 , 64 bit Build 17134 (10.0.17134.1)

CPU:total 4 (initial active 4) (2 cores per cpu, 2 threads per core) family 6 model 61 stepping 4, cmov, cx8, fxsr, mmx, sse, sse2, sse3, ssse3, sse4.1, sse4.2, popcnt, avx, avx2, aes, clmul, erms, 3dnowpref, lzcnt, ht, tsc, tscinvbit, bmi1, bmi2, adx

Memory: 4k page, physical 4082796k(310132k free), swap 4082796k(4804k free)

vm_info: Java HotSpot(TM) 64-Bit Server VM (25.201-b09) for windows-amd64 JRE (1.8.0_201-b09), built on Dec 15 2018 18:36:39 by "java_re" with MS VC++ 10.0 (VS2010)

time: Mon Feb 11 20:06:53 2019
timezone: Bangladesh Standard Time
elapsed time: 1004 seconds (0d 0h 16m 44s)

