#
# There is insufficient memory for the Java Runtime Environment to continue.
# Native memory allocation (malloc) failed to allocate 210256 bytes for Chunk::new
# Possible reasons:
#   The system is out of physical RAM or swap space
#   The process is running with CompressedOops enabled, and the Java Heap may be blocking the growth of the native heap
# Possible solutions:
#   Reduce memory load on the system
#   Increase physical memory or swap space
#   Check if swap backing store is full
#   Decrease Java heap size (-Xmx/-Xms)
#   Decrease number of Java threads
#   Decrease Java thread stack sizes (-Xss)
#   Set larger code cache with -XX:ReservedCodeCacheSize=
#   JVM is running with Unscaled Compressed Oops mode in which the Java heap is
#     placed in the first 4GB address space. The Java Heap base address is the
#     maximum limit for the native heap growth. Please use -XX:HeapBaseMinAddress
#     to set the Java Heap base and to place the Java Heap above 4GB virtual address.
# This output file may be truncated or incomplete.
#
#  Out of Memory Error (allocation.cpp:390), pid=6936, tid=0x0000000000002cf8
#
# JRE version: Java(TM) SE Runtime Environment (8.0_201-b09) (build 1.8.0_201-b09)
# Java VM: Java HotSpot(TM) 64-Bit Server VM (25.201-b09 mixed mode windows-amd64 compressed oops)
# Failed to write core dump. Minidumps are not enabled by default on client versions of Windows
#

---------------  T H R E A D  ---------------

Current thread (0x00000000162fa800):  JavaThread "C2 CompilerThread1" daemon [_thread_in_native, id=11512, stack(0x0000000017a30000,0x0000000017b30000)]

Stack: [0x0000000017a30000,0x0000000017b30000]
[error occurred during error reporting (printing stack bounds), id 0xc0000005]

Native frames: (J=compiled Java code, j=interpreted, Vv=VM code, C=native code)


Current CompileTask:
C2: 208145 12962       4       java.io.ObjectOutputStream::writeClassDesc (60 bytes)


---------------  P R O C E S S  ---------------

Java Threads: ( => current thread )
  0x0000000017d62000 JavaThread "ForkJoinPool.commonPool-worker-2" daemon [_thread_blocked, id=3620, stack(0x0000000028170000,0x0000000028270000)]
  0x0000000017d59000 JavaThread "ForkJoinPool.commonPool-worker-1" daemon [_thread_blocked, id=6072, stack(0x0000000028070000,0x0000000028170000)]
  0x0000000017d5d000 JavaThread "Cache worker for Java compile cache (H:\AndroidStudioProjects\VariableGame\.gradle\4.10.1\javaCompile)" [_thread_blocked, id=4324, stack(0x0000000027f70000,0x0000000028070000)]
  0x0000000017d61800 JavaThread "stdout" [_thread_in_native, id=11976, stack(0x0000000027e70000,0x0000000027f70000)]
  0x0000000017d5a000 JavaThread "stderr" [_thread_in_native, id=10768, stack(0x0000000027d70000,0x0000000027e70000)]
  0x0000000017d60800 JavaThread "pool-3-thread-1" [_thread_blocked, id=6560, stack(0x0000000027c70000,0x0000000027d70000)]
  0x000000001dd65800 JavaThread "Cache worker for Build Output Cleanup Cache (H:\AndroidStudioProjects\VariableGame\.gradle\buildOutputCleanup)" [_thread_blocked, id=3888, stack(0x0000000027a70000,0x0000000027b70000)]
  0x000000001dd5f800 JavaThread "Cache worker for task history cache (H:\AndroidStudioProjects\VariableGame\.gradle\4.10.1\taskHistory)" [_thread_blocked, id=4264, stack(0x0000000027970000,0x0000000027a70000)]
  0x000000001dd62800 JavaThread "Cache worker for file content cache (H:\AndroidStudioProjects\VariableGame\.gradle\4.10.1\fileContent)" [_thread_blocked, id=9416, stack(0x0000000027570000,0x0000000027670000)]
  0x000000001dd61000 JavaThread "Build operations Thread 4" [_thread_blocked, id=2884, stack(0x0000000027470000,0x0000000027570000)]
  0x000000001dd64000 JavaThread "Build operations Thread 3" [_thread_blocked, id=7804, stack(0x0000000027370000,0x0000000027470000)]
  0x000000001dd60800 JavaThread "Build operations Thread 2" [_thread_blocked, id=4652, stack(0x0000000027270000,0x0000000027370000)]
  0x000000001dd58000 JavaThread "Build operations" [_thread_blocked, id=816, stack(0x0000000027170000,0x0000000027270000)]
  0x000000001dd5f000 JavaThread "Cache worker for cache directory md-rule (C:\Users\HP\.gradle\caches\4.10.1\md-rule)" [_thread_blocked, id=11600, stack(0x0000000027070000,0x0000000027170000)]
  0x000000001dd57800 JavaThread "Cache worker for cache directory md-supplier (C:\Users\HP\.gradle\caches\4.10.1\md-supplier)" [_thread_blocked, id=10556, stack(0x0000000026f70000,0x0000000027070000)]
  0x000000001dd5b000 JavaThread "Cache worker for file hash cache (H:\AndroidStudioProjects\VariableGame\.gradle\4.10.1\fileHashes)" [_thread_blocked, id=3992, stack(0x0000000026e70000,0x0000000026f70000)]
  0x000000001dd5e000 JavaThread "Stdin handler" [_thread_blocked, id=5780, stack(0x0000000026d70000,0x0000000026e70000)]
  0x000000001dd5c000 JavaThread "Asynchronous log dispatcher for DefaultDaemonConnection: socket connection from /127.0.0.1:5248 to /127.0.0.1:5284" [_thread_blocked, id=3052, stack(0x0000000026c70000,0x0000000026d70000)]
  0x000000001dd59000 JavaThread "Daemon worker Thread 2" [_thread_in_Java, id=492, stack(0x0000000026b70000,0x0000000026c70000)]
  0x000000001dd5d800 JavaThread "Cancel handler" [_thread_blocked, id=11640, stack(0x0000000026a70000,0x0000000026b70000)]
  0x000000001dd5c800 JavaThread "Handler for socket connection from /127.0.0.1:5248 to /127.0.0.1:5284" [_thread_in_native, id=9040, stack(0x0000000026970000,0x0000000026a70000)]
  0x000000001dd5a800 JavaThread "Daemon Thread 2" [_thread_blocked, id=4416, stack(0x0000000026870000,0x0000000026970000)]
  0x000000001dd56800 JavaThread "pool-1-thread-1" [_thread_blocked, id=7180, stack(0x0000000026770000,0x0000000026870000)]
  0x0000000017d65000 JavaThread "Cache worker for Java compile cache (C:\Users\HP\.gradle\caches\4.10.1\javaCompile)" [_thread_blocked, id=11796, stack(0x0000000023c70000,0x0000000023d70000)]
  0x0000000017d58800 JavaThread "Cache worker for file content cache (C:\Users\HP\.gradle\caches\4.10.1\fileContent)" [_thread_blocked, id=1380, stack(0x0000000021fe0000,0x00000000220e0000)]
  0x0000000017d5a800 JavaThread "Memory manager" [_thread_blocked, id=3172, stack(0x0000000021ee0000,0x0000000021fe0000)]
  0x0000000019218000 JavaThread "Cache worker for Artifact transforms cache (C:\Users\HP\.gradle\caches\transforms-1)" [_thread_blocked, id=5912, stack(0x000000001f3f0000,0x000000001f4f0000)]
  0x0000000019216800 JavaThread "Cache worker for journal cache (C:\Users\HP\.gradle\caches\journal-1)" [_thread_blocked, id=380, stack(0x000000001e560000,0x000000001e660000)]
  0x0000000019214800 JavaThread "File lock request listener" [_thread_in_native, id=11996, stack(0x000000001be50000,0x000000001bf50000)]
  0x0000000019217800 JavaThread "Cache worker for file hash cache (C:\Users\HP\.gradle\caches\4.10.1\fileHashes)" [_thread_blocked, id=6744, stack(0x000000001bd50000,0x000000001be50000)]
  0x0000000017eb4000 JavaThread "Daemon periodic checks" [_thread_blocked, id=11016, stack(0x000000001a280000,0x000000001a380000)]
  0x00000000192e3000 JavaThread "Incoming local TCP Connector on port 5248" [_thread_in_native, id=4040, stack(0x000000001a040000,0x000000001a140000)]
  0x00000000192bc000 JavaThread "Daemon health stats" [_thread_blocked, id=5836, stack(0x0000000019a00000,0x0000000019b00000)]
  0x0000000017c5b000 JavaThread "Service Thread" daemon [_thread_blocked, id=2700, stack(0x0000000018030000,0x0000000018130000)]
  0x0000000016304800 JavaThread "C1 CompilerThread2" daemon [_thread_blocked, id=10760, stack(0x0000000017b30000,0x0000000017c30000)]
=>0x00000000162fa800 JavaThread "C2 CompilerThread1" daemon [_thread_in_native, id=11512, stack(0x0000000017a30000,0x0000000017b30000)]
  0x00000000162f6800 JavaThread "C2 CompilerThread0" daemon [_thread_blocked, id=5872, stack(0x0000000017930000,0x0000000017a30000)]
  0x00000000162f4800 JavaThread "Attach Listener" daemon [_thread_blocked, id=7620, stack(0x0000000017830000,0x0000000017930000)]
  0x00000000162f3000 JavaThread "Signal Dispatcher" daemon [_thread_blocked, id=3788, stack(0x0000000017730000,0x0000000017830000)]
  0x000000000297a800 JavaThread "Finalizer" daemon [_thread_blocked, id=4384, stack(0x0000000017540000,0x0000000017640000)]
  0x0000000002972000 JavaThread "Reference Handler" daemon [_thread_blocked, id=6376, stack(0x0000000017440000,0x0000000017540000)]
  0x000000000277e000 JavaThread "main" [_thread_blocked, id=11096, stack(0x0000000002780000,0x0000000002880000)]

Other Threads:
  0x00000000162b7800 VMThread [stack: 0x0000000017340000,0x0000000017440000] [id=12044]
  0x0000000017c77800 WatcherThread [stack: 0x0000000018130000,0x0000000018230000] [id=11684]

VM state:not at safepoint (normal execution)

VM Mutex/Monitor currently owned by a thread: None

heap address: 0x00000000a0000000, size: 1536 MB, Compressed Oops mode: 32-bit
Narrow klass base: 0x0000000000000000, Narrow klass shift: 3
Compressed class space size: 1073741824 Address: 0x0000000100000000

Heap:
 PSYoungGen      total 125440K, used 121212K [0x00000000e0000000, 0x00000000ea300000, 0x0000000100000000)
  eden space 95744K, 95% used [0x00000000e0000000,0x00000000e5961360,0x00000000e5d80000)
  from space 29696K, 99% used [0x00000000e8600000,0x00000000ea2fdd60,0x00000000ea300000)
  to   space 27136K, 0% used [0x00000000e5d80000,0x00000000e5d80000,0x00000000e7800000)
 ParOldGen       total 92672K, used 72373K [0x00000000a0000000, 0x00000000a5a80000, 0x00000000e0000000)
  object space 92672K, 78% used [0x00000000a0000000,0x00000000a46ad6d8,0x00000000a5a80000)
 Metaspace       used 81849K, capacity 84714K, committed 84824K, reserved 1122304K
  class space    used 11015K, capacity 11614K, committed 11648K, reserved 1048576K

Card table byte_map: [0x0000000011d40000,0x0000000012050000] byte_map_base: 0x0000000011840000

Marking Bits: (ParMarkBitMap*) 0x00000000539b4ce0
 Begin Bits: [0x0000000012650000, 0x0000000013e50000)
 End Bits:   [0x0000000013e50000, 0x0000000015650000)

Polling page: 0x0000000000e00000

CodeCache: size=245760Kb used=33049Kb max_used=34086Kb free=212710Kb
 bounds [0x0000000002980000, 0x0000000004b00000, 0x0000000011980000]
 total_blobs=11785 nmethods=10920 adapters=776
 compilation: enabled

Compilation events (10 events):
Event: 207.846 Thread 0x0000000016304800 nmethod 12967 0x0000000003ff2050 code [0x0000000003ff2220, 0x0000000003ff2ae8]
Event: 207.860 Thread 0x0000000016304800 12968       3       org.gradle.api.internal.tasks.DefaultTaskContainer::findByName (45 bytes)
Event: 207.861 Thread 0x0000000016304800 nmethod 12968 0x000000000483a010 code [0x000000000483a1e0, 0x000000000483a858]
Event: 207.873 Thread 0x00000000162f6800 12969   !   4       java.io.ObjectOutputStream::writeObject (38 bytes)
Event: 207.875 Thread 0x00000000162f6800 nmethod 12969 0x0000000002e6c410 code [0x0000000002e6c560, 0x0000000002e6c658]
Event: 208.090 Thread 0x0000000016304800 12970       3       org.gradle.api.internal.tasks.DefaultTaskContainer::access$200 (7 bytes)
Event: 208.091 Thread 0x0000000016304800 nmethod 12970 0x0000000004658250 code [0x00000000046583c0, 0x0000000004658528]
Event: 208.091 Thread 0x0000000016304800 12971       3       org.gradle.api.internal.project.taskfactory.AnnotationProcessingTaskFactory::create (16 bytes)
Event: 208.091 Thread 0x0000000016304800 nmethod 12971 0x00000000032bfb50 code [0x00000000032bfcc0, 0x00000000032bff18]
Event: 208.092 Thread 0x0000000016304800 12972       3       org.gradle.api.internal.project.taskfactory.TaskFactory::create (114 bytes)

GC Heap History (10 events):
Event: 49.973 GC heap before
{Heap before GC invocations=23 (full 3):
 PSYoungGen      total 97792K, used 97764K [0x00000000e0000000, 0x00000000e7980000, 0x0000000100000000)
  eden space 85504K, 100% used [0x00000000e0000000,0x00000000e5380000,0x00000000e5380000)
  from space 12288K, 99% used [0x00000000e5380000,0x00000000e5f79098,0x00000000e5f80000)
  to   space 15872K, 0% used [0x00000000e6a00000,0x00000000e6a00000,0x00000000e7980000)
 ParOldGen       total 92672K, used 37305K [0x00000000a0000000, 0x00000000a5a80000, 0x00000000e0000000)
  object space 92672K, 40% used [0x00000000a0000000,0x00000000a246e660,0x00000000a5a80000)
 Metaspace       used 72593K, capacity 74972K, committed 75096K, reserved 1114112K
  class space    used 10026K, capacity 10577K, committed 10624K, reserved 1048576K
Event: 50.067 GC heap after
Heap after GC invocations=23 (full 3):
 PSYoungGen      total 100352K, used 15856K [0x00000000e0000000, 0x00000000e8e80000, 0x0000000100000000)
  eden space 84480K, 0% used [0x00000000e0000000,0x00000000e0000000,0x00000000e5280000)
  from space 15872K, 99% used [0x00000000e6a00000,0x00000000e797c190,0x00000000e7980000)
  to   space 24064K, 0% used [0x00000000e5280000,0x00000000e5280000,0x00000000e6a00000)
 ParOldGen       total 92672K, used 53416K [0x00000000a0000000, 0x00000000a5a80000, 0x00000000e0000000)
  object space 92672K, 57% used [0x00000000a0000000,0x00000000a342a1f8,0x00000000a5a80000)
 Metaspace       used 72593K, capacity 74972K, committed 75096K, reserved 1114112K
  class space    used 10026K, capacity 10577K, committed 10624K, reserved 1048576K
}
Event: 52.565 GC heap before
{Heap before GC invocations=24 (full 3):
 PSYoungGen      total 100352K, used 99508K [0x00000000e0000000, 0x00000000e8e80000, 0x0000000100000000)
  eden space 84480K, 99% used [0x00000000e0000000,0x00000000e51b1030,0x00000000e5280000)
  from space 15872K, 99% used [0x00000000e6a00000,0x00000000e797c190,0x00000000e7980000)
  to   space 24064K, 0% used [0x00000000e5280000,0x00000000e5280000,0x00000000e6a00000)
 ParOldGen       total 92672K, used 53416K [0x00000000a0000000, 0x00000000a5a80000, 0x00000000e0000000)
  object space 92672K, 57% used [0x00000000a0000000,0x00000000a342a1f8,0x00000000a5a80000)
 Metaspace       used 74612K, capacity 77126K, committed 77400K, reserved 1116160K
  class space    used 10279K, capacity 10828K, committed 10880K, reserved 1048576K
Event: 52.624 GC heap after
Heap after GC invocations=24 (full 3):
 PSYoungGen      total 108544K, used 19614K [0x00000000e0000000, 0x00000000e9280000, 0x0000000100000000)
  eden space 84480K, 0% used [0x00000000e0000000,0x00000000e0000000,0x00000000e5280000)
  from space 24064K, 81% used [0x00000000e5280000,0x00000000e65a7b00,0x00000000e6a00000)
  to   space 26112K, 0% used [0x00000000e7900000,0x00000000e7900000,0x00000000e9280000)
 ParOldGen       total 92672K, used 59528K [0x00000000a0000000, 0x00000000a5a80000, 0x00000000e0000000)
  object space 92672K, 64% used [0x00000000a0000000,0x00000000a3a22228,0x00000000a5a80000)
 Metaspace       used 74612K, capacity 77126K, committed 77400K, reserved 1116160K
  class space    used 10279K, capacity 10828K, committed 10880K, reserved 1048576K
}
Event: 190.501 GC heap before
{Heap before GC invocations=25 (full 3):
 PSYoungGen      total 108544K, used 104094K [0x00000000e0000000, 0x00000000e9280000, 0x0000000100000000)
  eden space 84480K, 100% used [0x00000000e0000000,0x00000000e5280000,0x00000000e5280000)
  from space 24064K, 81% used [0x00000000e5280000,0x00000000e65a7b00,0x00000000e6a00000)
  to   space 26112K, 0% used [0x00000000e7900000,0x00000000e7900000,0x00000000e9280000)
 ParOldGen       total 92672K, used 59528K [0x00000000a0000000, 0x00000000a5a80000, 0x00000000e0000000)
  object space 92672K, 64% used [0x00000000a0000000,0x00000000a3a22228,0x00000000a5a80000)
 Metaspace       used 79397K, capacity 82264K, committed 82392K, reserved 1120256K
  class space    used 10824K, capacity 11421K, committed 11520K, reserved 1048576K
Event: 190.588 GC heap after
Heap after GC invocations=25 (full 3):
 PSYoungGen      total 121856K, used 16622K [0x00000000e0000000, 0x00000000e9280000, 0x0000000100000000)
  eden space 95744K, 0% used [0x00000000e0000000,0x00000000e0000000,0x00000000e5d80000)
  from space 26112K, 63% used [0x00000000e7900000,0x00000000e893b9a8,0x00000000e9280000)
  to   space 27136K, 0% used [0x00000000e5d80000,0x00000000e5d80000,0x00000000e7800000)
 ParOldGen       total 92672K, used 59536K [0x00000000a0000000, 0x00000000a5a80000, 0x00000000e0000000)
  object space 92672K, 64% used [0x00000000a0000000,0x00000000a3a24228,0x00000000a5a80000)
 Metaspace       used 79397K, capacity 82264K, committed 82392K, reserved 1120256K
  class space    used 10824K, capacity 11421K, committed 11520K, reserved 1048576K
}
Event: 202.970 GC heap before
{Heap before GC invocations=26 (full 3):
 PSYoungGen      total 121856K, used 112366K [0x00000000e0000000, 0x00000000e9280000, 0x0000000100000000)
  eden space 95744K, 100% used [0x00000000e0000000,0x00000000e5d80000,0x00000000e5d80000)
  from space 26112K, 63% used [0x00000000e7900000,0x00000000e893b9a8,0x00000000e9280000)
  to   space 27136K, 0% used [0x00000000e5d80000,0x00000000e5d80000,0x00000000e7800000)
 ParOldGen       total 92672K, used 59536K [0x00000000a0000000, 0x00000000a5a80000, 0x00000000e0000000)
  object space 92672K, 64% used [0x00000000a0000000,0x00000000a3a24228,0x00000000a5a80000)
 Metaspace       used 81429K, capacity 84280K, committed 84568K, reserved 1122304K
  class space    used 11003K, capacity 11571K, committed 11648K, reserved 1048576K
Event: 203.059 GC heap after
Heap after GC invocations=26 (full 3):
 PSYoungGen      total 122880K, used 23274K [0x00000000e0000000, 0x00000000ea300000, 0x0000000100000000)
  eden space 95744K, 0% used [0x00000000e0000000,0x00000000e0000000,0x00000000e5d80000)
  from space 27136K, 85% used [0x00000000e5d80000,0x00000000e743a888,0x00000000e7800000)
  to   space 29696K, 0% used [0x00000000e8600000,0x00000000e8600000,0x00000000ea300000)
 ParOldGen       total 92672K, used 59544K [0x00000000a0000000, 0x00000000a5a80000, 0x00000000e0000000)
  object space 92672K, 64% used [0x00000000a0000000,0x00000000a3a26228,0x00000000a5a80000)
 Metaspace       used 81429K, capacity 84280K, committed 84568K, reserved 1122304K
  class space    used 11003K, capacity 11571K, committed 11648K, reserved 1048576K
}
Event: 205.857 GC heap before
{Heap before GC invocations=27 (full 3):
 PSYoungGen      total 122880K, used 117416K [0x00000000e0000000, 0x00000000ea300000, 0x0000000100000000)
  eden space 95744K, 98% used [0x00000000e0000000,0x00000000e5bef780,0x00000000e5d80000)
  from space 27136K, 85% used [0x00000000e5d80000,0x00000000e743a888,0x00000000e7800000)
  to   space 29696K, 0% used [0x00000000e8600000,0x00000000e8600000,0x00000000ea300000)
 ParOldGen       total 92672K, used 59544K [0x00000000a0000000, 0x00000000a5a80000, 0x00000000e0000000)
  object space 92672K, 64% used [0x00000000a0000000,0x00000000a3a26228,0x00000000a5a80000)
 Metaspace       used 81661K, capacity 84548K, committed 84824K, reserved 1122304K
  class space    used 11003K, capacity 11571K, committed 11648K, reserved 1048576K
Event: 206.004 GC heap after
Heap after GC invocations=27 (full 3):
 PSYoungGen      total 125440K, used 29687K [0x00000000e0000000, 0x00000000ea300000, 0x0000000100000000)
  eden space 95744K, 0% used [0x00000000e0000000,0x00000000e0000000,0x00000000e5d80000)
  from space 29696K, 99% used [0x00000000e8600000,0x00000000ea2fdd60,0x00000000ea300000)
  to   space 27136K, 0% used [0x00000000e5d80000,0x00000000e5d80000,0x00000000e7800000)
 ParOldGen       total 92672K, used 72373K [0x00000000a0000000, 0x00000000a5a80000, 0x00000000e0000000)
  object space 92672K, 78% used [0x00000000a0000000,0x00000000a46ad6d8,0x00000000a5a80000)
 Metaspace       used 81661K, capacity 84548K, committed 84824K, reserved 1122304K
  class space    used 11003K, capacity 11571K, committed 11648K, reserved 1048576K
}

Deoptimization events (10 events):
Event: 206.585 Thread 0x000000001dd65000 Uncommon trap: reason=class_check action=maybe_recompile pc=0x000000000413abfc method=java.util.Collections$SetFromMap.add(Ljava/lang/Object;)Z @ 8
Event: 206.585 Thread 0x0000000017d59000 Uncommon trap: reason=class_check action=maybe_recompile pc=0x000000000468935c method=com.google.common.collect.TransformedIterator.next()Ljava/lang/Object; @ 5
Event: 206.585 Thread 0x0000000017d59000 Uncommon trap: reason=class_check action=maybe_recompile pc=0x000000000468935c method=com.google.common.collect.TransformedIterator.next()Ljava/lang/Object; @ 5
Event: 206.586 Thread 0x0000000017d59000 Uncommon trap: reason=class_check action=maybe_recompile pc=0x000000000468935c method=com.google.common.collect.TransformedIterator.next()Ljava/lang/Object; @ 5
Event: 206.586 Thread 0x0000000017d59000 Uncommon trap: reason=class_check action=maybe_recompile pc=0x000000000468935c method=com.google.common.collect.TransformedIterator.next()Ljava/lang/Object; @ 5
Event: 206.586 Thread 0x0000000017d59000 Uncommon trap: reason=class_check action=maybe_recompile pc=0x00000000047ca228 method=com.google.common.collect.ImmutableMap.copyOf(Ljava/util/Map;)Lcom/google/common/collect/ImmutableMap; @ 49
Event: 206.586 Thread 0x0000000017d59000 Uncommon trap: reason=class_check action=maybe_recompile pc=0x00000000047ca228 method=com.google.common.collect.ImmutableMap.copyOf(Ljava/util/Map;)Lcom/google/common/collect/ImmutableMap; @ 49
Event: 206.587 Thread 0x0000000017d59000 Uncommon trap: reason=class_check action=maybe_recompile pc=0x00000000047ca228 method=com.google.common.collect.ImmutableMap.copyOf(Ljava/util/Map;)Lcom/google/common/collect/ImmutableMap; @ 49
Event: 206.630 Thread 0x0000000017d59000 Uncommon trap: reason=class_check action=maybe_recompile pc=0x000000000436c158 method=com.android.tools.build.apkzlib.zip.ZipField.checkVerifiesInvariants(J)V @ 25
Event: 206.692 Thread 0x0000000017d59000 Uncommon trap: reason=class_check action=maybe_recompile pc=0x0000000004350de0 method=com.android.tools.build.apkzlib.zip.ZipField.checkVerifiesInvariants(J)V @ 25

Classes redefined (0 events):
No events

Internal exceptions (10 events):
Event: 190.264 Thread 0x000000001dd59000 Exception <a 'sun/nio/fs/WindowsException'> (0x00000000e4f5b5c0) thrown at [C:\re\workspace\8-2-build-windows-amd64-cygwin\jdk8u201\12322\hotspot\src\share\vm\prims\jni.cpp, line 709]
Event: 192.670 Thread 0x000000001dd65000 Implicit null exception at 0x000000000379911e to 0x00000000037992a1
Event: 192.946 Thread 0x000000001dd65000 Implicit null exception at 0x00000000045ab83f to 0x00000000045aba5d
Event: 195.173 Thread 0x000000001dd65000 Exception <a 'java/lang/NoSuchMethodError': java.lang.Object.lambda$negate$1(Ljava/lang/Object;)Z> (0x00000000e3f61d48) thrown at [C:\re\workspace\8-2-build-windows-amd64-cygwin\jdk8u201\12322\hotspot\src\share\vm\interpreter\linkResolver.cpp, line 620]
Event: 203.111 Thread 0x000000001dd65000 Implicit null exception at 0x0000000003c91f64 to 0x0000000003c92401
Event: 204.169 Thread 0x000000001dd62000 Exception <a 'sun/nio/fs/WindowsException'> (0x00000000e1114d28) thrown at [C:\re\workspace\8-2-build-windows-amd64-cygwin\jdk8u201\12322\hotspot\src\share\vm\prims\jni.cpp, line 709]
Event: 204.217 Thread 0x000000001dd62000 Exception <a 'sun/nio/fs/WindowsException'> (0x00000000e12007b8) thrown at [C:\re\workspace\8-2-build-windows-amd64-cygwin\jdk8u201\12322\hotspot\src\share\vm\prims\jni.cpp, line 709]
Event: 205.170 Thread 0x0000000017d63000 Exception <a 'sun/nio/fs/WindowsException'> (0x00000000e1539120) thrown at [C:\re\workspace\8-2-build-windows-amd64-cygwin\jdk8u201\12322\hotspot\src\share\vm\prims\jni.cpp, line 709]
Event: 206.174 Thread 0x0000000017d64800 Exception <a 'sun/nio/fs/WindowsException'> (0x00000000e0ac0ce8) thrown at [C:\re\workspace\8-2-build-windows-amd64-cygwin\jdk8u201\12322\hotspot\src\share\vm\prims\jni.cpp, line 709]
Event: 206.763 Thread 0x0000000017d59000 Exception <a 'java/lang/NoSuchMethodError': java.lang.Object.lambda$asRunnable$0(Lcom/android/tools/build/apkzlib/utils/IOExceptionRunnable;)V> (0x00000000e1489220) thrown at [C:\re\workspace\8-2-build-windows-amd64-cygwin\jdk8u201\12322\hotspot\src\share

Events (10 events):
Event: 207.727 Thread 0x0000000016304800 flushing nmethod 0x00000000047b3810
Event: 207.727 Thread 0x0000000016304800 flushing nmethod 0x00000000047c1090
Event: 207.727 Thread 0x0000000016304800 flushing nmethod 0x00000000047c1490
Event: 207.727 Thread 0x0000000016304800 flushing nmethod 0x00000000047c45d0
Event: 207.727 Thread 0x0000000016304800 flushing nmethod 0x00000000047c5a90
Event: 207.727 Thread 0x0000000016304800 flushing nmethod 0x00000000047c6310
Event: 207.727 Thread 0x0000000016304800 flushing nmethod 0x00000000047c7f50
Event: 207.728 Thread 0x0000000016304800 flushing nmethod 0x00000000047e8f50
Event: 207.728 Thread 0x0000000016304800 flushing nmethod 0x000000000483a010
Event: 207.728 Thread 0x0000000016304800 flushing nmethod 0x000000000483b610


Dynamic libraries:
0x00007ff796080000 - 0x00007ff7960b7000 	C:\Program Files\Java\jdk1.8.0_201\bin\java.exe
0x00007ffe75670000 - 0x00007ffe75851000 	C:\WINDOWS\SYSTEM32\ntdll.dll
0x00007ffe55f60000 - 0x00007ffe55f72000 	C:\Program Files\AVAST Software\Avast\aswhook.dll
0x00007ffe73b30000 - 0x00007ffe73be2000 	C:\WINDOWS\System32\KERNEL32.DLL
0x00007ffe72230000 - 0x00007ffe724a3000 	C:\WINDOWS\System32\KERNELBASE.dll
0x00007ffe73120000 - 0x00007ffe731c1000 	C:\WINDOWS\System32\ADVAPI32.dll
0x00007ffe731d0000 - 0x00007ffe7326e000 	C:\WINDOWS\System32\msvcrt.dll
0x00007ffe73270000 - 0x00007ffe732cb000 	C:\WINDOWS\System32\sechost.dll
0x00007ffe740d0000 - 0x00007ffe741f4000 	C:\WINDOWS\System32\RPCRT4.dll
0x00007ffe73d70000 - 0x00007ffe73f00000 	C:\WINDOWS\System32\USER32.dll
0x00007ffe72660000 - 0x00007ffe72680000 	C:\WINDOWS\System32\win32u.dll
0x00007ffe73690000 - 0x00007ffe736b8000 	C:\WINDOWS\System32\GDI32.dll
0x00007ffe72770000 - 0x00007ffe72902000 	C:\WINDOWS\System32\gdi32full.dll
0x00007ffe726d0000 - 0x00007ffe7276f000 	C:\WINDOWS\System32\msvcp_win.dll
0x00007ffe72560000 - 0x00007ffe7265a000 	C:\WINDOWS\System32\ucrtbase.dll
0x00007ffe62600000 - 0x00007ffe62869000 	C:\WINDOWS\WinSxS\amd64_microsoft.windows.common-controls_6595b64144ccf1df_6.0.17134.523_none_fb409dd930672a56\COMCTL32.dll
0x00007ffe72c60000 - 0x00007ffe72f82000 	C:\WINDOWS\System32\combase.dll
0x00007ffe72150000 - 0x00007ffe721ca000 	C:\WINDOWS\System32\bcryptPrimitives.dll
0x00007ffe740a0000 - 0x00007ffe740cd000 	C:\WINDOWS\System32\IMM32.DLL
0x0000000053a40000 - 0x0000000053b11000 	C:\Program Files\Java\jdk1.8.0_201\jre\bin\msvcr100.dll
0x0000000053190000 - 0x0000000053a34000 	C:\Program Files\Java\jdk1.8.0_201\jre\bin\server\jvm.dll
0x00007ffe72f90000 - 0x00007ffe72f98000 	C:\WINDOWS\System32\PSAPI.DLL
0x00007ffe4df40000 - 0x00007ffe4df49000 	C:\WINDOWS\SYSTEM32\WSOCK32.dll
0x00007ffe733a0000 - 0x00007ffe7340c000 	C:\WINDOWS\System32\WS2_32.dll
0x00007ffe6c9c0000 - 0x00007ffe6c9e3000 	C:\WINDOWS\SYSTEM32\WINMM.dll
0x00007ffe64b60000 - 0x00007ffe64b6a000 	C:\WINDOWS\SYSTEM32\VERSION.dll
0x00007ffe6c990000 - 0x00007ffe6c9ba000 	C:\WINDOWS\SYSTEM32\WINMMBASE.dll
0x00007ffe72680000 - 0x00007ffe726c9000 	C:\WINDOWS\System32\cfgmgr32.dll
0x00007ffe6bed0000 - 0x00007ffe6bedf000 	C:\Program Files\Java\jdk1.8.0_201\jre\bin\verify.dll
0x00007ffe637f0000 - 0x00007ffe63819000 	C:\Program Files\Java\jdk1.8.0_201\jre\bin\java.dll
0x00007ffe638e0000 - 0x00007ffe638f6000 	C:\Program Files\Java\jdk1.8.0_201\jre\bin\zip.dll
0x00007ffe74200000 - 0x00007ffe75640000 	C:\WINDOWS\System32\SHELL32.dll
0x00007ffe73570000 - 0x00007ffe73619000 	C:\WINDOWS\System32\shcore.dll
0x00007ffe71a40000 - 0x00007ffe7214d000 	C:\WINDOWS\System32\windows.storage.dll
0x00007ffe73470000 - 0x00007ffe734c1000 	C:\WINDOWS\System32\shlwapi.dll
0x00007ffe719b0000 - 0x00007ffe719c1000 	C:\WINDOWS\System32\kernel.appcore.dll
0x00007ffe71990000 - 0x00007ffe719af000 	C:\WINDOWS\System32\profapi.dll
0x00007ffe719d0000 - 0x00007ffe71a1c000 	C:\WINDOWS\System32\powrprof.dll
0x00007ffe71980000 - 0x00007ffe7198a000 	C:\WINDOWS\System32\FLTLIB.DLL
0x00007ffe637d0000 - 0x00007ffe637ea000 	C:\Program Files\Java\jdk1.8.0_201\jre\bin\net.dll
0x00007ffe64200000 - 0x00007ffe643c9000 	C:\WINDOWS\SYSTEM32\urlmon.dll
0x00007ffe64b70000 - 0x00007ffe64e15000 	C:\WINDOWS\SYSTEM32\iertutil.dll
0x00007ffe713d0000 - 0x00007ffe713db000 	C:\WINDOWS\SYSTEM32\CRYPTBASE.DLL
0x00007ffe71200000 - 0x00007ffe71266000 	C:\WINDOWS\system32\mswsock.dll
0x00007ffe63670000 - 0x00007ffe63681000 	C:\Program Files\Java\jdk1.8.0_201\jre\bin\nio.dll
0x00007ffe63920000 - 0x00007ffe6393e000 	C:\Users\HP\.gradle\native\25\windows-amd64\native-platform.dll
0x00007ffe6b060000 - 0x00007ffe6b06d000 	C:\Program Files\Java\jdk1.8.0_201\jre\bin\management.dll
0x00007ffe713b0000 - 0x00007ffe713c7000 	C:\WINDOWS\SYSTEM32\CRYPTSP.dll
0x00007ffe70d80000 - 0x00007ffe70db3000 	C:\WINDOWS\system32\rsaenh.dll
0x00007ffe714e0000 - 0x00007ffe71505000 	C:\WINDOWS\SYSTEM32\bcrypt.dll
0x00007ffe71880000 - 0x00007ffe718a8000 	C:\WINDOWS\SYSTEM32\USERENV.dll
0x00007ffe70f80000 - 0x00007ffe70fb8000 	C:\WINDOWS\SYSTEM32\IPHLPAPI.DLL
0x00007ffe73620000 - 0x00007ffe73628000 	C:\WINDOWS\System32\NSI.dll
0x00007ffe679e0000 - 0x00007ffe679f6000 	C:\WINDOWS\SYSTEM32\dhcpcsvc6.DLL
0x00007ffe67a90000 - 0x00007ffe67aaa000 	C:\WINDOWS\SYSTEM32\dhcpcsvc.DLL

VM Arguments:
jvm_args: -Xmx1536m -Dfile.encoding=windows-1252 -Duser.country=US -Duser.language=en -Duser.variant 
java_command: org.gradle.launcher.daemon.bootstrap.GradleDaemon 4.10.1
java_class_path (initial): C:\Users\HP\.gradle\wrapper\dists\gradle-4.10.1-all\455itskqi2qtf0v2sja68alqd\gradle-4.10.1\lib\gradle-launcher-4.10.1.jar
Launcher Type: SUN_STANDARD

Environment Variables:
JAVA_HOME=C:\Program Files\Java\jdk1.8.0_201
PATH=C:\Program Files (x86)\Common Files\Oracle\Java\javapath;C:\Program Files (x86)\Common Files\ArcSoft\Bin;C:\Program Files (x86)\Intel\iCLS Client\;C:\Program Files\Intel\iCLS Client\;C:\WINDOWS\system32;C:\WINDOWS;C:\WINDOWS\System32\Wbem;C:\WINDOWS\System32\WindowsPowerShell\v1.0\;C:\Program Files (x86)\Intel\Intel(R) Management Engine Components\DAL;C:\Program Files\Intel\Intel(R) Management Engine Components\DAL;C:\Program Files (x86)\Intel\Intel(R) Management Engine Components\IPT;C:\Program Files\Intel\Intel(R) Management Engine Components\IPT;c:\Program Files\Intel\WiFi\bin\;c:\Program Files\Common Files\Intel\WirelessCommon\;C:\Program Files (x86)\GtkSharp\2.12\bin;C:\WINDOWS\System32\OpenSSH\;C:\Users\HP\AppData\Local\Android\Sdk;C:\Program Files\Java\jdk1.8.0_201bin;C:\Program Files\Java\jdk1.8.0_201\bin;C:\Program Files\Java\jre1.8.0_201\bin;C:\Program Files\Git\cmd;C:\Program Files\Java\jdk1.8.0_201\bin;C:\Users\HP\AppData\Local\Microsoft\WindowsApps;
USERNAME=HP
OS=Windows_NT
PROCESSOR_IDENTIFIER=Intel64 Family 6 Model 61 Stepping 4, GenuineIntel



---------------  S Y S T E M  ---------------

OS: Windows 10.0 , 64 bit Build 17134 (10.0.17134.1)

CPU:total 4 (initial active 4) (2 cores per cpu, 2 threads per core) family 6 model 61 stepping 4, cmov, cx8, fxsr, mmx, sse, sse2, sse3, ssse3, sse4.1, sse4.2, popcnt, avx, avx2, aes, clmul, erms, 3dnowpref, lzcnt, ht, tsc, tscinvbit, bmi1, bmi2, adx

Memory: 4k page, physical 4082796k(318432k free), swap 4082796k(6344k free)

vm_info: Java HotSpot(TM) 64-Bit Server VM (25.201-b09) for windows-amd64 JRE (1.8.0_201-b09), built on Dec 15 2018 18:36:39 by "java_re" with MS VC++ 10.0 (VS2010)

time: Mon Feb 11 02:54:35 2019
timezone: Bangladesh Standard Time
elapsed time: 208 seconds (0d 0h 3m 28s)

