#
# There is insufficient memory for the Java Runtime Environment to continue.
# Native memory allocation (malloc) failed to allocate 1341440 bytes for Chunk::new
# Possible reasons:
#   The system is out of physical RAM or swap space
#   The process is running with CompressedOops enabled, and the Java Heap may be blocking the growth of the native heap
# Possible solutions:
#   Reduce memory load on the system
#   Increase physical memory or swap space
#   Check if swap backing store is full
#   Decrease Java heap size (-Xmx/-Xms)
#   Decrease number of Java threads
#   Decrease Java thread stack sizes (-Xss)
#   Set larger code cache with -XX:ReservedCodeCacheSize=
#   JVM is running with Unscaled Compressed Oops mode in which the Java heap is
#     placed in the first 4GB address space. The Java Heap base address is the
#     maximum limit for the native heap growth. Please use -XX:HeapBaseMinAddress
#     to set the Java Heap base and to place the Java Heap above 4GB virtual address.
# This output file may be truncated or incomplete.
#
#  Out of Memory Error (allocation.cpp:390), pid=6244, tid=0x0000000000000a38
#
# JRE version: Java(TM) SE Runtime Environment (8.0_201-b09) (build 1.8.0_201-b09)
# Java VM: Java HotSpot(TM) 64-Bit Server VM (25.201-b09 mixed mode windows-amd64 compressed oops)
# Failed to write core dump. Minidumps are not enabled by default on client versions of Windows
#

---------------  T H R E A D  ---------------

Current thread (0x0000000015e99800):  JavaThread "C2 CompilerThread1" daemon [_thread_in_native, id=2616, stack(0x00000000175d0000,0x00000000176d0000)]

Stack: [0x00000000175d0000,0x00000000176d0000]
[error occurred during error reporting (printing stack bounds), id 0xc0000005]

Native frames: (J=compiled Java code, j=interpreted, Vv=VM code, C=native code)


Current CompileTask:
C2: 525039 15961  s    4       java.lang.reflect.Field::declaredAnnotations (59 bytes)


---------------  P R O C E S S  ---------------

Java Threads: ( => current thread )
  0x000000001ca40000 JavaThread "Cache worker for Build Output Cleanup Cache (H:\AndroidStudioProjects\VariableGame\.gradle\buildOutputCleanup)" [_thread_blocked, id=4792, stack(0x0000000030160000,0x0000000030260000)]
  0x000000001ca3f000 JavaThread "Cache worker for task history cache (H:\AndroidStudioProjects\VariableGame\.gradle\4.10.1\taskHistory)" [_thread_blocked, id=6136, stack(0x0000000030060000,0x0000000030160000)]
  0x000000001ca3e800 JavaThread "Task worker for ':' Thread 3" [_thread_blocked, id=3528, stack(0x000000002ff60000,0x0000000030060000)]
  0x000000001ca43800 JavaThread "Task worker for ':' Thread 2" [_thread_blocked, id=4556, stack(0x000000002fe60000,0x000000002ff60000)]
  0x000000001ca43000 JavaThread "Task worker for ':'" [_thread_blocked, id=5832, stack(0x000000002fd60000,0x000000002fe60000)]
  0x000000001ca42000 JavaThread "Cache worker for file content cache (H:\AndroidStudioProjects\VariableGame\.gradle\4.10.1\fileContent)" [_thread_blocked, id=3712, stack(0x000000002fc60000,0x000000002fd60000)]
  0x000000001ca41800 JavaThread "Build operations Thread 4" [_thread_in_native, id=2000, stack(0x000000002fb60000,0x000000002fc60000)]
  0x000000001ca40800 JavaThread "Build operations Thread 3" [_thread_in_native, id=3536, stack(0x000000002fa60000,0x000000002fb60000)]
  0x000000001ca36000 JavaThread "Build operations Thread 2" [_thread_blocked, id=2620, stack(0x000000002f960000,0x000000002fa60000)]
  0x000000001ca3d000 JavaThread "Build operations" [_thread_in_native, id=8068, stack(0x000000002f860000,0x000000002f960000)]
  0x000000001ca3c000 JavaThread "Cache worker for cache directory md-rule (C:\Users\HP\.gradle\caches\4.10.1\md-rule)" [_thread_blocked, id=8456, stack(0x000000002f760000,0x000000002f860000)]
  0x000000001ca3a000 JavaThread "Cache worker for cache directory md-supplier (C:\Users\HP\.gradle\caches\4.10.1\md-supplier)" [_thread_blocked, id=8664, stack(0x000000002f660000,0x000000002f760000)]
  0x000000001ca3a800 JavaThread "Cache worker for file hash cache (H:\AndroidStudioProjects\VariableGame\.gradle\4.10.1\fileHashes)" [_thread_blocked, id=5820, stack(0x000000002f560000,0x000000002f660000)]
  0x000000001ca34800 JavaThread "Stdin handler" [_thread_blocked, id=4460, stack(0x000000002f460000,0x000000002f560000)]
  0x000000001ca3b800 JavaThread "Asynchronous log dispatcher for DefaultDaemonConnection: socket connection from /127.0.0.1:1617 to /127.0.0.1:1833" [_thread_blocked, id=4268, stack(0x000000002f360000,0x000000002f460000)]
  0x000000001ca38800 JavaThread "Cancel handler" [_thread_blocked, id=8120, stack(0x000000002f260000,0x000000002f360000)]
  0x000000001ca35800 JavaThread "Handler for socket connection from /127.0.0.1:1617 to /127.0.0.1:1833" [_thread_in_native, id=2460, stack(0x000000002f160000,0x000000002f260000)]
  0x000000001d1e8800 JavaThread "Daemon worker Thread 5" [_thread_blocked, id=10124, stack(0x000000002d760000,0x000000002d860000)]
  0x000000001d1e9000 JavaThread "Daemon Thread 5" [_thread_blocked, id=3264, stack(0x000000002d460000,0x000000002d560000)]
  0x000000001ca37000 JavaThread "pool-1-thread-1" [_thread_blocked, id=5456, stack(0x00000000241c0000,0x00000000242c0000)]
  0x000000001ca3d800 JavaThread "Cache worker for Java compile cache (C:\Users\HP\.gradle\caches\4.10.1\javaCompile)" [_thread_blocked, id=4972, stack(0x0000000022680000,0x0000000022780000)]
  0x000000001ca39000 JavaThread "Cache worker for file content cache (C:\Users\HP\.gradle\caches\4.10.1\fileContent)" [_thread_blocked, id=8360, stack(0x0000000020ab0000,0x0000000020bb0000)]
  0x000000001ca37800 JavaThread "Memory manager" [_thread_blocked, id=7176, stack(0x00000000209b0000,0x0000000020ab0000)]
  0x00000000190d2000 JavaThread "Cache worker for Artifact transforms cache (C:\Users\HP\.gradle\caches\transforms-1)" [_thread_blocked, id=7172, stack(0x000000001f0b0000,0x000000001f1b0000)]
  0x00000000190d1000 JavaThread "Cache worker for journal cache (C:\Users\HP\.gradle\caches\journal-1)" [_thread_blocked, id=6772, stack(0x000000001e190000,0x000000001e290000)]
  0x00000000190d3800 JavaThread "File lock request listener" [_thread_in_native, id=8568, stack(0x000000001bb40000,0x000000001bc40000)]
  0x00000000190d2800 JavaThread "Cache worker for file hash cache (C:\Users\HP\.gradle\caches\4.10.1\fileHashes)" [_thread_blocked, id=6548, stack(0x000000001b8f0000,0x000000001b9f0000)]
  0x0000000018d0e000 JavaThread "Daemon periodic checks" [_thread_blocked, id=9496, stack(0x0000000019e20000,0x0000000019f20000)]
  0x0000000018d05000 JavaThread "Incoming local TCP Connector on port 1617" [_thread_in_native, id=6920, stack(0x0000000019be0000,0x0000000019ce0000)]
  0x0000000018d5f800 JavaThread "Daemon health stats" [_thread_blocked, id=4028, stack(0x00000000195a0000,0x00000000196a0000)]
  0x00000000177f8800 JavaThread "Service Thread" daemon [_thread_blocked, id=1500, stack(0x0000000017bd0000,0x0000000017cd0000)]
  0x0000000015ea3800 JavaThread "C1 CompilerThread2" daemon [_thread_blocked, id=3652, stack(0x00000000176d0000,0x00000000177d0000)]
=>0x0000000015e99800 JavaThread "C2 CompilerThread1" daemon [_thread_in_native, id=2616, stack(0x00000000175d0000,0x00000000176d0000)]
  0x0000000015e95800 JavaThread "C2 CompilerThread0" daemon [_thread_in_native, id=9692, stack(0x00000000174d0000,0x00000000175d0000)]
  0x0000000015e93800 JavaThread "Attach Listener" daemon [_thread_blocked, id=7592, stack(0x00000000173d0000,0x00000000174d0000)]
  0x0000000015e92000 JavaThread "Signal Dispatcher" daemon [_thread_blocked, id=7908, stack(0x00000000172d0000,0x00000000173d0000)]
  0x000000000251a800 JavaThread "Finalizer" daemon [_thread_blocked, id=10092, stack(0x00000000170e0000,0x00000000171e0000)]
  0x0000000002512000 JavaThread "Reference Handler" daemon [_thread_blocked, id=5540, stack(0x0000000016fe0000,0x00000000170e0000)]
  0x0000000000a7e000 JavaThread "main" [_thread_blocked, id=9068, stack(0x0000000002320000,0x0000000002420000)]

Other Threads:
  0x0000000015e57800 VMThread [stack: 0x0000000016ee0000,0x0000000016fe0000] [id=476]
  0x000000001781d000 WatcherThread [stack: 0x0000000017cd0000,0x0000000017dd0000] [id=9840]

VM state:not at safepoint (normal execution)

VM Mutex/Monitor currently owned by a thread: None

heap address: 0x00000000a0000000, size: 1536 MB, Compressed Oops mode: 32-bit
Narrow klass base: 0x0000000000000000, Narrow klass shift: 3
Compressed class space size: 1073741824 Address: 0x0000000100000000

Heap:
 PSYoungGen      total 214528K, used 141622K [0x00000000e0000000, 0x00000000ef380000, 0x0000000100000000)
  eden space 179712K, 60% used [0x00000000e0000000,0x00000000e697ff60,0x00000000eaf80000)
  from space 34816K, 96% used [0x00000000eaf80000,0x00000000ed04d9c8,0x00000000ed180000)
  to   space 33792K, 0% used [0x00000000ed280000,0x00000000ed280000,0x00000000ef380000)
 ParOldGen       total 149504K, used 40322K [0x00000000a0000000, 0x00000000a9200000, 0x00000000e0000000)
  object space 149504K, 26% used [0x00000000a0000000,0x00000000a2760b38,0x00000000a9200000)
 Metaspace       used 82185K, capacity 85138K, committed 85208K, reserved 1122304K
  class space    used 10884K, capacity 11490K, committed 11520K, reserved 1048576K

Card table byte_map: [0x00000000118e0000,0x0000000011bf0000] byte_map_base: 0x00000000113e0000

Marking Bits: (ParMarkBitMap*) 0x000000006a5b4ce0
 Begin Bits: [0x00000000121f0000, 0x00000000139f0000)
 End Bits:   [0x00000000139f0000, 0x00000000151f0000)

Polling page: 0x0000000002290000

CodeCache: size=245760Kb used=41001Kb max_used=41006Kb free=204758Kb
 bounds [0x0000000002520000, 0x0000000004d70000, 0x0000000011520000]
 total_blobs=13806 nmethods=12952 adapters=765
 compilation: enabled

Compilation events (10 events):
Event: 524.921 Thread 0x0000000015ea3800 nmethod 16010 0x0000000003497b90 code [0x0000000003497d00, 0x0000000003497f68]
Event: 524.921 Thread 0x0000000015ea3800 16011       3       org.gradle.api.internal.artifacts.dependencies.DefaultMutableVersionConstraint::<init> (11 bytes)
Event: 524.922 Thread 0x0000000015ea3800 nmethod 16011 0x0000000002ac33d0 code [0x0000000002ac3540, 0x0000000002ac3728]
Event: 524.922 Thread 0x0000000015ea3800 16012       3       org.gradle.api.internal.notations.DependencyStringNotationConverter::convert (10 bytes)
Event: 524.922 Thread 0x0000000015ea3800 nmethod 16012 0x0000000002ecefd0 code [0x0000000002ecf160, 0x0000000002ecf508]
Event: 524.924 Thread 0x0000000015ea3800 16013       3       org.gradle.internal.component.local.model.DefaultLocalComponentMetadata$DefaultLocalConfigurationMetadata::getComponentId (8 bytes)
Event: 524.925 Thread 0x0000000015ea3800 nmethod 16013 0x0000000002fa4590 code [0x0000000002fa46e0, 0x0000000002fa4850]
Event: 524.925 Thread 0x0000000015ea3800 16014       3       org.gradle.internal.component.model.LocalComponentDependencyMetadata::<init> (91 bytes)
Event: 524.925 Thread 0x0000000015ea3800 nmethod 16014 0x0000000003d2a890 code [0x0000000003d2aa20, 0x0000000003d2aed8]
Event: 524.926 Thread 0x0000000015e95800 16015  s    4       org.gradle.internal.component.external.model.AbstractLazyModuleComponentResolveMetadata::getConfiguration (14 bytes)

GC Heap History (10 events):
Event: 220.103 GC heap before
{Heap before GC invocations=25 (full 4):
 PSYoungGen      total 189952K, used 158201K [0x00000000e0000000, 0x00000000ee080000, 0x0000000100000000)
  eden space 158208K, 99% used [0x00000000e0000000,0x00000000e9a7e660,0x00000000e9a80000)
  from space 31744K, 0% used [0x00000000ec180000,0x00000000ec180000,0x00000000ee080000)
  to   space 35840K, 0% used [0x00000000e9a80000,0x00000000e9a80000,0x00000000ebd80000)
 ParOldGen       total 149504K, used 40282K [0x00000000a0000000, 0x00000000a9200000, 0x00000000e0000000)
  object space 149504K, 26% used [0x00000000a0000000,0x00000000a2756b38,0x00000000a9200000)
 Metaspace       used 80875K, capacity 83582K, committed 84184K, reserved 1122304K
  class space    used 10830K, capacity 11398K, committed 11520K, reserved 1048576K
Event: 220.117 GC heap after
Heap after GC invocations=25 (full 4):
 PSYoungGen      total 194048K, used 6166K [0x00000000e0000000, 0x00000000eec80000, 0x0000000100000000)
  eden space 158208K, 0% used [0x00000000e0000000,0x00000000e0000000,0x00000000e9a80000)
  from space 35840K, 17% used [0x00000000e9a80000,0x00000000ea085a38,0x00000000ebd80000)
  to   space 35328K, 0% used [0x00000000eca00000,0x00000000eca00000,0x00000000eec80000)
 ParOldGen       total 149504K, used 40290K [0x00000000a0000000, 0x00000000a9200000, 0x00000000e0000000)
  object space 149504K, 26% used [0x00000000a0000000,0x00000000a2758b38,0x00000000a9200000)
 Metaspace       used 80875K, capacity 83582K, committed 84184K, reserved 1122304K
  class space    used 10830K, capacity 11398K, committed 11520K, reserved 1048576K
}
Event: 299.928 GC heap before
{Heap before GC invocations=26 (full 4):
 PSYoungGen      total 194048K, used 164374K [0x00000000e0000000, 0x00000000eec80000, 0x0000000100000000)
  eden space 158208K, 100% used [0x00000000e0000000,0x00000000e9a80000,0x00000000e9a80000)
  from space 35840K, 17% used [0x00000000e9a80000,0x00000000ea085a38,0x00000000ebd80000)
  to   space 35328K, 0% used [0x00000000eca00000,0x00000000eca00000,0x00000000eec80000)
 ParOldGen       total 149504K, used 40290K [0x00000000a0000000, 0x00000000a9200000, 0x00000000e0000000)
  object space 149504K, 26% used [0x00000000a0000000,0x00000000a2758b38,0x00000000a9200000)
 Metaspace       used 81317K, capacity 84074K, committed 84440K, reserved 1122304K
  class space    used 10845K, capacity 11424K, committed 11520K, reserved 1048576K
Event: 299.975 GC heap after
Heap after GC invocations=26 (full 4):
 PSYoungGen      total 204800K, used 25520K [0x00000000e0000000, 0x00000000eee80000, 0x0000000100000000)
  eden space 169472K, 0% used [0x00000000e0000000,0x00000000e0000000,0x00000000ea580000)
  from space 35328K, 72% used [0x00000000eca00000,0x00000000ee2ec2b0,0x00000000eec80000)
  to   space 37376K, 0% used [0x00000000ea580000,0x00000000ea580000,0x00000000eca00000)
 ParOldGen       total 149504K, used 40298K [0x00000000a0000000, 0x00000000a9200000, 0x00000000e0000000)
  object space 149504K, 26% used [0x00000000a0000000,0x00000000a275ab38,0x00000000a9200000)
 Metaspace       used 81317K, capacity 84074K, committed 84440K, reserved 1122304K
  class space    used 10845K, capacity 11424K, committed 11520K, reserved 1048576K
}
Event: 395.293 GC heap before
{Heap before GC invocations=27 (full 4):
 PSYoungGen      total 204800K, used 194992K [0x00000000e0000000, 0x00000000eee80000, 0x0000000100000000)
  eden space 169472K, 100% used [0x00000000e0000000,0x00000000ea580000,0x00000000ea580000)
  from space 35328K, 72% used [0x00000000eca00000,0x00000000ee2ec2b0,0x00000000eec80000)
  to   space 37376K, 0% used [0x00000000ea580000,0x00000000ea580000,0x00000000eca00000)
 ParOldGen       total 149504K, used 40298K [0x00000000a0000000, 0x00000000a9200000, 0x00000000e0000000)
  object space 149504K, 26% used [0x00000000a0000000,0x00000000a275ab38,0x00000000a9200000)
 Metaspace       used 81518K, capacity 84374K, committed 84696K, reserved 1122304K
  class space    used 10849K, capacity 11430K, committed 11520K, reserved 1048576K
Event: 395.303 GC heap after
Heap after GC invocations=27 (full 4):
 PSYoungGen      total 206848K, used 6424K [0x00000000e0000000, 0x00000000ef680000, 0x0000000100000000)
  eden space 169472K, 0% used [0x00000000e0000000,0x00000000e0000000,0x00000000ea580000)
  from space 37376K, 17% used [0x00000000ea580000,0x00000000eabc60f0,0x00000000eca00000)
  to   space 36864K, 0% used [0x00000000ed280000,0x00000000ed280000,0x00000000ef680000)
 ParOldGen       total 149504K, used 40306K [0x00000000a0000000, 0x00000000a9200000, 0x00000000e0000000)
  object space 149504K, 26% used [0x00000000a0000000,0x00000000a275cb38,0x00000000a9200000)
 Metaspace       used 81518K, capacity 84374K, committed 84696K, reserved 1122304K
  class space    used 10849K, capacity 11430K, committed 11520K, reserved 1048576K
}
Event: 400.351 GC heap before
{Heap before GC invocations=28 (full 4):
 PSYoungGen      total 206848K, used 175896K [0x00000000e0000000, 0x00000000ef680000, 0x0000000100000000)
  eden space 169472K, 100% used [0x00000000e0000000,0x00000000ea580000,0x00000000ea580000)
  from space 37376K, 17% used [0x00000000ea580000,0x00000000eabc60f0,0x00000000eca00000)
  to   space 36864K, 0% used [0x00000000ed280000,0x00000000ed280000,0x00000000ef680000)
 ParOldGen       total 149504K, used 40306K [0x00000000a0000000, 0x00000000a9200000, 0x00000000e0000000)
  object space 149504K, 26% used [0x00000000a0000000,0x00000000a275cb38,0x00000000a9200000)
 Metaspace       used 81619K, capacity 84446K, committed 84696K, reserved 1122304K
  class space    used 10850K, capacity 11430K, committed 11520K, reserved 1048576K
Event: 400.374 GC heap after
Heap after GC invocations=28 (full 4):
 PSYoungGen      total 213504K, used 15586K [0x00000000e0000000, 0x00000000ef380000, 0x0000000100000000)
  eden space 179712K, 0% used [0x00000000e0000000,0x00000000e0000000,0x00000000eaf80000)
  from space 33792K, 46% used [0x00000000ed280000,0x00000000ee1b89d8,0x00000000ef380000)
  to   space 34816K, 0% used [0x00000000eaf80000,0x00000000eaf80000,0x00000000ed180000)
 ParOldGen       total 149504K, used 40314K [0x00000000a0000000, 0x00000000a9200000, 0x00000000e0000000)
  object space 149504K, 26% used [0x00000000a0000000,0x00000000a275eb38,0x00000000a9200000)
 Metaspace       used 81619K, capacity 84446K, committed 84696K, reserved 1122304K
  class space    used 10850K, capacity 11430K, committed 11520K, reserved 1048576K
}
Event: 463.779 GC heap before
{Heap before GC invocations=29 (full 4):
 PSYoungGen      total 213504K, used 195298K [0x00000000e0000000, 0x00000000ef380000, 0x0000000100000000)
  eden space 179712K, 100% used [0x00000000e0000000,0x00000000eaf80000,0x00000000eaf80000)
  from space 33792K, 46% used [0x00000000ed280000,0x00000000ee1b89d8,0x00000000ef380000)
  to   space 34816K, 0% used [0x00000000eaf80000,0x00000000eaf80000,0x00000000ed180000)
 ParOldGen       total 149504K, used 40314K [0x00000000a0000000, 0x00000000a9200000, 0x00000000e0000000)
  object space 149504K, 26% used [0x00000000a0000000,0x00000000a275eb38,0x00000000a9200000)
 Metaspace       used 82066K, capacity 85038K, committed 85208K, reserved 1122304K
  class space    used 10881K, capacity 11484K, committed 11520K, reserved 1048576K
Event: 463.836 GC heap after
Heap after GC invocations=29 (full 4):
 PSYoungGen      total 214528K, used 33590K [0x00000000e0000000, 0x00000000ef380000, 0x0000000100000000)
  eden space 179712K, 0% used [0x00000000e0000000,0x00000000e0000000,0x00000000eaf80000)
  from space 34816K, 96% used [0x00000000eaf80000,0x00000000ed04d9c8,0x00000000ed180000)
  to   space 33792K, 0% used [0x00000000ed280000,0x00000000ed280000,0x00000000ef380000)
 ParOldGen       total 149504K, used 40322K [0x00000000a0000000, 0x00000000a9200000, 0x00000000e0000000)
  object space 149504K, 26% used [0x00000000a0000000,0x00000000a2760b38,0x00000000a9200000)
 Metaspace       used 82066K, capacity 85038K, committed 85208K, reserved 1122304K
  class space    used 10881K, capacity 11484K, committed 11520K, reserved 1048576K
}

Deoptimization events (10 events):
Event: 461.212 Thread 0x000000001d1eb800 Uncommon trap: reason=unstable_if action=reinterpret pc=0x0000000004050468 method=java.util.concurrent.ConcurrentHashMap.get(Ljava/lang/Object;)Ljava/lang/Object; @ 86
Event: 461.298 Thread 0x000000001d1e8800 Uncommon trap: reason=null_check action=make_not_entrant pc=0x0000000004b74220 method=org.gradle.api.internal.collections.CollectionFilter.filter(Ljava/lang/Object;)Ljava/lang/Object; @ 5
Event: 462.624 Thread 0x000000001d1ed800 Uncommon trap: reason=predicate action=maybe_recompile pc=0x0000000003dcc228 method=java.util.ComparableTimSort.mergeHi(IIII)V @ 185
Event: 462.624 Thread 0x000000001d1ed800 Uncommon trap: reason=array_check action=maybe_recompile pc=0x0000000004b65ee0 method=java.util.ComparableTimSort.mergeLo(IIII)V @ 465
Event: 462.624 Thread 0x000000001d1ed800 Uncommon trap: reason=array_check action=maybe_recompile pc=0x0000000004b65ee0 method=java.util.ComparableTimSort.mergeLo(IIII)V @ 465
Event: 462.624 Thread 0x000000001d1ed800 Uncommon trap: reason=array_check action=maybe_recompile pc=0x00000000038a0470 method=java.util.ComparableTimSort.mergeLo(IIII)V @ 465
Event: 463.037 Thread 0x000000001d1eb800 Uncommon trap: reason=unstable_if action=reinterpret pc=0x00000000039d83a8 method=java.util.concurrent.ConcurrentLinkedQueue.poll()Ljava/lang/Object; @ 74
Event: 463.755 Thread 0x000000001ca3c000 Uncommon trap: reason=array_check action=maybe_recompile pc=0x0000000004b32648 method=java.util.TimSort.mergeLo(IIII)V @ 133
Event: 463.756 Thread 0x000000001ca3c000 Uncommon trap: reason=array_check action=maybe_recompile pc=0x0000000004b32648 method=java.util.TimSort.mergeLo(IIII)V @ 133
Event: 523.920 Thread 0x000000001ca35800 Uncommon trap: reason=class_check action=maybe_recompile pc=0x000000000391c8a0 method=java.lang.reflect.Array.newInstance(Ljava/lang/Class;I)Ljava/lang/Object; @ 2

Classes redefined (0 events):
No events

Internal exceptions (10 events):
Event: 524.526 Thread 0x000000001d1e8800 Exception <a 'sun/nio/fs/WindowsException'> (0x00000000e5a058b0) thrown at [C:\re\workspace\8-2-build-windows-amd64-cygwin\jdk8u201\12322\hotspot\src\share\vm\prims\jni.cpp, line 709]
Event: 524.526 Thread 0x000000001d1e8800 Exception <a 'sun/nio/fs/WindowsException'> (0x00000000e5a06600) thrown at [C:\re\workspace\8-2-build-windows-amd64-cygwin\jdk8u201\12322\hotspot\src\share\vm\prims\jni.cpp, line 709]
Event: 524.527 Thread 0x000000001d1e8800 Exception <a 'sun/nio/fs/WindowsException'> (0x00000000e5a09688) thrown at [C:\re\workspace\8-2-build-windows-amd64-cygwin\jdk8u201\12322\hotspot\src\share\vm\prims\jni.cpp, line 709]
Event: 524.527 Thread 0x000000001d1e8800 Exception <a 'sun/nio/fs/WindowsException'> (0x00000000e5a0a408) thrown at [C:\re\workspace\8-2-build-windows-amd64-cygwin\jdk8u201\12322\hotspot\src\share\vm\prims\jni.cpp, line 709]
Event: 524.527 Thread 0x000000001d1e8800 Exception <a 'sun/nio/fs/WindowsException'> (0x00000000e5a0c588) thrown at [C:\re\workspace\8-2-build-windows-amd64-cygwin\jdk8u201\12322\hotspot\src\share\vm\prims\jni.cpp, line 709]
Event: 524.527 Thread 0x000000001d1e8800 Exception <a 'sun/nio/fs/WindowsException'> (0x00000000e5a0d348) thrown at [C:\re\workspace\8-2-build-windows-amd64-cygwin\jdk8u201\12322\hotspot\src\share\vm\prims\jni.cpp, line 709]
Event: 524.542 Thread 0x000000001d1e8800 Exception <a 'sun/nio/fs/WindowsException'> (0x00000000e5a10e08) thrown at [C:\re\workspace\8-2-build-windows-amd64-cygwin\jdk8u201\12322\hotspot\src\share\vm\prims\jni.cpp, line 709]
Event: 524.542 Thread 0x000000001d1e8800 Exception <a 'sun/nio/fs/WindowsException'> (0x00000000e5a11b08) thrown at [C:\re\workspace\8-2-build-windows-amd64-cygwin\jdk8u201\12322\hotspot\src\share\vm\prims\jni.cpp, line 709]
Event: 524.542 Thread 0x000000001d1e8800 Exception <a 'sun/nio/fs/WindowsException'> (0x00000000e5a13c10) thrown at [C:\re\workspace\8-2-build-windows-amd64-cygwin\jdk8u201\12322\hotspot\src\share\vm\prims\jni.cpp, line 709]
Event: 524.542 Thread 0x000000001d1e8800 Exception <a 'sun/nio/fs/WindowsException'> (0x00000000e5a14950) thrown at [C:\re\workspace\8-2-build-windows-amd64-cygwin\jdk8u201\12322\hotspot\src\share\vm\prims\jni.cpp, line 709]

Events (10 events):
Event: 524.751 Thread 0x0000000015e95800 flushing nmethod 0x0000000002ac3150
Event: 524.774 Thread 0x0000000015e95800 flushing nmethod 0x0000000002ecefd0
Event: 524.775 Thread 0x0000000015e95800 flushing nmethod 0x0000000002fa41d0
Event: 524.873 Thread 0x0000000015ea3800 flushing nmethod 0x0000000003497b90
Event: 524.875 Thread 0x0000000015ea3800 flushing nmethod 0x00000000036229d0
Event: 524.876 Thread 0x0000000015ea3800 flushing nmethod 0x00000000036cd490
Event: 524.876 Thread 0x0000000015ea3800 flushing nmethod 0x00000000036f1910
Event: 524.882 Thread 0x0000000015ea3800 flushing nmethod 0x0000000003d29750
Event: 524.952 Executing VM operation: RevokeBias
Event: 524.952 Executing VM operation: RevokeBias done


Dynamic libraries:
0x00007ff6ba1e0000 - 0x00007ff6ba217000 	C:\Program Files\Java\jdk1.8.0_201\bin\java.exe
0x00007ffd3a430000 - 0x00007ffd3a611000 	C:\WINDOWS\SYSTEM32\ntdll.dll
0x00007ffd26760000 - 0x00007ffd26772000 	C:\Program Files\AVAST Software\Avast\aswhook.dll
0x00007ffd39c70000 - 0x00007ffd39d22000 	C:\WINDOWS\System32\KERNEL32.DLL
0x00007ffd37540000 - 0x00007ffd377b3000 	C:\WINDOWS\System32\KERNELBASE.dll
0x00007ffd39380000 - 0x00007ffd39421000 	C:\WINDOWS\System32\ADVAPI32.dll
0x00007ffd378e0000 - 0x00007ffd3797e000 	C:\WINDOWS\System32\msvcrt.dll
0x00007ffd39ee0000 - 0x00007ffd39f3b000 	C:\WINDOWS\System32\sechost.dll
0x00007ffd37a30000 - 0x00007ffd37b54000 	C:\WINDOWS\System32\RPCRT4.dll
0x00007ffd3a270000 - 0x00007ffd3a400000 	C:\WINDOWS\System32\USER32.dll
0x00007ffd372d0000 - 0x00007ffd372f0000 	C:\WINDOWS\System32\win32u.dll
0x00007ffd37980000 - 0x00007ffd379a8000 	C:\WINDOWS\System32\GDI32.dll
0x00007ffd370b0000 - 0x00007ffd37242000 	C:\WINDOWS\System32\gdi32full.dll
0x00007ffd37010000 - 0x00007ffd370af000 	C:\WINDOWS\System32\msvcp_win.dll
0x00007ffd36f10000 - 0x00007ffd3700a000 	C:\WINDOWS\System32\ucrtbase.dll
0x00007ffd26c90000 - 0x00007ffd26ef9000 	C:\WINDOWS\WinSxS\amd64_microsoft.windows.common-controls_6595b64144ccf1df_6.0.17134.523_none_fb409dd930672a56\COMCTL32.dll
0x00007ffd39f40000 - 0x00007ffd3a262000 	C:\WINDOWS\System32\combase.dll
0x00007ffd37250000 - 0x00007ffd372ca000 	C:\WINDOWS\System32\bcryptPrimitives.dll
0x00007ffd39d30000 - 0x00007ffd39d5d000 	C:\WINDOWS\System32\IMM32.DLL
0x000000006a640000 - 0x000000006a711000 	C:\Program Files\Java\jdk1.8.0_201\jre\bin\msvcr100.dll
0x0000000069d90000 - 0x000000006a634000 	C:\Program Files\Java\jdk1.8.0_201\jre\bin\server\jvm.dll
0x00007ffd39c00000 - 0x00007ffd39c08000 	C:\WINDOWS\System32\PSAPI.DLL
0x00007ffd1e560000 - 0x00007ffd1e569000 	C:\WINDOWS\SYSTEM32\WSOCK32.dll
0x00007ffd39310000 - 0x00007ffd3937c000 	C:\WINDOWS\System32\WS2_32.dll
0x00007ffd31910000 - 0x00007ffd31933000 	C:\WINDOWS\SYSTEM32\WINMM.dll
0x00007ffd29dd0000 - 0x00007ffd29dda000 	C:\WINDOWS\SYSTEM32\VERSION.dll
0x00007ffd318e0000 - 0x00007ffd3190a000 	C:\WINDOWS\SYSTEM32\WINMMBASE.dll
0x00007ffd377c0000 - 0x00007ffd37809000 	C:\WINDOWS\System32\cfgmgr32.dll
0x00007ffd31d00000 - 0x00007ffd31d0f000 	C:\Program Files\Java\jdk1.8.0_201\jre\bin\verify.dll
0x00007ffd282b0000 - 0x00007ffd282d9000 	C:\Program Files\Java\jdk1.8.0_201\jre\bin\java.dll
0x00007ffd281c0000 - 0x00007ffd281d6000 	C:\Program Files\Java\jdk1.8.0_201\jre\bin\zip.dll
0x00007ffd37ed0000 - 0x00007ffd39310000 	C:\WINDOWS\System32\SHELL32.dll
0x00007ffd37cc0000 - 0x00007ffd37d69000 	C:\WINDOWS\System32\shcore.dll
0x00007ffd36800000 - 0x00007ffd36f0d000 	C:\WINDOWS\System32\windows.storage.dll
0x00007ffd37c60000 - 0x00007ffd37cb1000 	C:\WINDOWS\System32\shlwapi.dll
0x00007ffd36740000 - 0x00007ffd36751000 	C:\WINDOWS\System32\kernel.appcore.dll
0x00007ffd36760000 - 0x00007ffd3677f000 	C:\WINDOWS\System32\profapi.dll
0x00007ffd36780000 - 0x00007ffd367cc000 	C:\WINDOWS\System32\powrprof.dll
0x00007ffd367d0000 - 0x00007ffd367da000 	C:\WINDOWS\System32\FLTLIB.DLL
0x00007ffd28080000 - 0x00007ffd2809a000 	C:\Program Files\Java\jdk1.8.0_201\jre\bin\net.dll
0x00007ffd2aa00000 - 0x00007ffd2abc9000 	C:\WINDOWS\SYSTEM32\urlmon.dll
0x00007ffd2ad80000 - 0x00007ffd2b025000 	C:\WINDOWS\SYSTEM32\iertutil.dll
0x00007ffd36200000 - 0x00007ffd3620b000 	C:\WINDOWS\SYSTEM32\CRYPTBASE.DLL
0x00007ffd35fc0000 - 0x00007ffd36026000 	C:\WINDOWS\system32\mswsock.dll
0x00007ffd262d0000 - 0x00007ffd262e1000 	C:\Program Files\Java\jdk1.8.0_201\jre\bin\nio.dll
0x00007ffd287d0000 - 0x00007ffd287ee000 	C:\Users\HP\.gradle\native\25\windows-amd64\native-platform.dll
0x00007ffd282a0000 - 0x00007ffd282ad000 	C:\Program Files\Java\jdk1.8.0_201\jre\bin\management.dll
0x00007ffd36170000 - 0x00007ffd36187000 	C:\WINDOWS\SYSTEM32\CRYPTSP.dll
0x00007ffd35b40000 - 0x00007ffd35b73000 	C:\WINDOWS\system32\rsaenh.dll
0x00007ffd362a0000 - 0x00007ffd362c5000 	C:\WINDOWS\SYSTEM32\bcrypt.dll
0x00007ffd36670000 - 0x00007ffd36698000 	C:\WINDOWS\SYSTEM32\USERENV.dll
0x00007ffd35d40000 - 0x00007ffd35d78000 	C:\WINDOWS\SYSTEM32\IPHLPAPI.DLL
0x00007ffd39a50000 - 0x00007ffd39a58000 	C:\WINDOWS\System32\NSI.dll
0x00007ffd2c7a0000 - 0x00007ffd2c7b6000 	C:\WINDOWS\SYSTEM32\dhcpcsvc6.DLL
0x00007ffd2cca0000 - 0x00007ffd2ccba000 	C:\WINDOWS\SYSTEM32\dhcpcsvc.DLL

VM Arguments:
jvm_args: -Xmx1536m -Dfile.encoding=windows-1252 -Duser.country=US -Duser.language=en -Duser.variant 
java_command: org.gradle.launcher.daemon.bootstrap.GradleDaemon 4.10.1
java_class_path (initial): C:\Users\HP\.gradle\wrapper\dists\gradle-4.10.1-all\455itskqi2qtf0v2sja68alqd\gradle-4.10.1\lib\gradle-launcher-4.10.1.jar
Launcher Type: SUN_STANDARD

Environment Variables:
JAVA_HOME=C:\Program Files\Java\jdk1.8.0_201
PATH=C:\Program Files (x86)\Common Files\Oracle\Java\javapath;C:\Program Files (x86)\Common Files\ArcSoft\Bin;C:\Program Files (x86)\Intel\iCLS Client\;C:\Program Files\Intel\iCLS Client\;C:\WINDOWS\system32;C:\WINDOWS;C:\WINDOWS\System32\Wbem;C:\WINDOWS\System32\WindowsPowerShell\v1.0\;C:\Program Files (x86)\Intel\Intel(R) Management Engine Components\DAL;C:\Program Files\Intel\Intel(R) Management Engine Components\DAL;C:\Program Files (x86)\Intel\Intel(R) Management Engine Components\IPT;C:\Program Files\Intel\Intel(R) Management Engine Components\IPT;c:\Program Files\Intel\WiFi\bin\;c:\Program Files\Common Files\Intel\WirelessCommon\;C:\Program Files (x86)\GtkSharp\2.12\bin;C:\WINDOWS\System32\OpenSSH\;C:\Users\HP\AppData\Local\Android\Sdk;C:\Program Files\Java\jdk1.8.0_201bin;C:\Program Files\Java\jdk1.8.0_201\bin;C:\Program Files\Java\jre1.8.0_201\bin;C:\Program Files\Git\cmd;C:\Program Files\Java\jdk1.8.0_201\bin;C:\Users\HP\AppData\Local\Microsoft\WindowsApps;
USERNAME=HP
OS=Windows_NT
PROCESSOR_IDENTIFIER=Intel64 Family 6 Model 61 Stepping 4, GenuineIntel



---------------  S Y S T E M  ---------------

OS: Windows 10.0 , 64 bit Build 17134 (10.0.17134.1)

CPU:total 4 (initial active 4) (2 cores per cpu, 2 threads per core) family 6 model 61 stepping 4, cmov, cx8, fxsr, mmx, sse, sse2, sse3, ssse3, sse4.1, sse4.2, popcnt, avx, avx2, aes, clmul, erms, 3dnowpref, lzcnt, ht, tsc, tscinvbit, bmi1, bmi2, adx

Memory: 4k page, physical 4082796k(285192k free), swap 4082796k(6096k free)

vm_info: Java HotSpot(TM) 64-Bit Server VM (25.201-b09) for windows-amd64 JRE (1.8.0_201-b09), built on Dec 15 2018 18:36:39 by "java_re" with MS VC++ 10.0 (VS2010)

time: Tue Feb 12 01:44:11 2019
timezone: Bangladesh Standard Time
elapsed time: 525 seconds (0d 0h 8m 45s)

